[ 2016-04-20T17:38:22+08:00 ] 123.122.153.194 /webframework/webframe/index.php/Admin/Loginlog/ajaxIndex?limit=15&offset=0&sort=login_log_id&order=desc&UserName=4
INFO: [ app_begin ] --START--
INFO: Run Behavior\ReadHtmlCacheBehavior [ RunTime:0.000645s ]
INFO: [ app_begin ] --END-- [ RunTime:0.001093s ]
SQL: SHOW COLUMNS FROM `behavior_log` [ RunTime:0.0009s ]
SQL: INSERT INTO `behavior_log` (`behavior_log_account`,`behavior_log_con`,`behavior_log_func`,`behavior_log_time`,`behavior_log_ip`) VALUES ('14','Loginlog','ajaxIndex','1461145102','123.122.153.194') [ RunTime:0.0070s ]
SQL: SHOW COLUMNS FROM `user_account` [ RunTime:0.0006s ]
SQL: SELECT * FROM `user_account` WHERE ( user_identify='b244536f4994b14f55f19e9c7a9ba144' )  [ RunTime:0.0003s ]
SQL: SHOW COLUMNS FROM `login_log` [ RunTime:0.0005s ]
SQL: SELECT * FROM `login_log`  [ RunTime:0.0003s ]
SQL: SELECT COUNT(*) AS tp_count FROM `login_log` LIMIT 1   [ RunTime:0.0002s ]

[ 2016-04-20T17:54:21+08:00 ] 123.122.153.194 /webframework/webframe/index.php/Admin/Loginlog/ajaxIndex?limit=15&offset=0&sort=login_log_id&order=desc&UserName=4
INFO: [ app_begin ] --START--
INFO: Run Behavior\ReadHtmlCacheBehavior [ RunTime:0.000423s ]
INFO: [ app_begin ] --END-- [ RunTime:0.000681s ]
SQL: SHOW COLUMNS FROM `behavior_log` [ RunTime:0.0008s ]
SQL: INSERT INTO `behavior_log` (`behavior_log_account`,`behavior_log_con`,`behavior_log_func`,`behavior_log_time`,`behavior_log_ip`) VALUES ('14','Loginlog','ajaxIndex','1461146061','123.122.153.194') [ RunTime:0.0060s ]
SQL: SHOW COLUMNS FROM `user_account` [ RunTime:0.0006s ]
SQL: SELECT * FROM `user_account` WHERE ( user_identify='b244536f4994b14f55f19e9c7a9ba144' )  [ RunTime:0.0003s ]
SQL: SHOW COLUMNS FROM `login_log` [ RunTime:0.0005s ]
SQL: SELECT * FROM `login_log` ORDER BY login_log_id desc LIMIT 0,15   [ RunTime:0.0002s ]
SQL: SELECT COUNT(*) AS tp_count FROM `login_log` LIMIT 1   [ RunTime:0.0002s ]

[ 2016-04-20T17:54:24+08:00 ] 123.122.153.194 /webframework/webframe/index.php/Admin/Loginlog/ajaxIndex?limit=15&offset=15&sort=login_log_id&order=desc&UserName=4
INFO: [ app_begin ] --START--
INFO: Run Behavior\ReadHtmlCacheBehavior [ RunTime:0.000376s ]
INFO: [ app_begin ] --END-- [ RunTime:0.000638s ]
SQL: SHOW COLUMNS FROM `behavior_log` [ RunTime:0.0018s ]
SQL: INSERT INTO `behavior_log` (`behavior_log_account`,`behavior_log_con`,`behavior_log_func`,`behavior_log_time`,`behavior_log_ip`) VALUES ('14','Loginlog','ajaxIndex','1461146064','123.122.153.194') [ RunTime:0.0051s ]
SQL: SHOW COLUMNS FROM `user_account` [ RunTime:0.0005s ]
SQL: SELECT * FROM `user_account` WHERE ( user_identify='b244536f4994b14f55f19e9c7a9ba144' )  [ RunTime:0.0002s ]
SQL: SHOW COLUMNS FROM `login_log` [ RunTime:0.0006s ]
SQL: SELECT * FROM `login_log` ORDER BY login_log_id desc LIMIT 15,15   [ RunTime:0.0002s ]
SQL: SELECT COUNT(*) AS tp_count FROM `login_log` LIMIT 1   [ RunTime:0.0002s ]

[ 2016-04-20T17:54:27+08:00 ] 123.122.153.194 /webframework/webframe/index.php/Admin/Loginlog/ajaxIndex?limit=15&offset=0&sort=login_log_id&order=desc&UserName=4
INFO: [ app_begin ] --START--
INFO: Run Behavior\ReadHtmlCacheBehavior [ RunTime:0.000407s ]
INFO: [ app_begin ] --END-- [ RunTime:0.000696s ]
SQL: SHOW COLUMNS FROM `behavior_log` [ RunTime:0.0009s ]
SQL: INSERT INTO `behavior_log` (`behavior_log_account`,`behavior_log_con`,`behavior_log_func`,`behavior_log_time`,`behavior_log_ip`) VALUES ('14','Loginlog','ajaxIndex','1461146067','123.122.153.194') [ RunTime:0.0062s ]
SQL: SHOW COLUMNS FROM `user_account` [ RunTime:0.0006s ]
SQL: SELECT * FROM `user_account` WHERE ( user_identify='b244536f4994b14f55f19e9c7a9ba144' )  [ RunTime:0.0003s ]
SQL: SHOW COLUMNS FROM `login_log` [ RunTime:0.0005s ]
SQL: SELECT * FROM `login_log` ORDER BY login_log_id desc LIMIT 0,15   [ RunTime:0.0002s ]
SQL: SELECT COUNT(*) AS tp_count FROM `login_log` LIMIT 1   [ RunTime:0.0002s ]

[ 2016-04-20T17:54:31+08:00 ] 123.122.153.194 /webframework/webframe/index.php/Admin/Behaviorlog/ajaxIndex?limit=15&offset=0&sort=login_log_id&order=desc&UserName=4
INFO: [ app_begin ] --START--
INFO: Run Behavior\ReadHtmlCacheBehavior [ RunTime:0.000497s ]
INFO: [ app_begin ] --END-- [ RunTime:0.000795s ]
SQL: SHOW COLUMNS FROM `behavior_log` [ RunTime:0.0008s ]
SQL: INSERT INTO `behavior_log` (`behavior_log_account`,`behavior_log_con`,`behavior_log_func`,`behavior_log_time`,`behavior_log_ip`) VALUES ('14','Behaviorlog','ajaxIndex','1461146071','123.122.153.194') [ RunTime:0.0057s ]
SQL: SHOW COLUMNS FROM `user_account` [ RunTime:0.0006s ]
SQL: SELECT * FROM `user_account` WHERE ( user_identify='b244536f4994b14f55f19e9c7a9ba144' )  [ RunTime:0.0003s ]
SQL: SELECT * FROM `behavior_log` LIMIT 0,15   [ RunTime:0.0002s ]
SQL: SELECT `user_account` FROM `user_account` WHERE ( user_account_id='14' )  [ RunTime:0.0002s ]
SQL: SELECT `user_account` FROM `user_account` WHERE ( user_account_id='14' )  [ RunTime:0.0002s ]
SQL: SELECT `user_account` FROM `user_account` WHERE ( user_account_id='14' )  [ RunTime:0.0002s ]
SQL: SELECT `user_account` FROM `user_account` WHERE ( user_account_id='14' )  [ RunTime:0.0002s ]
SQL: SELECT `user_account` FROM `user_account` WHERE ( user_account_id='14' )  [ RunTime:0.0002s ]
SQL: SELECT `user_account` FROM `user_account` WHERE ( user_account_id='14' )  [ RunTime:0.0002s ]
SQL: SELECT `user_account` FROM `user_account` WHERE ( user_account_id='14' )  [ RunTime:0.0002s ]
SQL: SELECT `user_account` FROM `user_account` WHERE ( user_account_id='14' )  [ RunTime:0.0002s ]
SQL: SELECT `user_account` FROM `user_account` WHERE ( user_account_id='14' )  [ RunTime:0.0002s ]
SQL: SELECT `user_account` FROM `user_account` WHERE ( user_account_id='14' )  [ RunTime:0.0002s ]
SQL: SELECT `user_account` FROM `user_account` WHERE ( user_account_id='14' )  [ RunTime:0.0002s ]
SQL: SELECT `user_account` FROM `user_account` WHERE ( user_account_id='14' )  [ RunTime:0.0002s ]
SQL: SELECT `user_account` FROM `user_account` WHERE ( user_account_id='14' )  [ RunTime:0.0002s ]
SQL: SELECT `user_account` FROM `user_account` WHERE ( user_account_id='14' )  [ RunTime:0.0002s ]
SQL: SELECT `user_account` FROM `user_account` WHERE ( user_account_id='14' )  [ RunTime:0.0002s ]
SQL: SELECT COUNT(*) AS tp_count FROM `behavior_log` LIMIT 1   [ RunTime:0.0003s ]

[ 2016-04-20T17:54:34+08:00 ] 123.122.153.194 /webframework/webframe/index.php/Admin/Behaviorlog/ajaxIndex?limit=15&offset=390&sort=login_log_id&order=desc&UserName=4
INFO: [ app_begin ] --START--
INFO: Run Behavior\ReadHtmlCacheBehavior [ RunTime:0.000337s ]
INFO: [ app_begin ] --END-- [ RunTime:0.000580s ]
SQL: SHOW COLUMNS FROM `behavior_log` [ RunTime:0.0008s ]
SQL: INSERT INTO `behavior_log` (`behavior_log_account`,`behavior_log_con`,`behavior_log_func`,`behavior_log_time`,`behavior_log_ip`) VALUES ('14','Behaviorlog','ajaxIndex','1461146074','123.122.153.194') [ RunTime:0.0048s ]
SQL: SHOW COLUMNS FROM `user_account` [ RunTime:0.0006s ]
SQL: SELECT * FROM `user_account` WHERE ( user_identify='b244536f4994b14f55f19e9c7a9ba144' )  [ RunTime:0.0002s ]
SQL: SELECT * FROM `behavior_log` LIMIT 390,15   [ RunTime:0.0005s ]
SQL: SELECT `user_account` FROM `user_account` WHERE ( user_account_id='14' )  [ RunTime:0.0002s ]
SQL: SELECT `user_account` FROM `user_account` WHERE ( user_account_id='14' )  [ RunTime:0.0002s ]
SQL: SELECT `user_account` FROM `user_account` WHERE ( user_account_id='14' )  [ RunTime:0.0002s ]
SQL: SELECT `user_account` FROM `user_account` WHERE ( user_account_id='14' )  [ RunTime:0.0002s ]
SQL: SELECT `user_account` FROM `user_account` WHERE ( user_account_id='14' )  [ RunTime:0.0002s ]
SQL: SELECT `user_account` FROM `user_account` WHERE ( user_account_id='14' )  [ RunTime:0.0002s ]
SQL: SELECT `user_account` FROM `user_account` WHERE ( user_account_id='14' )  [ RunTime:0.0002s ]
SQL: SELECT `user_account` FROM `user_account` WHERE ( user_account_id='14' )  [ RunTime:0.0002s ]
SQL: SELECT `user_account` FROM `user_account` WHERE ( user_account_id='14' )  [ RunTime:0.0002s ]
SQL: SELECT `user_account` FROM `user_account` WHERE ( user_account_id='14' )  [ RunTime:0.0002s ]
SQL: SELECT `user_account` FROM `user_account` WHERE ( user_account_id='14' )  [ RunTime:0.0002s ]
SQL: SELECT `user_account` FROM `user_account` WHERE ( user_account_id='14' )  [ RunTime:0.0002s ]
SQL: SELECT COUNT(*) AS tp_count FROM `behavior_log` LIMIT 1   [ RunTime:0.0003s ]

[ 2016-04-20T17:54:48+08:00 ] 123.122.153.194 /webframework/webframe/index.php/Admin/File/ajaxIndex?limit=15&offset=0&sort=file_id&order=Asc&file_type=0&UserName=4
INFO: [ app_begin ] --START--
INFO: Run Behavior\ReadHtmlCacheBehavior [ RunTime:0.000391s ]
INFO: [ app_begin ] --END-- [ RunTime:0.000652s ]
SQL: SHOW COLUMNS FROM `behavior_log` [ RunTime:0.0008s ]
SQL: INSERT INTO `behavior_log` (`behavior_log_account`,`behavior_log_con`,`behavior_log_func`,`behavior_log_time`,`behavior_log_ip`) VALUES ('14','File','ajaxIndex','1461146088','123.122.153.194') [ RunTime:0.0057s ]
SQL: SHOW COLUMNS FROM `user_account` [ RunTime:0.0006s ]
SQL: SELECT * FROM `user_account` WHERE ( user_identify='b244536f4994b14f55f19e9c7a9ba144' )  [ RunTime:0.0002s ]
SQL: SHOW COLUMNS FROM `file` [ RunTime:0.0006s ]
SQL: SELECT * FROM `file` `file`,`user_account` `user_act` WHERE ( file.create_by=user_act.user_account_id ) ORDER BY file_id Asc LIMIT 0,15   [ RunTime:0.0004s ]
SQL: SHOW COLUMNS FROM `file` [ RunTime:0.0006s ]
SQL: SELECT COUNT(*) AS tp_count FROM `file` `file`,`user_account` `user_act` WHERE ( file.create_by=user_act.user_account_id ) LIMIT 1   [ RunTime:0.0002s ]
SQL: SELECT `user_account` FROM `user_account` WHERE ( user_account_id='14' )  [ RunTime:0.0002s ]
SQL: SELECT `user_account` FROM `user_account` WHERE ( user_account_id='14' )  [ RunTime:0.0002s ]
SQL: SELECT `user_account` FROM `user_account` WHERE ( user_account_id='14' )  [ RunTime:0.0002s ]
SQL: SELECT `user_account` FROM `user_account` WHERE ( user_account_id='14' )  [ RunTime:0.0002s ]

[ 2016-04-20T17:56:59+08:00 ] 123.122.153.194 /webframework/webframe/index.php/Admin/File/ajaxIndex?limit=15&offset=0&sort=file_id&order=Asc&file_type=0&UserName=4
INFO: [ app_begin ] --START--
INFO: Run Behavior\ReadHtmlCacheBehavior [ RunTime:0.000408s ]
INFO: [ app_begin ] --END-- [ RunTime:0.000698s ]
SQL: SHOW COLUMNS FROM `behavior_log` [ RunTime:0.0008s ]
SQL: INSERT INTO `behavior_log` (`behavior_log_account`,`behavior_log_con`,`behavior_log_func`,`behavior_log_time`,`behavior_log_ip`) VALUES ('14','File','ajaxIndex','1461146219','123.122.153.194') [ RunTime:0.0057s ]
SQL: SHOW COLUMNS FROM `user_account` [ RunTime:0.0006s ]
SQL: SELECT * FROM `user_account` WHERE ( user_identify='b244536f4994b14f55f19e9c7a9ba144' )  [ RunTime:0.0003s ]
SQL: SHOW COLUMNS FROM `file` [ RunTime:0.0006s ]
SQL: SELECT * FROM `file` `file`,`user_account` `user_act` WHERE ( file.create_by=user_act.user_account_id ) ORDER BY file_id Asc LIMIT 0,15   [ RunTime:0.0004s ]
SQL: SHOW COLUMNS FROM `file` [ RunTime:0.0006s ]
SQL: SELECT COUNT(*) AS tp_count FROM `file` `file`,`user_account` `user_act` WHERE ( file.create_by=user_act.user_account_id ) LIMIT 1   [ RunTime:0.0002s ]
SQL: SELECT `user_account` FROM `user_account` WHERE ( user_account_id='14' )  [ RunTime:0.0004s ]
SQL: SELECT `user_account` FROM `user_account` WHERE ( user_account_id='14' )  [ RunTime:0.0002s ]
SQL: SELECT `user_account` FROM `user_account` WHERE ( user_account_id='14' )  [ RunTime:0.0002s ]
SQL: SELECT `user_account` FROM `user_account` WHERE ( user_account_id='14' )  [ RunTime:0.0002s ]

[ 2016-04-20T17:57:14+08:00 ] 123.122.153.194 /webframework/webframe/index.php/Admin/File/ajaxIndex?limit=15&offset=0&sort=file_id&order=Asc&file_type=1&UserName=4
INFO: [ app_begin ] --START--
INFO: Run Behavior\ReadHtmlCacheBehavior [ RunTime:0.000378s ]
INFO: [ app_begin ] --END-- [ RunTime:0.000709s ]
SQL: SHOW COLUMNS FROM `behavior_log` [ RunTime:0.0007s ]
SQL: INSERT INTO `behavior_log` (`behavior_log_account`,`behavior_log_con`,`behavior_log_func`,`behavior_log_time`,`behavior_log_ip`) VALUES ('14','File','ajaxIndex','1461146234','123.122.153.194') [ RunTime:0.0068s ]
SQL: SHOW COLUMNS FROM `user_account` [ RunTime:0.0007s ]
SQL: SELECT * FROM `user_account` WHERE ( user_identify='b244536f4994b14f55f19e9c7a9ba144' )  [ RunTime:0.0003s ]
SQL: SHOW COLUMNS FROM `file` [ RunTime:0.0007s ]
SQL: SELECT * FROM `file` `file`,`user_account` `user_act` WHERE ( file.create_by=user_act.user_account_id and file_type='1' ) ORDER BY file_id Asc LIMIT 0,15   [ RunTime:0.0004s ]
SQL: SHOW COLUMNS FROM `file` [ RunTime:0.0005s ]
SQL: SELECT COUNT(*) AS tp_count FROM `file` `file`,`user_account` `user_act` WHERE ( file.create_by=user_act.user_account_id ) LIMIT 1   [ RunTime:0.0002s ]

[ 2016-04-20T17:57:16+08:00 ] 123.122.153.194 /webframework/webframe/index.php/Admin/File/ajaxIndex?limit=15&offset=0&sort=file_id&order=Asc&file_type=2&UserName=4
INFO: [ app_begin ] --START--
INFO: Run Behavior\ReadHtmlCacheBehavior [ RunTime:0.000443s ]
INFO: [ app_begin ] --END-- [ RunTime:0.000693s ]
SQL: SHOW COLUMNS FROM `behavior_log` [ RunTime:0.0007s ]
SQL: INSERT INTO `behavior_log` (`behavior_log_account`,`behavior_log_con`,`behavior_log_func`,`behavior_log_time`,`behavior_log_ip`) VALUES ('14','File','ajaxIndex','1461146236','123.122.153.194') [ RunTime:0.0059s ]
SQL: SHOW COLUMNS FROM `user_account` [ RunTime:0.0008s ]
SQL: SELECT * FROM `user_account` WHERE ( user_identify='b244536f4994b14f55f19e9c7a9ba144' )  [ RunTime:0.0003s ]
SQL: SHOW COLUMNS FROM `file` [ RunTime:0.0008s ]
SQL: SELECT * FROM `file` `file`,`user_account` `user_act` WHERE ( file.create_by=user_act.user_account_id and file_type='2' ) ORDER BY file_id Asc LIMIT 0,15   [ RunTime:0.0004s ]
SQL: SHOW COLUMNS FROM `file` [ RunTime:0.0008s ]
SQL: SELECT COUNT(*) AS tp_count FROM `file` `file`,`user_account` `user_act` WHERE ( file.create_by=user_act.user_account_id ) LIMIT 1   [ RunTime:0.0003s ]

[ 2016-04-20T17:57:17+08:00 ] 123.122.153.194 /webframework/webframe/index.php/Admin/File/ajaxIndex?limit=15&offset=0&sort=file_id&order=Asc&file_type=0&UserName=4
INFO: [ app_begin ] --START--
INFO: Run Behavior\ReadHtmlCacheBehavior [ RunTime:0.000356s ]
INFO: [ app_begin ] --END-- [ RunTime:0.000667s ]
SQL: SHOW COLUMNS FROM `behavior_log` [ RunTime:0.0008s ]
SQL: INSERT INTO `behavior_log` (`behavior_log_account`,`behavior_log_con`,`behavior_log_func`,`behavior_log_time`,`behavior_log_ip`) VALUES ('14','File','ajaxIndex','1461146237','123.122.153.194') [ RunTime:0.0052s ]
SQL: SHOW COLUMNS FROM `user_account` [ RunTime:0.0006s ]
SQL: SELECT * FROM `user_account` WHERE ( user_identify='b244536f4994b14f55f19e9c7a9ba144' )  [ RunTime:0.0003s ]
SQL: SHOW COLUMNS FROM `file` [ RunTime:0.0005s ]
SQL: SELECT * FROM `file` `file`,`user_account` `user_act` WHERE ( file.create_by=user_act.user_account_id ) ORDER BY file_id Asc LIMIT 0,15   [ RunTime:0.0004s ]
SQL: SHOW COLUMNS FROM `file` [ RunTime:0.0006s ]
SQL: SELECT COUNT(*) AS tp_count FROM `file` `file`,`user_account` `user_act` WHERE ( file.create_by=user_act.user_account_id ) LIMIT 1   [ RunTime:0.0002s ]
SQL: SELECT `user_account` FROM `user_account` WHERE ( user_account_id='14' )  [ RunTime:0.0002s ]
SQL: SELECT `user_account` FROM `user_account` WHERE ( user_account_id='14' )  [ RunTime:0.0002s ]
SQL: SELECT `user_account` FROM `user_account` WHERE ( user_account_id='14' )  [ RunTime:0.0002s ]
SQL: SELECT `user_account` FROM `user_account` WHERE ( user_account_id='14' )  [ RunTime:0.0002s ]

[ 2016-04-20T18:02:59+08:00 ] 123.122.153.194 /webframework/webframe/index.php/Admin/File/ajaxIndex?limit=15&offset=0&sort=file_id&order=Asc&file_type=0&UserName=4
INFO: [ app_begin ] --START--
INFO: Run Behavior\ReadHtmlCacheBehavior [ RunTime:0.000496s ]
INFO: [ app_begin ] --END-- [ RunTime:0.000768s ]
SQL: SHOW COLUMNS FROM `behavior_log` [ RunTime:0.0008s ]
SQL: INSERT INTO `behavior_log` (`behavior_log_account`,`behavior_log_con`,`behavior_log_func`,`behavior_log_time`,`behavior_log_ip`) VALUES ('14','File','ajaxIndex','1461146579','123.122.153.194') [ RunTime:0.0056s ]
SQL: SHOW COLUMNS FROM `user_account` [ RunTime:0.0006s ]
SQL: SELECT * FROM `user_account` WHERE ( user_identify='b244536f4994b14f55f19e9c7a9ba144' )  [ RunTime:0.0003s ]
SQL: SHOW COLUMNS FROM `file` [ RunTime:0.0006s ]
SQL: SELECT * FROM `file` `file`,`user_account` `user_act` WHERE ( file.create_by=user_act.user_account_id ) ORDER BY file_id Asc LIMIT 0,15   [ RunTime:0.0004s ]
SQL: SHOW COLUMNS FROM `file` [ RunTime:0.0006s ]
SQL: SELECT COUNT(*) AS tp_count FROM `file` `file`,`user_account` `user_act` WHERE ( file.create_by=user_act.user_account_id ) LIMIT 1   [ RunTime:0.0002s ]
SQL: SELECT `user_account` FROM `user_account` WHERE ( user_account_id='14' )  [ RunTime:0.0002s ]
SQL: SELECT `user_account` FROM `user_account` WHERE ( user_account_id='14' )  [ RunTime:0.0002s ]
SQL: SELECT `user_account` FROM `user_account` WHERE ( user_account_id='14' )  [ RunTime:0.0002s ]
SQL: SELECT `user_account` FROM `user_account` WHERE ( user_account_id='14' )  [ RunTime:0.0002s ]

[ 2016-04-20T18:07:13+08:00 ] 123.122.153.194 /webframework/webframe/index.php/Admin/File/ajaxIndex?limit=15&offset=0&sort=file_id&order=Asc&file_type=0&UserName=4
INFO: [ app_begin ] --START--
INFO: Run Behavior\ReadHtmlCacheBehavior [ RunTime:0.000487s ]
INFO: [ app_begin ] --END-- [ RunTime:0.000783s ]
SQL: SHOW COLUMNS FROM `behavior_log` [ RunTime:0.0008s ]
SQL: INSERT INTO `behavior_log` (`behavior_log_account`,`behavior_log_con`,`behavior_log_func`,`behavior_log_time`,`behavior_log_ip`) VALUES ('14','File','ajaxIndex','1461146833','123.122.153.194') [ RunTime:0.0058s ]
SQL: SHOW COLUMNS FROM `user_account` [ RunTime:0.0006s ]
SQL: SELECT * FROM `user_account` WHERE ( user_identify='b244536f4994b14f55f19e9c7a9ba144' )  [ RunTime:0.0002s ]
SQL: SHOW COLUMNS FROM `file` [ RunTime:0.0006s ]
SQL: SELECT * FROM `file` `file`,`user_account` `user_act` WHERE ( file.create_by=user_act.user_account_id ) ORDER BY file_id Asc LIMIT 0,15   [ RunTime:0.0004s ]
SQL: SHOW COLUMNS FROM `file` [ RunTime:0.0006s ]
SQL: SELECT COUNT(*) AS tp_count FROM `file` `file`,`user_account` `user_act` WHERE ( file.create_by=user_act.user_account_id ) LIMIT 1   [ RunTime:0.0003s ]
SQL: SELECT `user_account` FROM `user_account` WHERE ( user_account_id='14' )  [ RunTime:0.0002s ]
SQL: SELECT `user_account` FROM `user_account` WHERE ( user_account_id='14' )  [ RunTime:0.0002s ]
SQL: SELECT `user_account` FROM `user_account` WHERE ( user_account_id='14' )  [ RunTime:0.0002s ]
SQL: SELECT `user_account` FROM `user_account` WHERE ( user_account_id='14' )  [ RunTime:0.0002s ]

[ 2016-04-20T18:07:48+08:00 ] 123.122.153.194 /webframework/webframe/index.php/Admin/File/ajaxIndex?limit=15&offset=0&sort=file_id&order=Asc&file_type=0&UserName=4
INFO: [ app_begin ] --START--
INFO: Run Behavior\ReadHtmlCacheBehavior [ RunTime:0.000425s ]
INFO: [ app_begin ] --END-- [ RunTime:0.000792s ]
SQL: SHOW COLUMNS FROM `behavior_log` [ RunTime:0.0007s ]
SQL: INSERT INTO `behavior_log` (`behavior_log_account`,`behavior_log_con`,`behavior_log_func`,`behavior_log_time`,`behavior_log_ip`) VALUES ('14','File','ajaxIndex','1461146868','123.122.153.194') [ RunTime:0.0063s ]
SQL: SHOW COLUMNS FROM `user_account` [ RunTime:0.0006s ]
SQL: SELECT * FROM `user_account` WHERE ( user_identify='b244536f4994b14f55f19e9c7a9ba144' )  [ RunTime:0.0002s ]
SQL: SHOW COLUMNS FROM `file` [ RunTime:0.0006s ]
SQL: SELECT * FROM `file` `file`,`user_account` `user_act` WHERE ( file.create_by=user_act.user_account_id ) ORDER BY file_id Asc LIMIT 0,15   [ RunTime:0.0004s ]
SQL: SHOW COLUMNS FROM `file` [ RunTime:0.0006s ]
SQL: SELECT COUNT(*) AS tp_count FROM `file` `file`,`user_account` `user_act` WHERE ( file.create_by=user_act.user_account_id ) LIMIT 1   [ RunTime:0.0002s ]
SQL: SELECT `user_account` FROM `user_account` WHERE ( user_account_id='14' )  [ RunTime:0.0002s ]
SQL: SELECT `user_account` FROM `user_account` WHERE ( user_account_id='14' )  [ RunTime:0.0002s ]
SQL: SELECT `user_account` FROM `user_account` WHERE ( user_account_id='14' )  [ RunTime:0.0002s ]
SQL: SELECT `user_account` FROM `user_account` WHERE ( user_account_id='14' )  [ RunTime:0.0002s ]

[ 2016-04-20T18:08:48+08:00 ] 123.122.153.194 /webframework/webframe/index.php/Admin/File/ajaxIndex?limit=15&offset=0&sort=file_id&order=Asc&file_type=0&UserName=4
INFO: [ app_begin ] --START--
INFO: Run Behavior\ReadHtmlCacheBehavior [ RunTime:0.000419s ]
INFO: [ app_begin ] --END-- [ RunTime:0.000696s ]
SQL: SHOW COLUMNS FROM `behavior_log` [ RunTime:0.0009s ]
SQL: INSERT INTO `behavior_log` (`behavior_log_account`,`behavior_log_con`,`behavior_log_func`,`behavior_log_time`,`behavior_log_ip`) VALUES ('14','File','ajaxIndex','1461146928','123.122.153.194') [ RunTime:0.0056s ]
SQL: SHOW COLUMNS FROM `user_account` [ RunTime:0.0008s ]
SQL: SELECT * FROM `user_account` WHERE ( user_identify='b244536f4994b14f55f19e9c7a9ba144' )  [ RunTime:0.0002s ]
SQL: SHOW COLUMNS FROM `file` [ RunTime:0.0006s ]
SQL: SELECT * FROM `file` `file`,`user_account` `user_act` WHERE ( file.create_by=user_act.user_account_id ) ORDER BY file_id Asc LIMIT 0,15   [ RunTime:0.0004s ]
SQL: SHOW COLUMNS FROM `file` [ RunTime:0.0006s ]
SQL: SELECT COUNT(*) AS tp_count FROM `file` `file`,`user_account` `user_act` WHERE ( file.create_by=user_act.user_account_id ) LIMIT 1   [ RunTime:0.0002s ]
SQL: SELECT `user_account` FROM `user_account` WHERE ( user_account_id='14' )  [ RunTime:0.0002s ]
SQL: SELECT `user_account` FROM `user_account` WHERE ( user_account_id='14' )  [ RunTime:0.0002s ]
SQL: SELECT `user_account` FROM `user_account` WHERE ( user_account_id='14' )  [ RunTime:0.0002s ]
SQL: SELECT `user_account` FROM `user_account` WHERE ( user_account_id='14' )  [ RunTime:0.0002s ]

[ 2016-04-20T18:12:21+08:00 ] 123.122.153.194 /webframework/webframe/index.php/Admin/File/ajaxIndex?limit=15&offset=0&sort=file_id&order=Asc&file_type=0&UserName=4
INFO: [ app_begin ] --START--
INFO: Run Behavior\ReadHtmlCacheBehavior [ RunTime:0.000338s ]
INFO: [ app_begin ] --END-- [ RunTime:0.000627s ]
SQL: SHOW COLUMNS FROM `behavior_log` [ RunTime:0.0007s ]
SQL: INSERT INTO `behavior_log` (`behavior_log_account`,`behavior_log_con`,`behavior_log_func`,`behavior_log_time`,`behavior_log_ip`) VALUES ('14','File','ajaxIndex','1461147141','123.122.153.194') [ RunTime:0.0054s ]
SQL: SHOW COLUMNS FROM `user_account` [ RunTime:0.0008s ]
SQL: SELECT * FROM `user_account` WHERE ( user_identify='b244536f4994b14f55f19e9c7a9ba144' )  [ RunTime:0.0003s ]
SQL: SHOW COLUMNS FROM `file` [ RunTime:0.0008s ]
SQL: SELECT * FROM `file` `file`,`user_account` `user_act` WHERE ( file.create_by=user_act.user_account_id ) ORDER BY file_id Asc LIMIT 0,15   [ RunTime:0.0005s ]
SQL: SHOW COLUMNS FROM `file` [ RunTime:0.0006s ]
SQL: SELECT COUNT(*) AS tp_count FROM `file` `file`,`user_account` `user_act` WHERE ( file.create_by=user_act.user_account_id ) LIMIT 1   [ RunTime:0.0002s ]
SQL: SELECT `user_account` FROM `user_account` WHERE ( user_account_id='14' )  [ RunTime:0.0002s ]
SQL: SELECT `user_account` FROM `user_account` WHERE ( user_account_id='14' )  [ RunTime:0.0002s ]
SQL: SELECT `user_account` FROM `user_account` WHERE ( user_account_id='14' )  [ RunTime:0.0002s ]
SQL: SELECT `user_account` FROM `user_account` WHERE ( user_account_id='14' )  [ RunTime:0.0002s ]

[ 2016-04-20T18:13:43+08:00 ] 123.122.153.194 /webframework/webframe/index.php/Admin/File/ajaxIndex?limit=15&offset=0&sort=file_id&order=Asc&file_type=0&UserName=4
INFO: [ app_begin ] --START--
INFO: Run Behavior\ReadHtmlCacheBehavior [ RunTime:0.000494s ]
INFO: [ app_begin ] --END-- [ RunTime:0.000877s ]
SQL: SHOW COLUMNS FROM `behavior_log` [ RunTime:0.0008s ]
SQL: INSERT INTO `behavior_log` (`behavior_log_account`,`behavior_log_con`,`behavior_log_func`,`behavior_log_time`,`behavior_log_ip`) VALUES ('14','File','ajaxIndex','1461147223','123.122.153.194') [ RunTime:0.0053s ]
SQL: SHOW COLUMNS FROM `user_account` [ RunTime:0.0005s ]
SQL: SELECT * FROM `user_account` WHERE ( user_identify='b244536f4994b14f55f19e9c7a9ba144' )  [ RunTime:0.0003s ]
SQL: SHOW COLUMNS FROM `file` [ RunTime:0.0006s ]
SQL: SELECT * FROM `file` `file`,`user_account` `user_act` WHERE ( file.create_by=user_act.user_account_id ) ORDER BY file_id Asc LIMIT 0,15   [ RunTime:0.0004s ]
SQL: SHOW COLUMNS FROM `file` [ RunTime:0.0006s ]
SQL: SELECT COUNT(*) AS tp_count FROM `file` `file`,`user_account` `user_act` WHERE ( file.create_by=user_act.user_account_id ) LIMIT 1   [ RunTime:0.0002s ]
SQL: SELECT `user_account` FROM `user_account` WHERE ( user_account_id='14' )  [ RunTime:0.0002s ]
SQL: SELECT `user_account` FROM `user_account` WHERE ( user_account_id='14' )  [ RunTime:0.0002s ]
SQL: SELECT `user_account` FROM `user_account` WHERE ( user_account_id='14' )  [ RunTime:0.0002s ]
SQL: SELECT `user_account` FROM `user_account` WHERE ( user_account_id='14' )  [ RunTime:0.0002s ]

[ 2016-04-20T18:14:41+08:00 ] 123.122.153.194 /webframework/webframe/index.php/Admin/File/ajaxIndex?limit=15&offset=0&sort=file_id&order=Asc&file_type=0&UserName=4
INFO: [ app_begin ] --START--
INFO: Run Behavior\ReadHtmlCacheBehavior [ RunTime:0.000364s ]
INFO: [ app_begin ] --END-- [ RunTime:0.000670s ]
SQL: SHOW COLUMNS FROM `behavior_log` [ RunTime:0.0008s ]
SQL: INSERT INTO `behavior_log` (`behavior_log_account`,`behavior_log_con`,`behavior_log_func`,`behavior_log_time`,`behavior_log_ip`) VALUES ('14','File','ajaxIndex','1461147281','123.122.153.194') [ RunTime:0.0175s ]
SQL: SHOW COLUMNS FROM `user_account` [ RunTime:0.0006s ]
SQL: SELECT * FROM `user_account` WHERE ( user_identify='b244536f4994b14f55f19e9c7a9ba144' )  [ RunTime:0.0002s ]
SQL: SHOW COLUMNS FROM `file` [ RunTime:0.0007s ]
SQL: SELECT * FROM `file` `file`,`user_account` `user_act` WHERE ( file.create_by=user_act.user_account_id ) ORDER BY file_id Asc LIMIT 0,15   [ RunTime:0.0004s ]
SQL: SHOW COLUMNS FROM `file` [ RunTime:0.0005s ]
SQL: SELECT COUNT(*) AS tp_count FROM `file` `file`,`user_account` `user_act` WHERE ( file.create_by=user_act.user_account_id ) LIMIT 1   [ RunTime:0.0002s ]
SQL: SELECT `user_account` FROM `user_account` WHERE ( user_account_id='14' )  [ RunTime:0.0002s ]
SQL: SELECT `user_account` FROM `user_account` WHERE ( user_account_id='14' )  [ RunTime:0.0002s ]
SQL: SELECT `user_account` FROM `user_account` WHERE ( user_account_id='14' )  [ RunTime:0.0002s ]
SQL: SELECT `user_account` FROM `user_account` WHERE ( user_account_id='14' )  [ RunTime:0.0002s ]

[ 2016-04-20T18:16:09+08:00 ] 123.122.153.194 /webframework/webframe/index.php/Admin/File/ajaxIndex?limit=15&offset=0&sort=file_id&order=Asc&file_type=0&UserName=4
INFO: [ app_begin ] --START--
INFO: Run Behavior\ReadHtmlCacheBehavior [ RunTime:0.000371s ]
INFO: [ app_begin ] --END-- [ RunTime:0.000714s ]
SQL: SHOW COLUMNS FROM `behavior_log` [ RunTime:0.0008s ]
SQL: INSERT INTO `behavior_log` (`behavior_log_account`,`behavior_log_con`,`behavior_log_func`,`behavior_log_time`,`behavior_log_ip`) VALUES ('14','File','ajaxIndex','1461147369','123.122.153.194') [ RunTime:0.0056s ]
SQL: SHOW COLUMNS FROM `user_account` [ RunTime:0.0005s ]
SQL: SELECT * FROM `user_account` WHERE ( user_identify='b244536f4994b14f55f19e9c7a9ba144' )  [ RunTime:0.0002s ]
SQL: SHOW COLUMNS FROM `file` [ RunTime:0.0005s ]
SQL: SELECT * FROM `file` `file`,`user_account` `user_act` WHERE ( file.create_by=user_act.user_account_id ) ORDER BY file_id Asc LIMIT 0,15   [ RunTime:0.0004s ]
SQL: SHOW COLUMNS FROM `file` [ RunTime:0.0005s ]
SQL: SELECT COUNT(*) AS tp_count FROM `file` `file`,`user_account` `user_act` WHERE ( file.create_by=user_act.user_account_id ) LIMIT 1   [ RunTime:0.0002s ]
SQL: SELECT `user_account` FROM `user_account` WHERE ( user_account_id='14' )  [ RunTime:0.0002s ]
SQL: SELECT `user_account` FROM `user_account` WHERE ( user_account_id='14' )  [ RunTime:0.0002s ]
SQL: SELECT `user_account` FROM `user_account` WHERE ( user_account_id='14' )  [ RunTime:0.0002s ]
SQL: SELECT `user_account` FROM `user_account` WHERE ( user_account_id='14' )  [ RunTime:0.0002s ]

[ 2016-04-20T18:18:23+08:00 ] 123.122.153.194 /webframework/webframe/index.php/Admin/File/ajaxIndex?limit=15&offset=0&sort=file_id&order=Asc&file_type=0&UserName=4
INFO: [ app_begin ] --START--
INFO: Run Behavior\ReadHtmlCacheBehavior [ RunTime:0.000463s ]
INFO: [ app_begin ] --END-- [ RunTime:0.000916s ]
SQL: SHOW COLUMNS FROM `behavior_log` [ RunTime:0.0010s ]
SQL: INSERT INTO `behavior_log` (`behavior_log_account`,`behavior_log_con`,`behavior_log_func`,`behavior_log_time`,`behavior_log_ip`) VALUES ('14','File','ajaxIndex','1461147503','123.122.153.194') [ RunTime:0.0052s ]
SQL: SHOW COLUMNS FROM `user_account` [ RunTime:0.0006s ]
SQL: SELECT * FROM `user_account` WHERE ( user_identify='b244536f4994b14f55f19e9c7a9ba144' )  [ RunTime:0.0002s ]
SQL: SHOW COLUMNS FROM `file` [ RunTime:0.0006s ]
SQL: SELECT * FROM `file` `file`,`user_account` `user_act` WHERE ( file.create_by=user_act.user_account_id ) ORDER BY file_id Asc LIMIT 0,15   [ RunTime:0.0005s ]
SQL: SHOW COLUMNS FROM `file` [ RunTime:0.0005s ]
SQL: SELECT COUNT(*) AS tp_count FROM `file` `file`,`user_account` `user_act` WHERE ( file.create_by=user_act.user_account_id ) LIMIT 1   [ RunTime:0.0002s ]
SQL: SELECT `user_account` FROM `user_account` WHERE ( user_account_id='14' )  [ RunTime:0.0002s ]
SQL: SELECT `user_account` FROM `user_account` WHERE ( user_account_id='14' )  [ RunTime:0.0002s ]
SQL: SELECT `user_account` FROM `user_account` WHERE ( user_account_id='14' )  [ RunTime:0.0002s ]
SQL: SELECT `user_account` FROM `user_account` WHERE ( user_account_id='14' )  [ RunTime:0.0001s ]

[ 2016-04-20T18:19:40+08:00 ] 123.122.153.194 /webframework/webframe/index.php/Admin/File/ajaxIndex?limit=15&offset=0&sort=file_id&order=Asc&file_type=0&UserName=4
INFO: [ app_begin ] --START--
INFO: Run Behavior\ReadHtmlCacheBehavior [ RunTime:0.000573s ]
INFO: [ app_begin ] --END-- [ RunTime:0.001035s ]
SQL: SHOW COLUMNS FROM `behavior_log` [ RunTime:0.0008s ]
SQL: INSERT INTO `behavior_log` (`behavior_log_account`,`behavior_log_con`,`behavior_log_func`,`behavior_log_time`,`behavior_log_ip`) VALUES ('14','File','ajaxIndex','1461147580','123.122.153.194') [ RunTime:0.0059s ]
SQL: SHOW COLUMNS FROM `user_account` [ RunTime:0.0006s ]
SQL: SELECT * FROM `user_account` WHERE ( user_identify='b244536f4994b14f55f19e9c7a9ba144' )  [ RunTime:0.0002s ]
SQL: SHOW COLUMNS FROM `file` [ RunTime:0.0006s ]
SQL: SELECT * FROM `file` `file`,`user_account` `user_act` WHERE ( file.create_by=user_act.user_account_id ) ORDER BY file_id Asc LIMIT 0,15   [ RunTime:0.0004s ]
SQL: SHOW COLUMNS FROM `file` [ RunTime:0.0005s ]
SQL: SELECT COUNT(*) AS tp_count FROM `file` `file`,`user_account` `user_act` WHERE ( file.create_by=user_act.user_account_id ) LIMIT 1   [ RunTime:0.0003s ]
SQL: SELECT `user_account` FROM `user_account` WHERE ( user_account_id='14' )  [ RunTime:0.0002s ]
SQL: SELECT `user_account` FROM `user_account` WHERE ( user_account_id='14' )  [ RunTime:0.0002s ]
SQL: SELECT `user_account` FROM `user_account` WHERE ( user_account_id='14' )  [ RunTime:0.0002s ]
SQL: SELECT `user_account` FROM `user_account` WHERE ( user_account_id='14' )  [ RunTime:0.0002s ]

[ 2016-04-20T18:29:06+08:00 ] 123.122.153.194 /webframework/webframe/index.php/Admin/File/ajaxIndex?limit=15&offset=0&sort=file_id&order=Asc&file_type=0&UserName=4
INFO: [ app_begin ] --START--
INFO: Run Behavior\ReadHtmlCacheBehavior [ RunTime:0.000362s ]
INFO: [ app_begin ] --END-- [ RunTime:0.000625s ]
SQL: SHOW COLUMNS FROM `behavior_log` [ RunTime:0.0009s ]
SQL: INSERT INTO `behavior_log` (`behavior_log_account`,`behavior_log_con`,`behavior_log_func`,`behavior_log_time`,`behavior_log_ip`) VALUES ('14','File','ajaxIndex','1461148146','123.122.153.194') [ RunTime:0.0055s ]
SQL: SHOW COLUMNS FROM `user_account` [ RunTime:0.0010s ]
SQL: SELECT * FROM `user_account` WHERE ( user_identify='b244536f4994b14f55f19e9c7a9ba144' )  [ RunTime:0.0003s ]
SQL: SHOW COLUMNS FROM `file` [ RunTime:0.0011s ]
SQL: SELECT * FROM `file` `file`,`user_account` `user_act` WHERE ( file.create_by=user_act.user_account_id ) ORDER BY file_id Asc LIMIT 0,15   [ RunTime:0.0005s ]
SQL: SHOW COLUMNS FROM `file` [ RunTime:0.0007s ]
SQL: SELECT COUNT(*) AS tp_count FROM `file` `file`,`user_account` `user_act` WHERE ( file.create_by=user_act.user_account_id ) LIMIT 1   [ RunTime:0.0002s ]
SQL: SELECT `user_account` FROM `user_account` WHERE ( user_account_id='14' )  [ RunTime:0.0002s ]
SQL: SELECT `user_account` FROM `user_account` WHERE ( user_account_id='14' )  [ RunTime:0.0002s ]
SQL: SELECT `user_account` FROM `user_account` WHERE ( user_account_id='14' )  [ RunTime:0.0001s ]
SQL: SELECT `user_account` FROM `user_account` WHERE ( user_account_id='14' )  [ RunTime:0.0002s ]

[ 2016-04-20T18:29:11+08:00 ] 123.122.153.194 /webframework/webframe/index.php/Admin/File/del
INFO: [ app_begin ] --START--
INFO: Run Behavior\ReadHtmlCacheBehavior [ RunTime:0.000409s ]
INFO: [ app_begin ] --END-- [ RunTime:0.000663s ]
SQL: SHOW COLUMNS FROM `behavior_log` [ RunTime:0.0008s ]
SQL: INSERT INTO `behavior_log` (`behavior_log_account`,`behavior_log_con`,`behavior_log_func`,`behavior_log_time`,`behavior_log_ip`) VALUES ('14','File','del','1461148151','123.122.153.194') [ RunTime:0.0070s ]
SQL: SHOW COLUMNS FROM `user_account` [ RunTime:0.0007s ]
SQL: SELECT * FROM `user_account` WHERE ( user_identify='b244536f4994b14f55f19e9c7a9ba144' )  [ RunTime:0.0002s ]
SQL: SHOW COLUMNS FROM `file` [ RunTime:0.0006s ]
SQL: SHOW COLUMNS FROM `file` [ RunTime:0.0006s ]
SQL: DELETE FROM `file` WHERE ( file_id='2' ) [ RunTime:0.0333s ]

[ 2016-04-20T18:29:11+08:00 ] 123.122.153.194 /webframework/webframe/index.php/Admin/File/ajaxIndex?limit=15&offset=0&sort=file_id&order=Asc&file_type=0&UserName=4
INFO: [ app_begin ] --START--
INFO: Run Behavior\ReadHtmlCacheBehavior [ RunTime:0.000509s ]
INFO: [ app_begin ] --END-- [ RunTime:0.000836s ]
SQL: SHOW COLUMNS FROM `behavior_log` [ RunTime:0.0007s ]
SQL: INSERT INTO `behavior_log` (`behavior_log_account`,`behavior_log_con`,`behavior_log_func`,`behavior_log_time`,`behavior_log_ip`) VALUES ('14','File','ajaxIndex','1461148151','123.122.153.194') [ RunTime:0.0058s ]
SQL: SHOW COLUMNS FROM `user_account` [ RunTime:0.0006s ]
SQL: SELECT * FROM `user_account` WHERE ( user_identify='b244536f4994b14f55f19e9c7a9ba144' )  [ RunTime:0.0002s ]
SQL: SHOW COLUMNS FROM `file` [ RunTime:0.0006s ]
SQL: SELECT * FROM `file` `file`,`user_account` `user_act` WHERE ( file.create_by=user_act.user_account_id ) ORDER BY file_id Asc LIMIT 0,15   [ RunTime:0.0004s ]
SQL: SHOW COLUMNS FROM `file` [ RunTime:0.0006s ]
SQL: SELECT COUNT(*) AS tp_count FROM `file` `file`,`user_account` `user_act` WHERE ( file.create_by=user_act.user_account_id ) LIMIT 1   [ RunTime:0.0002s ]
SQL: SELECT `user_account` FROM `user_account` WHERE ( user_account_id='14' )  [ RunTime:0.0002s ]
SQL: SELECT `user_account` FROM `user_account` WHERE ( user_account_id='14' )  [ RunTime:0.0002s ]
SQL: SELECT `user_account` FROM `user_account` WHERE ( user_account_id='14' )  [ RunTime:0.0002s ]

[ 2016-04-20T18:29:28+08:00 ] 123.122.153.194 /webframework/webframe/index.php/Admin/File/ajaxIndex?limit=15&offset=0&sort=file_id&order=Asc&file_type=0&UserName=4
INFO: [ app_begin ] --START--
INFO: Run Behavior\ReadHtmlCacheBehavior [ RunTime:0.000616s ]
INFO: [ app_begin ] --END-- [ RunTime:0.000988s ]
SQL: SHOW COLUMNS FROM `behavior_log` [ RunTime:0.0006s ]
SQL: INSERT INTO `behavior_log` (`behavior_log_account`,`behavior_log_con`,`behavior_log_func`,`behavior_log_time`,`behavior_log_ip`) VALUES ('14','File','ajaxIndex','1461148168','123.122.153.194') [ RunTime:0.0054s ]
SQL: SHOW COLUMNS FROM `user_account` [ RunTime:0.0006s ]
SQL: SELECT * FROM `user_account` WHERE ( user_identify='b244536f4994b14f55f19e9c7a9ba144' )  [ RunTime:0.0003s ]
SQL: SHOW COLUMNS FROM `file` [ RunTime:0.0008s ]
SQL: SELECT * FROM `file` `file`,`user_account` `user_act` WHERE ( file.create_by=user_act.user_account_id ) ORDER BY file_id Asc LIMIT 0,15   [ RunTime:0.0005s ]
SQL: SHOW COLUMNS FROM `file` [ RunTime:0.0007s ]
SQL: SELECT COUNT(*) AS tp_count FROM `file` `file`,`user_account` `user_act` WHERE ( file.create_by=user_act.user_account_id ) LIMIT 1   [ RunTime:0.0002s ]
SQL: SELECT `user_account` FROM `user_account` WHERE ( user_account_id='14' )  [ RunTime:0.0002s ]
SQL: SELECT `user_account` FROM `user_account` WHERE ( user_account_id='14' )  [ RunTime:0.0002s ]
SQL: SELECT `user_account` FROM `user_account` WHERE ( user_account_id='14' )  [ RunTime:0.0002s ]

