[ 2016-05-31T13:15:49+08:00 ] 175.49.156.231 /yisheng/webframe/index.php/Admin/Selectcourse/ajaxIndex/status/0?limit=15&offset=0&sort=course.course_id&order=desc&UserName=4
INFO: [ app_begin ] --START--
INFO: Run Behavior\ReadHtmlCacheBehavior [ RunTime:0.000637s ]
INFO: [ app_begin ] --END-- [ RunTime:0.000909s ]
SQL: SHOW COLUMNS FROM `user_account` [ RunTime:0.0008s ]
SQL: SELECT * FROM `user_account` WHERE ( user_identify='f2234d4f60aaa0fe4fec5e0ee3dd43ae' )  [ RunTime:0.0003s ]
SQL: SELECT `user_id` FROM `user_account` WHERE ( user_account_id=21 )  [ RunTime:0.0002s ]
SQL: SHOW COLUMNS FROM `user` [ RunTime:0.0005s ]
SQL: SELECT `org_id` FROM `user` WHERE ( user_id=7 )  [ RunTime:0.0002s ]
SQL: SHOW COLUMNS FROM `course` [ RunTime:0.0007s ]
SQL: SELECT * FROM `course` WHERE ( course_semester=1 and course_rel_status=1 and  course_workshop=9 ) ORDER BY course.course_id desc LIMIT 0,15   [ RunTime:0.0003s ]
SQL: SELECT COUNT(*) AS tp_count FROM `course` WHERE ( course_semester=1 and course_rel_status=1 and  course_workshop=9 ) LIMIT 1   [ RunTime:0.0002s ]

[ 2016-05-31T13:16:03+08:00 ] 175.49.156.231 /yisheng/webframe/index.php/Admin/Selectcourse/ajaxIndex/status/0?limit=15&offset=0&sort=course.course_id&order=desc&UserName=4
INFO: [ app_begin ] --START--
INFO: Run Behavior\ReadHtmlCacheBehavior [ RunTime:0.000491s ]
INFO: [ app_begin ] --END-- [ RunTime:0.000745s ]
SQL: SHOW COLUMNS FROM `user_account` [ RunTime:0.0009s ]
SQL: SELECT * FROM `user_account` WHERE ( user_identify='f2234d4f60aaa0fe4fec5e0ee3dd43ae' )  [ RunTime:0.0003s ]
SQL: SELECT `user_id` FROM `user_account` WHERE ( user_account_id=21 )  [ RunTime:0.0002s ]
SQL: SHOW COLUMNS FROM `user` [ RunTime:0.0005s ]
SQL: SELECT `org_id` FROM `user` WHERE ( user_id=7 )  [ RunTime:0.0002s ]
SQL: SHOW COLUMNS FROM `course` [ RunTime:0.0007s ]
SQL: SELECT * FROM `course` WHERE ( course_semester=1 and course_rel_status=1 and  course_workshop=9 ) ORDER BY course.course_id desc LIMIT 0,15   [ RunTime:0.0003s ]
SQL: SELECT COUNT(*) AS tp_count FROM `course` WHERE ( course_semester=1 and course_rel_status=1 and  course_workshop=9 ) LIMIT 1   [ RunTime:0.0002s ]

[ 2016-05-31T13:16:25+08:00 ] 175.49.156.231 /yisheng/webframe/index.php/Admin/Selectcourse/ajaxIndex/status/0?limit=15&offset=0&sort=course.course_id&order=desc&UserName=4
INFO: [ app_begin ] --START--
INFO: Run Behavior\ReadHtmlCacheBehavior [ RunTime:0.000364s ]
INFO: [ app_begin ] --END-- [ RunTime:0.000712s ]
SQL: SHOW COLUMNS FROM `user_account` [ RunTime:0.0008s ]
SQL: SELECT * FROM `user_account` WHERE ( user_identify='f2234d4f60aaa0fe4fec5e0ee3dd43ae' )  [ RunTime:0.0003s ]
SQL: SELECT `user_id` FROM `user_account` WHERE ( user_account_id=21 )  [ RunTime:0.0002s ]
SQL: SHOW COLUMNS FROM `user` [ RunTime:0.0005s ]
SQL: SELECT `org_id` FROM `user` WHERE ( user_id=7 )  [ RunTime:0.0002s ]
SQL: SHOW COLUMNS FROM `course` [ RunTime:0.0006s ]
SQL: SELECT * FROM `course` WHERE ( course_semester=1 and course_rel_status=1 and  course_workshop=9 ) ORDER BY course.course_id desc LIMIT 0,15   [ RunTime:0.0003s ]
SQL: SELECT COUNT(*) AS tp_count FROM `course` WHERE ( course_semester=1 and course_rel_status=1 and  course_workshop=9 ) LIMIT 1   [ RunTime:0.0002s ]

[ 2016-05-31T13:17:51+08:00 ] 175.49.156.231 /yisheng/webframe/index.php/Admin/Selectcourse/ajaxIndex/status/0?limit=15&offset=0&sort=course.course_id&order=desc&UserName=4
INFO: [ app_begin ] --START--
INFO: Run Behavior\ReadHtmlCacheBehavior [ RunTime:0.000520s ]
INFO: [ app_begin ] --END-- [ RunTime:0.000825s ]
SQL: SHOW COLUMNS FROM `user_account` [ RunTime:0.0007s ]
SQL: SELECT * FROM `user_account` WHERE ( user_identify='f2234d4f60aaa0fe4fec5e0ee3dd43ae' )  [ RunTime:0.0003s ]
SQL: SELECT `user_id` FROM `user_account` WHERE ( user_account_id=21 )  [ RunTime:0.0002s ]
SQL: SHOW COLUMNS FROM `user` [ RunTime:0.0005s ]
SQL: SELECT `org_id` FROM `user` WHERE ( user_id=7 )  [ RunTime:0.0002s ]
SQL: SHOW COLUMNS FROM `course` [ RunTime:0.0009s ]
SQL: SELECT * FROM `course` WHERE ( course_semester=1 and course_rel_status=1 and  course_workshop=9 ) ORDER BY course.course_id desc LIMIT 0,15   [ RunTime:0.0004s ]
SQL: SELECT COUNT(*) AS tp_count FROM `course` WHERE ( course_semester=1 and course_rel_status=1 and  course_workshop=9 ) LIMIT 1   [ RunTime:0.0002s ]

[ 2016-05-31T13:18:19+08:00 ] 175.49.156.231 /yisheng/webframe/index.php/Admin/Selectcourse/ajaxIndex/status/0?limit=15&offset=0&sort=course.course_id&order=desc&UserName=4
INFO: [ app_begin ] --START--
INFO: Run Behavior\ReadHtmlCacheBehavior [ RunTime:0.000375s ]
INFO: [ app_begin ] --END-- [ RunTime:0.000637s ]
SQL: SHOW COLUMNS FROM `user_account` [ RunTime:0.0009s ]
SQL: SELECT * FROM `user_account` WHERE ( user_identify='f2234d4f60aaa0fe4fec5e0ee3dd43ae' )  [ RunTime:0.0003s ]
SQL: SELECT `user_id` FROM `user_account` WHERE ( user_account_id=21 )  [ RunTime:0.0002s ]
SQL: SHOW COLUMNS FROM `user` [ RunTime:0.0006s ]
SQL: SELECT `org_id` FROM `user` WHERE ( user_id=7 )  [ RunTime:0.0002s ]
SQL: SHOW COLUMNS FROM `course` [ RunTime:0.0007s ]
SQL: SELECT * FROM `course` WHERE ( course_semester=1 and course_rel_status=1 and  course_workshop=9 ) ORDER BY course.course_id desc LIMIT 0,15   [ RunTime:0.0003s ]
SQL: SELECT COUNT(*) AS tp_count FROM `course` WHERE ( course_semester=1 and course_rel_status=1 and  course_workshop=9 ) LIMIT 1   [ RunTime:0.0002s ]

[ 2016-05-31T13:18:25+08:00 ] 175.49.156.231 /yisheng/webframe/index.php/Admin/Selectcourse/ajaxIndex/status/0?limit=15&offset=0&sort=course.course_id&order=desc&UserName=4
INFO: [ app_begin ] --START--
INFO: Run Behavior\ReadHtmlCacheBehavior [ RunTime:0.000413s ]
INFO: [ app_begin ] --END-- [ RunTime:0.000693s ]
SQL: SHOW COLUMNS FROM `user_account` [ RunTime:0.0009s ]
SQL: SELECT * FROM `user_account` WHERE ( user_identify='f2234d4f60aaa0fe4fec5e0ee3dd43ae' )  [ RunTime:0.0003s ]
SQL: SELECT `user_id` FROM `user_account` WHERE ( user_account_id=21 )  [ RunTime:0.0002s ]
SQL: SHOW COLUMNS FROM `user` [ RunTime:0.0005s ]
SQL: SELECT `org_id` FROM `user` WHERE ( user_id=7 )  [ RunTime:0.0002s ]
SQL: SHOW COLUMNS FROM `course` [ RunTime:0.0007s ]
SQL: SELECT * FROM `course` WHERE ( course_semester=1 and course_rel_status=1 and  course_workshop=9 ) ORDER BY course.course_id desc LIMIT 0,15   [ RunTime:0.0003s ]
SQL: SELECT COUNT(*) AS tp_count FROM `course` WHERE ( course_semester=1 and course_rel_status=1 and  course_workshop=9 ) LIMIT 1   [ RunTime:0.0002s ]

[ 2016-05-31T13:19:26+08:00 ] 175.49.156.231 /yisheng/webframe/index.php/Admin/Selectcourse/ajaxIndex/status/?limit=15&offset=0&sort=course.course_id&order=desc&UserName=4
INFO: [ app_begin ] --START--
INFO: Run Behavior\ReadHtmlCacheBehavior [ RunTime:0.000443s ]
INFO: [ app_begin ] --END-- [ RunTime:0.000698s ]
SQL: SHOW COLUMNS FROM `user_account` [ RunTime:0.0007s ]
SQL: SELECT * FROM `user_account` WHERE ( user_identify='f2234d4f60aaa0fe4fec5e0ee3dd43ae' )  [ RunTime:0.0002s ]
SQL: SELECT `user_id` FROM `user_account` WHERE ( user_account_id=21 )  [ RunTime:0.0002s ]
SQL: SHOW COLUMNS FROM `user` [ RunTime:0.0005s ]
SQL: SELECT `org_id` FROM `user` WHERE ( user_id=7 )  [ RunTime:0.0002s ]
SQL: SHOW COLUMNS FROM `course` [ RunTime:0.0007s ]
SQL: SELECT * FROM `course` WHERE ( course_semester=1 and course_rel_status=1 and  course_workshop=9 ) ORDER BY course.course_id desc LIMIT 0,15   [ RunTime:0.0003s ]
SQL: SELECT COUNT(*) AS tp_count FROM `course` WHERE ( course_semester=1 and course_rel_status=1 and  course_workshop=9 ) LIMIT 1   [ RunTime:0.0002s ]

[ 2016-05-31T13:20:05+08:00 ] 175.49.156.231 /yisheng/webframe/index.php/Admin/Selectcourse/ajaxIndex/status/?limit=15&offset=0&sort=course.course_id&order=desc&UserName=4
INFO: [ app_begin ] --START--
INFO: Run Behavior\ReadHtmlCacheBehavior [ RunTime:0.000397s ]
INFO: [ app_begin ] --END-- [ RunTime:0.000732s ]
SQL: SHOW COLUMNS FROM `user_account` [ RunTime:0.0009s ]
SQL: SELECT * FROM `user_account` WHERE ( user_identify='f2234d4f60aaa0fe4fec5e0ee3dd43ae' )  [ RunTime:0.0003s ]
SQL: SELECT `user_id` FROM `user_account` WHERE ( user_account_id=21 )  [ RunTime:0.0002s ]
SQL: SHOW COLUMNS FROM `user` [ RunTime:0.0006s ]
SQL: SELECT `org_id` FROM `user` WHERE ( user_id=7 )  [ RunTime:0.0002s ]
SQL: SHOW COLUMNS FROM `course` [ RunTime:0.0007s ]
SQL: SELECT * FROM `course` WHERE ( course_semester=1 and course_rel_status=1 and  course_workshop=9 ) ORDER BY course.course_id desc LIMIT 0,15   [ RunTime:0.0003s ]
SQL: SELECT COUNT(*) AS tp_count FROM `course` WHERE ( course_semester=1 and course_rel_status=1 and  course_workshop=9 ) LIMIT 1   [ RunTime:0.0002s ]

