[ 2016-04-06T20:15:36+08:00 ] 1.202.63.86 /webframework/webframe/index.php/Admin/Menu/ajaxIndex?limit=15&offset=0&sort=id&order=desc&UserName=4
INFO: [ app_begin ] --START--
INFO: Run Behavior\ReadHtmlCacheBehavior [ RunTime:0.000416s ]
INFO: [ app_begin ] --END-- [ RunTime:0.000671s ]
SQL: SHOW COLUMNS FROM `menu` [ RunTime:0.0012s ]
SQL: SELECT `menu_id`,`menu_name`,`parentid`,`menu_url`,`sort`,`ishidden` FROM `menu` WHERE ( parentid=0 ) ORDER BY sort asc  [ RunTime:0.0003s ]
SQL: SELECT COUNT(*) AS tp_count FROM `menu` LIMIT 1   [ RunTime:0.0002s ]

[ 2016-04-06T20:15:49+08:00 ] 1.202.63.86 /webframework/webframe/index.php/Admin/Menu/update
INFO: [ app_begin ] --START--
INFO: Run Behavior\ReadHtmlCacheBehavior [ RunTime:0.000533s ]
INFO: [ app_begin ] --END-- [ RunTime:0.001003s ]
SQL: SHOW COLUMNS FROM `menu` [ RunTime:0.0009s ]
SQL: SELECT `menu_id`,`sort` FROM `menu` WHERE ( sort='7' and parentid='0' )  [ RunTime:0.0003s ]
SQL: SELECT `parentid`,`sort`,`menu_id` FROM `menu` WHERE ( sort='8' and parentid='0' )  [ RunTime:0.0002s ]
SQL: UPDATE `menu` SET `sort`='8' WHERE ( menu_id='29' ) [ RunTime:1.4395s ]
SQL: SELECT `menu_id`,`sort` FROM `menu` WHERE ( menu_id='1' )  [ RunTime:0.0003s ]
SQL: SELECT `parentid`,`sort`,`menu_id` FROM `menu` WHERE ( sort='9' and parentid='0' )  [ RunTime:0.0002s ]
SQL: UPDATE `menu` SET `sort`='9' WHERE ( menu_id='1' ) [ RunTime:0.0037s ]
SQL: SELECT `menu_id`,`sort` FROM `menu` WHERE ( menu_id='2' )  [ RunTime:0.0002s ]
SQL: SELECT `parentid`,`sort`,`menu_id` FROM `menu` WHERE ( sort='10' and parentid='0' )  [ RunTime:0.0003s ]
SQL: UPDATE `menu` SET `sort`='10' WHERE ( menu_id='2' ) [ RunTime:0.0034s ]
NOTIC: [8] Undefined offset: 0 /var/www/html/webframework/webframe/Admin/Controller/MenuController.class.php 第 69 行.
NOTIC: [8] Undefined offset: 0 /var/www/html/webframework/webframe/Admin/Controller/MenuController.class.php 第 69 行.
NOTIC: [8] Undefined offset: 0 /var/www/html/webframework/webframe/Admin/Controller/MenuController.class.php 第 69 行.
SQL: SELECT `menu_id`,`sort` FROM `menu` WHERE ( sort='' and parentid='' )  [ RunTime:0.0002s ]
SQL: SHOW COLUMNS FROM `menu` [ RunTime:0.0008s ]
SQL: UPDATE `menu` SET `menu_id`='29',`menu_name`='附件管理',`parentid`='0',`menu_url`='File/index',`sort`='7',`ishidden`='0' WHERE ( menu_id='29' ) [ RunTime:0.0166s ]

[ 2016-04-06T20:15:49+08:00 ] 1.202.63.86 /webframework/webframe/index.php/Admin/Menu/ajaxIndex?limit=15&offset=0&sort=id&order=desc&UserName=4
INFO: [ app_begin ] --START--
INFO: Run Behavior\ReadHtmlCacheBehavior [ RunTime:0.000534s ]
INFO: [ app_begin ] --END-- [ RunTime:0.000793s ]
SQL: SHOW COLUMNS FROM `menu` [ RunTime:0.0007s ]
SQL: SELECT `menu_id`,`menu_name`,`parentid`,`menu_url`,`sort`,`ishidden` FROM `menu` WHERE ( parentid=0 ) ORDER BY sort asc  [ RunTime:0.0003s ]
SQL: SELECT COUNT(*) AS tp_count FROM `menu` LIMIT 1   [ RunTime:0.0002s ]

[ 2016-04-06T20:15:58+08:00 ] 1.202.63.86 /webframework/webframe/index.php/Admin/Menu/ajaxIndex?limit=15&offset=0&sort=id&order=desc&UserName=4
INFO: [ app_begin ] --START--
INFO: Run Behavior\ReadHtmlCacheBehavior [ RunTime:0.000471s ]
INFO: [ app_begin ] --END-- [ RunTime:0.000769s ]
SQL: SHOW COLUMNS FROM `menu` [ RunTime:0.0008s ]
SQL: SELECT `menu_id`,`menu_name`,`parentid`,`menu_url`,`sort`,`ishidden` FROM `menu` WHERE ( parentid=0 ) ORDER BY sort asc  [ RunTime:0.0003s ]
SQL: SELECT COUNT(*) AS tp_count FROM `menu` LIMIT 1   [ RunTime:0.0002s ]

[ 2016-04-06T20:15:59+08:00 ] 1.202.63.86 /webframework/webframe/index.php/Admin/Menu/childAjaxIndex?limit=15&offset=0&sort=id&order=desc&menu_id=29&UserName=4
INFO: [ app_begin ] --START--
INFO: Run Behavior\ReadHtmlCacheBehavior [ RunTime:0.000343s ]
INFO: [ app_begin ] --END-- [ RunTime:0.000612s ]
SQL: SHOW COLUMNS FROM `menu` [ RunTime:0.0008s ]
SQL: SELECT `menu_id`,`menu_name`,`parentid`,`menu_url`,`sort`,`ishidden` FROM `menu` WHERE ( parentid='29' ) ORDER BY sort asc  [ RunTime:0.0003s ]
NOTIC: [8] Undefined variable: parentid /var/www/html/webframework/webframe/Admin/Controller/MenuController.class.php 第 132 行.
SQL: SELECT COUNT(*) AS tp_count FROM `menu` WHERE ( parentid='' ) LIMIT 1   [ RunTime:0.0002s ]

[ 2016-04-06T20:16:56+08:00 ] 1.202.63.86 /webframework/webframe/index.php/Admin/Menu/insert
INFO: [ app_begin ] --START--
INFO: Run Behavior\ReadHtmlCacheBehavior [ RunTime:0.000418s ]
INFO: [ app_begin ] --END-- [ RunTime:0.000669s ]
SQL: SHOW COLUMNS FROM `menu` [ RunTime:0.0008s ]
SQL: SELECT `menu_id`,`sort` FROM `menu` WHERE ( sort='1' and parentid='29' )  [ RunTime:0.0003s ]
SQL: SHOW COLUMNS FROM `menu` [ RunTime:0.0006s ]
ERR: SQLSTATE[HY000]: General error: 1364 Field 'childrens' doesn't have a default value

[ 2016-04-06T20:17:01+08:00 ] 1.202.63.86 /webframework/webframe/index.php/Admin/Menu/ajaxIndex?limit=15&offset=0&sort=id&order=desc&UserName=4
INFO: [ app_begin ] --START--
INFO: Run Behavior\ReadHtmlCacheBehavior [ RunTime:0.000648s ]
INFO: [ app_begin ] --END-- [ RunTime:0.000999s ]
SQL: SHOW COLUMNS FROM `menu` [ RunTime:0.0008s ]
SQL: SELECT `menu_id`,`menu_name`,`parentid`,`menu_url`,`sort`,`ishidden` FROM `menu` WHERE ( parentid=0 ) ORDER BY sort asc  [ RunTime:0.0005s ]
SQL: SELECT COUNT(*) AS tp_count FROM `menu` LIMIT 1   [ RunTime:0.0002s ]

[ 2016-04-06T20:17:03+08:00 ] 1.202.63.86 /webframework/webframe/index.php/Admin/Menu/childAjaxIndex?limit=15&offset=0&sort=id&order=desc&menu_id=29&UserName=4
INFO: [ app_begin ] --START--
INFO: Run Behavior\ReadHtmlCacheBehavior [ RunTime:0.000341s ]
INFO: [ app_begin ] --END-- [ RunTime:0.000636s ]
SQL: SHOW COLUMNS FROM `menu` [ RunTime:0.0007s ]
SQL: SELECT `menu_id`,`menu_name`,`parentid`,`menu_url`,`sort`,`ishidden` FROM `menu` WHERE ( parentid='29' ) ORDER BY sort asc  [ RunTime:0.0003s ]
NOTIC: [8] Undefined variable: parentid /var/www/html/webframework/webframe/Admin/Controller/MenuController.class.php 第 132 行.
SQL: SELECT COUNT(*) AS tp_count FROM `menu` WHERE ( parentid='' ) LIMIT 1   [ RunTime:0.0002s ]

[ 2016-04-06T20:17:23+08:00 ] 1.202.63.86 /webframework/webframe/index.php/Admin/Menu/insert
INFO: [ app_begin ] --START--
INFO: Run Behavior\ReadHtmlCacheBehavior [ RunTime:0.000342s ]
INFO: [ app_begin ] --END-- [ RunTime:0.000646s ]
SQL: SHOW COLUMNS FROM `menu` [ RunTime:0.0007s ]
SQL: SELECT `menu_id`,`sort` FROM `menu` WHERE ( sort='1' and parentid='29' )  [ RunTime:0.0002s ]
SQL: SHOW COLUMNS FROM `menu` [ RunTime:0.0005s ]
ERR: SQLSTATE[HY000]: General error: 1364 Field 'childrens' doesn't have a default value

[ 2016-04-06T20:17:58+08:00 ] 1.202.63.86 /webframework/webframe/index.php/Admin/Menu/insert
INFO: [ app_begin ] --START--
INFO: Run Behavior\ReadHtmlCacheBehavior [ RunTime:0.000397s ]
INFO: [ app_begin ] --END-- [ RunTime:0.000705s ]
SQL: SHOW COLUMNS FROM `menu` [ RunTime:0.0008s ]
SQL: SELECT `menu_id`,`sort` FROM `menu` WHERE ( sort='1' and parentid='29' )  [ RunTime:0.0003s ]
SQL: SHOW COLUMNS FROM `menu` [ RunTime:0.0006s ]
ERR: SQLSTATE[HY000]: General error: 1364 Field 'childrens' doesn't have a default value

[ 2016-04-06T20:19:30+08:00 ] 1.202.63.86 /webframework/webframe/index.php/Admin/Menu/insert
INFO: [ app_begin ] --START--
INFO: Run Behavior\ReadHtmlCacheBehavior [ RunTime:0.000488s ]
INFO: [ app_begin ] --END-- [ RunTime:0.000781s ]
SQL: SHOW COLUMNS FROM `menu` [ RunTime:0.0009s ]
SQL: SELECT `menu_id`,`sort` FROM `menu` WHERE ( sort='1' and parentid='29' )  [ RunTime:0.0003s ]
SQL: SHOW COLUMNS FROM `menu` [ RunTime:0.0005s ]
SQL: INSERT INTO `menu` (`parentid`,`menu_name`,`menu_url`,`sort`,`ishidden`) VALUES ('29','附件数据管理','File/index','1','0') [ RunTime:0.0049s ]

[ 2016-04-06T20:19:39+08:00 ] 1.202.63.86 /webframework/webframe/index.php/Admin/Menu/ajaxIndex?limit=15&offset=0&sort=id&order=desc&UserName=4
INFO: [ app_begin ] --START--
INFO: Run Behavior\ReadHtmlCacheBehavior [ RunTime:0.000613s ]
INFO: [ app_begin ] --END-- [ RunTime:0.001063s ]
SQL: SHOW COLUMNS FROM `menu` [ RunTime:0.0008s ]
SQL: SELECT `menu_id`,`menu_name`,`parentid`,`menu_url`,`sort`,`ishidden` FROM `menu` WHERE ( parentid=0 ) ORDER BY sort asc  [ RunTime:0.0003s ]
SQL: SELECT COUNT(*) AS tp_count FROM `menu` LIMIT 1   [ RunTime:0.0002s ]

[ 2016-04-06T20:19:41+08:00 ] 1.202.63.86 /webframework/webframe/index.php/Admin/Menu/childAjaxIndex?limit=15&offset=0&sort=id&order=desc&menu_id=29&UserName=4
INFO: [ app_begin ] --START--
INFO: Run Behavior\ReadHtmlCacheBehavior [ RunTime:0.000391s ]
INFO: [ app_begin ] --END-- [ RunTime:0.000644s ]
SQL: SHOW COLUMNS FROM `menu` [ RunTime:0.0008s ]
SQL: SELECT `menu_id`,`menu_name`,`parentid`,`menu_url`,`sort`,`ishidden` FROM `menu` WHERE ( parentid='29' ) ORDER BY sort asc  [ RunTime:0.0003s ]
NOTIC: [8] Undefined variable: parentid /var/www/html/webframework/webframe/Admin/Controller/MenuController.class.php 第 132 行.
SQL: SELECT COUNT(*) AS tp_count FROM `menu` WHERE ( parentid='' ) LIMIT 1   [ RunTime:0.0002s ]

[ 2016-04-06T20:19:51+08:00 ] 1.202.63.86 /webframework/webframe/index.php/Admin/File/index
ERR: 无法加载控制器:File

[ 2016-04-06T20:20:00+08:00 ] 1.202.63.86 /webframework/webframe/index.php/Admin/File/index
ERR: 无法加载控制器:File

[ 2016-04-06T20:20:02+08:00 ] 1.202.63.86 /webframework/webframe/index.php/Admin/File/index
ERR: 无法加载控制器:File

[ 2016-04-06T20:20:03+08:00 ] 1.202.63.86 /webframework/webframe/index.php/Admin/File/index
ERR: 无法加载控制器:File

[ 2016-04-06T20:20:06+08:00 ] 1.202.63.86 /webframework/webframe/index.php/Admin/News/ajaxIndex?limit=15&offset=0&sort=news.news_id&order=desc&ex_status=&news_org_id=&UserName=4
INFO: [ app_begin ] --START--
INFO: Run Behavior\ReadHtmlCacheBehavior [ RunTime:0.000414s ]
INFO: [ app_begin ] --END-- [ RunTime:0.000667s ]
SQL: SHOW COLUMNS FROM `category` [ RunTime:0.0008s ]
SQL: SELECT news.workflow_step,cate.cate_name,news.news_name,news.news_id,news.addtime,news.news_time,org.org_name,news.add_account,news.ex_status,news.re_status FROM `category` `cate`,`news` `news`,`organization` `org` WHERE ( cate.cate_id=news.news_cate_id and news.news_org_id=org.org_id ) ORDER BY news.news_id desc  [ RunTime:0.0006s ]
SQL: SHOW COLUMNS FROM `category` [ RunTime:0.0006s ]
SQL: SELECT COUNT(*) AS tp_count FROM `category` `cate`,`news` `news`,`organization` `org` WHERE ( cate.cate_id=news.news_cate_id and news.news_org_id=org.org_id ) LIMIT 1   [ RunTime:0.0003s ]
SQL: SHOW COLUMNS FROM `user_account` [ RunTime:0.0005s ]
SQL: SELECT `user_id` FROM `user_account` WHERE ( user_account_id='18' )  [ RunTime:0.0002s ]
SQL: SHOW COLUMNS FROM `user` [ RunTime:0.0005s ]
SQL: SELECT `user_name` FROM `user` WHERE ( user_id='7' )  [ RunTime:0.0002s ]
SQL: SHOW COLUMNS FROM `news_workflow` [ RunTime:0.0005s ]
SQL: SELECT `workflow_id` FROM `news_workflow` WHERE ( isenable=0 )  [ RunTime:0.0002s ]
SQL: SHOW COLUMNS FROM `workflow` [ RunTime:0.0005s ]
SQL: SELECT `steps` FROM `workflow` WHERE ( workflow_id='4' )  [ RunTime:0.0002s ]
SQL: SHOW COLUMNS FROM `workflowstep` [ RunTime:0.0005s ]
SQL: SELECT `step_now` FROM `workflowstep` WHERE ( workflow_id='4' and role_id='1' )  [ RunTime:0.0002s ]
SQL: SELECT `user_id` FROM `user_account` WHERE ( user_account_id='14' )  [ RunTime:0.0002s ]
SQL: SELECT `user_name` FROM `user` WHERE ( user_id='1' )  [ RunTime:0.0002s ]
NOTIC: [8] Undefined offset: 0 /var/www/html/webframework/webframe/Admin/Controller/NewsController.class.php 第 521 行.
SQL: SELECT `workflow_id` FROM `news_workflow` WHERE ( isenable=0 )  [ RunTime:0.0002s ]
SQL: SELECT `steps` FROM `workflow` WHERE ( workflow_id='4' )  [ RunTime:0.0002s ]
SQL: SELECT `step_now` FROM `workflowstep` WHERE ( workflow_id='4' and role_id='1' )  [ RunTime:0.0002s ]
SQL: SELECT `user_id` FROM `user_account` WHERE ( user_account_id='18' )  [ RunTime:0.0002s ]
SQL: SELECT `user_name` FROM `user` WHERE ( user_id='7' )  [ RunTime:0.0002s ]
SQL: SELECT `workflow_id` FROM `news_workflow` WHERE ( isenable=0 )  [ RunTime:0.0002s ]
SQL: SELECT `steps` FROM `workflow` WHERE ( workflow_id='4' )  [ RunTime:0.0002s ]
SQL: SELECT `step_now` FROM `workflowstep` WHERE ( workflow_id='4' and role_id='1' )  [ RunTime:0.0002s ]
SQL: SELECT `user_id` FROM `user_account` WHERE ( user_account_id='14' )  [ RunTime:0.0002s ]
SQL: SELECT `user_name` FROM `user` WHERE ( user_id='1' )  [ RunTime:0.0002s ]
NOTIC: [8] Undefined offset: 0 /var/www/html/webframework/webframe/Admin/Controller/NewsController.class.php 第 521 行.
SQL: SELECT `workflow_id` FROM `news_workflow` WHERE ( isenable=0 )  [ RunTime:0.0002s ]
SQL: SELECT `steps` FROM `workflow` WHERE ( workflow_id='4' )  [ RunTime:0.0002s ]
SQL: SELECT `step_now` FROM `workflowstep` WHERE ( workflow_id='4' and role_id='1' )  [ RunTime:0.0002s ]
SQL: SELECT `user_id` FROM `user_account` WHERE ( user_account_id='14' )  [ RunTime:0.0002s ]
SQL: SELECT `user_name` FROM `user` WHERE ( user_id='1' )  [ RunTime:0.0002s ]
NOTIC: [8] Undefined offset: 0 /var/www/html/webframework/webframe/Admin/Controller/NewsController.class.php 第 521 行.
SQL: SELECT `workflow_id` FROM `news_workflow` WHERE ( isenable=0 )  [ RunTime:0.0002s ]
SQL: SELECT `steps` FROM `workflow` WHERE ( workflow_id='4' )  [ RunTime:0.0002s ]
SQL: SELECT `step_now` FROM `workflowstep` WHERE ( workflow_id='4' and role_id='1' )  [ RunTime:0.0002s ]

[ 2016-04-06T20:20:08+08:00 ] 1.202.63.86 /webframework/webframe/index.php/Admin/News/newsCateAjaxIndex?limit=15&offset=0&sort=news_cate.news_cate_id&order=desc&UserName=4
INFO: [ app_begin ] --START--
INFO: Run Behavior\ReadHtmlCacheBehavior [ RunTime:0.000354s ]
INFO: [ app_begin ] --END-- [ RunTime:0.000609s ]
SQL: SHOW COLUMNS FROM `category` [ RunTime:0.0008s ]
SQL: SELECT cate.cate_name,news_cate.isenable,news_cate.news_cate_id FROM `category` `cate`,`news_category` `news_cate` WHERE ( cate.cate_id=news_cate.cate_id )  [ RunTime:0.0003s ]
SQL: SHOW COLUMNS FROM `category` [ RunTime:0.0005s ]
SQL: SELECT COUNT(*) AS tp_count FROM `category` `cate`,`news_category` `news_cate` WHERE ( cate.cate_id=news_cate.cate_id ) LIMIT 1   [ RunTime:0.0002s ]

[ 2016-04-06T20:20:11+08:00 ] 1.202.63.86 /webframework/webframe/index.php/Admin/News/newsWorkflowAjaxIndex?limit=15&offset=0&sort=news_wf.news_workflow_id&order=desc&UserName=4
INFO: [ app_begin ] --START--
INFO: Run Behavior\ReadHtmlCacheBehavior [ RunTime:0.000339s ]
INFO: [ app_begin ] --END-- [ RunTime:0.000613s ]
SQL: SHOW COLUMNS FROM `workflow` [ RunTime:0.0007s ]
SQL: SELECT wf.workflow_name,news_wf.isenable,news_wf.news_workflow_id FROM `workflow` `wf`,`news_workflow` `news_wf` WHERE ( wf.workflow_id=news_wf.workflow_id ) ORDER BY news_wf.news_workflow_id desc  [ RunTime:0.0003s ]
SQL: SHOW COLUMNS FROM `workflow` [ RunTime:0.0005s ]
SQL: SELECT COUNT(*) AS tp_count FROM `workflow` `workflow`,`news_workflow` `news_wf` WHERE ( workflow.workflow_id=news_wf.workflow_id ) LIMIT 1   [ RunTime:0.0002s ]

[ 2016-04-06T20:20:13+08:00 ] 1.202.63.86 /webframework/webframe/index.php/Admin/News/ajaxIndex?limit=15&offset=0&sort=news.news_id&order=desc&ex_status=&news_org_id=&UserName=4
INFO: [ app_begin ] --START--
INFO: Run Behavior\ReadHtmlCacheBehavior [ RunTime:0.000410s ]
INFO: [ app_begin ] --END-- [ RunTime:0.000656s ]
SQL: SHOW COLUMNS FROM `category` [ RunTime:0.0008s ]
SQL: SELECT news.workflow_step,cate.cate_name,news.news_name,news.news_id,news.addtime,news.news_time,org.org_name,news.add_account,news.ex_status,news.re_status FROM `category` `cate`,`news` `news`,`organization` `org` WHERE ( cate.cate_id=news.news_cate_id and news.news_org_id=org.org_id ) ORDER BY news.news_id desc  [ RunTime:0.0005s ]
SQL: SHOW COLUMNS FROM `category` [ RunTime:0.0006s ]
SQL: SELECT COUNT(*) AS tp_count FROM `category` `cate`,`news` `news`,`organization` `org` WHERE ( cate.cate_id=news.news_cate_id and news.news_org_id=org.org_id ) LIMIT 1   [ RunTime:0.0002s ]
SQL: SHOW COLUMNS FROM `user_account` [ RunTime:0.0006s ]
SQL: SELECT `user_id` FROM `user_account` WHERE ( user_account_id='18' )  [ RunTime:0.0002s ]
SQL: SHOW COLUMNS FROM `user` [ RunTime:0.0006s ]
SQL: SELECT `user_name` FROM `user` WHERE ( user_id='7' )  [ RunTime:0.0002s ]
SQL: SHOW COLUMNS FROM `news_workflow` [ RunTime:0.0005s ]
SQL: SELECT `workflow_id` FROM `news_workflow` WHERE ( isenable=0 )  [ RunTime:0.0002s ]
SQL: SHOW COLUMNS FROM `workflow` [ RunTime:0.0005s ]
SQL: SELECT `steps` FROM `workflow` WHERE ( workflow_id='4' )  [ RunTime:0.0002s ]
SQL: SHOW COLUMNS FROM `workflowstep` [ RunTime:0.0005s ]
SQL: SELECT `step_now` FROM `workflowstep` WHERE ( workflow_id='4' and role_id='1' )  [ RunTime:0.0002s ]
SQL: SELECT `user_id` FROM `user_account` WHERE ( user_account_id='14' )  [ RunTime:0.0002s ]
SQL: SELECT `user_name` FROM `user` WHERE ( user_id='1' )  [ RunTime:0.0002s ]
NOTIC: [8] Undefined offset: 0 /var/www/html/webframework/webframe/Admin/Controller/NewsController.class.php 第 521 行.
SQL: SELECT `workflow_id` FROM `news_workflow` WHERE ( isenable=0 )  [ RunTime:0.0002s ]
SQL: SELECT `steps` FROM `workflow` WHERE ( workflow_id='4' )  [ RunTime:0.0002s ]
SQL: SELECT `step_now` FROM `workflowstep` WHERE ( workflow_id='4' and role_id='1' )  [ RunTime:0.0002s ]
SQL: SELECT `user_id` FROM `user_account` WHERE ( user_account_id='18' )  [ RunTime:0.0002s ]
SQL: SELECT `user_name` FROM `user` WHERE ( user_id='7' )  [ RunTime:0.0002s ]
SQL: SELECT `workflow_id` FROM `news_workflow` WHERE ( isenable=0 )  [ RunTime:0.0002s ]
SQL: SELECT `steps` FROM `workflow` WHERE ( workflow_id='4' )  [ RunTime:0.0002s ]
SQL: SELECT `step_now` FROM `workflowstep` WHERE ( workflow_id='4' and role_id='1' )  [ RunTime:0.0002s ]
SQL: SELECT `user_id` FROM `user_account` WHERE ( user_account_id='14' )  [ RunTime:0.0002s ]
SQL: SELECT `user_name` FROM `user` WHERE ( user_id='1' )  [ RunTime:0.0002s ]
NOTIC: [8] Undefined offset: 0 /var/www/html/webframework/webframe/Admin/Controller/NewsController.class.php 第 521 行.
SQL: SELECT `workflow_id` FROM `news_workflow` WHERE ( isenable=0 )  [ RunTime:0.0002s ]
SQL: SELECT `steps` FROM `workflow` WHERE ( workflow_id='4' )  [ RunTime:0.0002s ]
SQL: SELECT `step_now` FROM `workflowstep` WHERE ( workflow_id='4' and role_id='1' )  [ RunTime:0.0002s ]
SQL: SELECT `user_id` FROM `user_account` WHERE ( user_account_id='14' )  [ RunTime:0.0002s ]
SQL: SELECT `user_name` FROM `user` WHERE ( user_id='1' )  [ RunTime:0.0002s ]
NOTIC: [8] Undefined offset: 0 /var/www/html/webframework/webframe/Admin/Controller/NewsController.class.php 第 521 行.
SQL: SELECT `workflow_id` FROM `news_workflow` WHERE ( isenable=0 )  [ RunTime:0.0002s ]
SQL: SELECT `steps` FROM `workflow` WHERE ( workflow_id='4' )  [ RunTime:0.0002s ]
SQL: SELECT `step_now` FROM `workflowstep` WHERE ( workflow_id='4' and role_id='1' )  [ RunTime:0.0002s ]

[ 2016-04-06T20:20:15+08:00 ] 1.202.63.86 /webframework/webframe/index.php/Admin/File/index
ERR: 无法加载控制器:File

