[ 2016-05-11T14:34:52+08:00 ] 111.196.132.217 /yisheng/webframe/index.php/Admin/LecCol/index
ERR: 模板不存在:/var/www/html/yisheng/webframe/Admin/View/LecCol/index.html

[ 2016-05-11T14:34:54+08:00 ] 111.196.132.217 /yisheng/webframe/index.php/Admin/LecWof/ajaxIndex?limit=15&offset=0&sort=lec_workflow_ano.lec_workflow_id&order=desc&UserName=4
INFO: [ app_begin ] --START--
INFO: Run Behavior\ReadHtmlCacheBehavior [ RunTime:0.000431s ]
INFO: [ app_begin ] --END-- [ RunTime:0.000715s ]
SQL: SHOW COLUMNS FROM `user_account` [ RunTime:0.0009s ]
SQL: SELECT * FROM `user_account` WHERE ( user_identify='b244536f4994b14f55f19e9c7a9ba144' )  [ RunTime:0.0003s ]
SQL: SHOW COLUMNS FROM `workflow` [ RunTime:0.0005s ]
SQL: SELECT wf.workflow_name,lec_workflow_ano.isenable,lec_workflow_ano.lec_workflow_id FROM `workflow` `wf`,`lec_workflow` `lec_workflow_ano` WHERE ( wf.workflow_id=lec_workflow_ano.workflow_id ) ORDER BY lec_workflow_ano.lec_workflow_id desc LIMIT 0,15   [ RunTime:0.0003s ]
SQL: SHOW COLUMNS FROM `workflow` [ RunTime:0.0005s ]
SQL: SELECT COUNT(*) AS tp_count FROM `workflow` `workflow`,`lec_workflow` `lec_workflow_ano` WHERE ( workflow.workflow_id=lec_workflow_ano.workflow_id ) LIMIT 1   [ RunTime:0.0002s ]

[ 2016-05-11T14:34:57+08:00 ] 111.196.132.217 /yisheng/webframe/index.php/Admin/LecCol/index
ERR: 模板不存在:/var/www/html/yisheng/webframe/Admin/View/LecCol/index.html

[ 2016-05-11T14:35:51+08:00 ] 111.196.132.217 /yisheng/webframe/index.php/Admin/Cate/getCateTree
INFO: [ app_begin ] --START--
INFO: Run Behavior\ReadHtmlCacheBehavior [ RunTime:0.000433s ]
INFO: [ app_begin ] --END-- [ RunTime:0.000680s ]
SQL: SHOW COLUMNS FROM `user_account` [ RunTime:0.0008s ]
SQL: SELECT * FROM `user_account` WHERE ( user_identify='b244536f4994b14f55f19e9c7a9ba144' )  [ RunTime:0.0003s ]
SQL: SHOW COLUMNS FROM `category` [ RunTime:0.0005s ]
SQL: SELECT * FROM `category` WHERE ( parentid='0' and ishidden=0 )  [ RunTime:0.0002s ]
SQL: SELECT COUNT(*) AS tp_count FROM `category` WHERE ( parentid="8" and ishidden=0 ) LIMIT 1   [ RunTime:0.0002s ]
SQL: SELECT * FROM `category` WHERE ( parentid='8' and ishidden=0 )  [ RunTime:0.0002s ]
SQL: SELECT COUNT(*) AS tp_count FROM `category` WHERE ( parentid="9" and ishidden=0 ) LIMIT 1   [ RunTime:0.0002s ]
SQL: SELECT * FROM `category` WHERE ( parentid='9' and ishidden=0 )  [ RunTime:0.0002s ]
SQL: SELECT COUNT(*) AS tp_count FROM `category` WHERE ( parentid="10" and ishidden=0 ) LIMIT 1   [ RunTime:0.0002s ]
SQL: SELECT COUNT(*) AS tp_count FROM `category` WHERE ( parentid="16" and ishidden=0 ) LIMIT 1   [ RunTime:0.0002s ]
SQL: SELECT * FROM `category` WHERE ( parentid='16' and ishidden=0 )  [ RunTime:0.0002s ]
SQL: SELECT COUNT(*) AS tp_count FROM `category` WHERE ( parentid="18" and ishidden=0 ) LIMIT 1   [ RunTime:0.0002s ]
SQL: SELECT COUNT(*) AS tp_count FROM `category` WHERE ( parentid="17" and ishidden=0 ) LIMIT 1   [ RunTime:0.0002s ]
SQL: SELECT * FROM `category` WHERE ( parentid='17' and ishidden=0 )  [ RunTime:0.0002s ]
SQL: SELECT COUNT(*) AS tp_count FROM `category` WHERE ( parentid="19" and ishidden=0 ) LIMIT 1   [ RunTime:0.0002s ]
SQL: SELECT COUNT(*) AS tp_count FROM `category` WHERE ( parentid="11" and ishidden=0 ) LIMIT 1   [ RunTime:0.0002s ]
SQL: SELECT * FROM `category` WHERE ( parentid='11' and ishidden=0 )  [ RunTime:0.0002s ]
SQL: SELECT COUNT(*) AS tp_count FROM `category` WHERE ( parentid="12" and ishidden=0 ) LIMIT 1   [ RunTime:0.0002s ]
SQL: SELECT COUNT(*) AS tp_count FROM `category` WHERE ( parentid="13" and ishidden=0 ) LIMIT 1   [ RunTime:0.0002s ]
SQL: SELECT COUNT(*) AS tp_count FROM `category` WHERE ( parentid="14" and ishidden=0 ) LIMIT 1   [ RunTime:0.0002s ]
SQL: SELECT COUNT(*) AS tp_count FROM `category` WHERE ( parentid="15" and ishidden=0 ) LIMIT 1   [ RunTime:0.0002s ]
SQL: SELECT COUNT(*) AS tp_count FROM `category` WHERE ( parentid="22" and ishidden=0 ) LIMIT 1   [ RunTime:0.0002s ]
SQL: SELECT * FROM `category` WHERE ( parentid='22' and ishidden=0 )  [ RunTime:0.0002s ]
SQL: SELECT COUNT(*) AS tp_count FROM `category` WHERE ( parentid="23" and ishidden=0 ) LIMIT 1   [ RunTime:0.0002s ]
SQL: SELECT COUNT(*) AS tp_count FROM `category` WHERE ( parentid="24" and ishidden=0 ) LIMIT 1   [ RunTime:0.0002s ]
SQL: SELECT COUNT(*) AS tp_count FROM `category` WHERE ( parentid="25" and ishidden=0 ) LIMIT 1   [ RunTime:0.0002s ]
SQL: SELECT COUNT(*) AS tp_count FROM `category` WHERE ( parentid="26" and ishidden=0 ) LIMIT 1   [ RunTime:0.0002s ]

[ 2016-05-11T14:35:58+08:00 ] 111.196.132.217 /yisheng/webframe/index.php/Admin/LecCol/index
ERR: 模板不存在:/var/www/html/yisheng/webframe/Admin/View/LecCol/index.html

[ 2016-05-11T14:36:06+08:00 ] 111.196.132.217 /yisheng/webframe/index.php/Admin/Org/getOrgTree
INFO: [ app_begin ] --START--
INFO: Run Behavior\ReadHtmlCacheBehavior [ RunTime:0.000362s ]
INFO: [ app_begin ] --END-- [ RunTime:0.000629s ]
SQL: SHOW COLUMNS FROM `user_account` [ RunTime:0.0007s ]
SQL: SELECT * FROM `user_account` WHERE ( user_identify='b244536f4994b14f55f19e9c7a9ba144' )  [ RunTime:0.0003s ]
SQL: SHOW COLUMNS FROM `organization` [ RunTime:0.0005s ]
SQL: SELECT * FROM `organization` WHERE ( parentid='0' and ishidden=0 )  [ RunTime:0.0004s ]
SQL: SELECT COUNT(*) AS tp_count FROM `organization` WHERE ( parentid="8" and ishidden=0 ) LIMIT 1   [ RunTime:0.0004s ]
SQL: SELECT * FROM `organization` WHERE ( parentid='8' and ishidden=0 )  [ RunTime:0.0002s ]
SQL: SELECT COUNT(*) AS tp_count FROM `organization` WHERE ( parentid="9" and ishidden=0 ) LIMIT 1   [ RunTime:0.0002s ]
SQL: SELECT COUNT(*) AS tp_count FROM `organization` WHERE ( parentid="10" and ishidden=0 ) LIMIT 1   [ RunTime:0.0002s ]
SQL: SELECT COUNT(*) AS tp_count FROM `organization` WHERE ( parentid="11" and ishidden=0 ) LIMIT 1   [ RunTime:0.0002s ]
SQL: SELECT COUNT(*) AS tp_count FROM `organization` WHERE ( parentid="12" and ishidden=0 ) LIMIT 1   [ RunTime:0.0002s ]

[ 2016-05-11T14:36:23+08:00 ] 111.196.132.217 /yisheng/webframe/index.php/Admin/Org/insert
INFO: [ app_begin ] --START--
INFO: Run Behavior\ReadHtmlCacheBehavior [ RunTime:0.000360s ]
INFO: [ app_begin ] --END-- [ RunTime:0.000607s ]
SQL: SHOW COLUMNS FROM `user_account` [ RunTime:0.0008s ]
SQL: SELECT * FROM `user_account` WHERE ( user_identify='b244536f4994b14f55f19e9c7a9ba144' )  [ RunTime:0.0003s ]
SQL: SHOW COLUMNS FROM `organization` [ RunTime:0.0005s ]
SQL: SHOW COLUMNS FROM `organization` [ RunTime:0.0005s ]
SQL: INSERT INTO `organization` (`org_name`,`parentid`,`ishidden`) VALUES ('学院','0','0') [ RunTime:0.0057s ]

[ 2016-05-11T14:36:23+08:00 ] 111.196.132.217 /yisheng/webframe/index.php/Admin/Org/getOrgTree
INFO: [ app_begin ] --START--
INFO: Run Behavior\ReadHtmlCacheBehavior [ RunTime:0.000348s ]
INFO: [ app_begin ] --END-- [ RunTime:0.000669s ]
SQL: SHOW COLUMNS FROM `user_account` [ RunTime:0.0008s ]
SQL: SELECT * FROM `user_account` WHERE ( user_identify='b244536f4994b14f55f19e9c7a9ba144' )  [ RunTime:0.0003s ]
SQL: SHOW COLUMNS FROM `organization` [ RunTime:0.0005s ]
SQL: SELECT * FROM `organization` WHERE ( parentid='0' and ishidden=0 )  [ RunTime:0.0002s ]
SQL: SELECT COUNT(*) AS tp_count FROM `organization` WHERE ( parentid="8" and ishidden=0 ) LIMIT 1   [ RunTime:0.0002s ]
SQL: SELECT * FROM `organization` WHERE ( parentid='8' and ishidden=0 )  [ RunTime:0.0002s ]
SQL: SELECT COUNT(*) AS tp_count FROM `organization` WHERE ( parentid="9" and ishidden=0 ) LIMIT 1   [ RunTime:0.0002s ]
SQL: SELECT COUNT(*) AS tp_count FROM `organization` WHERE ( parentid="10" and ishidden=0 ) LIMIT 1   [ RunTime:0.0002s ]
SQL: SELECT COUNT(*) AS tp_count FROM `organization` WHERE ( parentid="11" and ishidden=0 ) LIMIT 1   [ RunTime:0.0002s ]
SQL: SELECT COUNT(*) AS tp_count FROM `organization` WHERE ( parentid="12" and ishidden=0 ) LIMIT 1   [ RunTime:0.0002s ]
SQL: SELECT COUNT(*) AS tp_count FROM `organization` WHERE ( parentid="13" and ishidden=0 ) LIMIT 1   [ RunTime:0.0002s ]

[ 2016-05-11T14:36:32+08:00 ] 111.196.132.217 /yisheng/webframe/index.php/Admin/Org/insert
INFO: [ app_begin ] --START--
INFO: Run Behavior\ReadHtmlCacheBehavior [ RunTime:0.000350s ]
INFO: [ app_begin ] --END-- [ RunTime:0.000603s ]
SQL: SHOW COLUMNS FROM `user_account` [ RunTime:0.0008s ]
SQL: SELECT * FROM `user_account` WHERE ( user_identify='b244536f4994b14f55f19e9c7a9ba144' )  [ RunTime:0.0003s ]
SQL: SHOW COLUMNS FROM `organization` [ RunTime:0.0005s ]
SQL: SHOW COLUMNS FROM `organization` [ RunTime:0.0004s ]
SQL: INSERT INTO `organization` (`org_name`,`parentid`,`ishidden`) VALUES ('信息工程学院','13','0') [ RunTime:0.0068s ]

[ 2016-05-11T14:36:32+08:00 ] 111.196.132.217 /yisheng/webframe/index.php/Admin/Org/getOrgTree
INFO: [ app_begin ] --START--
INFO: Run Behavior\ReadHtmlCacheBehavior [ RunTime:0.000361s ]
INFO: [ app_begin ] --END-- [ RunTime:0.000612s ]
SQL: SHOW COLUMNS FROM `user_account` [ RunTime:0.0008s ]
SQL: SELECT * FROM `user_account` WHERE ( user_identify='b244536f4994b14f55f19e9c7a9ba144' )  [ RunTime:0.0003s ]
SQL: SHOW COLUMNS FROM `organization` [ RunTime:0.0005s ]
SQL: SELECT * FROM `organization` WHERE ( parentid='0' and ishidden=0 )  [ RunTime:0.0002s ]
SQL: SELECT COUNT(*) AS tp_count FROM `organization` WHERE ( parentid="8" and ishidden=0 ) LIMIT 1   [ RunTime:0.0003s ]
SQL: SELECT * FROM `organization` WHERE ( parentid='8' and ishidden=0 )  [ RunTime:0.0002s ]
SQL: SELECT COUNT(*) AS tp_count FROM `organization` WHERE ( parentid="9" and ishidden=0 ) LIMIT 1   [ RunTime:0.0002s ]
SQL: SELECT COUNT(*) AS tp_count FROM `organization` WHERE ( parentid="10" and ishidden=0 ) LIMIT 1   [ RunTime:0.0002s ]
SQL: SELECT COUNT(*) AS tp_count FROM `organization` WHERE ( parentid="11" and ishidden=0 ) LIMIT 1   [ RunTime:0.0002s ]
SQL: SELECT COUNT(*) AS tp_count FROM `organization` WHERE ( parentid="12" and ishidden=0 ) LIMIT 1   [ RunTime:0.0002s ]
SQL: SELECT COUNT(*) AS tp_count FROM `organization` WHERE ( parentid="13" and ishidden=0 ) LIMIT 1   [ RunTime:0.0002s ]
SQL: SELECT * FROM `organization` WHERE ( parentid='13' and ishidden=0 )  [ RunTime:0.0002s ]
SQL: SELECT COUNT(*) AS tp_count FROM `organization` WHERE ( parentid="14" and ishidden=0 ) LIMIT 1   [ RunTime:0.0002s ]

[ 2016-05-11T14:36:49+08:00 ] 111.196.132.217 /yisheng/webframe/index.php/Admin/Org/insert
INFO: [ app_begin ] --START--
INFO: Run Behavior\ReadHtmlCacheBehavior [ RunTime:0.000375s ]
INFO: [ app_begin ] --END-- [ RunTime:0.000635s ]
SQL: SHOW COLUMNS FROM `user_account` [ RunTime:0.0008s ]
SQL: SELECT * FROM `user_account` WHERE ( user_identify='b244536f4994b14f55f19e9c7a9ba144' )  [ RunTime:0.0003s ]
SQL: SHOW COLUMNS FROM `organization` [ RunTime:0.0005s ]
SQL: SHOW COLUMNS FROM `organization` [ RunTime:0.0004s ]
SQL: INSERT INTO `organization` (`org_name`,`parentid`,`ishidden`) VALUES ('材料工程学院','13','0') [ RunTime:0.0069s ]

[ 2016-05-11T14:36:49+08:00 ] 111.196.132.217 /yisheng/webframe/index.php/Admin/Org/getOrgTree
INFO: [ app_begin ] --START--
INFO: Run Behavior\ReadHtmlCacheBehavior [ RunTime:0.000430s ]
INFO: [ app_begin ] --END-- [ RunTime:0.000690s ]
SQL: SHOW COLUMNS FROM `user_account` [ RunTime:0.0008s ]
SQL: SELECT * FROM `user_account` WHERE ( user_identify='b244536f4994b14f55f19e9c7a9ba144' )  [ RunTime:0.0002s ]
SQL: SHOW COLUMNS FROM `organization` [ RunTime:0.0005s ]
SQL: SELECT * FROM `organization` WHERE ( parentid='0' and ishidden=0 )  [ RunTime:0.0002s ]
SQL: SELECT COUNT(*) AS tp_count FROM `organization` WHERE ( parentid="8" and ishidden=0 ) LIMIT 1   [ RunTime:0.0002s ]
SQL: SELECT * FROM `organization` WHERE ( parentid='8' and ishidden=0 )  [ RunTime:0.0002s ]
SQL: SELECT COUNT(*) AS tp_count FROM `organization` WHERE ( parentid="9" and ishidden=0 ) LIMIT 1   [ RunTime:0.0002s ]
SQL: SELECT COUNT(*) AS tp_count FROM `organization` WHERE ( parentid="10" and ishidden=0 ) LIMIT 1   [ RunTime:0.0002s ]
SQL: SELECT COUNT(*) AS tp_count FROM `organization` WHERE ( parentid="11" and ishidden=0 ) LIMIT 1   [ RunTime:0.0002s ]
SQL: SELECT COUNT(*) AS tp_count FROM `organization` WHERE ( parentid="12" and ishidden=0 ) LIMIT 1   [ RunTime:0.0002s ]
SQL: SELECT COUNT(*) AS tp_count FROM `organization` WHERE ( parentid="13" and ishidden=0 ) LIMIT 1   [ RunTime:0.0002s ]
SQL: SELECT * FROM `organization` WHERE ( parentid='13' and ishidden=0 )  [ RunTime:0.0004s ]
SQL: SELECT COUNT(*) AS tp_count FROM `organization` WHERE ( parentid="14" and ishidden=0 ) LIMIT 1   [ RunTime:0.0002s ]
SQL: SELECT COUNT(*) AS tp_count FROM `organization` WHERE ( parentid="15" and ishidden=0 ) LIMIT 1   [ RunTime:0.0002s ]

[ 2016-05-11T14:37:02+08:00 ] 111.196.132.217 /yisheng/webframe/index.php/Admin/Org/insert
INFO: [ app_begin ] --START--
INFO: Run Behavior\ReadHtmlCacheBehavior [ RunTime:0.000397s ]
INFO: [ app_begin ] --END-- [ RunTime:0.000639s ]
SQL: SHOW COLUMNS FROM `user_account` [ RunTime:0.0008s ]
SQL: SELECT * FROM `user_account` WHERE ( user_identify='b244536f4994b14f55f19e9c7a9ba144' )  [ RunTime:0.0003s ]
SQL: SHOW COLUMNS FROM `organization` [ RunTime:0.0005s ]
SQL: SHOW COLUMNS FROM `organization` [ RunTime:0.0004s ]
SQL: INSERT INTO `organization` (`org_name`,`parentid`,`ishidden`) VALUES ('电气工程学院','13','0') [ RunTime:0.0054s ]

[ 2016-05-11T14:37:02+08:00 ] 111.196.132.217 /yisheng/webframe/index.php/Admin/Org/getOrgTree
INFO: [ app_begin ] --START--
INFO: Run Behavior\ReadHtmlCacheBehavior [ RunTime:0.000341s ]
INFO: [ app_begin ] --END-- [ RunTime:0.000677s ]
SQL: SHOW COLUMNS FROM `user_account` [ RunTime:0.0007s ]
SQL: SELECT * FROM `user_account` WHERE ( user_identify='b244536f4994b14f55f19e9c7a9ba144' )  [ RunTime:0.0003s ]
SQL: SHOW COLUMNS FROM `organization` [ RunTime:0.0005s ]
SQL: SELECT * FROM `organization` WHERE ( parentid='0' and ishidden=0 )  [ RunTime:0.0002s ]
SQL: SELECT COUNT(*) AS tp_count FROM `organization` WHERE ( parentid="8" and ishidden=0 ) LIMIT 1   [ RunTime:0.0002s ]
SQL: SELECT * FROM `organization` WHERE ( parentid='8' and ishidden=0 )  [ RunTime:0.0002s ]
SQL: SELECT COUNT(*) AS tp_count FROM `organization` WHERE ( parentid="9" and ishidden=0 ) LIMIT 1   [ RunTime:0.0002s ]
SQL: SELECT COUNT(*) AS tp_count FROM `organization` WHERE ( parentid="10" and ishidden=0 ) LIMIT 1   [ RunTime:0.0002s ]
SQL: SELECT COUNT(*) AS tp_count FROM `organization` WHERE ( parentid="11" and ishidden=0 ) LIMIT 1   [ RunTime:0.0002s ]
SQL: SELECT COUNT(*) AS tp_count FROM `organization` WHERE ( parentid="12" and ishidden=0 ) LIMIT 1   [ RunTime:0.0002s ]
SQL: SELECT COUNT(*) AS tp_count FROM `organization` WHERE ( parentid="13" and ishidden=0 ) LIMIT 1   [ RunTime:0.0002s ]
SQL: SELECT * FROM `organization` WHERE ( parentid='13' and ishidden=0 )  [ RunTime:0.0002s ]
SQL: SELECT COUNT(*) AS tp_count FROM `organization` WHERE ( parentid="14" and ishidden=0 ) LIMIT 1   [ RunTime:0.0002s ]
SQL: SELECT COUNT(*) AS tp_count FROM `organization` WHERE ( parentid="15" and ishidden=0 ) LIMIT 1   [ RunTime:0.0002s ]
SQL: SELECT COUNT(*) AS tp_count FROM `organization` WHERE ( parentid="16" and ishidden=0 ) LIMIT 1   [ RunTime:0.0002s ]

[ 2016-05-11T14:37:12+08:00 ] 111.196.132.217 /yisheng/webframe/index.php/Admin/Org/insert
INFO: [ app_begin ] --START--
INFO: Run Behavior\ReadHtmlCacheBehavior [ RunTime:0.000352s ]
INFO: [ app_begin ] --END-- [ RunTime:0.000655s ]
SQL: SHOW COLUMNS FROM `user_account` [ RunTime:0.0007s ]
SQL: SELECT * FROM `user_account` WHERE ( user_identify='b244536f4994b14f55f19e9c7a9ba144' )  [ RunTime:0.0002s ]
SQL: SHOW COLUMNS FROM `organization` [ RunTime:0.0005s ]
SQL: SHOW COLUMNS FROM `organization` [ RunTime:0.0004s ]
SQL: INSERT INTO `organization` (`org_name`,`parentid`,`ishidden`) VALUES ('教务处','13','0') [ RunTime:0.0059s ]

[ 2016-05-11T14:37:12+08:00 ] 111.196.132.217 /yisheng/webframe/index.php/Admin/Org/getOrgTree
INFO: [ app_begin ] --START--
INFO: Run Behavior\ReadHtmlCacheBehavior [ RunTime:0.000349s ]
INFO: [ app_begin ] --END-- [ RunTime:0.000615s ]
SQL: SHOW COLUMNS FROM `user_account` [ RunTime:0.0009s ]
SQL: SELECT * FROM `user_account` WHERE ( user_identify='b244536f4994b14f55f19e9c7a9ba144' )  [ RunTime:0.0003s ]
SQL: SHOW COLUMNS FROM `organization` [ RunTime:0.0005s ]
SQL: SELECT * FROM `organization` WHERE ( parentid='0' and ishidden=0 )  [ RunTime:0.0002s ]
SQL: SELECT COUNT(*) AS tp_count FROM `organization` WHERE ( parentid="8" and ishidden=0 ) LIMIT 1   [ RunTime:0.0002s ]
SQL: SELECT * FROM `organization` WHERE ( parentid='8' and ishidden=0 )  [ RunTime:0.0002s ]
SQL: SELECT COUNT(*) AS tp_count FROM `organization` WHERE ( parentid="9" and ishidden=0 ) LIMIT 1   [ RunTime:0.0002s ]
SQL: SELECT COUNT(*) AS tp_count FROM `organization` WHERE ( parentid="10" and ishidden=0 ) LIMIT 1   [ RunTime:0.0002s ]
SQL: SELECT COUNT(*) AS tp_count FROM `organization` WHERE ( parentid="11" and ishidden=0 ) LIMIT 1   [ RunTime:0.0002s ]
SQL: SELECT COUNT(*) AS tp_count FROM `organization` WHERE ( parentid="12" and ishidden=0 ) LIMIT 1   [ RunTime:0.0002s ]
SQL: SELECT COUNT(*) AS tp_count FROM `organization` WHERE ( parentid="13" and ishidden=0 ) LIMIT 1   [ RunTime:0.0002s ]
SQL: SELECT * FROM `organization` WHERE ( parentid='13' and ishidden=0 )  [ RunTime:0.0002s ]
SQL: SELECT COUNT(*) AS tp_count FROM `organization` WHERE ( parentid="14" and ishidden=0 ) LIMIT 1   [ RunTime:0.0002s ]
SQL: SELECT COUNT(*) AS tp_count FROM `organization` WHERE ( parentid="15" and ishidden=0 ) LIMIT 1   [ RunTime:0.0002s ]
SQL: SELECT COUNT(*) AS tp_count FROM `organization` WHERE ( parentid="16" and ishidden=0 ) LIMIT 1   [ RunTime:0.0002s ]
SQL: SELECT COUNT(*) AS tp_count FROM `organization` WHERE ( parentid="17" and ishidden=0 ) LIMIT 1   [ RunTime:0.0002s ]

[ 2016-05-11T14:37:39+08:00 ] 111.196.132.217 /yisheng/webframe/index.php/Admin/Org/insert
INFO: [ app_begin ] --START--
INFO: Run Behavior\ReadHtmlCacheBehavior [ RunTime:0.000420s ]
INFO: [ app_begin ] --END-- [ RunTime:0.000767s ]
SQL: SHOW COLUMNS FROM `user_account` [ RunTime:0.0009s ]
SQL: SELECT * FROM `user_account` WHERE ( user_identify='b244536f4994b14f55f19e9c7a9ba144' )  [ RunTime:0.0003s ]
SQL: SHOW COLUMNS FROM `organization` [ RunTime:0.0006s ]
SQL: SHOW COLUMNS FROM `organization` [ RunTime:0.0005s ]
SQL: INSERT INTO `organization` (`org_name`,`parentid`,`ishidden`) VALUES ('外国语学院','13','0') [ RunTime:0.0051s ]

[ 2016-05-11T14:37:40+08:00 ] 111.196.132.217 /yisheng/webframe/index.php/Admin/Org/getOrgTree
INFO: [ app_begin ] --START--
INFO: Run Behavior\ReadHtmlCacheBehavior [ RunTime:0.000397s ]
INFO: [ app_begin ] --END-- [ RunTime:0.000650s ]
SQL: SHOW COLUMNS FROM `user_account` [ RunTime:0.0008s ]
SQL: SELECT * FROM `user_account` WHERE ( user_identify='b244536f4994b14f55f19e9c7a9ba144' )  [ RunTime:0.0003s ]
SQL: SHOW COLUMNS FROM `organization` [ RunTime:0.0005s ]
SQL: SELECT * FROM `organization` WHERE ( parentid='0' and ishidden=0 )  [ RunTime:0.0002s ]
SQL: SELECT COUNT(*) AS tp_count FROM `organization` WHERE ( parentid="8" and ishidden=0 ) LIMIT 1   [ RunTime:0.0002s ]
SQL: SELECT * FROM `organization` WHERE ( parentid='8' and ishidden=0 )  [ RunTime:0.0002s ]
SQL: SELECT COUNT(*) AS tp_count FROM `organization` WHERE ( parentid="9" and ishidden=0 ) LIMIT 1   [ RunTime:0.0002s ]
SQL: SELECT COUNT(*) AS tp_count FROM `organization` WHERE ( parentid="10" and ishidden=0 ) LIMIT 1   [ RunTime:0.0002s ]
SQL: SELECT COUNT(*) AS tp_count FROM `organization` WHERE ( parentid="11" and ishidden=0 ) LIMIT 1   [ RunTime:0.0002s ]
SQL: SELECT COUNT(*) AS tp_count FROM `organization` WHERE ( parentid="12" and ishidden=0 ) LIMIT 1   [ RunTime:0.0002s ]
SQL: SELECT COUNT(*) AS tp_count FROM `organization` WHERE ( parentid="13" and ishidden=0 ) LIMIT 1   [ RunTime:0.0002s ]
SQL: SELECT * FROM `organization` WHERE ( parentid='13' and ishidden=0 )  [ RunTime:0.0002s ]
SQL: SELECT COUNT(*) AS tp_count FROM `organization` WHERE ( parentid="14" and ishidden=0 ) LIMIT 1   [ RunTime:0.0002s ]
SQL: SELECT COUNT(*) AS tp_count FROM `organization` WHERE ( parentid="15" and ishidden=0 ) LIMIT 1   [ RunTime:0.0002s ]
SQL: SELECT COUNT(*) AS tp_count FROM `organization` WHERE ( parentid="16" and ishidden=0 ) LIMIT 1   [ RunTime:0.0002s ]
SQL: SELECT COUNT(*) AS tp_count FROM `organization` WHERE ( parentid="17" and ishidden=0 ) LIMIT 1   [ RunTime:0.0002s ]
SQL: SELECT COUNT(*) AS tp_count FROM `organization` WHERE ( parentid="18" and ishidden=0 ) LIMIT 1   [ RunTime:0.0002s ]

[ 2016-05-11T14:37:45+08:00 ] 111.196.132.217 /yisheng/webframe/index.php/Admin/LecCol/index
ERR: 模板不存在:/var/www/html/yisheng/webframe/Admin/View/LecCol/index.html

[ 2016-05-11T15:08:27+08:00 ] 111.196.132.217 /yisheng/webframe/index.php/Admin/LecCol/insert
INFO: [ app_begin ] --START--
INFO: Run Behavior\ReadHtmlCacheBehavior [ RunTime:0.000417s ]
INFO: [ app_begin ] --END-- [ RunTime:0.000665s ]
SQL: SHOW COLUMNS FROM `user_account` [ RunTime:0.0008s ]
SQL: SELECT * FROM `user_account` WHERE ( user_identify='b244536f4994b14f55f19e9c7a9ba144' )  [ RunTime:0.0003s ]
SQL: SHOW COLUMNS FROM `college` [ RunTime:0.0005s ]
SQL: update college set isenable='1' [ RunTime:0.0002s ]
NOTIC: [8] Undefined variable: cate_id /var/www/html/yisheng/webframe/Admin/Controller/OrgSelectController.class.php 第 49 行.

[ 2016-05-11T15:09:20+08:00 ] 111.196.132.217 /yisheng/webframe/index.php/Admin/LecCol/insert
INFO: [ app_begin ] --START--
INFO: Run Behavior\ReadHtmlCacheBehavior [ RunTime:0.000354s ]
INFO: [ app_begin ] --END-- [ RunTime:0.000653s ]
SQL: SHOW COLUMNS FROM `user_account` [ RunTime:0.0008s ]
SQL: SELECT * FROM `user_account` WHERE ( user_identify='b244536f4994b14f55f19e9c7a9ba144' )  [ RunTime:0.0003s ]
SQL: SHOW COLUMNS FROM `college` [ RunTime:0.0005s ]
SQL: update college set isenable='1' [ RunTime:0.0002s ]
NOTIC: [8] Undefined variable: cate_id /var/www/html/yisheng/webframe/Admin/Controller/OrgSelectController.class.php 第 49 行.

[ 2016-05-11T15:09:26+08:00 ] 111.196.132.217 /yisheng/webframe/index.php/Admin/LecCol/insert
INFO: [ app_begin ] --START--
INFO: Run Behavior\ReadHtmlCacheBehavior [ RunTime:0.000365s ]
INFO: [ app_begin ] --END-- [ RunTime:0.000637s ]
SQL: SHOW COLUMNS FROM `user_account` [ RunTime:0.0008s ]
SQL: SELECT * FROM `user_account` WHERE ( user_identify='b244536f4994b14f55f19e9c7a9ba144' )  [ RunTime:0.0003s ]
SQL: SHOW COLUMNS FROM `college` [ RunTime:0.0005s ]
SQL: update college set isenable='1' [ RunTime:0.0002s ]
NOTIC: [8] Undefined variable: cate_id /var/www/html/yisheng/webframe/Admin/Controller/OrgSelectController.class.php 第 49 行.

[ 2016-05-11T15:10:51+08:00 ] 111.196.132.217 /yisheng/webframe/index.php/Admin/LecCol/insert
INFO: [ app_begin ] --START--
INFO: Run Behavior\ReadHtmlCacheBehavior [ RunTime:0.000362s ]
INFO: [ app_begin ] --END-- [ RunTime:0.000666s ]
SQL: SHOW COLUMNS FROM `user_account` [ RunTime:0.0008s ]
SQL: SELECT * FROM `user_account` WHERE ( user_identify='b244536f4994b14f55f19e9c7a9ba144' )  [ RunTime:0.0003s ]
SQL: SHOW COLUMNS FROM `college` [ RunTime:0.0005s ]
SQL: update college set isenable='1' [ RunTime:0.0002s ]
NOTIC: [8] Undefined variable: cate_id /var/www/html/yisheng/webframe/Admin/Controller/OrgSelectController.class.php 第 49 行.

[ 2016-05-11T15:11:45+08:00 ] 111.196.132.217 /yisheng/webframe/index.php/Admin/LecCol/insert
INFO: [ app_begin ] --START--
INFO: Run Behavior\ReadHtmlCacheBehavior [ RunTime:0.000373s ]
INFO: [ app_begin ] --END-- [ RunTime:0.000615s ]
SQL: SHOW COLUMNS FROM `user_account` [ RunTime:0.0007s ]
SQL: SELECT * FROM `user_account` WHERE ( user_identify='b244536f4994b14f55f19e9c7a9ba144' )  [ RunTime:0.0002s ]
SQL: SHOW COLUMNS FROM `college` [ RunTime:0.0005s ]
SQL: update college set isenable='1' [ RunTime:0.0002s ]

[ 2016-05-11T15:12:27+08:00 ] 111.196.132.217 /yisheng/webframe/index.php/Admin/LecCol/insert
INFO: [ app_begin ] --START--
INFO: Run Behavior\ReadHtmlCacheBehavior [ RunTime:0.000349s ]
INFO: [ app_begin ] --END-- [ RunTime:0.000600s ]
SQL: SHOW COLUMNS FROM `user_account` [ RunTime:0.0007s ]
SQL: SELECT * FROM `user_account` WHERE ( user_identify='b244536f4994b14f55f19e9c7a9ba144' )  [ RunTime:0.0002s ]
SQL: SHOW COLUMNS FROM `college` [ RunTime:0.0005s ]
SQL: update college set isenable='1' [ RunTime:0.0001s ]
NOTIC: [8] Undefined variable: data_post /var/www/html/yisheng/webframe/Admin/Controller/OrgSelectController.class.php 第 60 行.
SQL: INSERT INTO `college` (`org_id`,`isenable`) VALUES ('13','0') [ RunTime:0.0071s ]

[ 2016-05-11T15:12:41+08:00 ] 111.196.132.217 /yisheng/webframe/index.php/Admin/LecCol/insert
INFO: [ app_begin ] --START--
INFO: Run Behavior\ReadHtmlCacheBehavior [ RunTime:0.000358s ]
INFO: [ app_begin ] --END-- [ RunTime:0.000602s ]
SQL: SHOW COLUMNS FROM `user_account` [ RunTime:0.0007s ]
SQL: SELECT * FROM `user_account` WHERE ( user_identify='b244536f4994b14f55f19e9c7a9ba144' )  [ RunTime:0.0002s ]
SQL: SHOW COLUMNS FROM `college` [ RunTime:0.0005s ]
SQL: update college set isenable='1' [ RunTime:0.0073s ]
NOTIC: [8] Undefined variable: data_post /var/www/html/yisheng/webframe/Admin/Controller/OrgSelectController.class.php 第 60 行.
SQL: INSERT INTO `college` (`org_id`,`isenable`) VALUES ('8','0') [ RunTime:0.0037s ]

[ 2016-05-11T15:21:24+08:00 ] 111.196.132.217 /yisheng/webframe/index.php/Admin/LecCol/ajaxIndex?limit=15&offset=0&sort=college_ano.lec_org_id&order=desc&UserName=4
INFO: [ app_begin ] --START--
INFO: Run Behavior\ReadHtmlCacheBehavior [ RunTime:0.000602s ]
INFO: [ app_begin ] --END-- [ RunTime:0.000973s ]
SQL: SHOW COLUMNS FROM `user_account` [ RunTime:0.0008s ]
SQL: SELECT * FROM `user_account` WHERE ( user_identify='b244536f4994b14f55f19e9c7a9ba144' )  [ RunTime:0.0003s ]
ERR: Think\Controller:ajaxIndexCateSelect方法不存在！

[ 2016-05-11T15:21:47+08:00 ] 111.196.132.217 /yisheng/webframe/index.php/Admin/LecCol/ajaxIndex?limit=15&offset=0&sort=college_ano.lec_org_id&order=desc&UserName=4
INFO: [ app_begin ] --START--
INFO: Run Behavior\ReadHtmlCacheBehavior [ RunTime:0.000411s ]
INFO: [ app_begin ] --END-- [ RunTime:0.000660s ]
SQL: SHOW COLUMNS FROM `user_account` [ RunTime:0.0008s ]
SQL: SELECT * FROM `user_account` WHERE ( user_identify='b244536f4994b14f55f19e9c7a9ba144' )  [ RunTime:0.0004s ]
SQL: SHOW COLUMNS FROM `organization` [ RunTime:0.0007s ]
SQL: SELECT org.org_name,college_ano.isenable,college_ano.lec_org_id FROM `organization` `org`,`college` `college_ano` WHERE ( org.org_id=college_ano.org_id ) ORDER BY college_ano.lec_org_id desc LIMIT 0,15   [ RunTime:0.0003s ]
SQL: SHOW COLUMNS FROM `organization` [ RunTime:0.0005s ]
SQL: SELECT COUNT(*) AS tp_count FROM `organization` `org`,`college` `college_ano` WHERE ( org.org_id=college_ano.org_id ) LIMIT 1   [ RunTime:0.0002s ]

[ 2016-05-11T15:26:59+08:00 ] 111.196.132.217 /yisheng/webframe/index.php/Admin/LecDuty/ajaxIndex?limit=15&offset=0&sort=lec_duty_ano.lec_duty_id&order=desc&UserName=4
INFO: [ app_begin ] --START--
INFO: Run Behavior\ReadHtmlCacheBehavior [ RunTime:0.000375s ]
INFO: [ app_begin ] --END-- [ RunTime:0.000674s ]
SQL: SHOW COLUMNS FROM `user_account` [ RunTime:0.0008s ]
SQL: SELECT * FROM `user_account` WHERE ( user_identify='b244536f4994b14f55f19e9c7a9ba144' )  [ RunTime:0.0003s ]
SQL: SHOW COLUMNS FROM `category` [ RunTime:0.0005s ]
SQL: SELECT cate.cate_name,lec_duty_ano.isenable,lec_duty_ano.lec_duty_id FROM `category` `cate`,`lec_duty` `lec_duty_ano` WHERE ( cate.cate_id=lec_duty_ano.cate_id ) ORDER BY lec_duty_ano.lec_duty_id desc LIMIT 0,15   [ RunTime:0.0003s ]
SQL: SHOW COLUMNS FROM `category` [ RunTime:0.0005s ]
SQL: SELECT COUNT(*) AS tp_count FROM `category` `cate`,`lec_duty` `lec_duty_ano` WHERE ( cate.cate_id=lec_duty_ano.cate_id ) LIMIT 1   [ RunTime:0.0002s ]

[ 2016-05-11T15:27:02+08:00 ] 111.196.132.217 /yisheng/webframe/index.php/Admin/LecCol/ajaxIndex?limit=15&offset=0&sort=college_ano.lec_org_id&order=desc&UserName=4
INFO: [ app_begin ] --START--
INFO: Run Behavior\ReadHtmlCacheBehavior [ RunTime:0.000341s ]
INFO: [ app_begin ] --END-- [ RunTime:0.000640s ]
SQL: SHOW COLUMNS FROM `user_account` [ RunTime:0.0007s ]
SQL: SELECT * FROM `user_account` WHERE ( user_identify='b244536f4994b14f55f19e9c7a9ba144' )  [ RunTime:0.0002s ]
SQL: SHOW COLUMNS FROM `organization` [ RunTime:0.0005s ]
SQL: SELECT org.org_name,college_ano.isenable,college_ano.lec_org_id FROM `organization` `org`,`college` `college_ano` WHERE ( org.org_id=college_ano.org_id ) ORDER BY college_ano.lec_org_id desc LIMIT 0,15   [ RunTime:0.0002s ]
SQL: SHOW COLUMNS FROM `organization` [ RunTime:0.0005s ]
SQL: SELECT COUNT(*) AS tp_count FROM `organization` `org`,`college` `college_ano` WHERE ( org.org_id=college_ano.org_id ) LIMIT 1   [ RunTime:0.0002s ]

[ 2016-05-11T15:27:03+08:00 ] 111.196.132.217 /yisheng/webframe/index.php/Admin/LecWof/ajaxIndex?limit=15&offset=0&sort=lec_workflow_ano.lec_workflow_id&order=desc&UserName=4
INFO: [ app_begin ] --START--
INFO: Run Behavior\ReadHtmlCacheBehavior [ RunTime:0.000365s ]
INFO: [ app_begin ] --END-- [ RunTime:0.000663s ]
SQL: SHOW COLUMNS FROM `user_account` [ RunTime:0.0008s ]
SQL: SELECT * FROM `user_account` WHERE ( user_identify='b244536f4994b14f55f19e9c7a9ba144' )  [ RunTime:0.0003s ]
SQL: SHOW COLUMNS FROM `workflow` [ RunTime:0.0005s ]
SQL: SELECT wf.workflow_name,lec_workflow_ano.isenable,lec_workflow_ano.lec_workflow_id FROM `workflow` `wf`,`lec_workflow` `lec_workflow_ano` WHERE ( wf.workflow_id=lec_workflow_ano.workflow_id ) ORDER BY lec_workflow_ano.lec_workflow_id desc LIMIT 0,15   [ RunTime:0.0003s ]
SQL: SHOW COLUMNS FROM `workflow` [ RunTime:0.0005s ]
SQL: SELECT COUNT(*) AS tp_count FROM `workflow` `workflow`,`lec_workflow` `lec_workflow_ano` WHERE ( workflow.workflow_id=lec_workflow_ano.workflow_id ) LIMIT 1   [ RunTime:0.0002s ]

[ 2016-05-11T15:27:05+08:00 ] 111.196.132.217 /yisheng/webframe/index.php/Admin/LecCol/ajaxIndex?limit=15&offset=0&sort=college_ano.lec_org_id&order=desc&UserName=4
INFO: [ app_begin ] --START--
INFO: Run Behavior\ReadHtmlCacheBehavior [ RunTime:0.000427s ]
INFO: [ app_begin ] --END-- [ RunTime:0.000780s ]
SQL: SHOW COLUMNS FROM `user_account` [ RunTime:0.0009s ]
SQL: SELECT * FROM `user_account` WHERE ( user_identify='b244536f4994b14f55f19e9c7a9ba144' )  [ RunTime:0.0003s ]
SQL: SHOW COLUMNS FROM `organization` [ RunTime:0.0005s ]
SQL: SELECT org.org_name,college_ano.isenable,college_ano.lec_org_id FROM `organization` `org`,`college` `college_ano` WHERE ( org.org_id=college_ano.org_id ) ORDER BY college_ano.lec_org_id desc LIMIT 0,15   [ RunTime:0.0003s ]
SQL: SHOW COLUMNS FROM `organization` [ RunTime:0.0005s ]
SQL: SELECT COUNT(*) AS tp_count FROM `organization` `org`,`college` `college_ano` WHERE ( org.org_id=college_ano.org_id ) LIMIT 1   [ RunTime:0.0002s ]

[ 2016-05-11T15:28:06+08:00 ] 111.196.132.217 /yisheng/webframe/index.php/Admin/LecCol/setLecColIsEnable
INFO: [ app_begin ] --START--
INFO: Run Behavior\ReadHtmlCacheBehavior [ RunTime:0.000471s ]
INFO: [ app_begin ] --END-- [ RunTime:0.000851s ]
SQL: SHOW COLUMNS FROM `user_account` [ RunTime:0.0008s ]
SQL: SELECT * FROM `user_account` WHERE ( user_identify='b244536f4994b14f55f19e9c7a9ba144' )  [ RunTime:0.0003s ]
SQL: SHOW COLUMNS FROM `college` [ RunTime:0.0005s ]
SQL: update college set isenable='1' [ RunTime:0.0070s ]
SQL: UPDATE `college` SET `isenable`='0' WHERE ( lec_org_id='1' ) [ RunTime:0.0044s ]

[ 2016-05-11T15:28:06+08:00 ] 111.196.132.217 /yisheng/webframe/index.php/Admin/LecCol/ajaxIndex?limit=15&offset=0&sort=college_ano.lec_org_id&order=desc&UserName=4
INFO: [ app_begin ] --START--
INFO: Run Behavior\ReadHtmlCacheBehavior [ RunTime:0.000404s ]
INFO: [ app_begin ] --END-- [ RunTime:0.000665s ]
SQL: SHOW COLUMNS FROM `user_account` [ RunTime:0.0009s ]
SQL: SELECT * FROM `user_account` WHERE ( user_identify='b244536f4994b14f55f19e9c7a9ba144' )  [ RunTime:0.0003s ]
SQL: SHOW COLUMNS FROM `organization` [ RunTime:0.0005s ]
SQL: SELECT org.org_name,college_ano.isenable,college_ano.lec_org_id FROM `organization` `org`,`college` `college_ano` WHERE ( org.org_id=college_ano.org_id ) ORDER BY college_ano.lec_org_id desc LIMIT 0,15   [ RunTime:0.0003s ]
SQL: SHOW COLUMNS FROM `organization` [ RunTime:0.0005s ]
SQL: SELECT COUNT(*) AS tp_count FROM `organization` `org`,`college` `college_ano` WHERE ( org.org_id=college_ano.org_id ) LIMIT 1   [ RunTime:0.0002s ]

[ 2016-05-11T15:28:10+08:00 ] 111.196.132.217 /yisheng/webframe/index.php/Admin/LecCol/setLecColIsEnable
INFO: [ app_begin ] --START--
INFO: Run Behavior\ReadHtmlCacheBehavior [ RunTime:0.000419s ]
INFO: [ app_begin ] --END-- [ RunTime:0.000674s ]
SQL: SHOW COLUMNS FROM `user_account` [ RunTime:0.0008s ]
SQL: SELECT * FROM `user_account` WHERE ( user_identify='b244536f4994b14f55f19e9c7a9ba144' )  [ RunTime:0.0003s ]
SQL: SHOW COLUMNS FROM `college` [ RunTime:0.0005s ]
SQL: UPDATE `college` SET `isenable`='1' WHERE ( lec_org_id='1' ) [ RunTime:0.0080s ]

[ 2016-05-11T15:28:10+08:00 ] 111.196.132.217 /yisheng/webframe/index.php/Admin/LecCol/ajaxIndex?limit=15&offset=0&sort=college_ano.lec_org_id&order=desc&UserName=4
INFO: [ app_begin ] --START--
INFO: Run Behavior\ReadHtmlCacheBehavior [ RunTime:0.000382s ]
INFO: [ app_begin ] --END-- [ RunTime:0.000633s ]
SQL: SHOW COLUMNS FROM `user_account` [ RunTime:0.0007s ]
SQL: SELECT * FROM `user_account` WHERE ( user_identify='b244536f4994b14f55f19e9c7a9ba144' )  [ RunTime:0.0002s ]
SQL: SHOW COLUMNS FROM `organization` [ RunTime:0.0005s ]
SQL: SELECT org.org_name,college_ano.isenable,college_ano.lec_org_id FROM `organization` `org`,`college` `college_ano` WHERE ( org.org_id=college_ano.org_id ) ORDER BY college_ano.lec_org_id desc LIMIT 0,15   [ RunTime:0.0003s ]
SQL: SHOW COLUMNS FROM `organization` [ RunTime:0.0005s ]
SQL: SELECT COUNT(*) AS tp_count FROM `organization` `org`,`college` `college_ano` WHERE ( org.org_id=college_ano.org_id ) LIMIT 1   [ RunTime:0.0002s ]

[ 2016-05-11T15:28:12+08:00 ] 111.196.132.217 /yisheng/webframe/index.php/Admin/LecCol/setLecColIsEnable
INFO: [ app_begin ] --START--
INFO: Run Behavior\ReadHtmlCacheBehavior [ RunTime:0.000451s ]
INFO: [ app_begin ] --END-- [ RunTime:0.000740s ]
SQL: SHOW COLUMNS FROM `user_account` [ RunTime:0.0008s ]
SQL: SELECT * FROM `user_account` WHERE ( user_identify='b244536f4994b14f55f19e9c7a9ba144' )  [ RunTime:0.0003s ]
SQL: SHOW COLUMNS FROM `college` [ RunTime:0.0005s ]
SQL: update college set isenable='1' [ RunTime:0.0049s ]
SQL: UPDATE `college` SET `isenable`='0' WHERE ( lec_org_id='1' ) [ RunTime:0.0044s ]

[ 2016-05-11T15:28:12+08:00 ] 111.196.132.217 /yisheng/webframe/index.php/Admin/LecCol/ajaxIndex?limit=15&offset=0&sort=college_ano.lec_org_id&order=desc&UserName=4
INFO: [ app_begin ] --START--
INFO: Run Behavior\ReadHtmlCacheBehavior [ RunTime:0.000351s ]
INFO: [ app_begin ] --END-- [ RunTime:0.000598s ]
SQL: SHOW COLUMNS FROM `user_account` [ RunTime:0.0008s ]
SQL: SELECT * FROM `user_account` WHERE ( user_identify='b244536f4994b14f55f19e9c7a9ba144' )  [ RunTime:0.0003s ]
SQL: SHOW COLUMNS FROM `organization` [ RunTime:0.0005s ]
SQL: SELECT org.org_name,college_ano.isenable,college_ano.lec_org_id FROM `organization` `org`,`college` `college_ano` WHERE ( org.org_id=college_ano.org_id ) ORDER BY college_ano.lec_org_id desc LIMIT 0,15   [ RunTime:0.0003s ]
SQL: SHOW COLUMNS FROM `organization` [ RunTime:0.0005s ]
SQL: SELECT COUNT(*) AS tp_count FROM `organization` `org`,`college` `college_ano` WHERE ( org.org_id=college_ano.org_id ) LIMIT 1   [ RunTime:0.0002s ]

[ 2016-05-11T15:28:13+08:00 ] 111.196.132.217 /yisheng/webframe/index.php/Admin/LecCol/setLecColIsEnable
INFO: [ app_begin ] --START--
INFO: Run Behavior\ReadHtmlCacheBehavior [ RunTime:0.000336s ]
INFO: [ app_begin ] --END-- [ RunTime:0.000605s ]
SQL: SHOW COLUMNS FROM `user_account` [ RunTime:0.0008s ]
SQL: SELECT * FROM `user_account` WHERE ( user_identify='b244536f4994b14f55f19e9c7a9ba144' )  [ RunTime:0.0003s ]
SQL: SHOW COLUMNS FROM `college` [ RunTime:0.0005s ]
SQL: UPDATE `college` SET `isenable`='1' WHERE ( lec_org_id='1' ) [ RunTime:0.0067s ]

[ 2016-05-11T15:28:13+08:00 ] 111.196.132.217 /yisheng/webframe/index.php/Admin/LecCol/ajaxIndex?limit=15&offset=0&sort=college_ano.lec_org_id&order=desc&UserName=4
INFO: [ app_begin ] --START--
INFO: Run Behavior\ReadHtmlCacheBehavior [ RunTime:0.000355s ]
INFO: [ app_begin ] --END-- [ RunTime:0.000597s ]
SQL: SHOW COLUMNS FROM `user_account` [ RunTime:0.0009s ]
SQL: SELECT * FROM `user_account` WHERE ( user_identify='b244536f4994b14f55f19e9c7a9ba144' )  [ RunTime:0.0003s ]
SQL: SHOW COLUMNS FROM `organization` [ RunTime:0.0005s ]
SQL: SELECT org.org_name,college_ano.isenable,college_ano.lec_org_id FROM `organization` `org`,`college` `college_ano` WHERE ( org.org_id=college_ano.org_id ) ORDER BY college_ano.lec_org_id desc LIMIT 0,15   [ RunTime:0.0003s ]
SQL: SHOW COLUMNS FROM `organization` [ RunTime:0.0005s ]
SQL: SELECT COUNT(*) AS tp_count FROM `organization` `org`,`college` `college_ano` WHERE ( org.org_id=college_ano.org_id ) LIMIT 1   [ RunTime:0.0002s ]

[ 2016-05-11T15:28:14+08:00 ] 111.196.132.217 /yisheng/webframe/index.php/Admin/LecCol/setLecColIsEnable
INFO: [ app_begin ] --START--
INFO: Run Behavior\ReadHtmlCacheBehavior [ RunTime:0.000370s ]
INFO: [ app_begin ] --END-- [ RunTime:0.000615s ]
SQL: SHOW COLUMNS FROM `user_account` [ RunTime:0.0009s ]
SQL: SELECT * FROM `user_account` WHERE ( user_identify='b244536f4994b14f55f19e9c7a9ba144' )  [ RunTime:0.0003s ]
SQL: SHOW COLUMNS FROM `college` [ RunTime:0.0005s ]
SQL: update college set isenable='1' [ RunTime:0.0055s ]
SQL: UPDATE `college` SET `isenable`='0' WHERE ( lec_org_id='2' ) [ RunTime:0.0038s ]

[ 2016-05-11T15:28:14+08:00 ] 111.196.132.217 /yisheng/webframe/index.php/Admin/LecCol/ajaxIndex?limit=15&offset=0&sort=college_ano.lec_org_id&order=desc&UserName=4
INFO: [ app_begin ] --START--
INFO: Run Behavior\ReadHtmlCacheBehavior [ RunTime:0.000418s ]
INFO: [ app_begin ] --END-- [ RunTime:0.000683s ]
SQL: SHOW COLUMNS FROM `user_account` [ RunTime:0.0008s ]
SQL: SELECT * FROM `user_account` WHERE ( user_identify='b244536f4994b14f55f19e9c7a9ba144' )  [ RunTime:0.0003s ]
SQL: SHOW COLUMNS FROM `organization` [ RunTime:0.0005s ]
SQL: SELECT org.org_name,college_ano.isenable,college_ano.lec_org_id FROM `organization` `org`,`college` `college_ano` WHERE ( org.org_id=college_ano.org_id ) ORDER BY college_ano.lec_org_id desc LIMIT 0,15   [ RunTime:0.0003s ]
SQL: SHOW COLUMNS FROM `organization` [ RunTime:0.0005s ]
SQL: SELECT COUNT(*) AS tp_count FROM `organization` `org`,`college` `college_ano` WHERE ( org.org_id=college_ano.org_id ) LIMIT 1   [ RunTime:0.0002s ]

[ 2016-05-11T15:28:15+08:00 ] 111.196.132.217 /yisheng/webframe/index.php/Admin/LecCol/setLecColIsEnable
INFO: [ app_begin ] --START--
INFO: Run Behavior\ReadHtmlCacheBehavior [ RunTime:0.000354s ]
INFO: [ app_begin ] --END-- [ RunTime:0.000594s ]
SQL: SHOW COLUMNS FROM `user_account` [ RunTime:0.0008s ]
SQL: SELECT * FROM `user_account` WHERE ( user_identify='b244536f4994b14f55f19e9c7a9ba144' )  [ RunTime:0.0003s ]
SQL: SHOW COLUMNS FROM `college` [ RunTime:0.0005s ]
SQL: UPDATE `college` SET `isenable`='1' WHERE ( lec_org_id='2' ) [ RunTime:0.0052s ]

[ 2016-05-11T15:28:15+08:00 ] 111.196.132.217 /yisheng/webframe/index.php/Admin/LecCol/ajaxIndex?limit=15&offset=0&sort=college_ano.lec_org_id&order=desc&UserName=4
INFO: [ app_begin ] --START--
INFO: Run Behavior\ReadHtmlCacheBehavior [ RunTime:0.000363s ]
INFO: [ app_begin ] --END-- [ RunTime:0.000608s ]
SQL: SHOW COLUMNS FROM `user_account` [ RunTime:0.0008s ]
SQL: SELECT * FROM `user_account` WHERE ( user_identify='b244536f4994b14f55f19e9c7a9ba144' )  [ RunTime:0.0003s ]
SQL: SHOW COLUMNS FROM `organization` [ RunTime:0.0005s ]
SQL: SELECT org.org_name,college_ano.isenable,college_ano.lec_org_id FROM `organization` `org`,`college` `college_ano` WHERE ( org.org_id=college_ano.org_id ) ORDER BY college_ano.lec_org_id desc LIMIT 0,15   [ RunTime:0.0003s ]
SQL: SHOW COLUMNS FROM `organization` [ RunTime:0.0005s ]
SQL: SELECT COUNT(*) AS tp_count FROM `organization` `org`,`college` `college_ano` WHERE ( org.org_id=college_ano.org_id ) LIMIT 1   [ RunTime:0.0002s ]

[ 2016-05-11T15:28:16+08:00 ] 111.196.132.217 /yisheng/webframe/index.php/Admin/LecCol/setLecColIsEnable
INFO: [ app_begin ] --START--
INFO: Run Behavior\ReadHtmlCacheBehavior [ RunTime:0.000375s ]
INFO: [ app_begin ] --END-- [ RunTime:0.000692s ]
SQL: SHOW COLUMNS FROM `user_account` [ RunTime:0.0008s ]
SQL: SELECT * FROM `user_account` WHERE ( user_identify='b244536f4994b14f55f19e9c7a9ba144' )  [ RunTime:0.0003s ]
SQL: SHOW COLUMNS FROM `college` [ RunTime:0.0005s ]
SQL: update college set isenable='1' [ RunTime:0.0050s ]
SQL: UPDATE `college` SET `isenable`='0' WHERE ( lec_org_id='2' ) [ RunTime:0.0037s ]

[ 2016-05-11T15:28:16+08:00 ] 111.196.132.217 /yisheng/webframe/index.php/Admin/LecCol/ajaxIndex?limit=15&offset=0&sort=college_ano.lec_org_id&order=desc&UserName=4
INFO: [ app_begin ] --START--
INFO: Run Behavior\ReadHtmlCacheBehavior [ RunTime:0.000374s ]
INFO: [ app_begin ] --END-- [ RunTime:0.000684s ]
SQL: SHOW COLUMNS FROM `user_account` [ RunTime:0.0008s ]
SQL: SELECT * FROM `user_account` WHERE ( user_identify='b244536f4994b14f55f19e9c7a9ba144' )  [ RunTime:0.0003s ]
SQL: SHOW COLUMNS FROM `organization` [ RunTime:0.0005s ]
SQL: SELECT org.org_name,college_ano.isenable,college_ano.lec_org_id FROM `organization` `org`,`college` `college_ano` WHERE ( org.org_id=college_ano.org_id ) ORDER BY college_ano.lec_org_id desc LIMIT 0,15   [ RunTime:0.0003s ]
SQL: SHOW COLUMNS FROM `organization` [ RunTime:0.0005s ]
SQL: SELECT COUNT(*) AS tp_count FROM `organization` `org`,`college` `college_ano` WHERE ( org.org_id=college_ano.org_id ) LIMIT 1   [ RunTime:0.0002s ]

[ 2016-05-11T15:28:32+08:00 ] 111.196.132.217 /yisheng/webframe/index.php/Admin/LecCol/ajaxIndex?limit=15&offset=0&sort=college_ano.lec_org_id&order=desc&UserName=4
INFO: [ app_begin ] --START--
INFO: Run Behavior\ReadHtmlCacheBehavior [ RunTime:0.000370s ]
INFO: [ app_begin ] --END-- [ RunTime:0.000611s ]
SQL: SHOW COLUMNS FROM `user_account` [ RunTime:0.0007s ]
SQL: SELECT * FROM `user_account` WHERE ( user_identify='b244536f4994b14f55f19e9c7a9ba144' )  [ RunTime:0.0002s ]
SQL: SHOW COLUMNS FROM `organization` [ RunTime:0.0005s ]
SQL: SELECT org.org_name,college_ano.isenable,college_ano.lec_org_id FROM `organization` `org`,`college` `college_ano` WHERE ( org.org_id=college_ano.org_id ) ORDER BY college_ano.lec_org_id desc LIMIT 0,15   [ RunTime:0.0002s ]
SQL: SHOW COLUMNS FROM `organization` [ RunTime:0.0005s ]
SQL: SELECT COUNT(*) AS tp_count FROM `organization` `org`,`college` `college_ano` WHERE ( org.org_id=college_ano.org_id ) LIMIT 1   [ RunTime:0.0002s ]

[ 2016-05-11T15:28:36+08:00 ] 111.196.132.217 /yisheng/webframe/index.php/Admin/LecCol/setLecColIsEnable
INFO: [ app_begin ] --START--
INFO: Run Behavior\ReadHtmlCacheBehavior [ RunTime:0.000416s ]
INFO: [ app_begin ] --END-- [ RunTime:0.000692s ]
SQL: SHOW COLUMNS FROM `user_account` [ RunTime:0.0007s ]
SQL: SELECT * FROM `user_account` WHERE ( user_identify='b244536f4994b14f55f19e9c7a9ba144' )  [ RunTime:0.0002s ]
SQL: SHOW COLUMNS FROM `college` [ RunTime:0.0005s ]
SQL: UPDATE `college` SET `isenable`='1' WHERE ( lec_org_id='2' ) [ RunTime:0.0075s ]

[ 2016-05-11T15:28:36+08:00 ] 111.196.132.217 /yisheng/webframe/index.php/Admin/LecCol/ajaxIndex?limit=15&offset=0&sort=college_ano.lec_org_id&order=desc&UserName=4
INFO: [ app_begin ] --START--
INFO: Run Behavior\ReadHtmlCacheBehavior [ RunTime:0.000721s ]
INFO: [ app_begin ] --END-- [ RunTime:0.001014s ]
SQL: SHOW COLUMNS FROM `user_account` [ RunTime:0.0008s ]
SQL: SELECT * FROM `user_account` WHERE ( user_identify='b244536f4994b14f55f19e9c7a9ba144' )  [ RunTime:0.0003s ]
SQL: SHOW COLUMNS FROM `organization` [ RunTime:0.0005s ]
SQL: SELECT org.org_name,college_ano.isenable,college_ano.lec_org_id FROM `organization` `org`,`college` `college_ano` WHERE ( org.org_id=college_ano.org_id ) ORDER BY college_ano.lec_org_id desc LIMIT 0,15   [ RunTime:0.0003s ]
SQL: SHOW COLUMNS FROM `organization` [ RunTime:0.0005s ]
SQL: SELECT COUNT(*) AS tp_count FROM `organization` `org`,`college` `college_ano` WHERE ( org.org_id=college_ano.org_id ) LIMIT 1   [ RunTime:0.0002s ]

[ 2016-05-11T15:28:43+08:00 ] 111.196.132.217 /yisheng/webframe/index.php/Admin/LecCol/setLecColIsEnable
INFO: [ app_begin ] --START--
INFO: Run Behavior\ReadHtmlCacheBehavior [ RunTime:0.000374s ]
INFO: [ app_begin ] --END-- [ RunTime:0.000679s ]
SQL: SHOW COLUMNS FROM `user_account` [ RunTime:0.0008s ]
SQL: SELECT * FROM `user_account` WHERE ( user_identify='b244536f4994b14f55f19e9c7a9ba144' )  [ RunTime:0.0003s ]
SQL: SHOW COLUMNS FROM `college` [ RunTime:0.0005s ]
SQL: update college set isenable='1' [ RunTime:0.0049s ]
SQL: UPDATE `college` SET `isenable`='0' WHERE ( lec_org_id='2' ) [ RunTime:0.0035s ]

[ 2016-05-11T15:28:43+08:00 ] 111.196.132.217 /yisheng/webframe/index.php/Admin/LecCol/ajaxIndex?limit=15&offset=0&sort=college_ano.lec_org_id&order=desc&UserName=4
INFO: [ app_begin ] --START--
INFO: Run Behavior\ReadHtmlCacheBehavior [ RunTime:0.000436s ]
INFO: [ app_begin ] --END-- [ RunTime:0.000780s ]
SQL: SHOW COLUMNS FROM `user_account` [ RunTime:0.0007s ]
SQL: SELECT * FROM `user_account` WHERE ( user_identify='b244536f4994b14f55f19e9c7a9ba144' )  [ RunTime:0.0002s ]
SQL: SHOW COLUMNS FROM `organization` [ RunTime:0.0005s ]
SQL: SELECT org.org_name,college_ano.isenable,college_ano.lec_org_id FROM `organization` `org`,`college` `college_ano` WHERE ( org.org_id=college_ano.org_id ) ORDER BY college_ano.lec_org_id desc LIMIT 0,15   [ RunTime:0.0002s ]
SQL: SHOW COLUMNS FROM `organization` [ RunTime:0.0005s ]
SQL: SELECT COUNT(*) AS tp_count FROM `organization` `org`,`college` `college_ano` WHERE ( org.org_id=college_ano.org_id ) LIMIT 1   [ RunTime:0.0002s ]

[ 2016-05-11T15:28:48+08:00 ] 111.196.132.217 /yisheng/webframe/index.php/Admin/LecCol/setLecColIsEnable
INFO: [ app_begin ] --START--
INFO: Run Behavior\ReadHtmlCacheBehavior [ RunTime:0.000426s ]
INFO: [ app_begin ] --END-- [ RunTime:0.000685s ]
SQL: SHOW COLUMNS FROM `user_account` [ RunTime:0.0008s ]
SQL: SELECT * FROM `user_account` WHERE ( user_identify='b244536f4994b14f55f19e9c7a9ba144' )  [ RunTime:0.0003s ]
SQL: SHOW COLUMNS FROM `college` [ RunTime:0.0005s ]
SQL: update college set isenable='1' [ RunTime:0.0070s ]
SQL: UPDATE `college` SET `isenable`='0' WHERE ( lec_org_id='1' ) [ RunTime:0.0038s ]

[ 2016-05-11T15:28:48+08:00 ] 111.196.132.217 /yisheng/webframe/index.php/Admin/LecCol/ajaxIndex?limit=15&offset=0&sort=college_ano.lec_org_id&order=desc&UserName=4
INFO: [ app_begin ] --START--
INFO: Run Behavior\ReadHtmlCacheBehavior [ RunTime:0.000372s ]
INFO: [ app_begin ] --END-- [ RunTime:0.000619s ]
SQL: SHOW COLUMNS FROM `user_account` [ RunTime:0.0008s ]
SQL: SELECT * FROM `user_account` WHERE ( user_identify='b244536f4994b14f55f19e9c7a9ba144' )  [ RunTime:0.0003s ]
SQL: SHOW COLUMNS FROM `organization` [ RunTime:0.0005s ]
SQL: SELECT org.org_name,college_ano.isenable,college_ano.lec_org_id FROM `organization` `org`,`college` `college_ano` WHERE ( org.org_id=college_ano.org_id ) ORDER BY college_ano.lec_org_id desc LIMIT 0,15   [ RunTime:0.0003s ]
SQL: SHOW COLUMNS FROM `organization` [ RunTime:0.0005s ]
SQL: SELECT COUNT(*) AS tp_count FROM `organization` `org`,`college` `college_ano` WHERE ( org.org_id=college_ano.org_id ) LIMIT 1   [ RunTime:0.0003s ]

[ 2016-05-11T15:42:53+08:00 ] 111.196.132.217 /yisheng/webframe/index.php/Admin/LecCol/ajaxIndex?limit=15&offset=0&sort=college_ano.lec_org_id&order=desc&UserName=4
INFO: [ app_begin ] --START--
INFO: Run Behavior\ReadHtmlCacheBehavior [ RunTime:0.000616s ]
INFO: [ app_begin ] --END-- [ RunTime:0.000990s ]
SQL: SHOW COLUMNS FROM `user_account` [ RunTime:0.0008s ]
SQL: SELECT * FROM `user_account` WHERE ( user_identify='b244536f4994b14f55f19e9c7a9ba144' )  [ RunTime:0.0003s ]
SQL: SHOW COLUMNS FROM `organization` [ RunTime:0.0005s ]
SQL: SELECT org.org_name,college_ano.isenable,college_ano.lec_org_id FROM `organization` `org`,`college` `college_ano` WHERE ( org.org_id=college_ano.org_id ) ORDER BY college_ano.lec_org_id desc LIMIT 0,15   [ RunTime:0.0003s ]
SQL: SHOW COLUMNS FROM `organization` [ RunTime:0.0005s ]
SQL: SELECT COUNT(*) AS tp_count FROM `organization` `org`,`college` `college_ano` WHERE ( org.org_id=college_ano.org_id ) LIMIT 1   [ RunTime:0.0002s ]

[ 2016-05-11T18:10:18+08:00 ] 111.196.132.217 /yisheng/webframe/index.php/Admin/LecCol/ajaxIndex?limit=15&offset=0&sort=college_ano.lec_org_id&order=desc&UserName=4
INFO: [ app_begin ] --START--
INFO: Run Behavior\ReadHtmlCacheBehavior [ RunTime:0.000409s ]
INFO: [ app_begin ] --END-- [ RunTime:0.000731s ]
SQL: SHOW COLUMNS FROM `user_account` [ RunTime:0.0008s ]
SQL: SELECT * FROM `user_account` WHERE ( user_identify='b244536f4994b14f55f19e9c7a9ba144' )  [ RunTime:0.0003s ]
SQL: SHOW COLUMNS FROM `organization` [ RunTime:0.0005s ]
SQL: SELECT org.org_name,college_ano.isenable,college_ano.lec_org_id FROM `organization` `org`,`college` `college_ano` WHERE ( org.org_id=college_ano.org_id ) ORDER BY college_ano.lec_org_id desc LIMIT 0,15   [ RunTime:0.0003s ]
SQL: SHOW COLUMNS FROM `organization` [ RunTime:0.0005s ]
SQL: SELECT COUNT(*) AS tp_count FROM `organization` `org`,`college` `college_ano` WHERE ( org.org_id=college_ano.org_id ) LIMIT 1   [ RunTime:0.0002s ]

[ 2016-05-11T18:12:11+08:00 ] 111.196.132.217 /yisheng/webframe/index.php/Admin/LecCol/ajaxIndex?limit=15&offset=0&sort=college_ano.lec_org_id&order=desc&UserName=4
INFO: [ app_begin ] --START--
INFO: Run Behavior\ReadHtmlCacheBehavior [ RunTime:0.000340s ]
INFO: [ app_begin ] --END-- [ RunTime:0.000597s ]
SQL: SHOW COLUMNS FROM `user_account` [ RunTime:0.0007s ]
SQL: SELECT * FROM `user_account` WHERE ( user_identify='b244536f4994b14f55f19e9c7a9ba144' )  [ RunTime:0.0003s ]
SQL: SHOW COLUMNS FROM `organization` [ RunTime:0.0004s ]
SQL: SELECT org.org_name,college_ano.isenable,college_ano.lec_org_id FROM `organization` `org`,`college` `college_ano` WHERE ( org.org_id=college_ano.org_id ) ORDER BY college_ano.lec_org_id desc LIMIT 0,15   [ RunTime:0.0002s ]
SQL: SHOW COLUMNS FROM `organization` [ RunTime:0.0004s ]
SQL: SELECT COUNT(*) AS tp_count FROM `organization` `org`,`college` `college_ano` WHERE ( org.org_id=college_ano.org_id ) LIMIT 1   [ RunTime:0.0003s ]

[ 2016-05-11T18:12:14+08:00 ] 111.196.132.217 /yisheng/webframe/index.php/Admin/LecDuty/ajaxIndex?limit=15&offset=0&sort=lec_duty_ano.lec_duty_id&order=desc&UserName=4
INFO: [ app_begin ] --START--
INFO: Run Behavior\ReadHtmlCacheBehavior [ RunTime:0.000402s ]
INFO: [ app_begin ] --END-- [ RunTime:0.000659s ]
SQL: SHOW COLUMNS FROM `user_account` [ RunTime:0.0009s ]
SQL: SELECT * FROM `user_account` WHERE ( user_identify='b244536f4994b14f55f19e9c7a9ba144' )  [ RunTime:0.0003s ]
SQL: SHOW COLUMNS FROM `category` [ RunTime:0.0005s ]
SQL: SELECT cate.cate_name,lec_duty_ano.isenable,lec_duty_ano.lec_duty_id FROM `category` `cate`,`lec_duty` `lec_duty_ano` WHERE ( cate.cate_id=lec_duty_ano.cate_id ) ORDER BY lec_duty_ano.lec_duty_id desc LIMIT 0,15   [ RunTime:0.0003s ]
SQL: SHOW COLUMNS FROM `category` [ RunTime:0.0005s ]
SQL: SELECT COUNT(*) AS tp_count FROM `category` `cate`,`lec_duty` `lec_duty_ano` WHERE ( cate.cate_id=lec_duty_ano.cate_id ) LIMIT 1   [ RunTime:0.0003s ]

[ 2016-05-11T21:17:44+08:00 ] 123.122.157.88 /yisheng/webframe/index.php/Admin/News/ajaxIndex?limit=15&offset=0&sort=news.news_id&order=desc&ex_status=&news_org_id=&UserName=4
INFO: [ app_begin ] --START--
INFO: Run Behavior\ReadHtmlCacheBehavior [ RunTime:0.000409s ]
INFO: [ app_begin ] --END-- [ RunTime:0.000658s ]
SQL: SHOW COLUMNS FROM `user_account` [ RunTime:0.0008s ]
SQL: SELECT * FROM `user_account` WHERE ( user_identify='b244536f4994b14f55f19e9c7a9ba144' )  [ RunTime:0.0003s ]
SQL: SHOW COLUMNS FROM `category` [ RunTime:0.0005s ]
SQL: SELECT news.workflow_step,cate.cate_name,news.news_name,news.news_id,news.addtime,news.news_time,org.org_name,news.add_account,news.ex_status,news.re_status FROM `category` `cate`,`news` `news`,`organization` `org` WHERE ( cate.cate_id=news.news_cate_id and news.news_org_id=org.org_id ) ORDER BY news.news_id desc LIMIT 0,15   [ RunTime:0.0003s ]
SQL: SHOW COLUMNS FROM `category` [ RunTime:0.0005s ]
SQL: SELECT COUNT(*) AS tp_count FROM `category` `cate`,`news` `news`,`organization` `org` WHERE ( cate.cate_id=news.news_cate_id and news.news_org_id=org.org_id ) LIMIT 1   [ RunTime:0.0003s ]
SQL: SELECT `user_id` FROM `user_account` WHERE ( user_account_id='19' )  [ RunTime:0.0002s ]
SQL: SHOW COLUMNS FROM `user` [ RunTime:0.0005s ]
SQL: SELECT `user_name` FROM `user` WHERE ( user_id='7' )  [ RunTime:0.0002s ]
SQL: SHOW COLUMNS FROM `news_workflow` [ RunTime:0.0004s ]
SQL: SELECT `workflow_id` FROM `news_workflow` WHERE ( isenable=0 )  [ RunTime:0.0002s ]
SQL: SHOW COLUMNS FROM `workflow` [ RunTime:0.0005s ]
SQL: SELECT `steps` FROM `workflow` WHERE ( workflow_id='8' )  [ RunTime:0.0002s ]
SQL: SHOW COLUMNS FROM `workflowstep` [ RunTime:0.0006s ]
SQL: SELECT `step_now` FROM `workflowstep` WHERE ( workflow_id='8' and role_id='1' )  [ RunTime:0.0002s ]
SQL: SELECT `user_id` FROM `user_account` WHERE ( user_account_id='19' )  [ RunTime:0.0002s ]
SQL: SELECT `user_name` FROM `user` WHERE ( user_id='7' )  [ RunTime:0.0002s ]
SQL: SELECT `workflow_id` FROM `news_workflow` WHERE ( isenable=0 )  [ RunTime:0.0002s ]
SQL: SELECT `steps` FROM `workflow` WHERE ( workflow_id='8' )  [ RunTime:0.0002s ]
SQL: SELECT `step_now` FROM `workflowstep` WHERE ( workflow_id='8' and role_id='1' )  [ RunTime:0.0002s ]
SQL: SELECT `user_id` FROM `user_account` WHERE ( user_account_id='18' )  [ RunTime:0.0002s ]
SQL: SELECT `user_name` FROM `user` WHERE ( user_id='7' )  [ RunTime:0.0002s ]
SQL: SELECT `workflow_id` FROM `news_workflow` WHERE ( isenable=0 )  [ RunTime:0.0002s ]
SQL: SELECT `steps` FROM `workflow` WHERE ( workflow_id='8' )  [ RunTime:0.0001s ]
SQL: SELECT `step_now` FROM `workflowstep` WHERE ( workflow_id='8' and role_id='1' )  [ RunTime:0.0002s ]
SQL: SELECT `user_id` FROM `user_account` WHERE ( user_account_id='18' )  [ RunTime:0.0002s ]
SQL: SELECT `user_name` FROM `user` WHERE ( user_id='7' )  [ RunTime:0.0002s ]
SQL: SELECT `workflow_id` FROM `news_workflow` WHERE ( isenable=0 )  [ RunTime:0.0002s ]
SQL: SELECT `steps` FROM `workflow` WHERE ( workflow_id='8' )  [ RunTime:0.0002s ]
SQL: SELECT `step_now` FROM `workflowstep` WHERE ( workflow_id='8' and role_id='1' )  [ RunTime:0.0002s ]
SQL: SELECT `user_id` FROM `user_account` WHERE ( user_account_id='18' )  [ RunTime:0.0002s ]
SQL: SELECT `user_name` FROM `user` WHERE ( user_id='7' )  [ RunTime:0.0002s ]
SQL: SELECT `workflow_id` FROM `news_workflow` WHERE ( isenable=0 )  [ RunTime:0.0002s ]
SQL: SELECT `steps` FROM `workflow` WHERE ( workflow_id='8' )  [ RunTime:0.0001s ]
SQL: SELECT `step_now` FROM `workflowstep` WHERE ( workflow_id='8' and role_id='1' )  [ RunTime:0.0002s ]
SQL: SELECT `user_id` FROM `user_account` WHERE ( user_account_id='14' )  [ RunTime:0.0002s ]
SQL: SELECT `user_name` FROM `user` WHERE ( user_id='1' )  [ RunTime:0.0002s ]
SQL: SELECT `workflow_id` FROM `news_workflow` WHERE ( isenable=0 )  [ RunTime:0.0002s ]
SQL: SELECT `steps` FROM `workflow` WHERE ( workflow_id='8' )  [ RunTime:0.0002s ]
SQL: SELECT `step_now` FROM `workflowstep` WHERE ( workflow_id='8' and role_id='1' )  [ RunTime:0.0002s ]
SQL: SELECT `user_id` FROM `user_account` WHERE ( user_account_id='18' )  [ RunTime:0.0002s ]
SQL: SELECT `user_name` FROM `user` WHERE ( user_id='7' )  [ RunTime:0.0002s ]
SQL: SELECT `workflow_id` FROM `news_workflow` WHERE ( isenable=0 )  [ RunTime:0.0002s ]
SQL: SELECT `steps` FROM `workflow` WHERE ( workflow_id='8' )  [ RunTime:0.0001s ]
SQL: SELECT `step_now` FROM `workflowstep` WHERE ( workflow_id='8' and role_id='1' )  [ RunTime:0.0002s ]
SQL: SELECT `user_id` FROM `user_account` WHERE ( user_account_id='14' )  [ RunTime:0.0002s ]
SQL: SELECT `user_name` FROM `user` WHERE ( user_id='1' )  [ RunTime:0.0002s ]
SQL: SELECT `workflow_id` FROM `news_workflow` WHERE ( isenable=0 )  [ RunTime:0.0002s ]
SQL: SELECT `steps` FROM `workflow` WHERE ( workflow_id='8' )  [ RunTime:0.0002s ]
SQL: SELECT `step_now` FROM `workflowstep` WHERE ( workflow_id='8' and role_id='1' )  [ RunTime:0.0002s ]
SQL: SELECT `user_id` FROM `user_account` WHERE ( user_account_id='14' )  [ RunTime:0.0002s ]
SQL: SELECT `user_name` FROM `user` WHERE ( user_id='1' )  [ RunTime:0.0002s ]
SQL: SELECT `workflow_id` FROM `news_workflow` WHERE ( isenable=0 )  [ RunTime:0.0002s ]
SQL: SELECT `steps` FROM `workflow` WHERE ( workflow_id='8' )  [ RunTime:0.0002s ]
SQL: SELECT `step_now` FROM `workflowstep` WHERE ( workflow_id='8' and role_id='1' )  [ RunTime:0.0002s ]

[ 2016-05-11T21:23:21+08:00 ] 123.122.157.88 /yisheng/webframe/index.php/Admin/News/examine
INFO: [ app_begin ] --START--
INFO: Run Behavior\ReadHtmlCacheBehavior [ RunTime:0.000410s ]
INFO: [ app_begin ] --END-- [ RunTime:0.000660s ]
SQL: SHOW COLUMNS FROM `user_account` [ RunTime:0.0009s ]
SQL: SELECT * FROM `user_account` WHERE ( user_identify='b244536f4994b14f55f19e9c7a9ba144' )  [ RunTime:0.0003s ]
SQL: SHOW COLUMNS FROM `news` [ RunTime:0.0005s ]
SQL: SELECT * FROM `news` WHERE ( news_id='9' )  [ RunTime:0.0002s ]
SQL: SHOW COLUMNS FROM `news_workflow` [ RunTime:0.0005s ]
SQL: SELECT `workflow_id` FROM `news_workflow` WHERE ( isenable=0 )  [ RunTime:0.0002s ]
SQL: SHOW COLUMNS FROM `workflow` [ RunTime:0.0004s ]
SQL: SELECT `steps` FROM `workflow` WHERE ( workflow_id='8' )  [ RunTime:0.0002s ]
SQL: SHOW COLUMNS FROM `workflowstep` [ RunTime:0.0005s ]
SQL: SELECT `step_now` FROM `workflowstep` WHERE ( workflow_id='8' and role_id='1' )  [ RunTime:0.0002s ]
SQL: SHOW COLUMNS FROM `news` [ RunTime:0.0005s ]
SQL: UPDATE `news` SET `workflow_step`='3',`ex_status`='3',`re_status`='1',`examine_account`='14' WHERE ( news_id='9' ) [ RunTime:0.0377s ]

[ 2016-05-11T21:23:22+08:00 ] 123.122.157.88 /yisheng/webframe/index.php/Admin/News/ajaxIndex?limit=15&offset=0&sort=news.news_id&order=desc&ex_status=&news_org_id=&UserName=4
INFO: [ app_begin ] --START--
INFO: Run Behavior\ReadHtmlCacheBehavior [ RunTime:0.000338s ]
INFO: [ app_begin ] --END-- [ RunTime:0.000579s ]
SQL: SHOW COLUMNS FROM `user_account` [ RunTime:0.0008s ]
SQL: SELECT * FROM `user_account` WHERE ( user_identify='b244536f4994b14f55f19e9c7a9ba144' )  [ RunTime:0.0003s ]
SQL: SHOW COLUMNS FROM `category` [ RunTime:0.0005s ]
SQL: SELECT news.workflow_step,cate.cate_name,news.news_name,news.news_id,news.addtime,news.news_time,org.org_name,news.add_account,news.ex_status,news.re_status FROM `category` `cate`,`news` `news`,`organization` `org` WHERE ( cate.cate_id=news.news_cate_id and news.news_org_id=org.org_id ) ORDER BY news.news_id desc LIMIT 0,15   [ RunTime:0.0003s ]
SQL: SHOW COLUMNS FROM `category` [ RunTime:0.0005s ]
SQL: SELECT COUNT(*) AS tp_count FROM `category` `cate`,`news` `news`,`organization` `org` WHERE ( cate.cate_id=news.news_cate_id and news.news_org_id=org.org_id ) LIMIT 1   [ RunTime:0.0002s ]
SQL: SELECT `user_id` FROM `user_account` WHERE ( user_account_id='19' )  [ RunTime:0.0002s ]
SQL: SHOW COLUMNS FROM `user` [ RunTime:0.0005s ]
SQL: SELECT `user_name` FROM `user` WHERE ( user_id='7' )  [ RunTime:0.0002s ]
SQL: SHOW COLUMNS FROM `news_workflow` [ RunTime:0.0004s ]
SQL: SELECT `workflow_id` FROM `news_workflow` WHERE ( isenable=0 )  [ RunTime:0.0002s ]
SQL: SHOW COLUMNS FROM `workflow` [ RunTime:0.0004s ]
SQL: SELECT `steps` FROM `workflow` WHERE ( workflow_id='8' )  [ RunTime:0.0002s ]
SQL: SHOW COLUMNS FROM `workflowstep` [ RunTime:0.0004s ]
SQL: SELECT `step_now` FROM `workflowstep` WHERE ( workflow_id='8' and role_id='1' )  [ RunTime:0.0002s ]
SQL: SELECT `user_id` FROM `user_account` WHERE ( user_account_id='19' )  [ RunTime:0.0002s ]
SQL: SELECT `user_name` FROM `user` WHERE ( user_id='7' )  [ RunTime:0.0002s ]
SQL: SELECT `workflow_id` FROM `news_workflow` WHERE ( isenable=0 )  [ RunTime:0.0002s ]
SQL: SELECT `steps` FROM `workflow` WHERE ( workflow_id='8' )  [ RunTime:0.0002s ]
SQL: SELECT `step_now` FROM `workflowstep` WHERE ( workflow_id='8' and role_id='1' )  [ RunTime:0.0002s ]
SQL: SELECT `user_id` FROM `user_account` WHERE ( user_account_id='18' )  [ RunTime:0.0002s ]
SQL: SELECT `user_name` FROM `user` WHERE ( user_id='7' )  [ RunTime:0.0002s ]
SQL: SELECT `workflow_id` FROM `news_workflow` WHERE ( isenable=0 )  [ RunTime:0.0002s ]
SQL: SELECT `steps` FROM `workflow` WHERE ( workflow_id='8' )  [ RunTime:0.0002s ]
SQL: SELECT `step_now` FROM `workflowstep` WHERE ( workflow_id='8' and role_id='1' )  [ RunTime:0.0002s ]
SQL: SELECT `user_id` FROM `user_account` WHERE ( user_account_id='18' )  [ RunTime:0.0002s ]
SQL: SELECT `user_name` FROM `user` WHERE ( user_id='7' )  [ RunTime:0.0002s ]
SQL: SELECT `workflow_id` FROM `news_workflow` WHERE ( isenable=0 )  [ RunTime:0.0002s ]
SQL: SELECT `steps` FROM `workflow` WHERE ( workflow_id='8' )  [ RunTime:0.0002s ]
SQL: SELECT `step_now` FROM `workflowstep` WHERE ( workflow_id='8' and role_id='1' )  [ RunTime:0.0002s ]
SQL: SELECT `user_id` FROM `user_account` WHERE ( user_account_id='18' )  [ RunTime:0.0002s ]
SQL: SELECT `user_name` FROM `user` WHERE ( user_id='7' )  [ RunTime:0.0002s ]
SQL: SELECT `workflow_id` FROM `news_workflow` WHERE ( isenable=0 )  [ RunTime:0.0002s ]
SQL: SELECT `steps` FROM `workflow` WHERE ( workflow_id='8' )  [ RunTime:0.0002s ]
SQL: SELECT `step_now` FROM `workflowstep` WHERE ( workflow_id='8' and role_id='1' )  [ RunTime:0.0002s ]
SQL: SELECT `user_id` FROM `user_account` WHERE ( user_account_id='14' )  [ RunTime:0.0002s ]
SQL: SELECT `user_name` FROM `user` WHERE ( user_id='1' )  [ RunTime:0.0002s ]
SQL: SELECT `workflow_id` FROM `news_workflow` WHERE ( isenable=0 )  [ RunTime:0.0002s ]
SQL: SELECT `steps` FROM `workflow` WHERE ( workflow_id='8' )  [ RunTime:0.0002s ]
SQL: SELECT `step_now` FROM `workflowstep` WHERE ( workflow_id='8' and role_id='1' )  [ RunTime:0.0002s ]
SQL: SELECT `user_id` FROM `user_account` WHERE ( user_account_id='18' )  [ RunTime:0.0002s ]
SQL: SELECT `user_name` FROM `user` WHERE ( user_id='7' )  [ RunTime:0.0002s ]
SQL: SELECT `workflow_id` FROM `news_workflow` WHERE ( isenable=0 )  [ RunTime:0.0002s ]
SQL: SELECT `steps` FROM `workflow` WHERE ( workflow_id='8' )  [ RunTime:0.0002s ]
SQL: SELECT `step_now` FROM `workflowstep` WHERE ( workflow_id='8' and role_id='1' )  [ RunTime:0.0002s ]
SQL: SELECT `user_id` FROM `user_account` WHERE ( user_account_id='14' )  [ RunTime:0.0002s ]
SQL: SELECT `user_name` FROM `user` WHERE ( user_id='1' )  [ RunTime:0.0002s ]
SQL: SELECT `workflow_id` FROM `news_workflow` WHERE ( isenable=0 )  [ RunTime:0.0002s ]
SQL: SELECT `steps` FROM `workflow` WHERE ( workflow_id='8' )  [ RunTime:0.0002s ]
SQL: SELECT `step_now` FROM `workflowstep` WHERE ( workflow_id='8' and role_id='1' )  [ RunTime:0.0002s ]
SQL: SELECT `user_id` FROM `user_account` WHERE ( user_account_id='14' )  [ RunTime:0.0002s ]
SQL: SELECT `user_name` FROM `user` WHERE ( user_id='1' )  [ RunTime:0.0002s ]
SQL: SELECT `workflow_id` FROM `news_workflow` WHERE ( isenable=0 )  [ RunTime:0.0002s ]
SQL: SELECT `steps` FROM `workflow` WHERE ( workflow_id='8' )  [ RunTime:0.0002s ]
SQL: SELECT `step_now` FROM `workflowstep` WHERE ( workflow_id='8' and role_id='1' )  [ RunTime:0.0002s ]

[ 2016-05-11T21:36:52+08:00 ] 123.122.157.88 /yisheng/webframe/index.php/Admin/Workflow/ajaxIndex?limit=15&offset=0&sort=workflow_id&order=desc&UserName=4
INFO: [ app_begin ] --START--
INFO: Run Behavior\ReadHtmlCacheBehavior [ RunTime:0.000424s ]
INFO: [ app_begin ] --END-- [ RunTime:0.000730s ]
SQL: SHOW COLUMNS FROM `user_account` [ RunTime:0.0008s ]
SQL: SELECT * FROM `user_account` WHERE ( user_identify='b244536f4994b14f55f19e9c7a9ba144' )  [ RunTime:0.0003s ]
SQL: SHOW COLUMNS FROM `workflow` [ RunTime:0.0005s ]
SQL: SELECT `workflow_id`,`workflow_name`,`workflow_desc`,`steps` FROM `workflow` ORDER BY workflow_id desc LIMIT 0,15   [ RunTime:0.0002s ]
SQL: SELECT COUNT(*) AS tp_count FROM `workflow` LIMIT 1   [ RunTime:0.0002s ]

[ 2016-05-11T23:43:14+08:00 ] 125.33.49.174 /yisheng/webframe/index.php/Admin/News/ajaxIndex?limit=15&offset=0&sort=news.news_id&order=desc&ex_status=&news_org_id=&UserName=4
INFO: [ app_begin ] --START--
INFO: Run Behavior\ReadHtmlCacheBehavior [ RunTime:0.000352s ]
INFO: [ app_begin ] --END-- [ RunTime:0.000649s ]
SQL: SHOW COLUMNS FROM `user_account` [ RunTime:0.0007s ]
SQL: SELECT * FROM `user_account` WHERE ( user_identify='b244536f4994b14f55f19e9c7a9ba144' )  [ RunTime:0.0003s ]
SQL: SHOW COLUMNS FROM `category` [ RunTime:0.0009s ]
SQL: SELECT news.workflow_step,cate.cate_name,news.news_name,news.news_id,news.addtime,news.news_time,org.org_name,news.add_account,news.ex_status,news.re_status FROM `category` `cate`,`news` `news`,`organization` `org` WHERE ( cate.cate_id=news.news_cate_id and news.news_org_id=org.org_id ) ORDER BY news.news_id desc LIMIT 0,15   [ RunTime:0.0004s ]
SQL: SHOW COLUMNS FROM `category` [ RunTime:0.0005s ]
SQL: SELECT COUNT(*) AS tp_count FROM `category` `cate`,`news` `news`,`organization` `org` WHERE ( cate.cate_id=news.news_cate_id and news.news_org_id=org.org_id ) LIMIT 1   [ RunTime:0.0002s ]
SQL: SELECT `user_id` FROM `user_account` WHERE ( user_account_id='19' )  [ RunTime:0.0002s ]
SQL: SHOW COLUMNS FROM `user` [ RunTime:0.0005s ]
SQL: SELECT `user_name` FROM `user` WHERE ( user_id='7' )  [ RunTime:0.0002s ]
SQL: SHOW COLUMNS FROM `news_workflow` [ RunTime:0.0005s ]
SQL: SELECT `workflow_id` FROM `news_workflow` WHERE ( isenable=0 )  [ RunTime:0.0002s ]
SQL: SHOW COLUMNS FROM `workflow` [ RunTime:0.0005s ]
SQL: SELECT `steps` FROM `workflow` WHERE ( workflow_id='8' )  [ RunTime:0.0002s ]
SQL: SHOW COLUMNS FROM `workflowstep` [ RunTime:0.0005s ]
SQL: SELECT `step_now` FROM `workflowstep` WHERE ( workflow_id='8' and role_id='1' )  [ RunTime:0.0002s ]
SQL: SELECT `user_id` FROM `user_account` WHERE ( user_account_id='19' )  [ RunTime:0.0002s ]
SQL: SELECT `user_name` FROM `user` WHERE ( user_id='7' )  [ RunTime:0.0002s ]
SQL: SELECT `workflow_id` FROM `news_workflow` WHERE ( isenable=0 )  [ RunTime:0.0002s ]
SQL: SELECT `steps` FROM `workflow` WHERE ( workflow_id='8' )  [ RunTime:0.0002s ]
SQL: SELECT `step_now` FROM `workflowstep` WHERE ( workflow_id='8' and role_id='1' )  [ RunTime:0.0002s ]
SQL: SELECT `user_id` FROM `user_account` WHERE ( user_account_id='18' )  [ RunTime:0.0002s ]
SQL: SELECT `user_name` FROM `user` WHERE ( user_id='7' )  [ RunTime:0.0002s ]
SQL: SELECT `workflow_id` FROM `news_workflow` WHERE ( isenable=0 )  [ RunTime:0.0002s ]
SQL: SELECT `steps` FROM `workflow` WHERE ( workflow_id='8' )  [ RunTime:0.0002s ]
SQL: SELECT `step_now` FROM `workflowstep` WHERE ( workflow_id='8' and role_id='1' )  [ RunTime:0.0002s ]
SQL: SELECT `user_id` FROM `user_account` WHERE ( user_account_id='18' )  [ RunTime:0.0002s ]
SQL: SELECT `user_name` FROM `user` WHERE ( user_id='7' )  [ RunTime:0.0002s ]
SQL: SELECT `workflow_id` FROM `news_workflow` WHERE ( isenable=0 )  [ RunTime:0.0002s ]
SQL: SELECT `steps` FROM `workflow` WHERE ( workflow_id='8' )  [ RunTime:0.0002s ]
SQL: SELECT `step_now` FROM `workflowstep` WHERE ( workflow_id='8' and role_id='1' )  [ RunTime:0.0002s ]
SQL: SELECT `user_id` FROM `user_account` WHERE ( user_account_id='18' )  [ RunTime:0.0002s ]
SQL: SELECT `user_name` FROM `user` WHERE ( user_id='7' )  [ RunTime:0.0002s ]
SQL: SELECT `workflow_id` FROM `news_workflow` WHERE ( isenable=0 )  [ RunTime:0.0002s ]
SQL: SELECT `steps` FROM `workflow` WHERE ( workflow_id='8' )  [ RunTime:0.0002s ]
SQL: SELECT `step_now` FROM `workflowstep` WHERE ( workflow_id='8' and role_id='1' )  [ RunTime:0.0002s ]
SQL: SELECT `user_id` FROM `user_account` WHERE ( user_account_id='14' )  [ RunTime:0.0002s ]
SQL: SELECT `user_name` FROM `user` WHERE ( user_id='1' )  [ RunTime:0.0002s ]
SQL: SELECT `workflow_id` FROM `news_workflow` WHERE ( isenable=0 )  [ RunTime:0.0002s ]
SQL: SELECT `steps` FROM `workflow` WHERE ( workflow_id='8' )  [ RunTime:0.0002s ]
SQL: SELECT `step_now` FROM `workflowstep` WHERE ( workflow_id='8' and role_id='1' )  [ RunTime:0.0002s ]
SQL: SELECT `user_id` FROM `user_account` WHERE ( user_account_id='18' )  [ RunTime:0.0002s ]
SQL: SELECT `user_name` FROM `user` WHERE ( user_id='7' )  [ RunTime:0.0002s ]
SQL: SELECT `workflow_id` FROM `news_workflow` WHERE ( isenable=0 )  [ RunTime:0.0002s ]
SQL: SELECT `steps` FROM `workflow` WHERE ( workflow_id='8' )  [ RunTime:0.0002s ]
SQL: SELECT `step_now` FROM `workflowstep` WHERE ( workflow_id='8' and role_id='1' )  [ RunTime:0.0002s ]
SQL: SELECT `user_id` FROM `user_account` WHERE ( user_account_id='14' )  [ RunTime:0.0002s ]
SQL: SELECT `user_name` FROM `user` WHERE ( user_id='1' )  [ RunTime:0.0002s ]
SQL: SELECT `workflow_id` FROM `news_workflow` WHERE ( isenable=0 )  [ RunTime:0.0002s ]
SQL: SELECT `steps` FROM `workflow` WHERE ( workflow_id='8' )  [ RunTime:0.0002s ]
SQL: SELECT `step_now` FROM `workflowstep` WHERE ( workflow_id='8' and role_id='1' )  [ RunTime:0.0002s ]
SQL: SELECT `user_id` FROM `user_account` WHERE ( user_account_id='14' )  [ RunTime:0.0002s ]
SQL: SELECT `user_name` FROM `user` WHERE ( user_id='1' )  [ RunTime:0.0002s ]
SQL: SELECT `workflow_id` FROM `news_workflow` WHERE ( isenable=0 )  [ RunTime:0.0002s ]
SQL: SELECT `steps` FROM `workflow` WHERE ( workflow_id='8' )  [ RunTime:0.0002s ]
SQL: SELECT `step_now` FROM `workflowstep` WHERE ( workflow_id='8' and role_id='1' )  [ RunTime:0.0002s ]

