[ 2016-06-07T22:19:18+08:00 ] 110.97.71.247 /yisheng/webframe/index.php/Admin/Loginlog/ajaxIndex?limit=15&offset=0&sort=login_log_id&order=desc&UserName=4
INFO: [ app_begin ] --START--
INFO: Run Behavior\ReadHtmlCacheBehavior [ RunTime:0.000352s ]
INFO: [ app_begin ] --END-- [ RunTime:0.000719s ]
SQL: SHOW COLUMNS FROM `user_account` [ RunTime:0.0009s ]
SQL: SELECT * FROM `user_account` WHERE ( user_identify='b244536f4994b14f55f19e9c7a9ba144' )  [ RunTime:0.0003s ]
SQL: SHOW COLUMNS FROM `login_log` [ RunTime:0.0005s ]
SQL: SELECT * FROM `login_log` ORDER BY login_log_id desc LIMIT 0,15   [ RunTime:0.0002s ]
SQL: SELECT COUNT(*) AS tp_count FROM `login_log` LIMIT 1   [ RunTime:0.0003s ]

[ 2016-06-07T22:19:24+08:00 ] 110.97.71.247 /yisheng/webframe/index.php/Admin/Behaviorlog/ajaxIndex?limit=15&offset=0&sort=login_log_id&order=desc&UserName=4
INFO: [ app_begin ] --START--
INFO: Run Behavior\ReadHtmlCacheBehavior [ RunTime:0.000507s ]
INFO: [ app_begin ] --END-- [ RunTime:0.000860s ]
SQL: SHOW COLUMNS FROM `user_account` [ RunTime:0.0009s ]
SQL: SELECT * FROM `user_account` WHERE ( user_identify='b244536f4994b14f55f19e9c7a9ba144' )  [ RunTime:0.0003s ]
SQL: SHOW COLUMNS FROM `behavior_log` [ RunTime:0.0006s ]
SQL: SELECT * FROM `behavior_log` LIMIT 0,15   [ RunTime:0.0002s ]
SQL: SELECT `user_account` FROM `user_account` WHERE ( user_account_id='14' )  [ RunTime:0.0002s ]
SQL: SELECT `user_account` FROM `user_account` WHERE ( user_account_id='14' )  [ RunTime:0.0002s ]
SQL: SELECT `user_account` FROM `user_account` WHERE ( user_account_id='14' )  [ RunTime:0.0002s ]
SQL: SELECT `user_account` FROM `user_account` WHERE ( user_account_id='14' )  [ RunTime:0.0002s ]
SQL: SELECT `user_account` FROM `user_account` WHERE ( user_account_id='14' )  [ RunTime:0.0002s ]
SQL: SELECT `user_account` FROM `user_account` WHERE ( user_account_id='14' )  [ RunTime:0.0002s ]
SQL: SELECT `user_account` FROM `user_account` WHERE ( user_account_id='14' )  [ RunTime:0.0002s ]
SQL: SELECT `user_account` FROM `user_account` WHERE ( user_account_id='14' )  [ RunTime:0.0002s ]
SQL: SELECT `user_account` FROM `user_account` WHERE ( user_account_id='14' )  [ RunTime:0.0002s ]
SQL: SELECT `user_account` FROM `user_account` WHERE ( user_account_id='14' )  [ RunTime:0.0002s ]
SQL: SELECT `user_account` FROM `user_account` WHERE ( user_account_id='14' )  [ RunTime:0.0002s ]
SQL: SELECT `user_account` FROM `user_account` WHERE ( user_account_id='14' )  [ RunTime:0.0002s ]
SQL: SELECT `user_account` FROM `user_account` WHERE ( user_account_id='14' )  [ RunTime:0.0002s ]
SQL: SELECT `user_account` FROM `user_account` WHERE ( user_account_id='14' )  [ RunTime:0.0002s ]
SQL: SELECT `user_account` FROM `user_account` WHERE ( user_account_id='14' )  [ RunTime:0.0002s ]
SQL: SELECT COUNT(*) AS tp_count FROM `behavior_log` LIMIT 1   [ RunTime:0.0005s ]

[ 2016-06-07T22:20:59+08:00 ] 110.97.71.247 /yisheng/webframe/index.php/Admin/Behaviorlog/ajaxIndex?limit=15&offset=1110&sort=login_log_id&order=desc&UserName=4
INFO: [ app_begin ] --START--
INFO: Run Behavior\ReadHtmlCacheBehavior [ RunTime:0.000384s ]
INFO: [ app_begin ] --END-- [ RunTime:0.000632s ]
SQL: SHOW COLUMNS FROM `user_account` [ RunTime:0.0009s ]
SQL: SELECT * FROM `user_account` WHERE ( user_identify='b244536f4994b14f55f19e9c7a9ba144' )  [ RunTime:0.0003s ]
SQL: SHOW COLUMNS FROM `behavior_log` [ RunTime:0.0005s ]
SQL: SELECT * FROM `behavior_log` LIMIT 1110,15   [ RunTime:0.0009s ]
SQL: SELECT `user_account` FROM `user_account` WHERE ( user_account_id='14' )  [ RunTime:0.0002s ]
SQL: SELECT `user_account` FROM `user_account` WHERE ( user_account_id='14' )  [ RunTime:0.0002s ]
SQL: SELECT `user_account` FROM `user_account` WHERE ( user_account_id='14' )  [ RunTime:0.0002s ]
SQL: SELECT `user_account` FROM `user_account` WHERE ( user_account_id='14' )  [ RunTime:0.0002s ]
SQL: SELECT `user_account` FROM `user_account` WHERE ( user_account_id='14' )  [ RunTime:0.0002s ]
SQL: SELECT `user_account` FROM `user_account` WHERE ( user_account_id='14' )  [ RunTime:0.0002s ]
SQL: SELECT `user_account` FROM `user_account` WHERE ( user_account_id='14' )  [ RunTime:0.0002s ]
SQL: SELECT `user_account` FROM `user_account` WHERE ( user_account_id='14' )  [ RunTime:0.0002s ]
SQL: SELECT `user_account` FROM `user_account` WHERE ( user_account_id='14' )  [ RunTime:0.0002s ]
SQL: SELECT `user_account` FROM `user_account` WHERE ( user_account_id='14' )  [ RunTime:0.0002s ]
SQL: SELECT `user_account` FROM `user_account` WHERE ( user_account_id='14' )  [ RunTime:0.0002s ]
SQL: SELECT COUNT(*) AS tp_count FROM `behavior_log` LIMIT 1   [ RunTime:0.0005s ]

[ 2016-06-07T22:21:05+08:00 ] 110.97.71.247 /yisheng/webframe/index.php/Admin/Behaviorlog/ajaxIndex?limit=100&offset=1100&sort=login_log_id&order=desc&UserName=4
INFO: [ app_begin ] --START--
INFO: Run Behavior\ReadHtmlCacheBehavior [ RunTime:0.000362s ]
INFO: [ app_begin ] --END-- [ RunTime:0.000677s ]
SQL: SHOW COLUMNS FROM `user_account` [ RunTime:0.0008s ]
SQL: SELECT * FROM `user_account` WHERE ( user_identify='b244536f4994b14f55f19e9c7a9ba144' )  [ RunTime:0.0003s ]
SQL: SHOW COLUMNS FROM `behavior_log` [ RunTime:0.0005s ]
SQL: SELECT * FROM `behavior_log` LIMIT 1100,100   [ RunTime:0.0009s ]
SQL: SELECT `user_account` FROM `user_account` WHERE ( user_account_id='14' )  [ RunTime:0.0002s ]
SQL: SELECT `user_account` FROM `user_account` WHERE ( user_account_id='14' )  [ RunTime:0.0002s ]
SQL: SELECT `user_account` FROM `user_account` WHERE ( user_account_id='14' )  [ RunTime:0.0002s ]
SQL: SELECT `user_account` FROM `user_account` WHERE ( user_account_id='14' )  [ RunTime:0.0002s ]
SQL: SELECT `user_account` FROM `user_account` WHERE ( user_account_id='14' )  [ RunTime:0.0002s ]
SQL: SELECT `user_account` FROM `user_account` WHERE ( user_account_id='14' )  [ RunTime:0.0002s ]
SQL: SELECT `user_account` FROM `user_account` WHERE ( user_account_id='14' )  [ RunTime:0.0002s ]
SQL: SELECT `user_account` FROM `user_account` WHERE ( user_account_id='14' )  [ RunTime:0.0002s ]
SQL: SELECT `user_account` FROM `user_account` WHERE ( user_account_id='14' )  [ RunTime:0.0002s ]
SQL: SELECT `user_account` FROM `user_account` WHERE ( user_account_id='14' )  [ RunTime:0.0002s ]
SQL: SELECT `user_account` FROM `user_account` WHERE ( user_account_id='14' )  [ RunTime:0.0002s ]
SQL: SELECT `user_account` FROM `user_account` WHERE ( user_account_id='14' )  [ RunTime:0.0002s ]
SQL: SELECT `user_account` FROM `user_account` WHERE ( user_account_id='14' )  [ RunTime:0.0002s ]
SQL: SELECT `user_account` FROM `user_account` WHERE ( user_account_id='14' )  [ RunTime:0.0002s ]
SQL: SELECT `user_account` FROM `user_account` WHERE ( user_account_id='14' )  [ RunTime:0.0002s ]
SQL: SELECT `user_account` FROM `user_account` WHERE ( user_account_id='14' )  [ RunTime:0.0002s ]
SQL: SELECT `user_account` FROM `user_account` WHERE ( user_account_id='14' )  [ RunTime:0.0002s ]
SQL: SELECT `user_account` FROM `user_account` WHERE ( user_account_id='14' )  [ RunTime:0.0002s ]
SQL: SELECT `user_account` FROM `user_account` WHERE ( user_account_id='14' )  [ RunTime:0.0002s ]
SQL: SELECT `user_account` FROM `user_account` WHERE ( user_account_id='14' )  [ RunTime:0.0002s ]
SQL: SELECT `user_account` FROM `user_account` WHERE ( user_account_id='14' )  [ RunTime:0.0002s ]
SQL: SELECT COUNT(*) AS tp_count FROM `behavior_log` LIMIT 1   [ RunTime:0.0005s ]

[ 2016-06-07T22:21:17+08:00 ] 110.97.71.247 /yisheng/webframe/index.php/Admin/Behaviorlog/ajaxIndex?limit=100&offset=0&sort=login_log_id&order=desc&UserName=4
INFO: [ app_begin ] --START--
INFO: Run Behavior\ReadHtmlCacheBehavior [ RunTime:0.000358s ]
INFO: [ app_begin ] --END-- [ RunTime:0.000683s ]
SQL: SHOW COLUMNS FROM `user_account` [ RunTime:0.0009s ]
SQL: SELECT * FROM `user_account` WHERE ( user_identify='b244536f4994b14f55f19e9c7a9ba144' )  [ RunTime:0.0003s ]
SQL: SHOW COLUMNS FROM `behavior_log` [ RunTime:0.0006s ]
SQL: SELECT * FROM `behavior_log` LIMIT 0,100   [ RunTime:0.0004s ]
SQL: SELECT `user_account` FROM `user_account` WHERE ( user_account_id='14' )  [ RunTime:0.0002s ]
SQL: SELECT `user_account` FROM `user_account` WHERE ( user_account_id='14' )  [ RunTime:0.0002s ]
SQL: SELECT `user_account` FROM `user_account` WHERE ( user_account_id='14' )  [ RunTime:0.0002s ]
SQL: SELECT `user_account` FROM `user_account` WHERE ( user_account_id='14' )  [ RunTime:0.0002s ]
SQL: SELECT `user_account` FROM `user_account` WHERE ( user_account_id='14' )  [ RunTime:0.0002s ]
SQL: SELECT `user_account` FROM `user_account` WHERE ( user_account_id='14' )  [ RunTime:0.0002s ]
SQL: SELECT `user_account` FROM `user_account` WHERE ( user_account_id='14' )  [ RunTime:0.0002s ]
SQL: SELECT `user_account` FROM `user_account` WHERE ( user_account_id='14' )  [ RunTime:0.0002s ]
SQL: SELECT `user_account` FROM `user_account` WHERE ( user_account_id='14' )  [ RunTime:0.0002s ]
SQL: SELECT `user_account` FROM `user_account` WHERE ( user_account_id='14' )  [ RunTime:0.0002s ]
SQL: SELECT `user_account` FROM `user_account` WHERE ( user_account_id='14' )  [ RunTime:0.0002s ]
SQL: SELECT `user_account` FROM `user_account` WHERE ( user_account_id='14' )  [ RunTime:0.0002s ]
SQL: SELECT `user_account` FROM `user_account` WHERE ( user_account_id='14' )  [ RunTime:0.0002s ]
SQL: SELECT `user_account` FROM `user_account` WHERE ( user_account_id='14' )  [ RunTime:0.0002s ]
SQL: SELECT `user_account` FROM `user_account` WHERE ( user_account_id='14' )  [ RunTime:0.0002s ]
SQL: SELECT `user_account` FROM `user_account` WHERE ( user_account_id='14' )  [ RunTime:0.0002s ]
SQL: SELECT `user_account` FROM `user_account` WHERE ( user_account_id='14' )  [ RunTime:0.0002s ]
SQL: SELECT `user_account` FROM `user_account` WHERE ( user_account_id='14' )  [ RunTime:0.0002s ]
SQL: SELECT `user_account` FROM `user_account` WHERE ( user_account_id='14' )  [ RunTime:0.0002s ]
SQL: SELECT `user_account` FROM `user_account` WHERE ( user_account_id='14' )  [ RunTime:0.0002s ]
SQL: SELECT `user_account` FROM `user_account` WHERE ( user_account_id='14' )  [ RunTime:0.0002s ]
SQL: SELECT `user_account` FROM `user_account` WHERE ( user_account_id='14' )  [ RunTime:0.0002s ]
SQL: SELECT `user_account` FROM `user_account` WHERE ( user_account_id='14' )  [ RunTime:0.0002s ]
SQL: SELECT `user_account` FROM `user_account` WHERE ( user_account_id='14' )  [ RunTime:0.0002s ]
SQL: SELECT `user_account` FROM `user_account` WHERE ( user_account_id='14' )  [ RunTime:0.0002s ]
SQL: SELECT `user_account` FROM `user_account` WHERE ( user_account_id='14' )  [ RunTime:0.0002s ]
SQL: SELECT `user_account` FROM `user_account` WHERE ( user_account_id='14' )  [ RunTime:0.0002s ]
SQL: SELECT `user_account` FROM `user_account` WHERE ( user_account_id='14' )  [ RunTime:0.0002s ]
SQL: SELECT `user_account` FROM `user_account` WHERE ( user_account_id='14' )  [ RunTime:0.0002s ]
SQL: SELECT `user_account` FROM `user_account` WHERE ( user_account_id='14' )  [ RunTime:0.0002s ]
SQL: SELECT `user_account` FROM `user_account` WHERE ( user_account_id='14' )  [ RunTime:0.0002s ]
SQL: SELECT `user_account` FROM `user_account` WHERE ( user_account_id='14' )  [ RunTime:0.0002s ]
SQL: SELECT `user_account` FROM `user_account` WHERE ( user_account_id='14' )  [ RunTime:0.0002s ]
SQL: SELECT `user_account` FROM `user_account` WHERE ( user_account_id='14' )  [ RunTime:0.0002s ]
SQL: SELECT `user_account` FROM `user_account` WHERE ( user_account_id='14' )  [ RunTime:0.0002s ]
SQL: SELECT `user_account` FROM `user_account` WHERE ( user_account_id='14' )  [ RunTime:0.0002s ]
SQL: SELECT `user_account` FROM `user_account` WHERE ( user_account_id='14' )  [ RunTime:0.0002s ]
SQL: SELECT `user_account` FROM `user_account` WHERE ( user_account_id='14' )  [ RunTime:0.0002s ]
SQL: SELECT `user_account` FROM `user_account` WHERE ( user_account_id='14' )  [ RunTime:0.0002s ]
SQL: SELECT `user_account` FROM `user_account` WHERE ( user_account_id='14' )  [ RunTime:0.0002s ]
SQL: SELECT `user_account` FROM `user_account` WHERE ( user_account_id='14' )  [ RunTime:0.0002s ]
SQL: SELECT `user_account` FROM `user_account` WHERE ( user_account_id='14' )  [ RunTime:0.0002s ]
SQL: SELECT `user_account` FROM `user_account` WHERE ( user_account_id='14' )  [ RunTime:0.0002s ]
SQL: SELECT `user_account` FROM `user_account` WHERE ( user_account_id='14' )  [ RunTime:0.0002s ]
SQL: SELECT `user_account` FROM `user_account` WHERE ( user_account_id='14' )  [ RunTime:0.0002s ]
SQL: SELECT `user_account` FROM `user_account` WHERE ( user_account_id='14' )  [ RunTime:0.0002s ]
SQL: SELECT `user_account` FROM `user_account` WHERE ( user_account_id='14' )  [ RunTime:0.0002s ]
SQL: SELECT `user_account` FROM `user_account` WHERE ( user_account_id='14' )  [ RunTime:0.0002s ]
SQL: SELECT `user_account` FROM `user_account` WHERE ( user_account_id='14' )  [ RunTime:0.0002s ]
SQL: SELECT `user_account` FROM `user_account` WHERE ( user_account_id='14' )  [ RunTime:0.0002s ]
SQL: SELECT `user_account` FROM `user_account` WHERE ( user_account_id='14' )  [ RunTime:0.0002s ]
SQL: SELECT `user_account` FROM `user_account` WHERE ( user_account_id='14' )  [ RunTime:0.0002s ]
SQL: SELECT `user_account` FROM `user_account` WHERE ( user_account_id='14' )  [ RunTime:0.0002s ]
SQL: SELECT `user_account` FROM `user_account` WHERE ( user_account_id='14' )  [ RunTime:0.0002s ]
SQL: SELECT `user_account` FROM `user_account` WHERE ( user_account_id='14' )  [ RunTime:0.0002s ]
SQL: SELECT `user_account` FROM `user_account` WHERE ( user_account_id='14' )  [ RunTime:0.0002s ]
SQL: SELECT `user_account` FROM `user_account` WHERE ( user_account_id='14' )  [ RunTime:0.0002s ]
SQL: SELECT `user_account` FROM `user_account` WHERE ( user_account_id='14' )  [ RunTime:0.0002s ]
SQL: SELECT `user_account` FROM `user_account` WHERE ( user_account_id='14' )  [ RunTime:0.0002s ]
SQL: SELECT `user_account` FROM `user_account` WHERE ( user_account_id='14' )  [ RunTime:0.0002s ]
SQL: SELECT `user_account` FROM `user_account` WHERE ( user_account_id='14' )  [ RunTime:0.0002s ]
SQL: SELECT `user_account` FROM `user_account` WHERE ( user_account_id='14' )  [ RunTime:0.0002s ]
SQL: SELECT `user_account` FROM `user_account` WHERE ( user_account_id='14' )  [ RunTime:0.0002s ]
SQL: SELECT `user_account` FROM `user_account` WHERE ( user_account_id='14' )  [ RunTime:0.0002s ]
SQL: SELECT `user_account` FROM `user_account` WHERE ( user_account_id='14' )  [ RunTime:0.0002s ]
SQL: SELECT `user_account` FROM `user_account` WHERE ( user_account_id='14' )  [ RunTime:0.0002s ]
SQL: SELECT `user_account` FROM `user_account` WHERE ( user_account_id='14' )  [ RunTime:0.0002s ]
SQL: SELECT `user_account` FROM `user_account` WHERE ( user_account_id='14' )  [ RunTime:0.0002s ]
SQL: SELECT `user_account` FROM `user_account` WHERE ( user_account_id='14' )  [ RunTime:0.0002s ]
SQL: SELECT `user_account` FROM `user_account` WHERE ( user_account_id='14' )  [ RunTime:0.0002s ]
SQL: SELECT `user_account` FROM `user_account` WHERE ( user_account_id='14' )  [ RunTime:0.0002s ]
SQL: SELECT `user_account` FROM `user_account` WHERE ( user_account_id='14' )  [ RunTime:0.0002s ]
SQL: SELECT `user_account` FROM `user_account` WHERE ( user_account_id='14' )  [ RunTime:0.0002s ]
SQL: SELECT `user_account` FROM `user_account` WHERE ( user_account_id='14' )  [ RunTime:0.0002s ]
SQL: SELECT `user_account` FROM `user_account` WHERE ( user_account_id='14' )  [ RunTime:0.0002s ]
SQL: SELECT `user_account` FROM `user_account` WHERE ( user_account_id='14' )  [ RunTime:0.0002s ]
SQL: SELECT `user_account` FROM `user_account` WHERE ( user_account_id='14' )  [ RunTime:0.0002s ]
SQL: SELECT `user_account` FROM `user_account` WHERE ( user_account_id='14' )  [ RunTime:0.0002s ]
SQL: SELECT `user_account` FROM `user_account` WHERE ( user_account_id='14' )  [ RunTime:0.0002s ]
SQL: SELECT `user_account` FROM `user_account` WHERE ( user_account_id='14' )  [ RunTime:0.0002s ]
SQL: SELECT `user_account` FROM `user_account` WHERE ( user_account_id='14' )  [ RunTime:0.0002s ]
SQL: SELECT `user_account` FROM `user_account` WHERE ( user_account_id='14' )  [ RunTime:0.0002s ]
SQL: SELECT `user_account` FROM `user_account` WHERE ( user_account_id='14' )  [ RunTime:0.0002s ]
SQL: SELECT `user_account` FROM `user_account` WHERE ( user_account_id='14' )  [ RunTime:0.0002s ]
SQL: SELECT `user_account` FROM `user_account` WHERE ( user_account_id='14' )  [ RunTime:0.0002s ]
SQL: SELECT `user_account` FROM `user_account` WHERE ( user_account_id='14' )  [ RunTime:0.0002s ]
SQL: SELECT `user_account` FROM `user_account` WHERE ( user_account_id='14' )  [ RunTime:0.0002s ]
SQL: SELECT `user_account` FROM `user_account` WHERE ( user_account_id='14' )  [ RunTime:0.0002s ]
SQL: SELECT `user_account` FROM `user_account` WHERE ( user_account_id='14' )  [ RunTime:0.0002s ]
SQL: SELECT `user_account` FROM `user_account` WHERE ( user_account_id='14' )  [ RunTime:0.0002s ]
SQL: SELECT `user_account` FROM `user_account` WHERE ( user_account_id='14' )  [ RunTime:0.0002s ]
SQL: SELECT `user_account` FROM `user_account` WHERE ( user_account_id='14' )  [ RunTime:0.0002s ]
SQL: SELECT `user_account` FROM `user_account` WHERE ( user_account_id='14' )  [ RunTime:0.0002s ]
SQL: SELECT `user_account` FROM `user_account` WHERE ( user_account_id='14' )  [ RunTime:0.0002s ]
SQL: SELECT `user_account` FROM `user_account` WHERE ( user_account_id='14' )  [ RunTime:0.0002s ]
SQL: SELECT `user_account` FROM `user_account` WHERE ( user_account_id='14' )  [ RunTime:0.0002s ]
SQL: SELECT `user_account` FROM `user_account` WHERE ( user_account_id='14' )  [ RunTime:0.0002s ]
SQL: SELECT `user_account` FROM `user_account` WHERE ( user_account_id='14' )  [ RunTime:0.0002s ]
SQL: SELECT `user_account` FROM `user_account` WHERE ( user_account_id='14' )  [ RunTime:0.0002s ]
SQL: SELECT `user_account` FROM `user_account` WHERE ( user_account_id='14' )  [ RunTime:0.0002s ]
SQL: SELECT COUNT(*) AS tp_count FROM `behavior_log` LIMIT 1   [ RunTime:0.0005s ]

