[ 2016-05-27T15:00:51+08:00 ] 114.250.167.93 /yisheng/webframe/index.php/Admin/Lecture/ajaxIndex?limit=15&offset=0&sort=lecture.lec_id&order=desc&lec_workshop=&UserName=4
INFO: [ app_begin ] --START--
INFO: Run Behavior\ReadHtmlCacheBehavior [ RunTime:0.000357s ]
INFO: [ app_begin ] --END-- [ RunTime:0.000629s ]
SQL: SHOW COLUMNS FROM `user_account` [ RunTime:0.0009s ]
SQL: SELECT * FROM `user_account` WHERE ( user_identify='b244536f4994b14f55f19e9c7a9ba144' )  [ RunTime:0.0003s ]
SQL: SHOW COLUMNS FROM `lec_workflow` [ RunTime:0.0005s ]
SQL: SELECT `workflow_id` FROM `lec_workflow` WHERE ( isenable=0 )  [ RunTime:0.0002s ]
SQL: SELECT `role_id` FROM `user_account` WHERE ( user_account_id=14 )  [ RunTime:0.0002s ]
SQL: SHOW COLUMNS FROM `workflow` [ RunTime:0.0005s ]
SQL: SELECT `steps` FROM `workflow` WHERE ( workflow_id=8 )  [ RunTime:0.0002s ]
SQL: SHOW COLUMNS FROM `lecture` [ RunTime:0.0006s ]
SQL: SELECT `lec_id`,`lec_name`,`lec_time`,`lec_speaker`,`lec_college`,`lec_workshop`,`lec_place`,`lec_exam_status`,`lec_add_user`,`lec_wof_step_now`,`lec_rel_status` FROM `lecture` ORDER BY lecture.lec_id desc LIMIT 0,15   [ RunTime:0.0002s ]
SQL: SELECT COUNT(*) AS tp_count FROM `lecture` LIMIT 1   [ RunTime:0.0002s ]
SQL: SHOW COLUMNS FROM `organization` [ RunTime:0.0005s ]
SQL: SELECT `org_name` FROM `organization` WHERE ( org_id=14 )  [ RunTime:0.0002s ]
SQL: SELECT `org_name` FROM `organization` WHERE ( org_id=9 )  [ RunTime:0.0002s ]
SQL: SHOW COLUMNS FROM `workflowstep` [ RunTime:0.0005s ]
SQL: SELECT `step_now` FROM `workflowstep` WHERE ( workflow_id=8 and role_id=1 )  [ RunTime:0.0002s ]
SQL: SELECT `steps` FROM `workflow` WHERE ( workflow_id=8 )  [ RunTime:0.0002s ]
SQL: SELECT `org_name` FROM `organization` WHERE ( org_id=14 )  [ RunTime:0.0002s ]
SQL: SELECT `org_name` FROM `organization` WHERE ( org_id=9 )  [ RunTime:0.0002s ]
SQL: SELECT `step_now` FROM `workflowstep` WHERE ( workflow_id=8 and role_id=1 )  [ RunTime:0.0002s ]
SQL: SELECT `steps` FROM `workflow` WHERE ( workflow_id=8 )  [ RunTime:0.0001s ]
SQL: SELECT `org_name` FROM `organization` WHERE ( org_id=14 )  [ RunTime:0.0002s ]
SQL: SELECT `org_name` FROM `organization` WHERE ( org_id=9 )  [ RunTime:0.0002s ]
SQL: SELECT `step_now` FROM `workflowstep` WHERE ( workflow_id=8 and role_id=1 )  [ RunTime:0.0002s ]
SQL: SELECT `steps` FROM `workflow` WHERE ( workflow_id=8 )  [ RunTime:0.0002s ]

[ 2016-05-27T15:04:14+08:00 ] 114.250.167.93 /yisheng/webframe/index.php/Admin/Lecture/ajaxIndex?limit=15&offset=0&sort=lecture.lec_id&order=desc&lec_workshop=9&UserName=4
INFO: [ app_begin ] --START--
INFO: Run Behavior\ReadHtmlCacheBehavior [ RunTime:0.001452s ]
INFO: [ app_begin ] --END-- [ RunTime:0.001716s ]
SQL: SHOW COLUMNS FROM `user_account` [ RunTime:0.0009s ]
SQL: SELECT * FROM `user_account` WHERE ( user_identify='b244536f4994b14f55f19e9c7a9ba144' )  [ RunTime:0.0003s ]
SQL: SHOW COLUMNS FROM `lec_workflow` [ RunTime:0.0005s ]
SQL: SELECT `workflow_id` FROM `lec_workflow` WHERE ( isenable=0 )  [ RunTime:0.0002s ]
SQL: SELECT `role_id` FROM `user_account` WHERE ( user_account_id=14 )  [ RunTime:0.0002s ]
SQL: SHOW COLUMNS FROM `workflow` [ RunTime:0.0005s ]
SQL: SELECT `steps` FROM `workflow` WHERE ( workflow_id=8 )  [ RunTime:0.0002s ]
SQL: SHOW COLUMNS FROM `lecture` [ RunTime:0.0007s ]
SQL: SELECT `lec_id`,`lec_name`,`lec_time`,`lec_speaker`,`lec_college`,`lec_workshop`,`lec_place`,`lec_exam_status`,`lec_add_user`,`lec_wof_step_now`,`lec_rel_status` FROM `lecture` WHERE (  lec_workshop=9 ) ORDER BY lecture.lec_id desc LIMIT 0,15   [ RunTime:0.0002s ]
SQL: SELECT COUNT(*) AS tp_count FROM `lecture` WHERE (  lec_workshop=9 ) LIMIT 1   [ RunTime:0.0002s ]
SQL: SHOW COLUMNS FROM `organization` [ RunTime:0.0005s ]
SQL: SELECT `org_name` FROM `organization` WHERE ( org_id=14 )  [ RunTime:0.0002s ]
SQL: SELECT `org_name` FROM `organization` WHERE ( org_id=9 )  [ RunTime:0.0001s ]
SQL: SHOW COLUMNS FROM `workflowstep` [ RunTime:0.0005s ]
SQL: SELECT `step_now` FROM `workflowstep` WHERE ( workflow_id=8 and role_id=1 )  [ RunTime:0.0002s ]
SQL: SELECT `steps` FROM `workflow` WHERE ( workflow_id=8 )  [ RunTime:0.0001s ]
SQL: SELECT `org_name` FROM `organization` WHERE ( org_id=14 )  [ RunTime:0.0002s ]
SQL: SELECT `org_name` FROM `organization` WHERE ( org_id=9 )  [ RunTime:0.0001s ]
SQL: SELECT `step_now` FROM `workflowstep` WHERE ( workflow_id=8 and role_id=1 )  [ RunTime:0.0002s ]
SQL: SELECT `steps` FROM `workflow` WHERE ( workflow_id=8 )  [ RunTime:0.0002s ]
SQL: SELECT `org_name` FROM `organization` WHERE ( org_id=14 )  [ RunTime:0.0002s ]
SQL: SELECT `org_name` FROM `organization` WHERE ( org_id=9 )  [ RunTime:0.0001s ]
SQL: SELECT `step_now` FROM `workflowstep` WHERE ( workflow_id=8 and role_id=1 )  [ RunTime:0.0002s ]
SQL: SELECT `steps` FROM `workflow` WHERE ( workflow_id=8 )  [ RunTime:0.0002s ]

[ 2016-05-27T15:04:14+08:00 ] 114.250.167.93 /yisheng/webframe/index.php/Admin/Lecture/ajaxIndex?limit=15&offset=0&sort=lecture.lec_id&order=desc&lec_workshop=9&UserName=4
INFO: [ app_begin ] --START--
INFO: Run Behavior\ReadHtmlCacheBehavior [ RunTime:0.000395s ]
INFO: [ app_begin ] --END-- [ RunTime:0.001729s ]
SQL: SHOW COLUMNS FROM `user_account` [ RunTime:0.0007s ]
SQL: SELECT * FROM `user_account` WHERE ( user_identify='b244536f4994b14f55f19e9c7a9ba144' )  [ RunTime:0.0002s ]
SQL: SHOW COLUMNS FROM `lec_workflow` [ RunTime:0.0005s ]
SQL: SELECT `workflow_id` FROM `lec_workflow` WHERE ( isenable=0 )  [ RunTime:0.0002s ]
SQL: SELECT `role_id` FROM `user_account` WHERE ( user_account_id=14 )  [ RunTime:0.0002s ]
SQL: SHOW COLUMNS FROM `workflow` [ RunTime:0.0005s ]
SQL: SELECT `steps` FROM `workflow` WHERE ( workflow_id=8 )  [ RunTime:0.0002s ]
SQL: SHOW COLUMNS FROM `lecture` [ RunTime:0.0006s ]
SQL: SELECT `lec_id`,`lec_name`,`lec_time`,`lec_speaker`,`lec_college`,`lec_workshop`,`lec_place`,`lec_exam_status`,`lec_add_user`,`lec_wof_step_now`,`lec_rel_status` FROM `lecture` WHERE (  lec_workshop=9 ) ORDER BY lecture.lec_id desc LIMIT 0,15   [ RunTime:0.0002s ]
SQL: SELECT COUNT(*) AS tp_count FROM `lecture` WHERE (  lec_workshop=9 ) LIMIT 1   [ RunTime:0.0002s ]
SQL: SHOW COLUMNS FROM `organization` [ RunTime:0.0006s ]
SQL: SELECT `org_name` FROM `organization` WHERE ( org_id=14 )  [ RunTime:0.0002s ]
SQL: SELECT `org_name` FROM `organization` WHERE ( org_id=9 )  [ RunTime:0.0001s ]
SQL: SHOW COLUMNS FROM `workflowstep` [ RunTime:0.0005s ]
SQL: SELECT `step_now` FROM `workflowstep` WHERE ( workflow_id=8 and role_id=1 )  [ RunTime:0.0002s ]
SQL: SELECT `steps` FROM `workflow` WHERE ( workflow_id=8 )  [ RunTime:0.0002s ]
SQL: SELECT `org_name` FROM `organization` WHERE ( org_id=14 )  [ RunTime:0.0001s ]
SQL: SELECT `org_name` FROM `organization` WHERE ( org_id=9 )  [ RunTime:0.0002s ]
SQL: SELECT `step_now` FROM `workflowstep` WHERE ( workflow_id=8 and role_id=1 )  [ RunTime:0.0002s ]
SQL: SELECT `steps` FROM `workflow` WHERE ( workflow_id=8 )  [ RunTime:0.0001s ]
SQL: SELECT `org_name` FROM `organization` WHERE ( org_id=14 )  [ RunTime:0.0001s ]
SQL: SELECT `org_name` FROM `organization` WHERE ( org_id=9 )  [ RunTime:0.0001s ]
SQL: SELECT `step_now` FROM `workflowstep` WHERE ( workflow_id=8 and role_id=1 )  [ RunTime:0.0002s ]
SQL: SELECT `steps` FROM `workflow` WHERE ( workflow_id=8 )  [ RunTime:0.0001s ]

[ 2016-05-27T15:04:17+08:00 ] 114.250.167.93 /yisheng/webframe/index.php/Admin/Lecture/ajaxIndex?limit=15&offset=0&sort=lecture.lec_id&order=desc&lec_workshop=11&UserName=4
INFO: [ app_begin ] --START--
INFO: Run Behavior\ReadHtmlCacheBehavior [ RunTime:0.001515s ]
INFO: [ app_begin ] --END-- [ RunTime:0.001797s ]
SQL: SHOW COLUMNS FROM `user_account` [ RunTime:0.0009s ]
SQL: SELECT * FROM `user_account` WHERE ( user_identify='b244536f4994b14f55f19e9c7a9ba144' )  [ RunTime:0.0003s ]
SQL: SHOW COLUMNS FROM `lec_workflow` [ RunTime:0.0005s ]
SQL: SELECT `workflow_id` FROM `lec_workflow` WHERE ( isenable=0 )  [ RunTime:0.0002s ]
SQL: SELECT `role_id` FROM `user_account` WHERE ( user_account_id=14 )  [ RunTime:0.0002s ]
SQL: SHOW COLUMNS FROM `workflow` [ RunTime:0.0005s ]
SQL: SELECT `steps` FROM `workflow` WHERE ( workflow_id=8 )  [ RunTime:0.0002s ]
SQL: SHOW COLUMNS FROM `lecture` [ RunTime:0.0007s ]
SQL: SELECT `lec_id`,`lec_name`,`lec_time`,`lec_speaker`,`lec_college`,`lec_workshop`,`lec_place`,`lec_exam_status`,`lec_add_user`,`lec_wof_step_now`,`lec_rel_status` FROM `lecture` WHERE (  lec_workshop=11 ) ORDER BY lecture.lec_id desc LIMIT 0,15   [ RunTime:0.0002s ]
SQL: SELECT COUNT(*) AS tp_count FROM `lecture` WHERE (  lec_workshop=11 ) LIMIT 1   [ RunTime:0.0002s ]

[ 2016-05-27T15:04:17+08:00 ] 114.250.167.93 /yisheng/webframe/index.php/Admin/Lecture/ajaxIndex?limit=15&offset=0&sort=lecture.lec_id&order=desc&lec_workshop=11&UserName=4
INFO: [ app_begin ] --START--
INFO: Run Behavior\ReadHtmlCacheBehavior [ RunTime:0.002535s ]
INFO: [ app_begin ] --END-- [ RunTime:0.002830s ]
SQL: SHOW COLUMNS FROM `user_account` [ RunTime:0.0008s ]
SQL: SELECT * FROM `user_account` WHERE ( user_identify='b244536f4994b14f55f19e9c7a9ba144' )  [ RunTime:0.0003s ]
SQL: SHOW COLUMNS FROM `lec_workflow` [ RunTime:0.0005s ]
SQL: SELECT `workflow_id` FROM `lec_workflow` WHERE ( isenable=0 )  [ RunTime:0.0002s ]
SQL: SELECT `role_id` FROM `user_account` WHERE ( user_account_id=14 )  [ RunTime:0.0002s ]
SQL: SHOW COLUMNS FROM `workflow` [ RunTime:0.0005s ]
SQL: SELECT `steps` FROM `workflow` WHERE ( workflow_id=8 )  [ RunTime:0.0002s ]
SQL: SHOW COLUMNS FROM `lecture` [ RunTime:0.0007s ]
SQL: SELECT `lec_id`,`lec_name`,`lec_time`,`lec_speaker`,`lec_college`,`lec_workshop`,`lec_place`,`lec_exam_status`,`lec_add_user`,`lec_wof_step_now`,`lec_rel_status` FROM `lecture` WHERE (  lec_workshop=11 ) ORDER BY lecture.lec_id desc LIMIT 0,15   [ RunTime:0.0002s ]
SQL: SELECT COUNT(*) AS tp_count FROM `lecture` WHERE (  lec_workshop=11 ) LIMIT 1   [ RunTime:0.0002s ]

[ 2016-05-27T15:04:19+08:00 ] 114.250.167.93 /yisheng/webframe/index.php/Admin/Lecture/ajaxIndex?limit=15&offset=0&sort=lecture.lec_id&order=desc&lec_workshop=9&UserName=4
INFO: [ app_begin ] --START--
INFO: Run Behavior\ReadHtmlCacheBehavior [ RunTime:0.000454s ]
INFO: [ app_begin ] --END-- [ RunTime:0.000708s ]
SQL: SHOW COLUMNS FROM `user_account` [ RunTime:0.0009s ]
SQL: SELECT * FROM `user_account` WHERE ( user_identify='b244536f4994b14f55f19e9c7a9ba144' )  [ RunTime:0.0003s ]
SQL: SHOW COLUMNS FROM `lec_workflow` [ RunTime:0.0006s ]
SQL: SELECT `workflow_id` FROM `lec_workflow` WHERE ( isenable=0 )  [ RunTime:0.0002s ]
SQL: SELECT `role_id` FROM `user_account` WHERE ( user_account_id=14 )  [ RunTime:0.0002s ]
SQL: SHOW COLUMNS FROM `workflow` [ RunTime:0.0005s ]
SQL: SELECT `steps` FROM `workflow` WHERE ( workflow_id=8 )  [ RunTime:0.0002s ]
SQL: SHOW COLUMNS FROM `lecture` [ RunTime:0.0006s ]
SQL: SELECT `lec_id`,`lec_name`,`lec_time`,`lec_speaker`,`lec_college`,`lec_workshop`,`lec_place`,`lec_exam_status`,`lec_add_user`,`lec_wof_step_now`,`lec_rel_status` FROM `lecture` WHERE (  lec_workshop=9 ) ORDER BY lecture.lec_id desc LIMIT 0,15   [ RunTime:0.0002s ]
SQL: SELECT COUNT(*) AS tp_count FROM `lecture` WHERE (  lec_workshop=9 ) LIMIT 1   [ RunTime:0.0002s ]
SQL: SHOW COLUMNS FROM `organization` [ RunTime:0.0006s ]
SQL: SELECT `org_name` FROM `organization` WHERE ( org_id=14 )  [ RunTime:0.0002s ]
SQL: SELECT `org_name` FROM `organization` WHERE ( org_id=9 )  [ RunTime:0.0002s ]
SQL: SHOW COLUMNS FROM `workflowstep` [ RunTime:0.0005s ]
SQL: SELECT `step_now` FROM `workflowstep` WHERE ( workflow_id=8 and role_id=1 )  [ RunTime:0.0002s ]
SQL: SELECT `steps` FROM `workflow` WHERE ( workflow_id=8 )  [ RunTime:0.0001s ]
SQL: SELECT `org_name` FROM `organization` WHERE ( org_id=14 )  [ RunTime:0.0002s ]
SQL: SELECT `org_name` FROM `organization` WHERE ( org_id=9 )  [ RunTime:0.0002s ]
SQL: SELECT `step_now` FROM `workflowstep` WHERE ( workflow_id=8 and role_id=1 )  [ RunTime:0.0002s ]
SQL: SELECT `steps` FROM `workflow` WHERE ( workflow_id=8 )  [ RunTime:0.0001s ]
SQL: SELECT `org_name` FROM `organization` WHERE ( org_id=14 )  [ RunTime:0.0002s ]
SQL: SELECT `org_name` FROM `organization` WHERE ( org_id=9 )  [ RunTime:0.0001s ]
SQL: SELECT `step_now` FROM `workflowstep` WHERE ( workflow_id=8 and role_id=1 )  [ RunTime:0.0002s ]
SQL: SELECT `steps` FROM `workflow` WHERE ( workflow_id=8 )  [ RunTime:0.0002s ]

[ 2016-05-27T15:04:19+08:00 ] 114.250.167.93 /yisheng/webframe/index.php/Admin/Lecture/ajaxIndex?limit=15&offset=0&sort=lecture.lec_id&order=desc&lec_workshop=9&UserName=4
INFO: [ app_begin ] --START--
INFO: Run Behavior\ReadHtmlCacheBehavior [ RunTime:0.000376s ]
INFO: [ app_begin ] --END-- [ RunTime:0.001743s ]
SQL: SHOW COLUMNS FROM `user_account` [ RunTime:0.0009s ]
SQL: SELECT * FROM `user_account` WHERE ( user_identify='b244536f4994b14f55f19e9c7a9ba144' )  [ RunTime:0.0003s ]
SQL: SHOW COLUMNS FROM `lec_workflow` [ RunTime:0.0005s ]
SQL: SELECT `workflow_id` FROM `lec_workflow` WHERE ( isenable=0 )  [ RunTime:0.0002s ]
SQL: SELECT `role_id` FROM `user_account` WHERE ( user_account_id=14 )  [ RunTime:0.0002s ]
SQL: SHOW COLUMNS FROM `workflow` [ RunTime:0.0005s ]
SQL: SELECT `steps` FROM `workflow` WHERE ( workflow_id=8 )  [ RunTime:0.0002s ]
SQL: SHOW COLUMNS FROM `lecture` [ RunTime:0.0007s ]
SQL: SELECT `lec_id`,`lec_name`,`lec_time`,`lec_speaker`,`lec_college`,`lec_workshop`,`lec_place`,`lec_exam_status`,`lec_add_user`,`lec_wof_step_now`,`lec_rel_status` FROM `lecture` WHERE (  lec_workshop=9 ) ORDER BY lecture.lec_id desc LIMIT 0,15   [ RunTime:0.0002s ]
SQL: SELECT COUNT(*) AS tp_count FROM `lecture` WHERE (  lec_workshop=9 ) LIMIT 1   [ RunTime:0.0002s ]
SQL: SHOW COLUMNS FROM `organization` [ RunTime:0.0005s ]
SQL: SELECT `org_name` FROM `organization` WHERE ( org_id=14 )  [ RunTime:0.0004s ]
SQL: SELECT `org_name` FROM `organization` WHERE ( org_id=9 )  [ RunTime:0.0002s ]
SQL: SHOW COLUMNS FROM `workflowstep` [ RunTime:0.0007s ]
SQL: SELECT `step_now` FROM `workflowstep` WHERE ( workflow_id=8 and role_id=1 )  [ RunTime:0.0002s ]
SQL: SELECT `steps` FROM `workflow` WHERE ( workflow_id=8 )  [ RunTime:0.0002s ]
SQL: SELECT `org_name` FROM `organization` WHERE ( org_id=14 )  [ RunTime:0.0002s ]
SQL: SELECT `org_name` FROM `organization` WHERE ( org_id=9 )  [ RunTime:0.0002s ]
SQL: SELECT `step_now` FROM `workflowstep` WHERE ( workflow_id=8 and role_id=1 )  [ RunTime:0.0002s ]
SQL: SELECT `steps` FROM `workflow` WHERE ( workflow_id=8 )  [ RunTime:0.0001s ]
SQL: SELECT `org_name` FROM `organization` WHERE ( org_id=14 )  [ RunTime:0.0002s ]
SQL: SELECT `org_name` FROM `organization` WHERE ( org_id=9 )  [ RunTime:0.0002s ]
SQL: SELECT `step_now` FROM `workflowstep` WHERE ( workflow_id=8 and role_id=1 )  [ RunTime:0.0002s ]
SQL: SELECT `steps` FROM `workflow` WHERE ( workflow_id=8 )  [ RunTime:0.0002s ]

[ 2016-05-27T15:17:36+08:00 ] 114.250.167.93 /yisheng/webframe/index.php/Admin/Lecture/ajaxIndex?limit=15&offset=0&sort=lecture.lec_id&order=desc&lec_workshop=&UserName=4
INFO: [ app_begin ] --START--
INFO: Run Behavior\ReadHtmlCacheBehavior [ RunTime:0.004457s ]
INFO: [ app_begin ] --END-- [ RunTime:0.004731s ]
SQL: SHOW COLUMNS FROM `user_account` [ RunTime:0.0009s ]
SQL: SELECT * FROM `user_account` WHERE ( user_identify='b244536f4994b14f55f19e9c7a9ba144' )  [ RunTime:0.0003s ]
SQL: SHOW COLUMNS FROM `lec_workflow` [ RunTime:0.0005s ]
SQL: SELECT `workflow_id` FROM `lec_workflow` WHERE ( isenable=0 )  [ RunTime:0.0002s ]
SQL: SELECT `role_id` FROM `user_account` WHERE ( user_account_id=14 )  [ RunTime:0.0002s ]
SQL: SHOW COLUMNS FROM `workflow` [ RunTime:0.0005s ]
SQL: SELECT `steps` FROM `workflow` WHERE ( workflow_id=8 )  [ RunTime:0.0002s ]
SQL: SHOW COLUMNS FROM `lecture` [ RunTime:0.0006s ]
SQL: SELECT `lec_id`,`lec_name`,`lec_time`,`lec_speaker`,`lec_college`,`lec_workshop`,`lec_place`,`lec_exam_status`,`lec_add_user`,`lec_wof_step_now`,`lec_rel_status` FROM `lecture` ORDER BY lecture.lec_id desc LIMIT 0,15   [ RunTime:0.0002s ]
SQL: SELECT COUNT(*) AS tp_count FROM `lecture` LIMIT 1   [ RunTime:0.0002s ]
SQL: SHOW COLUMNS FROM `organization` [ RunTime:0.0006s ]
SQL: SELECT `org_name` FROM `organization` WHERE ( org_id=14 )  [ RunTime:0.0002s ]
SQL: SELECT `org_name` FROM `organization` WHERE ( org_id=9 )  [ RunTime:0.0002s ]
SQL: SHOW COLUMNS FROM `workflowstep` [ RunTime:0.0005s ]
SQL: SELECT `step_now` FROM `workflowstep` WHERE ( workflow_id=8 and role_id=1 )  [ RunTime:0.0003s ]
SQL: SELECT `steps` FROM `workflow` WHERE ( workflow_id=8 )  [ RunTime:0.0002s ]
SQL: SELECT `org_name` FROM `organization` WHERE ( org_id=14 )  [ RunTime:0.0002s ]
SQL: SELECT `org_name` FROM `organization` WHERE ( org_id=9 )  [ RunTime:0.0002s ]
SQL: SELECT `step_now` FROM `workflowstep` WHERE ( workflow_id=8 and role_id=1 )  [ RunTime:0.0002s ]
SQL: SELECT `steps` FROM `workflow` WHERE ( workflow_id=8 )  [ RunTime:0.0001s ]
SQL: SELECT `org_name` FROM `organization` WHERE ( org_id=14 )  [ RunTime:0.0002s ]
SQL: SELECT `org_name` FROM `organization` WHERE ( org_id=9 )  [ RunTime:0.0002s ]
SQL: SELECT `step_now` FROM `workflowstep` WHERE ( workflow_id=8 and role_id=1 )  [ RunTime:0.0002s ]
SQL: SELECT `steps` FROM `workflow` WHERE ( workflow_id=8 )  [ RunTime:0.0002s ]

[ 2016-05-27T15:17:36+08:00 ] 114.250.167.93 /yisheng/webframe/index.php/Admin/Lecture/ajaxIndex?limit=15&offset=0&sort=lecture.lec_id&order=desc&lec_workshop=&UserName=4
INFO: [ app_begin ] --START--
INFO: Run Behavior\ReadHtmlCacheBehavior [ RunTime:0.000995s ]
INFO: [ app_begin ] --END-- [ RunTime:0.001747s ]
SQL: SHOW COLUMNS FROM `user_account` [ RunTime:0.0007s ]
SQL: SELECT * FROM `user_account` WHERE ( user_identify='b244536f4994b14f55f19e9c7a9ba144' )  [ RunTime:0.0003s ]
SQL: SHOW COLUMNS FROM `lec_workflow` [ RunTime:0.0005s ]
SQL: SELECT `workflow_id` FROM `lec_workflow` WHERE ( isenable=0 )  [ RunTime:0.0002s ]
SQL: SELECT `role_id` FROM `user_account` WHERE ( user_account_id=14 )  [ RunTime:0.0002s ]
SQL: SHOW COLUMNS FROM `workflow` [ RunTime:0.0005s ]
SQL: SELECT `steps` FROM `workflow` WHERE ( workflow_id=8 )  [ RunTime:0.0002s ]
SQL: SHOW COLUMNS FROM `lecture` [ RunTime:0.0007s ]
SQL: SELECT `lec_id`,`lec_name`,`lec_time`,`lec_speaker`,`lec_college`,`lec_workshop`,`lec_place`,`lec_exam_status`,`lec_add_user`,`lec_wof_step_now`,`lec_rel_status` FROM `lecture` ORDER BY lecture.lec_id desc LIMIT 0,15   [ RunTime:0.0003s ]
SQL: SELECT COUNT(*) AS tp_count FROM `lecture` LIMIT 1   [ RunTime:0.0002s ]
SQL: SHOW COLUMNS FROM `organization` [ RunTime:0.0006s ]
SQL: SELECT `org_name` FROM `organization` WHERE ( org_id=14 )  [ RunTime:0.0002s ]
SQL: SELECT `org_name` FROM `organization` WHERE ( org_id=9 )  [ RunTime:0.0002s ]
SQL: SHOW COLUMNS FROM `workflowstep` [ RunTime:0.0005s ]
SQL: SELECT `step_now` FROM `workflowstep` WHERE ( workflow_id=8 and role_id=1 )  [ RunTime:0.0002s ]
SQL: SELECT `steps` FROM `workflow` WHERE ( workflow_id=8 )  [ RunTime:0.0002s ]
SQL: SELECT `org_name` FROM `organization` WHERE ( org_id=14 )  [ RunTime:0.0002s ]
SQL: SELECT `org_name` FROM `organization` WHERE ( org_id=9 )  [ RunTime:0.0002s ]
SQL: SELECT `step_now` FROM `workflowstep` WHERE ( workflow_id=8 and role_id=1 )  [ RunTime:0.0005s ]
SQL: SELECT `steps` FROM `workflow` WHERE ( workflow_id=8 )  [ RunTime:0.0002s ]
SQL: SELECT `org_name` FROM `organization` WHERE ( org_id=14 )  [ RunTime:0.0002s ]
SQL: SELECT `org_name` FROM `organization` WHERE ( org_id=9 )  [ RunTime:0.0002s ]
SQL: SELECT `step_now` FROM `workflowstep` WHERE ( workflow_id=8 and role_id=1 )  [ RunTime:0.0002s ]
SQL: SELECT `steps` FROM `workflow` WHERE ( workflow_id=8 )  [ RunTime:0.0002s ]

[ 2016-05-27T15:17:39+08:00 ] 114.250.167.93 /yisheng/webframe/index.php/Admin/Lecture/ajaxIndex?limit=15&offset=0&sort=lecture.lec_id&order=desc&lec_workshop=9&UserName=4
INFO: [ app_begin ] --START--
INFO: Run Behavior\ReadHtmlCacheBehavior [ RunTime:0.000358s ]
INFO: [ app_begin ] --END-- [ RunTime:0.000620s ]
SQL: SHOW COLUMNS FROM `user_account` [ RunTime:0.0009s ]
SQL: SELECT * FROM `user_account` WHERE ( user_identify='b244536f4994b14f55f19e9c7a9ba144' )  [ RunTime:0.0003s ]
SQL: SHOW COLUMNS FROM `lec_workflow` [ RunTime:0.0005s ]
SQL: SELECT `workflow_id` FROM `lec_workflow` WHERE ( isenable=0 )  [ RunTime:0.0002s ]
SQL: SELECT `role_id` FROM `user_account` WHERE ( user_account_id=14 )  [ RunTime:0.0002s ]
SQL: SHOW COLUMNS FROM `workflow` [ RunTime:0.0006s ]
SQL: SELECT `steps` FROM `workflow` WHERE ( workflow_id=8 )  [ RunTime:0.0002s ]
SQL: SHOW COLUMNS FROM `lecture` [ RunTime:0.0007s ]
SQL: SELECT `lec_id`,`lec_name`,`lec_time`,`lec_speaker`,`lec_college`,`lec_workshop`,`lec_place`,`lec_exam_status`,`lec_add_user`,`lec_wof_step_now`,`lec_rel_status` FROM `lecture` WHERE (  lec_workshop=9 ) ORDER BY lecture.lec_id desc LIMIT 0,15   [ RunTime:0.0002s ]
SQL: SELECT COUNT(*) AS tp_count FROM `lecture` WHERE (  lec_workshop=9 ) LIMIT 1   [ RunTime:0.0002s ]
SQL: SHOW COLUMNS FROM `organization` [ RunTime:0.0005s ]
SQL: SELECT `org_name` FROM `organization` WHERE ( org_id=14 )  [ RunTime:0.0002s ]
SQL: SELECT `org_name` FROM `organization` WHERE ( org_id=9 )  [ RunTime:0.0002s ]
SQL: SHOW COLUMNS FROM `workflowstep` [ RunTime:0.0005s ]
SQL: SELECT `step_now` FROM `workflowstep` WHERE ( workflow_id=8 and role_id=1 )  [ RunTime:0.0002s ]
SQL: SELECT `steps` FROM `workflow` WHERE ( workflow_id=8 )  [ RunTime:0.0002s ]
SQL: SELECT `org_name` FROM `organization` WHERE ( org_id=14 )  [ RunTime:0.0002s ]
SQL: SELECT `org_name` FROM `organization` WHERE ( org_id=9 )  [ RunTime:0.0002s ]
SQL: SELECT `step_now` FROM `workflowstep` WHERE ( workflow_id=8 and role_id=1 )  [ RunTime:0.0002s ]
SQL: SELECT `steps` FROM `workflow` WHERE ( workflow_id=8 )  [ RunTime:0.0002s ]
SQL: SELECT `org_name` FROM `organization` WHERE ( org_id=14 )  [ RunTime:0.0002s ]
SQL: SELECT `org_name` FROM `organization` WHERE ( org_id=9 )  [ RunTime:0.0002s ]
SQL: SELECT `step_now` FROM `workflowstep` WHERE ( workflow_id=8 and role_id=1 )  [ RunTime:0.0002s ]
SQL: SELECT `steps` FROM `workflow` WHERE ( workflow_id=8 )  [ RunTime:0.0002s ]

[ 2016-05-27T15:17:39+08:00 ] 114.250.167.93 /yisheng/webframe/index.php/Admin/Lecture/ajaxIndex?limit=15&offset=0&sort=lecture.lec_id&order=desc&lec_workshop=9&UserName=4
INFO: [ app_begin ] --START--
INFO: Run Behavior\ReadHtmlCacheBehavior [ RunTime:0.001469s ]
INFO: [ app_begin ] --END-- [ RunTime:0.001735s ]
SQL: SHOW COLUMNS FROM `user_account` [ RunTime:0.0007s ]
SQL: SELECT * FROM `user_account` WHERE ( user_identify='b244536f4994b14f55f19e9c7a9ba144' )  [ RunTime:0.0003s ]
SQL: SHOW COLUMNS FROM `lec_workflow` [ RunTime:0.0005s ]
SQL: SELECT `workflow_id` FROM `lec_workflow` WHERE ( isenable=0 )  [ RunTime:0.0002s ]
SQL: SELECT `role_id` FROM `user_account` WHERE ( user_account_id=14 )  [ RunTime:0.0002s ]
SQL: SHOW COLUMNS FROM `workflow` [ RunTime:0.0005s ]
SQL: SELECT `steps` FROM `workflow` WHERE ( workflow_id=8 )  [ RunTime:0.0002s ]
SQL: SHOW COLUMNS FROM `lecture` [ RunTime:0.0006s ]
SQL: SELECT `lec_id`,`lec_name`,`lec_time`,`lec_speaker`,`lec_college`,`lec_workshop`,`lec_place`,`lec_exam_status`,`lec_add_user`,`lec_wof_step_now`,`lec_rel_status` FROM `lecture` WHERE (  lec_workshop=9 ) ORDER BY lecture.lec_id desc LIMIT 0,15   [ RunTime:0.0002s ]
SQL: SELECT COUNT(*) AS tp_count FROM `lecture` WHERE (  lec_workshop=9 ) LIMIT 1   [ RunTime:0.0002s ]
SQL: SHOW COLUMNS FROM `organization` [ RunTime:0.0005s ]
SQL: SELECT `org_name` FROM `organization` WHERE ( org_id=14 )  [ RunTime:0.0002s ]
SQL: SELECT `org_name` FROM `organization` WHERE ( org_id=9 )  [ RunTime:0.0002s ]
SQL: SHOW COLUMNS FROM `workflowstep` [ RunTime:0.0005s ]
SQL: SELECT `step_now` FROM `workflowstep` WHERE ( workflow_id=8 and role_id=1 )  [ RunTime:0.0002s ]
SQL: SELECT `steps` FROM `workflow` WHERE ( workflow_id=8 )  [ RunTime:0.0002s ]
SQL: SELECT `org_name` FROM `organization` WHERE ( org_id=14 )  [ RunTime:0.0002s ]
SQL: SELECT `org_name` FROM `organization` WHERE ( org_id=9 )  [ RunTime:0.0002s ]
SQL: SELECT `step_now` FROM `workflowstep` WHERE ( workflow_id=8 and role_id=1 )  [ RunTime:0.0002s ]
SQL: SELECT `steps` FROM `workflow` WHERE ( workflow_id=8 )  [ RunTime:0.0001s ]
SQL: SELECT `org_name` FROM `organization` WHERE ( org_id=14 )  [ RunTime:0.0002s ]
SQL: SELECT `org_name` FROM `organization` WHERE ( org_id=9 )  [ RunTime:0.0002s ]
SQL: SELECT `step_now` FROM `workflowstep` WHERE ( workflow_id=8 and role_id=1 )  [ RunTime:0.0002s ]
SQL: SELECT `steps` FROM `workflow` WHERE ( workflow_id=8 )  [ RunTime:0.0002s ]

[ 2016-05-27T15:17:41+08:00 ] 114.250.167.93 /yisheng/webframe/index.php/Admin/Lecture/ajaxIndex?limit=15&offset=0&sort=lecture.lec_id&order=desc&lec_workshop=&UserName=4
INFO: [ app_begin ] --START--
INFO: Run Behavior\ReadHtmlCacheBehavior [ RunTime:0.002325s ]
INFO: [ app_begin ] --END-- [ RunTime:0.002605s ]
SQL: SHOW COLUMNS FROM `user_account` [ RunTime:0.0009s ]
SQL: SELECT * FROM `user_account` WHERE ( user_identify='b244536f4994b14f55f19e9c7a9ba144' )  [ RunTime:0.0003s ]
SQL: SHOW COLUMNS FROM `lec_workflow` [ RunTime:0.0005s ]
SQL: SELECT `workflow_id` FROM `lec_workflow` WHERE ( isenable=0 )  [ RunTime:0.0002s ]
SQL: SELECT `role_id` FROM `user_account` WHERE ( user_account_id=14 )  [ RunTime:0.0002s ]
SQL: SHOW COLUMNS FROM `workflow` [ RunTime:0.0005s ]
SQL: SELECT `steps` FROM `workflow` WHERE ( workflow_id=8 )  [ RunTime:0.0002s ]
SQL: SHOW COLUMNS FROM `lecture` [ RunTime:0.0006s ]
SQL: SELECT `lec_id`,`lec_name`,`lec_time`,`lec_speaker`,`lec_college`,`lec_workshop`,`lec_place`,`lec_exam_status`,`lec_add_user`,`lec_wof_step_now`,`lec_rel_status` FROM `lecture` ORDER BY lecture.lec_id desc LIMIT 0,15   [ RunTime:0.0002s ]
SQL: SELECT COUNT(*) AS tp_count FROM `lecture` LIMIT 1   [ RunTime:0.0002s ]
SQL: SHOW COLUMNS FROM `organization` [ RunTime:0.0005s ]
SQL: SELECT `org_name` FROM `organization` WHERE ( org_id=14 )  [ RunTime:0.0002s ]
SQL: SELECT `org_name` FROM `organization` WHERE ( org_id=9 )  [ RunTime:0.0002s ]
SQL: SHOW COLUMNS FROM `workflowstep` [ RunTime:0.0004s ]
SQL: SELECT `step_now` FROM `workflowstep` WHERE ( workflow_id=8 and role_id=1 )  [ RunTime:0.0002s ]
SQL: SELECT `steps` FROM `workflow` WHERE ( workflow_id=8 )  [ RunTime:0.0001s ]
SQL: SELECT `org_name` FROM `organization` WHERE ( org_id=14 )  [ RunTime:0.0001s ]
SQL: SELECT `org_name` FROM `organization` WHERE ( org_id=9 )  [ RunTime:0.0002s ]
SQL: SELECT `step_now` FROM `workflowstep` WHERE ( workflow_id=8 and role_id=1 )  [ RunTime:0.0002s ]
SQL: SELECT `steps` FROM `workflow` WHERE ( workflow_id=8 )  [ RunTime:0.0001s ]
SQL: SELECT `org_name` FROM `organization` WHERE ( org_id=14 )  [ RunTime:0.0002s ]
SQL: SELECT `org_name` FROM `organization` WHERE ( org_id=9 )  [ RunTime:0.0001s ]
SQL: SELECT `step_now` FROM `workflowstep` WHERE ( workflow_id=8 and role_id=1 )  [ RunTime:0.0002s ]
SQL: SELECT `steps` FROM `workflow` WHERE ( workflow_id=8 )  [ RunTime:0.0002s ]

[ 2016-05-27T15:17:41+08:00 ] 114.250.167.93 /yisheng/webframe/index.php/Admin/Lecture/ajaxIndex?limit=15&offset=0&sort=lecture.lec_id&order=desc&lec_workshop=&UserName=4
INFO: [ app_begin ] --START--
INFO: Run Behavior\ReadHtmlCacheBehavior [ RunTime:0.000387s ]
INFO: [ app_begin ] --END-- [ RunTime:0.000708s ]
SQL: SHOW COLUMNS FROM `user_account` [ RunTime:0.0007s ]
SQL: SELECT * FROM `user_account` WHERE ( user_identify='b244536f4994b14f55f19e9c7a9ba144' )  [ RunTime:0.0002s ]
SQL: SHOW COLUMNS FROM `lec_workflow` [ RunTime:0.0005s ]
SQL: SELECT `workflow_id` FROM `lec_workflow` WHERE ( isenable=0 )  [ RunTime:0.0002s ]
SQL: SELECT `role_id` FROM `user_account` WHERE ( user_account_id=14 )  [ RunTime:0.0002s ]
SQL: SHOW COLUMNS FROM `workflow` [ RunTime:0.0005s ]
SQL: SELECT `steps` FROM `workflow` WHERE ( workflow_id=8 )  [ RunTime:0.0001s ]
SQL: SHOW COLUMNS FROM `lecture` [ RunTime:0.0006s ]
SQL: SELECT `lec_id`,`lec_name`,`lec_time`,`lec_speaker`,`lec_college`,`lec_workshop`,`lec_place`,`lec_exam_status`,`lec_add_user`,`lec_wof_step_now`,`lec_rel_status` FROM `lecture` ORDER BY lecture.lec_id desc LIMIT 0,15   [ RunTime:0.0002s ]
SQL: SELECT COUNT(*) AS tp_count FROM `lecture` LIMIT 1   [ RunTime:0.0002s ]
SQL: SHOW COLUMNS FROM `organization` [ RunTime:0.0006s ]
SQL: SELECT `org_name` FROM `organization` WHERE ( org_id=14 )  [ RunTime:0.0002s ]
SQL: SELECT `org_name` FROM `organization` WHERE ( org_id=9 )  [ RunTime:0.0001s ]
SQL: SHOW COLUMNS FROM `workflowstep` [ RunTime:0.0005s ]
SQL: SELECT `step_now` FROM `workflowstep` WHERE ( workflow_id=8 and role_id=1 )  [ RunTime:0.0002s ]
SQL: SELECT `steps` FROM `workflow` WHERE ( workflow_id=8 )  [ RunTime:0.0002s ]
SQL: SELECT `org_name` FROM `organization` WHERE ( org_id=14 )  [ RunTime:0.0001s ]
SQL: SELECT `org_name` FROM `organization` WHERE ( org_id=9 )  [ RunTime:0.0001s ]
SQL: SELECT `step_now` FROM `workflowstep` WHERE ( workflow_id=8 and role_id=1 )  [ RunTime:0.0002s ]
SQL: SELECT `steps` FROM `workflow` WHERE ( workflow_id=8 )  [ RunTime:0.0001s ]
SQL: SELECT `org_name` FROM `organization` WHERE ( org_id=14 )  [ RunTime:0.0001s ]
SQL: SELECT `org_name` FROM `organization` WHERE ( org_id=9 )  [ RunTime:0.0002s ]
SQL: SELECT `step_now` FROM `workflowstep` WHERE ( workflow_id=8 and role_id=1 )  [ RunTime:0.0002s ]
SQL: SELECT `steps` FROM `workflow` WHERE ( workflow_id=8 )  [ RunTime:0.0001s ]

[ 2016-05-27T15:19:48+08:00 ] 114.250.167.93 /yisheng/webframe/index.php/Admin/Lecture/update
INFO: [ app_begin ] --START--
INFO: Run Behavior\ReadHtmlCacheBehavior [ RunTime:0.000630s ]
INFO: [ app_begin ] --END-- [ RunTime:0.001013s ]
SQL: SHOW COLUMNS FROM `user_account` [ RunTime:0.0012s ]
SQL: SELECT * FROM `user_account` WHERE ( user_identify='b244536f4994b14f55f19e9c7a9ba144' )  [ RunTime:0.0003s ]
SQL: SHOW COLUMNS FROM `lec_workflow` [ RunTime:0.0007s ]
SQL: SELECT `workflow_id` FROM `lec_workflow` WHERE ( isenable=0 )  [ RunTime:0.0003s ]
SQL: SELECT `role_id` FROM `user_account` WHERE ( user_account_id=14 )  [ RunTime:0.0002s ]
SQL: SELECT `workflow_id` FROM `lec_workflow` WHERE ( isenable=0 )  [ RunTime:0.0002s ]
SQL: SHOW COLUMNS FROM `workflow` [ RunTime:0.0007s ]
SQL: SELECT `steps` FROM `workflow` WHERE ( workflow_id=8 )  [ RunTime:0.0002s ]
SQL: SHOW COLUMNS FROM `workflowstep` [ RunTime:0.0005s ]
SQL: SELECT `role_id` FROM `workflowstep` WHERE ( workflow_id=8 and step_now=3 )  [ RunTime:0.0002s ]
SQL: SHOW COLUMNS FROM `lecture` [ RunTime:0.0006s ]
SQL: SHOW COLUMNS FROM `lecture` [ RunTime:0.0006s ]
SQL: UPDATE `lecture` SET `lec_name`='讲座测试3',`lec_time`='1462291200',`lec_speaker`='闫旭',`lec_duty`='23',`lec_speaker_college`='14',`lec_college`='14',`lec_workshop`='9',`lec_place`='二教',`lec_content`='3内容简介',`lec_edit_user`='14',`lec_edit_time`='1464333588' WHERE ( lec_id=11 ) [ RunTime:0.0277s ]

[ 2016-05-27T15:19:48+08:00 ] 114.250.167.93 /yisheng/webframe/index.php/Admin/Lecture/ajaxIndex?limit=15&offset=0&sort=lecture.lec_id&order=desc&lec_workshop=&UserName=4
INFO: [ app_begin ] --START--
INFO: Run Behavior\ReadHtmlCacheBehavior [ RunTime:0.000374s ]
INFO: [ app_begin ] --END-- [ RunTime:0.000654s ]
SQL: SHOW COLUMNS FROM `user_account` [ RunTime:0.0009s ]
SQL: SELECT * FROM `user_account` WHERE ( user_identify='b244536f4994b14f55f19e9c7a9ba144' )  [ RunTime:0.0003s ]
SQL: SHOW COLUMNS FROM `lec_workflow` [ RunTime:0.0005s ]
SQL: SELECT `workflow_id` FROM `lec_workflow` WHERE ( isenable=0 )  [ RunTime:0.0002s ]
SQL: SELECT `role_id` FROM `user_account` WHERE ( user_account_id=14 )  [ RunTime:0.0002s ]
SQL: SHOW COLUMNS FROM `workflow` [ RunTime:0.0005s ]
SQL: SELECT `steps` FROM `workflow` WHERE ( workflow_id=8 )  [ RunTime:0.0002s ]
SQL: SHOW COLUMNS FROM `lecture` [ RunTime:0.0007s ]
SQL: SELECT `lec_id`,`lec_name`,`lec_time`,`lec_speaker`,`lec_college`,`lec_workshop`,`lec_place`,`lec_exam_status`,`lec_add_user`,`lec_wof_step_now`,`lec_rel_status` FROM `lecture` ORDER BY lecture.lec_id desc LIMIT 0,15   [ RunTime:0.0002s ]
SQL: SELECT COUNT(*) AS tp_count FROM `lecture` LIMIT 1   [ RunTime:0.0002s ]
SQL: SHOW COLUMNS FROM `organization` [ RunTime:0.0006s ]
SQL: SELECT `org_name` FROM `organization` WHERE ( org_id=14 )  [ RunTime:0.0002s ]
SQL: SELECT `org_name` FROM `organization` WHERE ( org_id=9 )  [ RunTime:0.0002s ]
SQL: SHOW COLUMNS FROM `workflowstep` [ RunTime:0.0005s ]
SQL: SELECT `step_now` FROM `workflowstep` WHERE ( workflow_id=8 and role_id=1 )  [ RunTime:0.0002s ]
SQL: SELECT `steps` FROM `workflow` WHERE ( workflow_id=8 )  [ RunTime:0.0002s ]
SQL: SELECT `org_name` FROM `organization` WHERE ( org_id=14 )  [ RunTime:0.0002s ]
SQL: SELECT `org_name` FROM `organization` WHERE ( org_id=9 )  [ RunTime:0.0002s ]
SQL: SELECT `step_now` FROM `workflowstep` WHERE ( workflow_id=8 and role_id=1 )  [ RunTime:0.0002s ]
SQL: SELECT `steps` FROM `workflow` WHERE ( workflow_id=8 )  [ RunTime:0.0002s ]
SQL: SELECT `org_name` FROM `organization` WHERE ( org_id=14 )  [ RunTime:0.0002s ]
SQL: SELECT `org_name` FROM `organization` WHERE ( org_id=9 )  [ RunTime:0.0002s ]
SQL: SELECT `step_now` FROM `workflowstep` WHERE ( workflow_id=8 and role_id=1 )  [ RunTime:0.0002s ]
SQL: SELECT `steps` FROM `workflow` WHERE ( workflow_id=8 )  [ RunTime:0.0002s ]

[ 2016-05-27T15:22:41+08:00 ] 114.250.167.93 /yisheng/webframe/index.php/Admin/Lecture/ajaxIndex?limit=15&offset=0&sort=lecture.lec_id&order=desc&lec_workshop=&UserName=4
INFO: [ app_begin ] --START--
INFO: Run Behavior\ReadHtmlCacheBehavior [ RunTime:0.000346s ]
INFO: [ app_begin ] --END-- [ RunTime:0.000721s ]
SQL: SHOW COLUMNS FROM `user_account` [ RunTime:0.0008s ]
SQL: SELECT * FROM `user_account` WHERE ( user_identify='ace9909ec4cca648370bb9045a57be17' )  [ RunTime:0.0002s ]
SQL: SHOW COLUMNS FROM `lec_workflow` [ RunTime:0.0005s ]
SQL: SELECT `workflow_id` FROM `lec_workflow` WHERE ( isenable=0 )  [ RunTime:0.0002s ]
SQL: SELECT `role_id` FROM `user_account` WHERE ( user_account_id=19 )  [ RunTime:0.0002s ]
SQL: SHOW COLUMNS FROM `workflow` [ RunTime:0.0005s ]
SQL: SELECT `steps` FROM `workflow` WHERE ( workflow_id=8 )  [ RunTime:0.0002s ]
SQL: SELECT `user_id` FROM `user_account` WHERE ( user_account_id=19 )  [ RunTime:0.0002s ]
SQL: SHOW COLUMNS FROM `user` [ RunTime:0.0005s ]
SQL: SELECT `org_id` FROM `user` WHERE ( user_id=7 )  [ RunTime:0.0002s ]
SQL: SHOW COLUMNS FROM `lecture` [ RunTime:0.0006s ]
SQL: SELECT `lec_id`,`lec_name`,`lec_time`,`lec_speaker`,`lec_college`,`lec_workshop`,`lec_place`,`lec_exam_status`,`lec_add_user`,`lec_wof_step_now`,`lec_rel_status` FROM `lecture` WHERE (  lec_workshop=9 ) ORDER BY lecture.lec_id desc LIMIT 0,15   [ RunTime:0.0002s ]
SQL: SELECT COUNT(*) AS tp_count FROM `lecture` WHERE (  lec_workshop=9 ) LIMIT 1   [ RunTime:0.0002s ]
SQL: SHOW COLUMNS FROM `organization` [ RunTime:0.0007s ]
SQL: SELECT `org_name` FROM `organization` WHERE ( org_id=14 )  [ RunTime:0.0002s ]
SQL: SELECT `org_name` FROM `organization` WHERE ( org_id=9 )  [ RunTime:0.0002s ]
SQL: SHOW COLUMNS FROM `workflowstep` [ RunTime:0.0008s ]
SQL: SELECT `step_now` FROM `workflowstep` WHERE ( workflow_id=8 and role_id=2 )  [ RunTime:0.0003s ]
SQL: SELECT `steps` FROM `workflow` WHERE ( workflow_id=8 )  [ RunTime:0.0002s ]
SQL: SELECT `org_name` FROM `organization` WHERE ( org_id=14 )  [ RunTime:0.0002s ]
SQL: SELECT `org_name` FROM `organization` WHERE ( org_id=9 )  [ RunTime:0.0002s ]
SQL: SELECT `step_now` FROM `workflowstep` WHERE ( workflow_id=8 and role_id=2 )  [ RunTime:0.0002s ]
SQL: SELECT `steps` FROM `workflow` WHERE ( workflow_id=8 )  [ RunTime:0.0002s ]
SQL: SELECT `org_name` FROM `organization` WHERE ( org_id=14 )  [ RunTime:0.0004s ]
SQL: SELECT `org_name` FROM `organization` WHERE ( org_id=9 )  [ RunTime:0.0002s ]
SQL: SELECT `step_now` FROM `workflowstep` WHERE ( workflow_id=8 and role_id=2 )  [ RunTime:0.0003s ]
SQL: SELECT `steps` FROM `workflow` WHERE ( workflow_id=8 )  [ RunTime:0.0002s ]

