[ 2016-05-28T15:42:35+08:00 ] 125.33.62.34 /yisheng/webframe/index.php/Admin/Course/ajaxIndex?limit=15&offset=0&sort=course.course_id&order=desc&course_workshop=&UserName=4
INFO: [ app_begin ] --START--
INFO: Run Behavior\ReadHtmlCacheBehavior [ RunTime:0.000423s ]
INFO: [ app_begin ] --END-- [ RunTime:0.000672s ]
SQL: SHOW COLUMNS FROM `user_account` [ RunTime:0.0008s ]
SQL: SELECT * FROM `user_account` WHERE ( user_identify='b244536f4994b14f55f19e9c7a9ba144' )  [ RunTime:0.0003s ]
SQL: SHOW COLUMNS FROM `lec_workflow` [ RunTime:0.0005s ]
SQL: SELECT `workflow_id` FROM `lec_workflow` WHERE ( isenable=0 )  [ RunTime:0.0002s ]
SQL: SELECT `role_id` FROM `user_account` WHERE ( user_account_id=14 )  [ RunTime:0.0002s ]
SQL: SHOW COLUMNS FROM `workflow` [ RunTime:0.0005s ]
SQL: SELECT `steps` FROM `workflow` WHERE ( workflow_id=8 )  [ RunTime:0.0002s ]
SQL: SHOW COLUMNS FROM `course` [ RunTime:0.0006s ]
SQL: SELECT `course_id`,`course_name`,`course_start`,`course_semester`,`course_speaker`,`course_hours`,`course_workshop`,`course_ex_status`,`course_add_user`,`course_wof_step_now`,`course_rel_status` FROM `course` ORDER BY course.course_id desc LIMIT 0,15   [ RunTime:0.0002s ]
SQL: SELECT COUNT(*) AS tp_count FROM `course` LIMIT 1   [ RunTime:0.0002s ]
SQL: SHOW COLUMNS FROM `organization` [ RunTime:0.0006s ]
SQL: SELECT `org_name` FROM `organization` WHERE ( org_id=9 )  [ RunTime:0.0002s ]
SQL: SHOW COLUMNS FROM `workflowstep` [ RunTime:0.0005s ]
SQL: SELECT `step_now` FROM `workflowstep` WHERE ( workflow_id=8 and role_id=1 )  [ RunTime:0.0002s ]
SQL: SELECT `steps` FROM `workflow` WHERE ( workflow_id=8 )  [ RunTime:0.0001s ]
SQL: SELECT `org_name` FROM `organization` WHERE ( org_id=9 )  [ RunTime:0.0002s ]
SQL: SELECT `step_now` FROM `workflowstep` WHERE ( workflow_id=8 and role_id=1 )  [ RunTime:0.0002s ]
SQL: SELECT `steps` FROM `workflow` WHERE ( workflow_id=8 )  [ RunTime:0.0001s ]

[ 2016-05-28T15:42:37+08:00 ] 125.33.62.34 /yisheng/webframe/index.php/Admin/Selectcourse/ajaxIndex/status/1?limit=15&offset=0&sort=course.course_id&order=desc&UserName=4
INFO: [ app_begin ] --START--
INFO: Run Behavior\ReadHtmlCacheBehavior [ RunTime:0.000387s ]
INFO: [ app_begin ] --END-- [ RunTime:0.000700s ]
SQL: SHOW COLUMNS FROM `user_account` [ RunTime:0.0008s ]
SQL: SELECT * FROM `user_account` WHERE ( user_identify='b244536f4994b14f55f19e9c7a9ba144' )  [ RunTime:0.0003s ]
SQL: SHOW COLUMNS FROM `course` [ RunTime:0.0007s ]
SQL: SELECT * FROM `course` WHERE ( course_semester=1 and course_rel_status=1 ) ORDER BY course.course_id desc LIMIT 0,15   [ RunTime:0.0003s ]
SQL: SELECT COUNT(*) AS tp_count FROM `course` WHERE ( course_semester=1 and course_rel_status=1 ) LIMIT 1   [ RunTime:0.0002s ]

[ 2016-05-28T15:43:44+08:00 ] 125.33.62.34 /yisheng/webframe/index.php/Admin/Selectcourse/ajaxIndex/status/1?limit=15&offset=0&sort=course.course_id&order=desc&UserName=4
INFO: [ app_begin ] --START--
INFO: Run Behavior\ReadHtmlCacheBehavior [ RunTime:0.000370s ]
INFO: [ app_begin ] --END-- [ RunTime:0.000617s ]
SQL: SHOW COLUMNS FROM `user_account` [ RunTime:0.0008s ]
SQL: SELECT * FROM `user_account` WHERE ( user_identify='885d2a369d8fe9c7ea92c076b226554f' )  [ RunTime:0.0003s ]
SQL: SELECT `user_id` FROM `user_account` WHERE ( user_account_id=18 )  [ RunTime:0.0002s ]
SQL: SHOW COLUMNS FROM `user` [ RunTime:0.0006s ]
SQL: SELECT `org_id` FROM `user` WHERE ( user_id=7 )  [ RunTime:0.0002s ]
SQL: SHOW COLUMNS FROM `course` [ RunTime:0.0007s ]
SQL: SELECT * FROM `course` WHERE ( course_semester=1 and course_rel_status=1 and  course_workshop=9 ) ORDER BY course.course_id desc LIMIT 0,15   [ RunTime:0.0003s ]
SQL: SELECT COUNT(*) AS tp_count FROM `course` WHERE ( course_semester=1 and course_rel_status=1 and  course_workshop=9 ) LIMIT 1   [ RunTime:0.0002s ]

[ 2016-05-28T15:43:47+08:00 ] 125.33.62.34 /yisheng/webframe/index.php/Admin/Course/ajaxIndex?limit=15&offset=0&sort=course.course_id&order=desc&course_workshop=&UserName=4
INFO: [ app_begin ] --START--
INFO: Run Behavior\ReadHtmlCacheBehavior [ RunTime:0.000454s ]
INFO: [ app_begin ] --END-- [ RunTime:0.000827s ]
SQL: SHOW COLUMNS FROM `user_account` [ RunTime:0.0008s ]
SQL: SELECT * FROM `user_account` WHERE ( user_identify='885d2a369d8fe9c7ea92c076b226554f' )  [ RunTime:0.0003s ]
SQL: SHOW COLUMNS FROM `lec_workflow` [ RunTime:0.0005s ]
SQL: SELECT `workflow_id` FROM `lec_workflow` WHERE ( isenable=0 )  [ RunTime:0.0002s ]
SQL: SELECT `role_id` FROM `user_account` WHERE ( user_account_id=18 )  [ RunTime:0.0002s ]
SQL: SHOW COLUMNS FROM `workflow` [ RunTime:0.0005s ]
SQL: SELECT `steps` FROM `workflow` WHERE ( workflow_id=8 )  [ RunTime:0.0002s ]
SQL: SELECT `user_id` FROM `user_account` WHERE ( user_account_id=18 )  [ RunTime:0.0002s ]
SQL: SHOW COLUMNS FROM `user` [ RunTime:0.0005s ]
SQL: SELECT `org_id` FROM `user` WHERE ( user_id=7 )  [ RunTime:0.0002s ]
SQL: SHOW COLUMNS FROM `course` [ RunTime:0.0006s ]
SQL: SELECT `course_id`,`course_name`,`course_start`,`course_semester`,`course_speaker`,`course_hours`,`course_workshop`,`course_ex_status`,`course_add_user`,`course_wof_step_now`,`course_rel_status` FROM `course` WHERE (  course_workshop=9 ) ORDER BY course.course_id desc LIMIT 0,15   [ RunTime:0.0002s ]
SQL: SELECT COUNT(*) AS tp_count FROM `course` WHERE (  course_workshop=9 ) LIMIT 1   [ RunTime:0.0002s ]
SQL: SHOW COLUMNS FROM `organization` [ RunTime:0.0006s ]
SQL: SELECT `org_name` FROM `organization` WHERE ( org_id=9 )  [ RunTime:0.0002s ]
SQL: SHOW COLUMNS FROM `workflowstep` [ RunTime:0.0005s ]
SQL: SELECT `step_now` FROM `workflowstep` WHERE ( workflow_id=8 and role_id=4 )  [ RunTime:0.0002s ]
SQL: SELECT `steps` FROM `workflow` WHERE ( workflow_id=8 )  [ RunTime:0.0004s ]
SQL: SELECT `org_name` FROM `organization` WHERE ( org_id=9 )  [ RunTime:0.0002s ]
SQL: SELECT `step_now` FROM `workflowstep` WHERE ( workflow_id=8 and role_id=4 )  [ RunTime:0.0002s ]
SQL: SELECT `steps` FROM `workflow` WHERE ( workflow_id=8 )  [ RunTime:0.0002s ]

[ 2016-05-28T15:44:01+08:00 ] 125.33.62.34 /yisheng/webframe/index.php/Admin/Lecture/ajaxIndex?limit=15&offset=0&sort=lecture.lec_id&order=desc&lec_workshop=&UserName=4
INFO: [ app_begin ] --START--
INFO: Run Behavior\ReadHtmlCacheBehavior [ RunTime:0.000381s ]
INFO: [ app_begin ] --END-- [ RunTime:0.000638s ]
SQL: SHOW COLUMNS FROM `user_account` [ RunTime:0.0007s ]
SQL: SELECT * FROM `user_account` WHERE ( user_identify='885d2a369d8fe9c7ea92c076b226554f' )  [ RunTime:0.0002s ]
SQL: SHOW COLUMNS FROM `lec_workflow` [ RunTime:0.0005s ]
SQL: SELECT `workflow_id` FROM `lec_workflow` WHERE ( isenable=0 )  [ RunTime:0.0002s ]
SQL: SELECT `role_id` FROM `user_account` WHERE ( user_account_id=18 )  [ RunTime:0.0002s ]
SQL: SHOW COLUMNS FROM `workflow` [ RunTime:0.0005s ]
SQL: SELECT `steps` FROM `workflow` WHERE ( workflow_id=8 )  [ RunTime:0.0002s ]
SQL: SELECT `user_id` FROM `user_account` WHERE ( user_account_id=18 )  [ RunTime:0.0002s ]
SQL: SHOW COLUMNS FROM `user` [ RunTime:0.0005s ]
SQL: SELECT `org_id` FROM `user` WHERE ( user_id=7 )  [ RunTime:0.0002s ]
SQL: SHOW COLUMNS FROM `lecture` [ RunTime:0.0006s ]
SQL: SELECT `lec_id`,`lec_name`,`lec_time`,`lec_speaker`,`lec_college`,`lec_workshop`,`lec_place`,`lec_exam_status`,`lec_add_user`,`lec_wof_step_now`,`lec_rel_status` FROM `lecture` WHERE (  lec_workshop=9 ) ORDER BY lecture.lec_id desc LIMIT 0,15   [ RunTime:0.0002s ]
SQL: SELECT COUNT(*) AS tp_count FROM `lecture` WHERE (  lec_workshop=9 ) LIMIT 1   [ RunTime:0.0002s ]
SQL: SHOW COLUMNS FROM `organization` [ RunTime:0.0006s ]
SQL: SELECT `org_name` FROM `organization` WHERE ( org_id=14 )  [ RunTime:0.0002s ]
SQL: SELECT `org_name` FROM `organization` WHERE ( org_id=9 )  [ RunTime:0.0002s ]
SQL: SHOW COLUMNS FROM `workflowstep` [ RunTime:0.0005s ]
SQL: SELECT `step_now` FROM `workflowstep` WHERE ( workflow_id=8 and role_id=4 )  [ RunTime:0.0002s ]
SQL: SELECT `steps` FROM `workflow` WHERE ( workflow_id=8 )  [ RunTime:0.0002s ]
SQL: SELECT `org_name` FROM `organization` WHERE ( org_id=14 )  [ RunTime:0.0002s ]
SQL: SELECT `org_name` FROM `organization` WHERE ( org_id=9 )  [ RunTime:0.0002s ]
SQL: SELECT `step_now` FROM `workflowstep` WHERE ( workflow_id=8 and role_id=4 )  [ RunTime:0.0002s ]
SQL: SELECT `steps` FROM `workflow` WHERE ( workflow_id=8 )  [ RunTime:0.0001s ]
SQL: SELECT `org_name` FROM `organization` WHERE ( org_id=14 )  [ RunTime:0.0002s ]
SQL: SELECT `org_name` FROM `organization` WHERE ( org_id=9 )  [ RunTime:0.0001s ]
SQL: SELECT `step_now` FROM `workflowstep` WHERE ( workflow_id=8 and role_id=4 )  [ RunTime:0.0002s ]
SQL: SELECT `steps` FROM `workflow` WHERE ( workflow_id=8 )  [ RunTime:0.0001s ]

[ 2016-05-28T15:44:50+08:00 ] 125.33.62.34 /yisheng/webframe/index.php/Admin/Selectcourse/ajaxIndex/status/1?limit=15&offset=0&sort=course.course_id&order=desc&UserName=4
INFO: [ app_begin ] --START--
INFO: Run Behavior\ReadHtmlCacheBehavior [ RunTime:0.000415s ]
INFO: [ app_begin ] --END-- [ RunTime:0.000675s ]
SQL: SHOW COLUMNS FROM `user_account` [ RunTime:0.0009s ]
SQL: SELECT * FROM `user_account` WHERE ( user_identify='885d2a369d8fe9c7ea92c076b226554f' )  [ RunTime:0.0003s ]
SQL: SELECT `user_id` FROM `user_account` WHERE ( user_account_id=18 )  [ RunTime:0.0002s ]
SQL: SHOW COLUMNS FROM `user` [ RunTime:0.0005s ]
SQL: SELECT `org_id` FROM `user` WHERE ( user_id=7 )  [ RunTime:0.0002s ]
SQL: SHOW COLUMNS FROM `course` [ RunTime:0.0007s ]
SQL: SELECT * FROM `course` WHERE ( course_semester=1 and course_rel_status=1 and  course_workshop=9 ) ORDER BY course.course_id desc LIMIT 0,15   [ RunTime:0.0003s ]
SQL: SELECT COUNT(*) AS tp_count FROM `course` WHERE ( course_semester=1 and course_rel_status=1 and  course_workshop=9 ) LIMIT 1   [ RunTime:0.0002s ]

[ 2016-05-28T15:45:17+08:00 ] 125.33.62.34 /yisheng/webframe/index.php/Admin/Useraccount/ajaxIndex?limit=15&offset=0&sort=account.user_account_id&order=desc&UserName=4
INFO: [ app_begin ] --START--
INFO: Run Behavior\ReadHtmlCacheBehavior [ RunTime:0.000438s ]
INFO: [ app_begin ] --END-- [ RunTime:0.000700s ]
SQL: SHOW COLUMNS FROM `user_account` [ RunTime:0.0009s ]
SQL: SELECT * FROM `user_account` WHERE ( user_identify='b244536f4994b14f55f19e9c7a9ba144' )  [ RunTime:0.0003s ]
SQL: SHOW COLUMNS FROM `user` [ RunTime:0.0006s ]
SQL: SELECT user.user_name,account.user_account_id,account.user_account,account.role_id,account.isenable,account.is_admin FROM `user` `user`,`user_account` `account` WHERE ( account.user_id=user.user_id ) ORDER BY account.user_account_id desc  [ RunTime:0.0003s ]
SQL: SHOW COLUMNS FROM `role` [ RunTime:0.0005s ]
SQL: SELECT `role_name` FROM `role` WHERE ( role_id='5' )  [ RunTime:0.0002s ]
SQL: SELECT `role_name` FROM `role` WHERE ( role_id='2' )  [ RunTime:0.0002s ]
SQL: SELECT `role_name` FROM `role` WHERE ( role_id='2' )  [ RunTime:0.0002s ]
SQL: SELECT `role_name` FROM `role` WHERE ( role_id='4' )  [ RunTime:0.0002s ]
SQL: SELECT `role_name` FROM `role` WHERE ( role_id='1' )  [ RunTime:0.0002s ]
SQL: SHOW COLUMNS FROM `user` [ RunTime:0.0006s ]
SQL: SELECT COUNT(*) AS tp_count FROM `user` `user`,`user_account` `account` WHERE ( account.user_id=user.user_id ) LIMIT 1   [ RunTime:0.0002s ]

[ 2016-05-28T15:45:36+08:00 ] 125.33.62.34 /yisheng/webframe/index.php/Admin/Selectcourse/ajaxIndex/status/0?limit=15&offset=0&sort=course.course_id&order=desc&UserName=4
INFO: [ app_begin ] --START--
INFO: Run Behavior\ReadHtmlCacheBehavior [ RunTime:0.000421s ]
INFO: [ app_begin ] --END-- [ RunTime:0.000775s ]
SQL: SHOW COLUMNS FROM `user_account` [ RunTime:0.0008s ]
SQL: SELECT * FROM `user_account` WHERE ( user_identify='f2234d4f60aaa0fe4fec5e0ee3dd43ae' )  [ RunTime:0.0003s ]
SQL: SELECT `user_id` FROM `user_account` WHERE ( user_account_id=21 )  [ RunTime:0.0002s ]
SQL: SHOW COLUMNS FROM `user` [ RunTime:0.0006s ]
SQL: SELECT `org_id` FROM `user` WHERE ( user_id=7 )  [ RunTime:0.0002s ]
SQL: SHOW COLUMNS FROM `course` [ RunTime:0.0008s ]
SQL: SELECT * FROM `course` WHERE ( course_semester=1 and course_rel_status=1 and  course_workshop=9 ) ORDER BY course.course_id desc LIMIT 0,15   [ RunTime:0.0003s ]
SQL: SELECT COUNT(*) AS tp_count FROM `course` WHERE ( course_semester=1 and course_rel_status=1 and  course_workshop=9 ) LIMIT 1   [ RunTime:0.0002s ]

[ 2016-05-28T16:35:55+08:00 ] 125.33.62.34 /yisheng/webframe/index.php/Admin/Workshop/ajaxIndex?limit=15&offset=0&sort=id&order=desc&UserName=4
INFO: [ app_begin ] --START--
INFO: Run Behavior\ReadHtmlCacheBehavior [ RunTime:0.000399s ]
INFO: [ app_begin ] --END-- [ RunTime:0.000645s ]
SQL: SHOW COLUMNS FROM `user_account` [ RunTime:0.0009s ]
SQL: SELECT * FROM `user_account` WHERE ( user_identify='b244536f4994b14f55f19e9c7a9ba144' )  [ RunTime:0.0003s ]
SQL: SHOW COLUMNS FROM `workshop` [ RunTime:0.0005s ]
SQL: SELECT `org_id` FROM `workshop` WHERE ( isenable=0 )  [ RunTime:0.0002s ]
SQL: SHOW COLUMNS FROM `organization` [ RunTime:0.0006s ]
NOTIC: [8] Undefined variable: order /var/www/html/yisheng/webframe/Admin/Controller/WorkshopController.class.php 第 63 行.
SQL: SELECT `org_id`,`org_name`,`org_english_name`,`org_user_id`,`org_icon`,`org_location` FROM `organization` WHERE ( parentid=8 ) LIMIT 0,15   [ RunTime:0.0002s ]
SQL: SELECT COUNT(*) AS tp_count FROM `organization` WHERE ( parentid=8 ) LIMIT 1   [ RunTime:0.0002s ]
SQL: SHOW COLUMNS FROM `user` [ RunTime:0.0006s ]
SQL: SELECT `user_name` FROM `user` WHERE ( user_id=0 )  [ RunTime:0.0002s ]
SQL: SELECT `user_name` FROM `user` WHERE ( user_id=0 )  [ RunTime:0.0002s ]
SQL: SELECT `user_name` FROM `user` WHERE ( user_id=0 )  [ RunTime:0.0002s ]
SQL: SELECT `user_name` FROM `user` WHERE ( user_id=0 )  [ RunTime:0.0002s ]

[ 2016-05-28T20:00:14+08:00 ] 125.33.62.136 /yisheng/webframe/index.php/Admin/Org/getOrgTree
INFO: [ app_begin ] --START--
INFO: Run Behavior\ReadHtmlCacheBehavior [ RunTime:0.000405s ]
INFO: [ app_begin ] --END-- [ RunTime:0.000666s ]
SQL: SHOW COLUMNS FROM `user_account` [ RunTime:0.0008s ]
SQL: SELECT * FROM `user_account` WHERE ( user_identify='b244536f4994b14f55f19e9c7a9ba144' )  [ RunTime:0.0003s ]
SQL: SHOW COLUMNS FROM `organization` [ RunTime:0.0006s ]
SQL: SELECT * FROM `organization` WHERE ( parentid='0' and ishidden=0 )  [ RunTime:0.0003s ]
SQL: SELECT COUNT(*) AS tp_count FROM `organization` WHERE ( parentid="8" and ishidden=0 ) LIMIT 1   [ RunTime:0.0003s ]
SQL: SELECT * FROM `organization` WHERE ( parentid='8' and ishidden=0 )  [ RunTime:0.0002s ]
SQL: SELECT COUNT(*) AS tp_count FROM `organization` WHERE ( parentid="9" and ishidden=0 ) LIMIT 1   [ RunTime:0.0002s ]
SQL: SELECT COUNT(*) AS tp_count FROM `organization` WHERE ( parentid="10" and ishidden=0 ) LIMIT 1   [ RunTime:0.0002s ]
SQL: SELECT COUNT(*) AS tp_count FROM `organization` WHERE ( parentid="11" and ishidden=0 ) LIMIT 1   [ RunTime:0.0002s ]
SQL: SELECT COUNT(*) AS tp_count FROM `organization` WHERE ( parentid="12" and ishidden=0 ) LIMIT 1   [ RunTime:0.0002s ]
SQL: SELECT COUNT(*) AS tp_count FROM `organization` WHERE ( parentid="13" and ishidden=0 ) LIMIT 1   [ RunTime:0.0002s ]
SQL: SELECT * FROM `organization` WHERE ( parentid='13' and ishidden=0 )  [ RunTime:0.0002s ]
SQL: SELECT COUNT(*) AS tp_count FROM `organization` WHERE ( parentid="14" and ishidden=0 ) LIMIT 1   [ RunTime:0.0002s ]
SQL: SELECT COUNT(*) AS tp_count FROM `organization` WHERE ( parentid="15" and ishidden=0 ) LIMIT 1   [ RunTime:0.0002s ]
SQL: SELECT COUNT(*) AS tp_count FROM `organization` WHERE ( parentid="16" and ishidden=0 ) LIMIT 1   [ RunTime:0.0002s ]
SQL: SELECT COUNT(*) AS tp_count FROM `organization` WHERE ( parentid="17" and ishidden=0 ) LIMIT 1   [ RunTime:0.0002s ]
SQL: SELECT COUNT(*) AS tp_count FROM `organization` WHERE ( parentid="18" and ishidden=0 ) LIMIT 1   [ RunTime:0.0002s ]

[ 2016-05-28T20:00:18+08:00 ] 125.33.62.136 /yisheng/webframe/index.php/Admin/Org/infoGive/org_id/
ERR: SQLSTATE[42000]: Syntax error or access violation: 1064 You have an error in your SQL syntax; check the manual that corresponds to your MySQL server version for the right syntax to use near ')' at line 1

[ 2016-05-28T20:05:28+08:00 ] 125.33.62.136 /yisheng/webframe/index.php/Admin/Workshop/ajaxIndex?limit=15&offset=0&sort=org_id&order=desc&UserName=4
INFO: [ app_begin ] --START--
INFO: Run Behavior\ReadHtmlCacheBehavior [ RunTime:0.000378s ]
INFO: [ app_begin ] --END-- [ RunTime:0.000636s ]
SQL: SHOW COLUMNS FROM `user_account` [ RunTime:0.0008s ]
SQL: SELECT * FROM `user_account` WHERE ( user_identify='b244536f4994b14f55f19e9c7a9ba144' )  [ RunTime:0.0003s ]
SQL: SHOW COLUMNS FROM `workshop` [ RunTime:0.0005s ]
SQL: SELECT `org_id` FROM `workshop` WHERE ( isenable=0 )  [ RunTime:0.0002s ]
SQL: SHOW COLUMNS FROM `organization` [ RunTime:0.0006s ]
NOTIC: [8] Undefined variable: order /var/www/html/yisheng/webframe/Admin/Controller/WorkshopController.class.php 第 63 行.
SQL: SELECT `org_id`,`org_name`,`org_english_name`,`org_user_id`,`org_icon`,`org_location` FROM `organization` WHERE ( parentid=8 ) LIMIT 0,15   [ RunTime:0.0002s ]
SQL: SELECT COUNT(*) AS tp_count FROM `organization` WHERE ( parentid=8 ) LIMIT 1   [ RunTime:0.0002s ]
SQL: SHOW COLUMNS FROM `user` [ RunTime:0.0005s ]
SQL: SELECT `user_name` FROM `user` WHERE ( user_id=0 )  [ RunTime:0.0002s ]
SQL: SELECT `user_name` FROM `user` WHERE ( user_id=0 )  [ RunTime:0.0002s ]
SQL: SELECT `user_name` FROM `user` WHERE ( user_id=0 )  [ RunTime:0.0001s ]
SQL: SELECT `user_name` FROM `user` WHERE ( user_id=0 )  [ RunTime:0.0002s ]

[ 2016-05-28T20:25:31+08:00 ] 125.33.62.136 /yisheng/webframe/index.php/Admin/Org/getOrgTree
INFO: [ app_begin ] --START--
INFO: Run Behavior\ReadHtmlCacheBehavior [ RunTime:0.000392s ]
INFO: [ app_begin ] --END-- [ RunTime:0.000745s ]
SQL: SHOW COLUMNS FROM `user_account` [ RunTime:0.0008s ]
SQL: SELECT * FROM `user_account` WHERE ( user_identify='b244536f4994b14f55f19e9c7a9ba144' )  [ RunTime:0.0003s ]
SQL: SHOW COLUMNS FROM `organization` [ RunTime:0.0006s ]
SQL: SELECT * FROM `organization` WHERE ( parentid='0' and ishidden=0 )  [ RunTime:0.0002s ]
SQL: SELECT COUNT(*) AS tp_count FROM `organization` WHERE ( parentid="8" and ishidden=0 ) LIMIT 1   [ RunTime:0.0004s ]
SQL: SELECT * FROM `organization` WHERE ( parentid='8' and ishidden=0 )  [ RunTime:0.0003s ]
SQL: SELECT COUNT(*) AS tp_count FROM `organization` WHERE ( parentid="9" and ishidden=0 ) LIMIT 1   [ RunTime:0.0002s ]
SQL: SELECT COUNT(*) AS tp_count FROM `organization` WHERE ( parentid="10" and ishidden=0 ) LIMIT 1   [ RunTime:0.0002s ]
SQL: SELECT COUNT(*) AS tp_count FROM `organization` WHERE ( parentid="11" and ishidden=0 ) LIMIT 1   [ RunTime:0.0002s ]
SQL: SELECT COUNT(*) AS tp_count FROM `organization` WHERE ( parentid="12" and ishidden=0 ) LIMIT 1   [ RunTime:0.0002s ]
SQL: SELECT COUNT(*) AS tp_count FROM `organization` WHERE ( parentid="13" and ishidden=0 ) LIMIT 1   [ RunTime:0.0002s ]
SQL: SELECT * FROM `organization` WHERE ( parentid='13' and ishidden=0 )  [ RunTime:0.0002s ]
SQL: SELECT COUNT(*) AS tp_count FROM `organization` WHERE ( parentid="14" and ishidden=0 ) LIMIT 1   [ RunTime:0.0002s ]
SQL: SELECT COUNT(*) AS tp_count FROM `organization` WHERE ( parentid="15" and ishidden=0 ) LIMIT 1   [ RunTime:0.0002s ]
SQL: SELECT COUNT(*) AS tp_count FROM `organization` WHERE ( parentid="16" and ishidden=0 ) LIMIT 1   [ RunTime:0.0002s ]
SQL: SELECT COUNT(*) AS tp_count FROM `organization` WHERE ( parentid="17" and ishidden=0 ) LIMIT 1   [ RunTime:0.0002s ]
SQL: SELECT COUNT(*) AS tp_count FROM `organization` WHERE ( parentid="18" and ishidden=0 ) LIMIT 1   [ RunTime:0.0002s ]

[ 2016-05-28T20:33:03+08:00 ] 125.33.62.136 /yisheng/webframe/index.php/Admin/Workshop/ajaxIndex?limit=15&offset=0&sort=org_id&order=desc&UserName=4
INFO: [ app_begin ] --START--
INFO: Run Behavior\ReadHtmlCacheBehavior [ RunTime:0.000580s ]
INFO: [ app_begin ] --END-- [ RunTime:0.000935s ]
SQL: SHOW COLUMNS FROM `user_account` [ RunTime:0.0009s ]
SQL: SELECT * FROM `user_account` WHERE ( user_identify='b244536f4994b14f55f19e9c7a9ba144' )  [ RunTime:0.0003s ]
SQL: SHOW COLUMNS FROM `workshop` [ RunTime:0.0005s ]
SQL: SELECT `org_id` FROM `workshop` WHERE ( isenable=0 )  [ RunTime:0.0002s ]
SQL: SHOW COLUMNS FROM `organization` [ RunTime:0.0007s ]
NOTIC: [8] Undefined variable: order /var/www/html/yisheng/webframe/Admin/Controller/WorkshopController.class.php 第 63 行.
SQL: SELECT `org_id`,`org_name`,`org_english_name`,`org_user_id`,`org_icon`,`org_location` FROM `organization` WHERE ( parentid=8 ) LIMIT 0,15   [ RunTime:0.0002s ]
SQL: SELECT COUNT(*) AS tp_count FROM `organization` WHERE ( parentid=8 ) LIMIT 1   [ RunTime:0.0002s ]
SQL: SHOW COLUMNS FROM `user` [ RunTime:0.0005s ]
SQL: SELECT `user_name` FROM `user` WHERE ( user_id=0 )  [ RunTime:0.0002s ]
SQL: SELECT `user_name` FROM `user` WHERE ( user_id=0 )  [ RunTime:0.0002s ]
SQL: SELECT `user_name` FROM `user` WHERE ( user_id=0 )  [ RunTime:0.0002s ]
SQL: SELECT `user_name` FROM `user` WHERE ( user_id=0 )  [ RunTime:0.0002s ]

[ 2016-05-28T20:37:23+08:00 ] 125.33.62.136 /yisheng/webframe/index.php/Admin/Workshop/ajaxIndex?limit=15&offset=0&sort=org_id&order=desc&UserName=4
INFO: [ app_begin ] --START--
INFO: Run Behavior\ReadHtmlCacheBehavior [ RunTime:0.000653s ]
INFO: [ app_begin ] --END-- [ RunTime:0.001009s ]
SQL: SHOW COLUMNS FROM `user_account` [ RunTime:0.0009s ]
SQL: SELECT * FROM `user_account` WHERE ( user_identify='b244536f4994b14f55f19e9c7a9ba144' )  [ RunTime:0.0003s ]
SQL: SHOW COLUMNS FROM `workshop` [ RunTime:0.0005s ]
SQL: SELECT `org_id` FROM `workshop` WHERE ( isenable=0 )  [ RunTime:0.0002s ]
SQL: SHOW COLUMNS FROM `organization` [ RunTime:0.0006s ]
NOTIC: [8] Undefined variable: order /var/www/html/yisheng/webframe/Admin/Controller/WorkshopController.class.php 第 63 行.
SQL: SELECT `org_id`,`org_name`,`org_english_name`,`org_user_id`,`org_icon`,`org_location` FROM `organization` WHERE ( parentid=8 ) LIMIT 0,15   [ RunTime:0.0002s ]
SQL: SELECT COUNT(*) AS tp_count FROM `organization` WHERE ( parentid=8 ) LIMIT 1   [ RunTime:0.0002s ]
SQL: SHOW COLUMNS FROM `user` [ RunTime:0.0005s ]
SQL: SELECT `user_name` FROM `user` WHERE ( user_id=0 )  [ RunTime:0.0002s ]
SQL: SELECT `user_name` FROM `user` WHERE ( user_id=0 )  [ RunTime:0.0002s ]
SQL: SELECT `user_name` FROM `user` WHERE ( user_id=0 )  [ RunTime:0.0002s ]
SQL: SELECT `user_name` FROM `user` WHERE ( user_id=0 )  [ RunTime:0.0002s ]

[ 2016-05-28T20:37:38+08:00 ] 125.33.62.136 /yisheng/webframe/index.php/Admin/Workshop/Org/insert
INFO: [ app_begin ] --START--
INFO: Run Behavior\ReadHtmlCacheBehavior [ RunTime:0.000364s ]
INFO: [ app_begin ] --END-- [ RunTime:0.000619s ]
SQL: SHOW COLUMNS FROM `user_account` [ RunTime:0.0009s ]
SQL: SELECT * FROM `user_account` WHERE ( user_identify='b244536f4994b14f55f19e9c7a9ba144' )  [ RunTime:0.0003s ]
ERR: 非法操作:Org

[ 2016-05-28T20:43:02+08:00 ] 125.33.62.136 /yisheng/webframe/index.php/Admin/Workshop/ajaxIndex?limit=15&offset=0&sort=org_id&order=desc&UserName=4
INFO: [ app_begin ] --START--
INFO: Run Behavior\ReadHtmlCacheBehavior [ RunTime:0.000554s ]
INFO: [ app_begin ] --END-- [ RunTime:0.000867s ]
SQL: SHOW COLUMNS FROM `user_account` [ RunTime:0.0008s ]
SQL: SELECT * FROM `user_account` WHERE ( user_identify='b244536f4994b14f55f19e9c7a9ba144' )  [ RunTime:0.0003s ]
SQL: SHOW COLUMNS FROM `workshop` [ RunTime:0.0005s ]
SQL: SELECT `org_id` FROM `workshop` WHERE ( isenable=0 )  [ RunTime:0.0002s ]
SQL: SHOW COLUMNS FROM `organization` [ RunTime:0.0006s ]
NOTIC: [8] Undefined variable: order /var/www/html/yisheng/webframe/Admin/Controller/WorkshopController.class.php 第 63 行.
SQL: SELECT `org_id`,`org_name`,`org_english_name`,`org_user_id`,`org_icon`,`org_location` FROM `organization` WHERE ( parentid=8 ) LIMIT 0,15   [ RunTime:0.0002s ]
SQL: SELECT COUNT(*) AS tp_count FROM `organization` WHERE ( parentid=8 ) LIMIT 1   [ RunTime:0.0002s ]
SQL: SHOW COLUMNS FROM `user` [ RunTime:0.0006s ]
SQL: SELECT `user_name` FROM `user` WHERE ( user_id=0 )  [ RunTime:0.0002s ]
SQL: SELECT `user_name` FROM `user` WHERE ( user_id=0 )  [ RunTime:0.0002s ]
SQL: SELECT `user_name` FROM `user` WHERE ( user_id=0 )  [ RunTime:0.0002s ]
SQL: SELECT `user_name` FROM `user` WHERE ( user_id=0 )  [ RunTime:0.0002s ]

[ 2016-05-28T20:43:13+08:00 ] 125.33.62.136 /yisheng/webframe/index.php/Admin/Org/insert.html
INFO: [ app_begin ] --START--
INFO: Run Behavior\ReadHtmlCacheBehavior [ RunTime:0.000436s ]
INFO: [ app_begin ] --END-- [ RunTime:0.000679s ]
SQL: SHOW COLUMNS FROM `user_account` [ RunTime:0.0010s ]
SQL: SELECT * FROM `user_account` WHERE ( user_identify='b244536f4994b14f55f19e9c7a9ba144' )  [ RunTime:0.0003s ]
SQL: SHOW COLUMNS FROM `organization` [ RunTime:0.0006s ]
SQL: SHOW COLUMNS FROM `organization` [ RunTime:0.0006s ]
ERR: SQLSTATE[HY000]: General error: 1364 Field 'org_user_id' doesn't have a default value

[ 2016-05-28T20:44:41+08:00 ] 125.33.62.136 /yisheng/webframe/index.php/Admin/Org/insert.html
INFO: [ app_begin ] --START--
INFO: Run Behavior\ReadHtmlCacheBehavior [ RunTime:0.000364s ]
INFO: [ app_begin ] --END-- [ RunTime:0.000627s ]
SQL: SHOW COLUMNS FROM `user_account` [ RunTime:0.0009s ]
SQL: SELECT * FROM `user_account` WHERE ( user_identify='b244536f4994b14f55f19e9c7a9ba144' )  [ RunTime:0.0003s ]
SQL: SHOW COLUMNS FROM `organization` [ RunTime:0.0005s ]
SQL: SHOW COLUMNS FROM `organization` [ RunTime:0.0006s ]
SQL: INSERT INTO `organization` (`org_name`,`parentid`,`ishidden`) VALUES ('地方','8','0') [ RunTime:0.0066s ]

[ 2016-05-28T20:51:39+08:00 ] 125.33.62.136 /yisheng/webframe/index.php/Admin/Workshop/ajaxIndex?limit=15&offset=0&sort=org_id&order=desc&UserName=4
INFO: [ app_begin ] --START--
INFO: Run Behavior\ReadHtmlCacheBehavior [ RunTime:0.000334s ]
INFO: [ app_begin ] --END-- [ RunTime:0.000572s ]
SQL: SHOW COLUMNS FROM `user_account` [ RunTime:0.0007s ]
SQL: SELECT * FROM `user_account` WHERE ( user_identify='b244536f4994b14f55f19e9c7a9ba144' )  [ RunTime:0.0002s ]

[ 2016-05-28T20:52:13+08:00 ] 125.33.62.136 /yisheng/webframe/index.php/Admin/Workshop/ajaxIndex?limit=15&offset=0&sort=org_id&order=desc&UserName=4
INFO: [ app_begin ] --START--
INFO: Run Behavior\ReadHtmlCacheBehavior [ RunTime:0.000412s ]
INFO: [ app_begin ] --END-- [ RunTime:0.000686s ]
SQL: SHOW COLUMNS FROM `user_account` [ RunTime:0.0008s ]
SQL: SELECT * FROM `user_account` WHERE ( user_identify='b244536f4994b14f55f19e9c7a9ba144' )  [ RunTime:0.0003s ]
SQL: SHOW COLUMNS FROM `workshop` [ RunTime:0.0005s ]
SQL: SELECT `org_id` FROM `workshop` WHERE ( isenable=0 )  [ RunTime:0.0002s ]

[ 2016-05-28T20:55:02+08:00 ] 125.33.62.136 /yisheng/webframe/index.php/Admin/Workshop/ajaxIndex?limit=15&offset=0&sort=org_id&order=desc&UserName=4
INFO: [ app_begin ] --START--
INFO: Run Behavior\ReadHtmlCacheBehavior [ RunTime:0.000356s ]
INFO: [ app_begin ] --END-- [ RunTime:0.000619s ]
SQL: SHOW COLUMNS FROM `user_account` [ RunTime:0.0008s ]
SQL: SELECT * FROM `user_account` WHERE ( user_identify='b244536f4994b14f55f19e9c7a9ba144' )  [ RunTime:0.0003s ]
SQL: SHOW COLUMNS FROM `workshop` [ RunTime:0.0005s ]
SQL: SELECT `org_id` FROM `workshop` WHERE ( isenable=0 )  [ RunTime:0.0002s ]
SQL: SHOW COLUMNS FROM `organization` [ RunTime:0.0006s ]
SQL: SELECT `org_id`,`org_name`,`org_english_name`,`org_user_id`,`org_icon`,`org_location` FROM `organization` WHERE ( parentid=8 ) ORDER BY org_id desc LIMIT 0,15   [ RunTime:0.0002s ]
SQL: SELECT COUNT(*) AS tp_count FROM `organization` WHERE ( parentid=8 ) LIMIT 1   [ RunTime:0.0003s ]

[ 2016-05-28T20:55:34+08:00 ] 125.33.62.136 /yisheng/webframe/index.php/Admin/Workshop/ajaxIndex?limit=15&offset=0&sort=org_id&order=desc&UserName=4
INFO: [ app_begin ] --START--
INFO: Run Behavior\ReadHtmlCacheBehavior [ RunTime:0.000380s ]
INFO: [ app_begin ] --END-- [ RunTime:0.000692s ]
SQL: SHOW COLUMNS FROM `user_account` [ RunTime:0.0009s ]
SQL: SELECT * FROM `user_account` WHERE ( user_identify='b244536f4994b14f55f19e9c7a9ba144' )  [ RunTime:0.0003s ]
SQL: SHOW COLUMNS FROM `workshop` [ RunTime:0.0005s ]
SQL: SELECT `org_id` FROM `workshop` WHERE ( isenable=0 )  [ RunTime:0.0003s ]
SQL: SHOW COLUMNS FROM `organization` [ RunTime:0.0006s ]
SQL: SELECT `org_id`,`org_name`,`org_english_name`,`org_user_id`,`org_icon`,`org_location` FROM `organization` WHERE ( parentid=8 ) ORDER BY org_id desc LIMIT 0,15   [ RunTime:0.0002s ]
SQL: SELECT COUNT(*) AS tp_count FROM `organization` WHERE ( parentid=8 ) LIMIT 1   [ RunTime:0.0002s ]
SQL: SHOW COLUMNS FROM `user` [ RunTime:0.0005s ]
SQL: SELECT `user_name` FROM `user` WHERE ( user_id=0 )  [ RunTime:0.0002s ]
SQL: SELECT `user_name` FROM `user` WHERE ( user_id=0 )  [ RunTime:0.0002s ]
SQL: SELECT `user_name` FROM `user` WHERE ( user_id=0 )  [ RunTime:0.0002s ]
SQL: SELECT `user_name` FROM `user` WHERE ( user_id=0 )  [ RunTime:0.0002s ]

[ 2016-05-28T20:56:03+08:00 ] 125.33.62.136 /yisheng/webframe/index.php/Admin/Workshop/ajaxIndex?limit=15&offset=0&sort=org_id&order=desc&UserName=4
INFO: [ app_begin ] --START--
INFO: Run Behavior\ReadHtmlCacheBehavior [ RunTime:0.000343s ]
INFO: [ app_begin ] --END-- [ RunTime:0.000607s ]
SQL: SHOW COLUMNS FROM `user_account` [ RunTime:0.0008s ]
SQL: SELECT * FROM `user_account` WHERE ( user_identify='b244536f4994b14f55f19e9c7a9ba144' )  [ RunTime:0.0003s ]
SQL: SHOW COLUMNS FROM `workshop` [ RunTime:0.0005s ]
SQL: SELECT `org_id` FROM `workshop` WHERE ( isenable=0 )  [ RunTime:0.0002s ]
SQL: SHOW COLUMNS FROM `organization` [ RunTime:0.0006s ]
SQL: SELECT `org_id`,`org_name`,`org_english_name`,`org_user_id`,`org_icon`,`org_location` FROM `organization` WHERE ( parentid=8 ) ORDER BY org_id desc LIMIT 0,15   [ RunTime:0.0002s ]
SQL: SELECT COUNT(*) AS tp_count FROM `organization` WHERE ( parentid=8 ) LIMIT 1   [ RunTime:0.0002s ]
SQL: SHOW COLUMNS FROM `user` [ RunTime:0.0005s ]
SQL: SELECT `user_name` FROM `user` WHERE ( user_id=0 )  [ RunTime:0.0002s ]
SQL: SELECT `user_name` FROM `user` WHERE ( user_id=0 )  [ RunTime:0.0001s ]
SQL: SELECT `user_name` FROM `user` WHERE ( user_id=0 )  [ RunTime:0.0001s ]
SQL: SELECT `user_name` FROM `user` WHERE ( user_id=0 )  [ RunTime:0.0001s ]

[ 2016-05-28T20:56:43+08:00 ] 125.33.62.136 /yisheng/webframe/index.php/Admin/Workshop/ajaxIndex?limit=15&offset=0&sort=org_id&order=desc&UserName=4
INFO: [ app_begin ] --START--
INFO: Run Behavior\ReadHtmlCacheBehavior [ RunTime:0.000426s ]
INFO: [ app_begin ] --END-- [ RunTime:0.000710s ]
SQL: SHOW COLUMNS FROM `user_account` [ RunTime:0.0008s ]
SQL: SELECT * FROM `user_account` WHERE ( user_identify='b244536f4994b14f55f19e9c7a9ba144' )  [ RunTime:0.0003s ]
SQL: SHOW COLUMNS FROM `workshop` [ RunTime:0.0005s ]
SQL: SELECT `org_id` FROM `workshop` WHERE ( isenable=0 )  [ RunTime:0.0002s ]
SQL: SHOW COLUMNS FROM `organization` [ RunTime:0.0006s ]
SQL: SELECT `org_id`,`org_name`,`org_english_name`,`org_user_id`,`org_icon`,`org_location` FROM `organization` WHERE ( parentid=8 ) ORDER BY org_id desc LIMIT 0,15   [ RunTime:0.0002s ]
SQL: SELECT COUNT(*) AS tp_count FROM `organization` WHERE ( parentid=8 ) LIMIT 1   [ RunTime:0.0002s ]
SQL: SHOW COLUMNS FROM `user` [ RunTime:0.0005s ]
SQL: SELECT `user_name` FROM `user` WHERE ( user_id=0 )  [ RunTime:0.0002s ]
SQL: SELECT `user_name` FROM `user` WHERE ( user_id=0 )  [ RunTime:0.0001s ]
SQL: SELECT `user_name` FROM `user` WHERE ( user_id=0 )  [ RunTime:0.0001s ]
SQL: SELECT `user_name` FROM `user` WHERE ( user_id=0 )  [ RunTime:0.0001s ]

[ 2016-05-28T20:57:15+08:00 ] 125.33.62.136 /yisheng/webframe/index.php/Admin/Workshop/ajaxIndex?limit=15&offset=0&sort=org_id&order=desc&UserName=4
INFO: [ app_begin ] --START--
INFO: Run Behavior\ReadHtmlCacheBehavior [ RunTime:0.000381s ]
INFO: [ app_begin ] --END-- [ RunTime:0.000694s ]
SQL: SHOW COLUMNS FROM `user_account` [ RunTime:0.0009s ]
SQL: SELECT * FROM `user_account` WHERE ( user_identify='b244536f4994b14f55f19e9c7a9ba144' )  [ RunTime:0.0003s ]
SQL: SHOW COLUMNS FROM `workshop` [ RunTime:0.0005s ]
SQL: SELECT `org_id` FROM `workshop` WHERE ( isenable=0 )  [ RunTime:0.0002s ]
SQL: SHOW COLUMNS FROM `organization` [ RunTime:0.0006s ]
SQL: SELECT `org_id`,`org_name`,`org_english_name`,`org_user_id`,`org_icon`,`org_location` FROM `organization` WHERE ( parentid=8 ) ORDER BY org_id desc LIMIT 0,15   [ RunTime:0.0003s ]
SQL: SELECT COUNT(*) AS tp_count FROM `organization` WHERE ( parentid=8 ) LIMIT 1   [ RunTime:0.0002s ]
SQL: SHOW COLUMNS FROM `user` [ RunTime:0.0006s ]
SQL: SELECT `user_name` FROM `user` WHERE ( user_id=0 )  [ RunTime:0.0002s ]
SQL: SELECT `user_name` FROM `user` WHERE ( user_id=0 )  [ RunTime:0.0002s ]
SQL: SELECT `user_name` FROM `user` WHERE ( user_id=0 )  [ RunTime:0.0002s ]
SQL: SELECT `user_name` FROM `user` WHERE ( user_id=0 )  [ RunTime:0.0002s ]

[ 2016-05-28T20:58:27+08:00 ] 125.33.62.136 /yisheng/webframe/index.php/Admin/Workshop/ajaxIndex?limit=15&offset=0&sort=org_id&order=desc&UserName=4
INFO: [ app_begin ] --START--
INFO: Run Behavior\ReadHtmlCacheBehavior [ RunTime:0.000605s ]
INFO: [ app_begin ] --END-- [ RunTime:0.000947s ]
SQL: SHOW COLUMNS FROM `user_account` [ RunTime:0.0009s ]
SQL: SELECT * FROM `user_account` WHERE ( user_identify='b244536f4994b14f55f19e9c7a9ba144' )  [ RunTime:0.0003s ]
SQL: SHOW COLUMNS FROM `workshop` [ RunTime:0.0006s ]
SQL: SELECT `org_id` FROM `workshop` WHERE ( isenable=0 )  [ RunTime:0.0002s ]
SQL: SHOW COLUMNS FROM `organization` [ RunTime:0.0006s ]
SQL: SELECT `org_id`,`org_name`,`org_english_name`,`org_user_id`,`org_icon`,`org_location` FROM `organization` WHERE ( parentid=8 ) ORDER BY org_id desc LIMIT 0,15   [ RunTime:0.0002s ]
SQL: SELECT COUNT(*) AS tp_count FROM `organization` WHERE ( parentid=8 ) LIMIT 1   [ RunTime:0.0002s ]
SQL: SHOW COLUMNS FROM `user` [ RunTime:0.0005s ]
SQL: SELECT `user_name` FROM `user` WHERE ( user_id=0 )  [ RunTime:0.0002s ]
SQL: SELECT `user_name` FROM `user` WHERE ( user_id=0 )  [ RunTime:0.0002s ]
SQL: SELECT `user_name` FROM `user` WHERE ( user_id=0 )  [ RunTime:0.0002s ]
SQL: SELECT `user_name` FROM `user` WHERE ( user_id=0 )  [ RunTime:0.0002s ]

[ 2016-05-28T20:59:28+08:00 ] 125.33.62.136 /yisheng/webframe/index.php/Admin/Workshop/ajaxIndex?limit=15&offset=0&sort=org_id&order=desc&UserName=4
INFO: [ app_begin ] --START--
INFO: Run Behavior\ReadHtmlCacheBehavior [ RunTime:0.000344s ]
INFO: [ app_begin ] --END-- [ RunTime:0.000644s ]
SQL: SHOW COLUMNS FROM `user_account` [ RunTime:0.0007s ]
SQL: SELECT * FROM `user_account` WHERE ( user_identify='b244536f4994b14f55f19e9c7a9ba144' )  [ RunTime:0.0003s ]
SQL: SHOW COLUMNS FROM `workshop` [ RunTime:0.0006s ]
SQL: SELECT `org_id` FROM `workshop` WHERE ( isenable=0 )  [ RunTime:0.0002s ]
SQL: SHOW COLUMNS FROM `organization` [ RunTime:0.0006s ]
SQL: SELECT `org_id`,`org_name`,`org_english_name`,`org_user_id`,`org_icon`,`org_location` FROM `organization` WHERE ( parentid=8 ) ORDER BY org_id desc LIMIT 0,15   [ RunTime:0.0002s ]
SQL: SELECT COUNT(*) AS tp_count FROM `organization` WHERE ( parentid=8 ) LIMIT 1   [ RunTime:0.0002s ]
SQL: SHOW COLUMNS FROM `user` [ RunTime:0.0005s ]
SQL: SELECT `user_name` FROM `user` WHERE ( user_id=0 )  [ RunTime:0.0003s ]
SQL: SELECT `user_name` FROM `user` WHERE ( user_id=0 )  [ RunTime:0.0002s ]
SQL: SELECT `user_name` FROM `user` WHERE ( user_id=0 )  [ RunTime:0.0002s ]
SQL: SELECT `user_name` FROM `user` WHERE ( user_id=0 )  [ RunTime:0.0002s ]

[ 2016-05-28T21:07:39+08:00 ] 125.33.62.136 /yisheng/webframe/index.php/Admin/Workshop/ajaxIndex?limit=15&offset=0&sort=org_id&order=desc&UserName=4
INFO: [ app_begin ] --START--
INFO: Run Behavior\ReadHtmlCacheBehavior [ RunTime:0.000351s ]
INFO: [ app_begin ] --END-- [ RunTime:0.000604s ]
SQL: SHOW COLUMNS FROM `user_account` [ RunTime:0.0009s ]
SQL: SELECT * FROM `user_account` WHERE ( user_identify='b244536f4994b14f55f19e9c7a9ba144' )  [ RunTime:0.0003s ]
SQL: SHOW COLUMNS FROM `workshop` [ RunTime:0.0005s ]
SQL: SELECT `org_id` FROM `workshop` WHERE ( isenable=0 )  [ RunTime:0.0002s ]
SQL: SHOW COLUMNS FROM `organization` [ RunTime:0.0006s ]
SQL: SELECT `org_id`,`org_name`,`org_english_name`,`org_user_id`,`org_icon`,`org_location` FROM `organization` WHERE ( parentid=8 ) ORDER BY org_id desc LIMIT 0,15   [ RunTime:0.0002s ]
SQL: SELECT COUNT(*) AS tp_count FROM `organization` WHERE ( parentid=8 ) LIMIT 1   [ RunTime:0.0002s ]
SQL: SHOW COLUMNS FROM `user` [ RunTime:0.0006s ]
SQL: SELECT `user_name` FROM `user` WHERE ( user_id=0 )  [ RunTime:0.0002s ]
NOTIC: [8] Undefined offset: 0 /var/www/html/yisheng/webframe/Admin/Controller/WorkshopController.class.php 第 81 行.
SQL: SELECT `user_name` FROM `user` WHERE ( user_id=0 )  [ RunTime:0.0002s ]
NOTIC: [8] Undefined offset: 0 /var/www/html/yisheng/webframe/Admin/Controller/WorkshopController.class.php 第 81 行.
SQL: SELECT `user_name` FROM `user` WHERE ( user_id=0 )  [ RunTime:0.0002s ]
NOTIC: [8] Undefined offset: 0 /var/www/html/yisheng/webframe/Admin/Controller/WorkshopController.class.php 第 81 行.
SQL: SELECT `user_name` FROM `user` WHERE ( user_id=0 )  [ RunTime:0.0002s ]
NOTIC: [8] Undefined offset: 0 /var/www/html/yisheng/webframe/Admin/Controller/WorkshopController.class.php 第 81 行.

[ 2016-05-28T21:23:08+08:00 ] 125.33.62.136 /yisheng/webframe/index.php/Admin/Workshop/ajaxIndex?limit=15&offset=0&sort=org_id&order=desc&UserName=4
INFO: [ app_begin ] --START--
INFO: Run Behavior\ReadHtmlCacheBehavior [ RunTime:0.000438s ]
INFO: [ app_begin ] --END-- [ RunTime:0.000684s ]
SQL: SHOW COLUMNS FROM `user_account` [ RunTime:0.0011s ]
SQL: SELECT * FROM `user_account` WHERE ( user_identify='b244536f4994b14f55f19e9c7a9ba144' )  [ RunTime:0.0005s ]
SQL: SHOW COLUMNS FROM `workshop` [ RunTime:0.0008s ]
SQL: SELECT `org_id` FROM `workshop` WHERE ( isenable=0 )  [ RunTime:0.0002s ]
SQL: SHOW COLUMNS FROM `organization` [ RunTime:0.0007s ]
SQL: SELECT `org_id`,`org_name`,`org_english_name`,`org_user_id`,`org_icon`,`org_location` FROM `organization` WHERE ( parentid=8 ) ORDER BY org_id desc LIMIT 0,15   [ RunTime:0.0002s ]
SQL: SELECT COUNT(*) AS tp_count FROM `organization` WHERE ( parentid=8 ) LIMIT 1   [ RunTime:0.0002s ]
SQL: SHOW COLUMNS FROM `user` [ RunTime:0.0006s ]
SQL: SELECT `user_name` FROM `user` WHERE ( user_id=0 )  [ RunTime:0.0002s ]
NOTIC: [8] Undefined offset: 0 /var/www/html/yisheng/webframe/Admin/Controller/WorkshopController.class.php 第 80 行.
SQL: SELECT `user_name` FROM `user` WHERE ( user_id=0 )  [ RunTime:0.0002s ]
NOTIC: [8] Undefined offset: 0 /var/www/html/yisheng/webframe/Admin/Controller/WorkshopController.class.php 第 80 行.
SQL: SELECT `user_name` FROM `user` WHERE ( user_id=0 )  [ RunTime:0.0002s ]
NOTIC: [8] Undefined offset: 0 /var/www/html/yisheng/webframe/Admin/Controller/WorkshopController.class.php 第 80 行.
SQL: SELECT `user_name` FROM `user` WHERE ( user_id=0 )  [ RunTime:0.0002s ]
NOTIC: [8] Undefined offset: 0 /var/www/html/yisheng/webframe/Admin/Controller/WorkshopController.class.php 第 80 行.

[ 2016-05-28T21:23:16+08:00 ] 125.33.62.136 /yisheng/webframe/index.php/Admin/Org/infoGive/org_id/%2Borg_id%2B.html
ERR: SQLSTATE[42000]: Syntax error or access violation: 1064 You have an error in your SQL syntax; check the manual that corresponds to your MySQL server version for the right syntax to use near ')' at line 1

[ 2016-05-28T21:26:58+08:00 ] 125.33.62.136 /yisheng/webframe/index.php/Admin/Workshop/ajaxIndex?limit=15&offset=0&sort=org_id&order=desc&UserName=4
INFO: [ app_begin ] --START--
INFO: Run Behavior\ReadHtmlCacheBehavior [ RunTime:0.000352s ]
INFO: [ app_begin ] --END-- [ RunTime:0.000602s ]
SQL: SHOW COLUMNS FROM `user_account` [ RunTime:0.0009s ]
SQL: SELECT * FROM `user_account` WHERE ( user_identify='b244536f4994b14f55f19e9c7a9ba144' )  [ RunTime:0.0003s ]
SQL: SHOW COLUMNS FROM `workshop` [ RunTime:0.0005s ]
SQL: SELECT `org_id` FROM `workshop` WHERE ( isenable=0 )  [ RunTime:0.0002s ]
SQL: SHOW COLUMNS FROM `organization` [ RunTime:0.0005s ]
SQL: SELECT `org_id`,`org_name`,`org_english_name`,`org_user_id`,`org_icon`,`org_location` FROM `organization` WHERE ( parentid=8 ) ORDER BY org_id desc LIMIT 0,15   [ RunTime:0.0002s ]
SQL: SELECT COUNT(*) AS tp_count FROM `organization` WHERE ( parentid=8 ) LIMIT 1   [ RunTime:0.0002s ]
SQL: SHOW COLUMNS FROM `user` [ RunTime:0.0006s ]
SQL: SELECT `user_name` FROM `user` WHERE ( user_id=0 )  [ RunTime:0.0002s ]
NOTIC: [8] Undefined offset: 0 /var/www/html/yisheng/webframe/Admin/Controller/WorkshopController.class.php 第 80 行.
SQL: SELECT `user_name` FROM `user` WHERE ( user_id=0 )  [ RunTime:0.0002s ]
NOTIC: [8] Undefined offset: 0 /var/www/html/yisheng/webframe/Admin/Controller/WorkshopController.class.php 第 80 行.
SQL: SELECT `user_name` FROM `user` WHERE ( user_id=0 )  [ RunTime:0.0002s ]
NOTIC: [8] Undefined offset: 0 /var/www/html/yisheng/webframe/Admin/Controller/WorkshopController.class.php 第 80 行.
SQL: SELECT `user_name` FROM `user` WHERE ( user_id=0 )  [ RunTime:0.0001s ]
NOTIC: [8] Undefined offset: 0 /var/www/html/yisheng/webframe/Admin/Controller/WorkshopController.class.php 第 80 行.

[ 2016-05-28T21:27:04+08:00 ] 125.33.62.136 /yisheng/webframe/index.php/Admin/Org/infoGive/org_id/
ERR: SQLSTATE[42000]: Syntax error or access violation: 1064 You have an error in your SQL syntax; check the manual that corresponds to your MySQL server version for the right syntax to use near ')' at line 1

[ 2016-05-28T21:29:19+08:00 ] 125.33.62.136 /yisheng/webframe/index.php/Admin/Workshop/ajaxIndex?limit=15&offset=0&sort=org_id&order=desc&UserName=4
INFO: [ app_begin ] --START--
INFO: Run Behavior\ReadHtmlCacheBehavior [ RunTime:0.000410s ]
INFO: [ app_begin ] --END-- [ RunTime:0.000730s ]
SQL: SHOW COLUMNS FROM `user_account` [ RunTime:0.0009s ]
SQL: SELECT * FROM `user_account` WHERE ( user_identify='b244536f4994b14f55f19e9c7a9ba144' )  [ RunTime:0.0003s ]
SQL: SHOW COLUMNS FROM `workshop` [ RunTime:0.0005s ]
SQL: SELECT `org_id` FROM `workshop` WHERE ( isenable=0 )  [ RunTime:0.0002s ]
SQL: SHOW COLUMNS FROM `organization` [ RunTime:0.0006s ]
SQL: SELECT `org_id`,`org_name`,`org_english_name`,`org_user_id`,`org_icon`,`org_location` FROM `organization` WHERE ( parentid=8 ) ORDER BY org_id desc LIMIT 0,15   [ RunTime:0.0002s ]
SQL: SELECT COUNT(*) AS tp_count FROM `organization` WHERE ( parentid=8 ) LIMIT 1   [ RunTime:0.0002s ]
SQL: SHOW COLUMNS FROM `user` [ RunTime:0.0006s ]
SQL: SELECT `user_name` FROM `user` WHERE ( user_id=0 )  [ RunTime:0.0002s ]
NOTIC: [8] Undefined offset: 0 /var/www/html/yisheng/webframe/Admin/Controller/WorkshopController.class.php 第 80 行.
SQL: SELECT `user_name` FROM `user` WHERE ( user_id=0 )  [ RunTime:0.0002s ]
NOTIC: [8] Undefined offset: 0 /var/www/html/yisheng/webframe/Admin/Controller/WorkshopController.class.php 第 80 行.
SQL: SELECT `user_name` FROM `user` WHERE ( user_id=0 )  [ RunTime:0.0002s ]
NOTIC: [8] Undefined offset: 0 /var/www/html/yisheng/webframe/Admin/Controller/WorkshopController.class.php 第 80 行.
SQL: SELECT `user_name` FROM `user` WHERE ( user_id=0 )  [ RunTime:0.0002s ]
NOTIC: [8] Undefined offset: 0 /var/www/html/yisheng/webframe/Admin/Controller/WorkshopController.class.php 第 80 行.

[ 2016-05-28T21:36:49+08:00 ] 125.33.62.136 /yisheng/webframe/index.php/Admin/Workshop/ajaxIndex?limit=15&offset=0&sort=org_id&order=desc&UserName=4
INFO: [ app_begin ] --START--
INFO: Run Behavior\ReadHtmlCacheBehavior [ RunTime:0.000371s ]
INFO: [ app_begin ] --END-- [ RunTime:0.000684s ]
SQL: SHOW COLUMNS FROM `user_account` [ RunTime:0.0009s ]
SQL: SELECT * FROM `user_account` WHERE ( user_identify='b244536f4994b14f55f19e9c7a9ba144' )  [ RunTime:0.0003s ]
SQL: SHOW COLUMNS FROM `workshop` [ RunTime:0.0005s ]
SQL: SELECT `org_id` FROM `workshop` WHERE ( isenable=0 )  [ RunTime:0.0002s ]
SQL: SHOW COLUMNS FROM `organization` [ RunTime:0.0006s ]
SQL: SELECT `org_id`,`org_name`,`org_english_name`,`org_user_id`,`org_icon`,`org_location` FROM `organization` WHERE ( parentid=8 ) ORDER BY org_id desc LIMIT 0,15   [ RunTime:0.0002s ]
SQL: SELECT COUNT(*) AS tp_count FROM `organization` WHERE ( parentid=8 ) LIMIT 1   [ RunTime:0.0002s ]
SQL: SHOW COLUMNS FROM `user` [ RunTime:0.0005s ]
SQL: SELECT `user_name` FROM `user` WHERE ( user_id=0 )  [ RunTime:0.0002s ]
NOTIC: [8] Undefined offset: 0 /var/www/html/yisheng/webframe/Admin/Controller/WorkshopController.class.php 第 80 行.
SQL: SELECT `user_name` FROM `user` WHERE ( user_id=0 )  [ RunTime:0.0001s ]
NOTIC: [8] Undefined offset: 0 /var/www/html/yisheng/webframe/Admin/Controller/WorkshopController.class.php 第 80 行.
SQL: SELECT `user_name` FROM `user` WHERE ( user_id=0 )  [ RunTime:0.0001s ]
NOTIC: [8] Undefined offset: 0 /var/www/html/yisheng/webframe/Admin/Controller/WorkshopController.class.php 第 80 行.
SQL: SELECT `user_name` FROM `user` WHERE ( user_id=0 )  [ RunTime:0.0002s ]
NOTIC: [8] Undefined offset: 0 /var/www/html/yisheng/webframe/Admin/Controller/WorkshopController.class.php 第 80 行.

[ 2016-05-28T21:36:58+08:00 ] 125.33.62.136 /yisheng/webframe/index.php/Admin/Org/infoGive/org_id/
ERR: SQLSTATE[42000]: Syntax error or access violation: 1064 You have an error in your SQL syntax; check the manual that corresponds to your MySQL server version for the right syntax to use near ')' at line 1

[ 2016-05-28T21:48:21+08:00 ] 125.33.62.136 /yisheng/webframe/index.php/Admin/Workshop/ajaxIndex?limit=15&offset=0&sort=org_id&order=desc&UserName=4
INFO: [ app_begin ] --START--
INFO: Run Behavior\ReadHtmlCacheBehavior [ RunTime:0.000561s ]
INFO: [ app_begin ] --END-- [ RunTime:0.000985s ]
SQL: SHOW COLUMNS FROM `user_account` [ RunTime:0.0009s ]
SQL: SELECT * FROM `user_account` WHERE ( user_identify='b244536f4994b14f55f19e9c7a9ba144' )  [ RunTime:0.0003s ]
SQL: SHOW COLUMNS FROM `workshop` [ RunTime:0.0005s ]
SQL: SELECT `org_id` FROM `workshop` WHERE ( isenable=0 )  [ RunTime:0.0002s ]
SQL: SHOW COLUMNS FROM `organization` [ RunTime:0.0006s ]
SQL: SELECT `org_id`,`org_name`,`org_english_name`,`org_user_id`,`org_icon`,`org_location` FROM `organization` WHERE ( parentid=8 ) ORDER BY org_id desc LIMIT 0,15   [ RunTime:0.0002s ]
SQL: SELECT COUNT(*) AS tp_count FROM `organization` WHERE ( parentid=8 ) LIMIT 1   [ RunTime:0.0002s ]
SQL: SHOW COLUMNS FROM `user` [ RunTime:0.0006s ]
SQL: SELECT `user_name` FROM `user` WHERE ( user_id=0 )  [ RunTime:0.0002s ]
NOTIC: [8] Undefined offset: 0 /var/www/html/yisheng/webframe/Admin/Controller/WorkshopController.class.php 第 80 行.
SQL: SELECT `user_name` FROM `user` WHERE ( user_id=0 )  [ RunTime:0.0002s ]
NOTIC: [8] Undefined offset: 0 /var/www/html/yisheng/webframe/Admin/Controller/WorkshopController.class.php 第 80 行.
SQL: SELECT `user_name` FROM `user` WHERE ( user_id=0 )  [ RunTime:0.0002s ]
NOTIC: [8] Undefined offset: 0 /var/www/html/yisheng/webframe/Admin/Controller/WorkshopController.class.php 第 80 行.
SQL: SELECT `user_name` FROM `user` WHERE ( user_id=0 )  [ RunTime:0.0002s ]
NOTIC: [8] Undefined offset: 0 /var/www/html/yisheng/webframe/Admin/Controller/WorkshopController.class.php 第 80 行.

[ 2016-05-28T21:48:28+08:00 ] 125.33.62.136 /yisheng/webframe/index.php/Admin/Org/infoGive/org_id/
ERR: SQLSTATE[42000]: Syntax error or access violation: 1064 You have an error in your SQL syntax; check the manual that corresponds to your MySQL server version for the right syntax to use near ')' at line 1

[ 2016-05-28T21:49:34+08:00 ] 125.33.62.136 /yisheng/webframe/index.php/Admin/Workshop/ajaxIndex?limit=15&offset=0&sort=org_id&order=desc&UserName=4
INFO: [ app_begin ] --START--
INFO: Run Behavior\ReadHtmlCacheBehavior [ RunTime:0.000361s ]
INFO: [ app_begin ] --END-- [ RunTime:0.000614s ]
SQL: SHOW COLUMNS FROM `user_account` [ RunTime:0.0009s ]
SQL: SELECT * FROM `user_account` WHERE ( user_identify='b244536f4994b14f55f19e9c7a9ba144' )  [ RunTime:0.0003s ]
SQL: SHOW COLUMNS FROM `workshop` [ RunTime:0.0005s ]
SQL: SELECT `org_id` FROM `workshop` WHERE ( isenable=0 )  [ RunTime:0.0002s ]
SQL: SHOW COLUMNS FROM `organization` [ RunTime:0.0006s ]
SQL: SELECT `org_id`,`org_name`,`org_english_name`,`org_user_id`,`org_icon`,`org_location` FROM `organization` WHERE ( parentid=8 ) ORDER BY org_id desc LIMIT 0,15   [ RunTime:0.0002s ]
SQL: SELECT COUNT(*) AS tp_count FROM `organization` WHERE ( parentid=8 ) LIMIT 1   [ RunTime:0.0002s ]
SQL: SHOW COLUMNS FROM `user` [ RunTime:0.0006s ]
SQL: SELECT `user_name` FROM `user` WHERE ( user_id=0 )  [ RunTime:0.0002s ]
NOTIC: [8] Undefined offset: 0 /var/www/html/yisheng/webframe/Admin/Controller/WorkshopController.class.php 第 80 行.
SQL: SELECT `user_name` FROM `user` WHERE ( user_id=0 )  [ RunTime:0.0002s ]
NOTIC: [8] Undefined offset: 0 /var/www/html/yisheng/webframe/Admin/Controller/WorkshopController.class.php 第 80 行.
SQL: SELECT `user_name` FROM `user` WHERE ( user_id=0 )  [ RunTime:0.0002s ]
NOTIC: [8] Undefined offset: 0 /var/www/html/yisheng/webframe/Admin/Controller/WorkshopController.class.php 第 80 行.
SQL: SELECT `user_name` FROM `user` WHERE ( user_id=0 )  [ RunTime:0.0002s ]
NOTIC: [8] Undefined offset: 0 /var/www/html/yisheng/webframe/Admin/Controller/WorkshopController.class.php 第 80 行.

[ 2016-05-28T21:49:40+08:00 ] 125.33.62.136 /yisheng/webframe/index.php/Admin/Org/infoGive/org_id/
ERR: SQLSTATE[42000]: Syntax error or access violation: 1064 You have an error in your SQL syntax; check the manual that corresponds to your MySQL server version for the right syntax to use near ')' at line 1

[ 2016-05-28T21:57:25+08:00 ] 125.33.62.136 /yisheng/webframe/index.php/Admin/Workshop/ajaxIndex?limit=15&offset=0&sort=org_id&order=desc&UserName=4
INFO: [ app_begin ] --START--
INFO: Run Behavior\ReadHtmlCacheBehavior [ RunTime:0.000389s ]
INFO: [ app_begin ] --END-- [ RunTime:0.000682s ]
SQL: SHOW COLUMNS FROM `user_account` [ RunTime:0.0009s ]
SQL: SELECT * FROM `user_account` WHERE ( user_identify='b244536f4994b14f55f19e9c7a9ba144' )  [ RunTime:0.0003s ]
SQL: SHOW COLUMNS FROM `workshop` [ RunTime:0.0005s ]
SQL: SELECT `org_id` FROM `workshop` WHERE ( isenable=0 )  [ RunTime:0.0002s ]
SQL: SHOW COLUMNS FROM `organization` [ RunTime:0.0006s ]
SQL: SELECT `org_id`,`org_name`,`org_english_name`,`org_user_id`,`org_icon`,`org_location` FROM `organization` WHERE ( parentid=8 ) ORDER BY org_id desc LIMIT 0,15   [ RunTime:0.0002s ]
SQL: SELECT COUNT(*) AS tp_count FROM `organization` WHERE ( parentid=8 ) LIMIT 1   [ RunTime:0.0002s ]
SQL: SHOW COLUMNS FROM `user` [ RunTime:0.0005s ]
SQL: SELECT `user_name` FROM `user` WHERE ( user_id=0 )  [ RunTime:0.0002s ]
NOTIC: [8] Undefined offset: 0 /var/www/html/yisheng/webframe/Admin/Controller/WorkshopController.class.php 第 80 行.
SQL: SELECT `user_name` FROM `user` WHERE ( user_id=0 )  [ RunTime:0.0002s ]
NOTIC: [8] Undefined offset: 0 /var/www/html/yisheng/webframe/Admin/Controller/WorkshopController.class.php 第 80 行.
SQL: SELECT `user_name` FROM `user` WHERE ( user_id=0 )  [ RunTime:0.0002s ]
NOTIC: [8] Undefined offset: 0 /var/www/html/yisheng/webframe/Admin/Controller/WorkshopController.class.php 第 80 行.
SQL: SELECT `user_name` FROM `user` WHERE ( user_id=0 )  [ RunTime:0.0002s ]
NOTIC: [8] Undefined offset: 0 /var/www/html/yisheng/webframe/Admin/Controller/WorkshopController.class.php 第 80 行.

[ 2016-05-28T21:57:30+08:00 ] 125.33.62.136 /yisheng/webframe/index.php/Admin/Workshop/Org/infoGive/
ERR: 非法操作:Org

[ 2016-05-28T21:57:43+08:00 ] 125.33.62.136 /yisheng/webframe/index.php/Admin/Workshop/ajaxIndex?limit=15&offset=0&sort=org_id&order=desc&UserName=4
INFO: [ app_begin ] --START--
INFO: Run Behavior\ReadHtmlCacheBehavior [ RunTime:0.000358s ]
INFO: [ app_begin ] --END-- [ RunTime:0.000629s ]
SQL: SHOW COLUMNS FROM `user_account` [ RunTime:0.0009s ]
SQL: SELECT * FROM `user_account` WHERE ( user_identify='b244536f4994b14f55f19e9c7a9ba144' )  [ RunTime:0.0003s ]
SQL: SHOW COLUMNS FROM `workshop` [ RunTime:0.0005s ]
SQL: SELECT `org_id` FROM `workshop` WHERE ( isenable=0 )  [ RunTime:0.0002s ]
SQL: SHOW COLUMNS FROM `organization` [ RunTime:0.0005s ]
SQL: SELECT `org_id`,`org_name`,`org_english_name`,`org_user_id`,`org_icon`,`org_location` FROM `organization` WHERE ( parentid=8 ) ORDER BY org_id desc LIMIT 0,15   [ RunTime:0.0002s ]
SQL: SELECT COUNT(*) AS tp_count FROM `organization` WHERE ( parentid=8 ) LIMIT 1   [ RunTime:0.0002s ]
SQL: SHOW COLUMNS FROM `user` [ RunTime:0.0005s ]
SQL: SELECT `user_name` FROM `user` WHERE ( user_id=0 )  [ RunTime:0.0002s ]
NOTIC: [8] Undefined offset: 0 /var/www/html/yisheng/webframe/Admin/Controller/WorkshopController.class.php 第 80 行.
SQL: SELECT `user_name` FROM `user` WHERE ( user_id=0 )  [ RunTime:0.0002s ]
NOTIC: [8] Undefined offset: 0 /var/www/html/yisheng/webframe/Admin/Controller/WorkshopController.class.php 第 80 行.
SQL: SELECT `user_name` FROM `user` WHERE ( user_id=0 )  [ RunTime:0.0002s ]
NOTIC: [8] Undefined offset: 0 /var/www/html/yisheng/webframe/Admin/Controller/WorkshopController.class.php 第 80 行.
SQL: SELECT `user_name` FROM `user` WHERE ( user_id=0 )  [ RunTime:0.0002s ]
NOTIC: [8] Undefined offset: 0 /var/www/html/yisheng/webframe/Admin/Controller/WorkshopController.class.php 第 80 行.

[ 2016-05-28T21:57:47+08:00 ] 125.33.62.136 /yisheng/webframe/index.php/Admin/Workshop/Admin/Org/infoGive/
ERR: 非法操作:Admin

