[ 2016-05-05T14:43:22+08:00 ] 114.250.172.170 /webframework/webframe/index.php/Admin/Menu/ajaxIndex?limit=15&offset=0&sort=id&order=desc&UserName=4
INFO: [ app_begin ] --START--
INFO: Run Behavior\ReadHtmlCacheBehavior [ RunTime:0.000424s ]
INFO: [ app_begin ] --END-- [ RunTime:0.000702s ]
SQL: SHOW COLUMNS FROM `behavior_log` [ RunTime:0.0007s ]
SQL: INSERT INTO `behavior_log` (`behavior_log_account`,`behavior_log_con`,`behavior_log_func`,`behavior_log_time`,`behavior_log_ip`) VALUES ('14','Menu','ajaxIndex','1462430602','114.250.172.170') [ RunTime:0.0068s ]
SQL: SHOW COLUMNS FROM `user_account` [ RunTime:0.0006s ]
SQL: SELECT * FROM `user_account` WHERE ( user_identify='b244536f4994b14f55f19e9c7a9ba144' )  [ RunTime:0.0002s ]
SQL: SHOW COLUMNS FROM `menu` [ RunTime:0.0006s ]
SQL: SELECT `menu_id`,`menu_name`,`parentid`,`menu_url`,`sort`,`ishidden` FROM `menu` WHERE ( parentid=0 ) ORDER BY sort asc  [ RunTime:0.0003s ]
SQL: SELECT COUNT(*) AS tp_count FROM `menu` LIMIT 1   [ RunTime:0.0002s ]

[ 2016-05-05T14:43:26+08:00 ] 114.250.172.170 /webframework/webframe/index.php/Admin/Cate/getCateTree
INFO: [ app_begin ] --START--
INFO: Run Behavior\ReadHtmlCacheBehavior [ RunTime:0.000401s ]
INFO: [ app_begin ] --END-- [ RunTime:0.000659s ]
SQL: SHOW COLUMNS FROM `behavior_log` [ RunTime:0.0007s ]
SQL: INSERT INTO `behavior_log` (`behavior_log_account`,`behavior_log_con`,`behavior_log_func`,`behavior_log_time`,`behavior_log_ip`) VALUES ('14','Cate','getCateTree','1462430606','114.250.172.170') [ RunTime:0.0054s ]
SQL: SHOW COLUMNS FROM `user_account` [ RunTime:0.0006s ]
SQL: SELECT * FROM `user_account` WHERE ( user_identify='b244536f4994b14f55f19e9c7a9ba144' )  [ RunTime:0.0002s ]
SQL: SHOW COLUMNS FROM `category` [ RunTime:0.0006s ]
SQL: SELECT * FROM `category` WHERE ( parentid='0' and ishidden=0 )  [ RunTime:0.0002s ]
SQL: SELECT COUNT(*) AS tp_count FROM `category` WHERE ( parentid="1" and ishidden=0 ) LIMIT 1   [ RunTime:0.0003s ]
SQL: SELECT * FROM `category` WHERE ( parentid='1' and ishidden=0 )  [ RunTime:0.0002s ]
SQL: SELECT COUNT(*) AS tp_count FROM `category` WHERE ( parentid="2" and ishidden=0 ) LIMIT 1   [ RunTime:0.0002s ]
SQL: SELECT COUNT(*) AS tp_count FROM `category` WHERE ( parentid="4" and ishidden=0 ) LIMIT 1   [ RunTime:0.0002s ]
SQL: SELECT * FROM `category` WHERE ( parentid='4' and ishidden=0 )  [ RunTime:0.0002s ]
SQL: SELECT COUNT(*) AS tp_count FROM `category` WHERE ( parentid="7" and ishidden=0 ) LIMIT 1   [ RunTime:0.0002s ]
SQL: SELECT COUNT(*) AS tp_count FROM `category` WHERE ( parentid="8" and ishidden=0 ) LIMIT 1   [ RunTime:0.0002s ]
SQL: SELECT * FROM `category` WHERE ( parentid='8' and ishidden=0 )  [ RunTime:0.0002s ]
SQL: SELECT COUNT(*) AS tp_count FROM `category` WHERE ( parentid="9" and ishidden=0 ) LIMIT 1   [ RunTime:0.0002s ]
SQL: SELECT * FROM `category` WHERE ( parentid='9' and ishidden=0 )  [ RunTime:0.0002s ]
SQL: SELECT COUNT(*) AS tp_count FROM `category` WHERE ( parentid="10" and ishidden=0 ) LIMIT 1   [ RunTime:0.0002s ]
SQL: SELECT COUNT(*) AS tp_count FROM `category` WHERE ( parentid="16" and ishidden=0 ) LIMIT 1   [ RunTime:0.0002s ]
SQL: SELECT * FROM `category` WHERE ( parentid='16' and ishidden=0 )  [ RunTime:0.0002s ]
SQL: SELECT COUNT(*) AS tp_count FROM `category` WHERE ( parentid="18" and ishidden=0 ) LIMIT 1   [ RunTime:0.0002s ]
SQL: SELECT COUNT(*) AS tp_count FROM `category` WHERE ( parentid="17" and ishidden=0 ) LIMIT 1   [ RunTime:0.0002s ]
SQL: SELECT * FROM `category` WHERE ( parentid='17' and ishidden=0 )  [ RunTime:0.0002s ]
SQL: SELECT COUNT(*) AS tp_count FROM `category` WHERE ( parentid="19" and ishidden=0 ) LIMIT 1   [ RunTime:0.0002s ]
SQL: SELECT COUNT(*) AS tp_count FROM `category` WHERE ( parentid="11" and ishidden=0 ) LIMIT 1   [ RunTime:0.0002s ]
SQL: SELECT * FROM `category` WHERE ( parentid='11' and ishidden=0 )  [ RunTime:0.0002s ]
SQL: SELECT COUNT(*) AS tp_count FROM `category` WHERE ( parentid="12" and ishidden=0 ) LIMIT 1   [ RunTime:0.0002s ]
SQL: SELECT COUNT(*) AS tp_count FROM `category` WHERE ( parentid="13" and ishidden=0 ) LIMIT 1   [ RunTime:0.0002s ]
SQL: SELECT COUNT(*) AS tp_count FROM `category` WHERE ( parentid="14" and ishidden=0 ) LIMIT 1   [ RunTime:0.0002s ]
SQL: SELECT COUNT(*) AS tp_count FROM `category` WHERE ( parentid="15" and ishidden=0 ) LIMIT 1   [ RunTime:0.0002s ]
SQL: SELECT COUNT(*) AS tp_count FROM `category` WHERE ( parentid="20" and ishidden=0 ) LIMIT 1   [ RunTime:0.0002s ]
SQL: SELECT * FROM `category` WHERE ( parentid='20' and ishidden=0 )  [ RunTime:0.0002s ]
SQL: SELECT COUNT(*) AS tp_count FROM `category` WHERE ( parentid="21" and ishidden=0 ) LIMIT 1   [ RunTime:0.0002s ]

[ 2016-05-05T14:43:27+08:00 ] 114.250.172.170 /webframework/webframe/index.php/Admin/Workflow/ajaxIndex?limit=15&offset=0&sort=workflow_id&order=desc&UserName=4
INFO: [ app_begin ] --START--
INFO: Run Behavior\ReadHtmlCacheBehavior [ RunTime:0.000467s ]
INFO: [ app_begin ] --END-- [ RunTime:0.000785s ]
SQL: SHOW COLUMNS FROM `behavior_log` [ RunTime:0.0007s ]
SQL: INSERT INTO `behavior_log` (`behavior_log_account`,`behavior_log_con`,`behavior_log_func`,`behavior_log_time`,`behavior_log_ip`) VALUES ('14','Workflow','ajaxIndex','1462430607','114.250.172.170') [ RunTime:0.0064s ]
SQL: SHOW COLUMNS FROM `user_account` [ RunTime:0.0006s ]
SQL: SELECT * FROM `user_account` WHERE ( user_identify='b244536f4994b14f55f19e9c7a9ba144' )  [ RunTime:0.0002s ]
SQL: SHOW COLUMNS FROM `workflow` [ RunTime:0.0008s ]
SQL: SELECT `workflow_id`,`workflow_name`,`workflow_desc`,`steps` FROM `workflow` ORDER BY workflow_id desc LIMIT 0,15   [ RunTime:0.0002s ]
SQL: SELECT COUNT(*) AS tp_count FROM `workflow` LIMIT 1   [ RunTime:0.0002s ]

[ 2016-05-05T14:43:30+08:00 ] 114.250.172.170 /webframework/webframe/index.php/Admin/Org/getOrgTree
INFO: [ app_begin ] --START--
INFO: Run Behavior\ReadHtmlCacheBehavior [ RunTime:0.000419s ]
INFO: [ app_begin ] --END-- [ RunTime:0.000767s ]
SQL: SHOW COLUMNS FROM `behavior_log` [ RunTime:0.0006s ]
SQL: INSERT INTO `behavior_log` (`behavior_log_account`,`behavior_log_con`,`behavior_log_func`,`behavior_log_time`,`behavior_log_ip`) VALUES ('14','Org','getOrgTree','1462430610','114.250.172.170') [ RunTime:0.0053s ]
SQL: SHOW COLUMNS FROM `user_account` [ RunTime:0.0006s ]
SQL: SELECT * FROM `user_account` WHERE ( user_identify='b244536f4994b14f55f19e9c7a9ba144' )  [ RunTime:0.0002s ]
SQL: SHOW COLUMNS FROM `organization` [ RunTime:0.0005s ]
SQL: SELECT * FROM `organization` WHERE ( parentid='0' and ishidden=0 )  [ RunTime:0.0002s ]
SQL: SELECT COUNT(*) AS tp_count FROM `organization` WHERE ( parentid="8" and ishidden=0 ) LIMIT 1   [ RunTime:0.0002s ]
SQL: SELECT * FROM `organization` WHERE ( parentid='8' and ishidden=0 )  [ RunTime:0.0003s ]
SQL: SELECT COUNT(*) AS tp_count FROM `organization` WHERE ( parentid="9" and ishidden=0 ) LIMIT 1   [ RunTime:0.0002s ]
SQL: SELECT COUNT(*) AS tp_count FROM `organization` WHERE ( parentid="10" and ishidden=0 ) LIMIT 1   [ RunTime:0.0002s ]
SQL: SELECT COUNT(*) AS tp_count FROM `organization` WHERE ( parentid="11" and ishidden=0 ) LIMIT 1   [ RunTime:0.0002s ]
SQL: SELECT COUNT(*) AS tp_count FROM `organization` WHERE ( parentid="12" and ishidden=0 ) LIMIT 1   [ RunTime:0.0002s ]

[ 2016-05-05T14:43:34+08:00 ] 114.250.172.170 /webframework/webframe/index.php/Admin/User/ajaxIndex?limit=15&offset=0&sort=user.user_id&order=desc&isAdmin=0&UserName=4
INFO: [ app_begin ] --START--
INFO: Run Behavior\ReadHtmlCacheBehavior [ RunTime:0.000512s ]
INFO: [ app_begin ] --END-- [ RunTime:0.000767s ]
SQL: SHOW COLUMNS FROM `user` [ RunTime:0.0008s ]
SQL: SELECT user.user_id,user.user_name,user.org_id,account.user_account,account.role_id,account.isenable,account.user_account_id FROM `user` `user`,`user_account` `account` WHERE ( account.user_id=user.user_id and account.is_admin='0' ) ORDER BY user.user_id desc LIMIT 0,15   [ RunTime:0.0004s ]
SQL: SHOW COLUMNS FROM `role` [ RunTime:0.0005s ]
SQL: SELECT `role_name` FROM `role` WHERE ( role_id='4' )  [ RunTime:0.0002s ]
SQL: SHOW COLUMNS FROM `organization` [ RunTime:0.0005s ]
SQL: SELECT `org_name` FROM `organization` WHERE ( org_id='8' )  [ RunTime:0.0002s ]
SQL: SELECT `role_name` FROM `role` WHERE ( role_id='2' )  [ RunTime:0.0002s ]
SQL: SELECT `org_name` FROM `organization` WHERE ( org_id='8' )  [ RunTime:0.0002s ]
SQL: SELECT `role_name` FROM `role` WHERE ( role_id='1' )  [ RunTime:0.0002s ]
SQL: SELECT `org_name` FROM `organization` WHERE ( org_id='8' )  [ RunTime:0.0002s ]
SQL: SHOW COLUMNS FROM `user` [ RunTime:0.0005s ]
SQL: SELECT COUNT(*) AS tp_count FROM `user` `user`,`user_account` `account` WHERE ( account.user_id=user.user_id and account.is_admin='0' ) LIMIT 1   [ RunTime:0.0002s ]

[ 2016-05-05T14:43:35+08:00 ] 114.250.172.170 /webframework/webframe/index.php/Admin/User/ajaxIndex?limit=15&offset=0&sort=user.user_id&order=desc&isAdmin=1&UserName=4
INFO: [ app_begin ] --START--
INFO: Run Behavior\ReadHtmlCacheBehavior [ RunTime:0.000357s ]
INFO: [ app_begin ] --END-- [ RunTime:0.000605s ]
SQL: SHOW COLUMNS FROM `user` [ RunTime:0.0007s ]
SQL: SELECT user.user_id,user.user_name,user.org_id,account.user_account,account.role_id,account.isenable,account.user_account_id FROM `user` `user`,`user_account` `account` WHERE ( account.user_id=user.user_id and account.is_admin='1' ) ORDER BY user.user_id desc LIMIT 0,15   [ RunTime:0.0004s ]
SQL: SHOW COLUMNS FROM `user` [ RunTime:0.0005s ]
SQL: SELECT COUNT(*) AS tp_count FROM `user` `user`,`user_account` `account` WHERE ( account.user_id=user.user_id and account.is_admin='1' ) LIMIT 1   [ RunTime:0.0002s ]

[ 2016-05-05T14:43:37+08:00 ] 114.250.172.170 /webframework/webframe/index.php/Admin/Role/ajaxIndex?limit=15&offset=0&sort=role_id&order=desc&UserName=4
INFO: [ app_begin ] --START--
INFO: Run Behavior\ReadHtmlCacheBehavior [ RunTime:0.000366s ]
INFO: [ app_begin ] --END-- [ RunTime:0.000670s ]
SQL: SHOW COLUMNS FROM `behavior_log` [ RunTime:0.0008s ]
SQL: INSERT INTO `behavior_log` (`behavior_log_account`,`behavior_log_con`,`behavior_log_func`,`behavior_log_time`,`behavior_log_ip`) VALUES ('14','Role','ajaxIndex','1462430617','114.250.172.170') [ RunTime:0.0061s ]
SQL: SHOW COLUMNS FROM `user_account` [ RunTime:0.0006s ]
SQL: SELECT * FROM `user_account` WHERE ( user_identify='b244536f4994b14f55f19e9c7a9ba144' )  [ RunTime:0.0002s ]
SQL: SHOW COLUMNS FROM `role` [ RunTime:0.0005s ]
SQL: SELECT `role_id`,`role_name`,`role_desc` FROM `role` ORDER BY role_id desc LIMIT 0,15   [ RunTime:0.0002s ]
SQL: SELECT COUNT(*) AS tp_count FROM `role` LIMIT 1   [ RunTime:0.0002s ]

[ 2016-05-05T14:43:38+08:00 ] 114.250.172.170 /webframework/webframe/index.php/Admin/Useraccount/ajaxIndex?limit=15&offset=0&sort=account.user_account_id&order=desc&UserName=4
INFO: [ app_begin ] --START--
INFO: Run Behavior\ReadHtmlCacheBehavior [ RunTime:0.000391s ]
INFO: [ app_begin ] --END-- [ RunTime:0.000640s ]
SQL: SHOW COLUMNS FROM `behavior_log` [ RunTime:0.0006s ]
SQL: INSERT INTO `behavior_log` (`behavior_log_account`,`behavior_log_con`,`behavior_log_func`,`behavior_log_time`,`behavior_log_ip`) VALUES ('14','Useraccount','ajaxIndex','1462430618','114.250.172.170') [ RunTime:0.0059s ]
SQL: SHOW COLUMNS FROM `user_account` [ RunTime:0.0006s ]
SQL: SELECT * FROM `user_account` WHERE ( user_identify='b244536f4994b14f55f19e9c7a9ba144' )  [ RunTime:0.0004s ]
SQL: SHOW COLUMNS FROM `user` [ RunTime:0.0005s ]
SQL: SELECT user.user_name,account.user_account_id,account.user_account,account.role_id,account.isenable,account.is_admin FROM `user` `user`,`user_account` `account` WHERE ( account.user_id=user.user_id ) ORDER BY account.user_account_id desc  [ RunTime:0.0003s ]
SQL: SHOW COLUMNS FROM `role` [ RunTime:0.0006s ]
SQL: SELECT `role_name` FROM `role` WHERE ( role_id='2' )  [ RunTime:0.0002s ]
SQL: SELECT `role_name` FROM `role` WHERE ( role_id='4' )  [ RunTime:0.0002s ]
SQL: SELECT `role_name` FROM `role` WHERE ( role_id='1' )  [ RunTime:0.0002s ]
SQL: SHOW COLUMNS FROM `user` [ RunTime:0.0006s ]
SQL: SELECT COUNT(*) AS tp_count FROM `user` `user`,`user_account` `account` WHERE ( account.user_id=user.user_id ) LIMIT 1   [ RunTime:0.0003s ]

[ 2016-05-05T14:43:40+08:00 ] 114.250.172.170 /webframework/webframe/index.php/Admin/Access/ajaxIndex?limit=15&offset=0&sort=access_id&order=Asc&UserName=4
INFO: [ app_begin ] --START--
INFO: Run Behavior\ReadHtmlCacheBehavior [ RunTime:0.000456s ]
INFO: [ app_begin ] --END-- [ RunTime:0.000757s ]
SQL: SHOW COLUMNS FROM `behavior_log` [ RunTime:0.0008s ]
SQL: INSERT INTO `behavior_log` (`behavior_log_account`,`behavior_log_con`,`behavior_log_func`,`behavior_log_time`,`behavior_log_ip`) VALUES ('14','Access','ajaxIndex','1462430619','114.250.172.170') [ RunTime:0.0157s ]
SQL: SHOW COLUMNS FROM `user_account` [ RunTime:0.0008s ]
SQL: SELECT * FROM `user_account` WHERE ( user_identify='b244536f4994b14f55f19e9c7a9ba144' )  [ RunTime:0.0003s ]
SQL: SHOW COLUMNS FROM `access` [ RunTime:0.0005s ]
SQL: SELECT `access_id`,`access_name`,`access_url`,`remark` FROM `access` ORDER BY access_id Asc LIMIT 0,15   [ RunTime:0.0003s ]
SQL: SELECT COUNT(*) AS tp_count FROM `access` LIMIT 1   [ RunTime:0.0002s ]

[ 2016-05-05T14:43:44+08:00 ] 114.250.172.170 /webframework/webframe/index.php/Admin/News/ajaxIndex?limit=15&offset=0&sort=news.news_id&order=desc&ex_status=&news_org_id=&UserName=4
INFO: [ app_begin ] --START--
INFO: Run Behavior\ReadHtmlCacheBehavior [ RunTime:0.000377s ]
INFO: [ app_begin ] --END-- [ RunTime:0.000775s ]
SQL: SHOW COLUMNS FROM `behavior_log` [ RunTime:0.0007s ]
SQL: INSERT INTO `behavior_log` (`behavior_log_account`,`behavior_log_con`,`behavior_log_func`,`behavior_log_time`,`behavior_log_ip`) VALUES ('14','News','ajaxIndex','1462430624','114.250.172.170') [ RunTime:0.0057s ]
SQL: SHOW COLUMNS FROM `user_account` [ RunTime:0.0005s ]
SQL: SELECT * FROM `user_account` WHERE ( user_identify='b244536f4994b14f55f19e9c7a9ba144' )  [ RunTime:0.0003s ]
SQL: SHOW COLUMNS FROM `category` [ RunTime:0.0006s ]
SQL: SELECT news.workflow_step,cate.cate_name,news.news_name,news.news_id,news.addtime,news.news_time,org.org_name,news.add_account,news.ex_status,news.re_status FROM `category` `cate`,`news` `news`,`organization` `org` WHERE ( cate.cate_id=news.news_cate_id and news.news_org_id=org.org_id ) ORDER BY news.news_id desc LIMIT 0,15   [ RunTime:0.0004s ]
SQL: SHOW COLUMNS FROM `category` [ RunTime:0.0005s ]
SQL: SELECT COUNT(*) AS tp_count FROM `category` `cate`,`news` `news`,`organization` `org` WHERE ( cate.cate_id=news.news_cate_id and news.news_org_id=org.org_id ) LIMIT 1   [ RunTime:0.0002s ]
SQL: SELECT `user_id` FROM `user_account` WHERE ( user_account_id='19' )  [ RunTime:0.0002s ]
SQL: SHOW COLUMNS FROM `user` [ RunTime:0.0005s ]
SQL: SELECT `user_name` FROM `user` WHERE ( user_id='7' )  [ RunTime:0.0002s ]
SQL: SHOW COLUMNS FROM `news_workflow` [ RunTime:0.0004s ]
SQL: SELECT `workflow_id` FROM `news_workflow` WHERE ( isenable=0 )  [ RunTime:0.0002s ]
SQL: SHOW COLUMNS FROM `workflow` [ RunTime:0.0005s ]
SQL: SELECT `steps` FROM `workflow` WHERE ( workflow_id='8' )  [ RunTime:0.0002s ]
SQL: SHOW COLUMNS FROM `workflowstep` [ RunTime:0.0005s ]
SQL: SELECT `step_now` FROM `workflowstep` WHERE ( workflow_id='8' and role_id='1' )  [ RunTime:0.0002s ]
SQL: SELECT `user_id` FROM `user_account` WHERE ( user_account_id='19' )  [ RunTime:0.0002s ]
SQL: SELECT `user_name` FROM `user` WHERE ( user_id='7' )  [ RunTime:0.0002s ]
SQL: SELECT `workflow_id` FROM `news_workflow` WHERE ( isenable=0 )  [ RunTime:0.0002s ]
SQL: SELECT `steps` FROM `workflow` WHERE ( workflow_id='8' )  [ RunTime:0.0002s ]
SQL: SELECT `step_now` FROM `workflowstep` WHERE ( workflow_id='8' and role_id='1' )  [ RunTime:0.0002s ]
SQL: SELECT `user_id` FROM `user_account` WHERE ( user_account_id='18' )  [ RunTime:0.0002s ]
SQL: SELECT `user_name` FROM `user` WHERE ( user_id='7' )  [ RunTime:0.0002s ]
SQL: SELECT `workflow_id` FROM `news_workflow` WHERE ( isenable=0 )  [ RunTime:0.0002s ]
SQL: SELECT `steps` FROM `workflow` WHERE ( workflow_id='8' )  [ RunTime:0.0002s ]
SQL: SELECT `step_now` FROM `workflowstep` WHERE ( workflow_id='8' and role_id='1' )  [ RunTime:0.0002s ]
SQL: SELECT `user_id` FROM `user_account` WHERE ( user_account_id='18' )  [ RunTime:0.0002s ]
SQL: SELECT `user_name` FROM `user` WHERE ( user_id='7' )  [ RunTime:0.0002s ]
SQL: SELECT `workflow_id` FROM `news_workflow` WHERE ( isenable=0 )  [ RunTime:0.0002s ]
SQL: SELECT `steps` FROM `workflow` WHERE ( workflow_id='8' )  [ RunTime:0.0002s ]
SQL: SELECT `step_now` FROM `workflowstep` WHERE ( workflow_id='8' and role_id='1' )  [ RunTime:0.0002s ]
SQL: SELECT `user_id` FROM `user_account` WHERE ( user_account_id='18' )  [ RunTime:0.0002s ]
SQL: SELECT `user_name` FROM `user` WHERE ( user_id='7' )  [ RunTime:0.0002s ]
SQL: SELECT `workflow_id` FROM `news_workflow` WHERE ( isenable=0 )  [ RunTime:0.0002s ]
SQL: SELECT `steps` FROM `workflow` WHERE ( workflow_id='8' )  [ RunTime:0.0002s ]
SQL: SELECT `step_now` FROM `workflowstep` WHERE ( workflow_id='8' and role_id='1' )  [ RunTime:0.0002s ]
SQL: SELECT `user_id` FROM `user_account` WHERE ( user_account_id='14' )  [ RunTime:0.0002s ]
SQL: SELECT `user_name` FROM `user` WHERE ( user_id='1' )  [ RunTime:0.0002s ]
SQL: SELECT `workflow_id` FROM `news_workflow` WHERE ( isenable=0 )  [ RunTime:0.0002s ]
SQL: SELECT `steps` FROM `workflow` WHERE ( workflow_id='8' )  [ RunTime:0.0002s ]
SQL: SELECT `step_now` FROM `workflowstep` WHERE ( workflow_id='8' and role_id='1' )  [ RunTime:0.0002s ]
SQL: SELECT `user_id` FROM `user_account` WHERE ( user_account_id='18' )  [ RunTime:0.0002s ]
SQL: SELECT `user_name` FROM `user` WHERE ( user_id='7' )  [ RunTime:0.0002s ]
SQL: SELECT `workflow_id` FROM `news_workflow` WHERE ( isenable=0 )  [ RunTime:0.0002s ]
SQL: SELECT `steps` FROM `workflow` WHERE ( workflow_id='8' )  [ RunTime:0.0002s ]
SQL: SELECT `step_now` FROM `workflowstep` WHERE ( workflow_id='8' and role_id='1' )  [ RunTime:0.0006s ]
SQL: SELECT `user_id` FROM `user_account` WHERE ( user_account_id='14' )  [ RunTime:0.0002s ]
SQL: SELECT `user_name` FROM `user` WHERE ( user_id='1' )  [ RunTime:0.0002s ]
SQL: SELECT `workflow_id` FROM `news_workflow` WHERE ( isenable=0 )  [ RunTime:0.0002s ]
SQL: SELECT `steps` FROM `workflow` WHERE ( workflow_id='8' )  [ RunTime:0.0002s ]
SQL: SELECT `step_now` FROM `workflowstep` WHERE ( workflow_id='8' and role_id='1' )  [ RunTime:0.0002s ]
SQL: SELECT `user_id` FROM `user_account` WHERE ( user_account_id='14' )  [ RunTime:0.0002s ]
SQL: SELECT `user_name` FROM `user` WHERE ( user_id='1' )  [ RunTime:0.0002s ]
SQL: SELECT `workflow_id` FROM `news_workflow` WHERE ( isenable=0 )  [ RunTime:0.0002s ]
SQL: SELECT `steps` FROM `workflow` WHERE ( workflow_id='8' )  [ RunTime:0.0002s ]
SQL: SELECT `step_now` FROM `workflowstep` WHERE ( workflow_id='8' and role_id='1' )  [ RunTime:0.0002s ]

[ 2016-05-05T14:43:51+08:00 ] 114.250.172.170 /webframework/webframe/index.php/Admin/News/newsCateAjaxIndex?limit=15&offset=0&sort=news_cate.news_cate_id&order=desc&UserName=4
INFO: [ app_begin ] --START--
INFO: Run Behavior\ReadHtmlCacheBehavior [ RunTime:0.000393s ]
INFO: [ app_begin ] --END-- [ RunTime:0.000634s ]
SQL: SHOW COLUMNS FROM `behavior_log` [ RunTime:0.0006s ]
SQL: INSERT INTO `behavior_log` (`behavior_log_account`,`behavior_log_con`,`behavior_log_func`,`behavior_log_time`,`behavior_log_ip`) VALUES ('14','News','newsCateAjaxIndex','1462430631','114.250.172.170') [ RunTime:0.0060s ]
SQL: SHOW COLUMNS FROM `user_account` [ RunTime:0.0007s ]
SQL: SELECT * FROM `user_account` WHERE ( user_identify='b244536f4994b14f55f19e9c7a9ba144' )  [ RunTime:0.0002s ]
SQL: SHOW COLUMNS FROM `category` [ RunTime:0.0005s ]
SQL: SELECT cate.cate_name,news_cate.isenable,news_cate.news_cate_id FROM `category` `cate`,`news_category` `news_cate` WHERE ( cate.cate_id=news_cate.cate_id ) ORDER BY news_cate.news_cate_id desc LIMIT 0,15   [ RunTime:0.0002s ]
SQL: SHOW COLUMNS FROM `category` [ RunTime:0.0005s ]
SQL: SELECT COUNT(*) AS tp_count FROM `category` `cate`,`news_category` `news_cate` WHERE ( cate.cate_id=news_cate.cate_id ) LIMIT 1   [ RunTime:0.0002s ]

[ 2016-05-05T14:43:53+08:00 ] 114.250.172.170 /webframework/webframe/index.php/Admin/News/newsWorkflowAjaxIndex?limit=15&offset=0&sort=news_wf.news_workflow_id&order=desc&UserName=4
INFO: [ app_begin ] --START--
INFO: Run Behavior\ReadHtmlCacheBehavior [ RunTime:0.000415s ]
INFO: [ app_begin ] --END-- [ RunTime:0.000692s ]
SQL: SHOW COLUMNS FROM `behavior_log` [ RunTime:0.0008s ]
SQL: INSERT INTO `behavior_log` (`behavior_log_account`,`behavior_log_con`,`behavior_log_func`,`behavior_log_time`,`behavior_log_ip`) VALUES ('14','News','newsWorkflowAjaxIndex','1462430632','114.250.172.170') [ RunTime:0.0056s ]
SQL: SHOW COLUMNS FROM `user_account` [ RunTime:0.0005s ]
SQL: SELECT * FROM `user_account` WHERE ( user_identify='b244536f4994b14f55f19e9c7a9ba144' )  [ RunTime:0.0002s ]
SQL: SHOW COLUMNS FROM `workflow` [ RunTime:0.0005s ]
SQL: SELECT wf.workflow_name,news_wf.isenable,news_wf.news_workflow_id FROM `workflow` `wf`,`news_workflow` `news_wf` WHERE ( wf.workflow_id=news_wf.workflow_id ) ORDER BY news_wf.news_workflow_id desc LIMIT 0,15   [ RunTime:0.0003s ]
SQL: SHOW COLUMNS FROM `workflow` [ RunTime:0.0005s ]
SQL: SELECT COUNT(*) AS tp_count FROM `workflow` `workflow`,`news_workflow` `news_wf` WHERE ( workflow.workflow_id=news_wf.workflow_id ) LIMIT 1   [ RunTime:0.0002s ]

[ 2016-05-05T14:43:56+08:00 ] 114.250.172.170 /webframework/webframe/index.php/Admin/File/ajaxIndex?limit=15&offset=0&sort=file_id&order=Asc&file_type=0&UserName=4
INFO: [ app_begin ] --START--
INFO: Run Behavior\ReadHtmlCacheBehavior [ RunTime:0.000441s ]
INFO: [ app_begin ] --END-- [ RunTime:0.000791s ]
SQL: SHOW COLUMNS FROM `behavior_log` [ RunTime:0.0009s ]
SQL: INSERT INTO `behavior_log` (`behavior_log_account`,`behavior_log_con`,`behavior_log_func`,`behavior_log_time`,`behavior_log_ip`) VALUES ('14','File','ajaxIndex','1462430636','114.250.172.170') [ RunTime:0.0065s ]
SQL: SHOW COLUMNS FROM `user_account` [ RunTime:0.0007s ]
SQL: SELECT * FROM `user_account` WHERE ( user_identify='b244536f4994b14f55f19e9c7a9ba144' )  [ RunTime:0.0003s ]
SQL: SHOW COLUMNS FROM `file` [ RunTime:0.0006s ]
SQL: SELECT * FROM `file` `file`,`user_account` `user_act` WHERE ( file.create_by=user_act.user_account_id ) ORDER BY file_id Asc LIMIT 0,15   [ RunTime:0.0005s ]
SQL: SHOW COLUMNS FROM `file` [ RunTime:0.0007s ]
SQL: SELECT COUNT(*) AS tp_count FROM `file` `file`,`user_account` `user_act` WHERE ( file.create_by=user_act.user_account_id ) LIMIT 1   [ RunTime:0.0002s ]
SQL: SELECT `user_account` FROM `user_account` WHERE ( user_account_id='14' )  [ RunTime:0.0002s ]
SQL: SELECT `user_account` FROM `user_account` WHERE ( user_account_id='14' )  [ RunTime:0.0002s ]
SQL: SELECT `user_account` FROM `user_account` WHERE ( user_account_id='14' )  [ RunTime:0.0002s ]
SQL: SELECT `user_account` FROM `user_account` WHERE ( user_account_id='14' )  [ RunTime:0.0002s ]

