[ 2016-04-05T11:07:16+08:00 ] 125.33.56.95 /webframework/webframe/index.php/Admin/Workflow/ajaxIndex?limit=15&offset=0&sort=workflow_id&order=desc&UserName=4
INFO: [ app_begin ] --START--
INFO: Run Behavior\ReadHtmlCacheBehavior [ RunTime:0.000359s ]
INFO: [ app_begin ] --END-- [ RunTime:0.000630s ]
SQL: SHOW COLUMNS FROM `workflow` [ RunTime:0.0008s ]
SQL: SELECT `workflow_id`,`workflow_name`,`workflow_desc`,`steps` FROM `workflow` ORDER BY workflow_id desc LIMIT 0,15   [ RunTime:0.0002s ]
SQL: SELECT COUNT(*) AS tp_count FROM `workflow` LIMIT 1   [ RunTime:0.0002s ]

[ 2016-04-05T11:07:19+08:00 ] 125.33.56.95 /webframework/webframe/index.php/Admin/Workflow/getrole
INFO: [ app_begin ] --START--
INFO: Run Behavior\ReadHtmlCacheBehavior [ RunTime:0.000520s ]
INFO: [ app_begin ] --END-- [ RunTime:0.000942s ]
SQL: SHOW COLUMNS FROM `role` [ RunTime:0.0008s ]
SQL: SELECT `role_id`,`role_name` FROM `role`  [ RunTime:0.0002s ]

[ 2016-04-05T11:07:20+08:00 ] 125.33.56.95 /webframework/webframe/index.php/Admin/Workflow/getrole
INFO: [ app_begin ] --START--
INFO: Run Behavior\ReadHtmlCacheBehavior [ RunTime:0.000570s ]
INFO: [ app_begin ] --END-- [ RunTime:0.000849s ]
SQL: SHOW COLUMNS FROM `role` [ RunTime:0.0008s ]
SQL: SELECT `role_id`,`role_name` FROM `role`  [ RunTime:0.0002s ]

[ 2016-04-05T11:07:20+08:00 ] 125.33.56.95 /webframework/webframe/index.php/Admin/Workflow/getrole
INFO: [ app_begin ] --START--
INFO: Run Behavior\ReadHtmlCacheBehavior [ RunTime:0.000365s ]
INFO: [ app_begin ] --END-- [ RunTime:0.000676s ]
SQL: SHOW COLUMNS FROM `role` [ RunTime:0.0008s ]
SQL: SELECT `role_id`,`role_name` FROM `role`  [ RunTime:0.0002s ]

[ 2016-04-05T11:07:20+08:00 ] 125.33.56.95 /webframework/webframe/index.php/Admin/Workflow/getrole
INFO: [ app_begin ] --START--
INFO: Run Behavior\ReadHtmlCacheBehavior [ RunTime:0.000360s ]
INFO: [ app_begin ] --END-- [ RunTime:0.000621s ]
SQL: SHOW COLUMNS FROM `role` [ RunTime:0.0008s ]
SQL: SELECT `role_id`,`role_name` FROM `role`  [ RunTime:0.0002s ]

[ 2016-04-05T11:07:20+08:00 ] 125.33.56.95 /webframework/webframe/index.php/Admin/Workflow/getrole
INFO: [ app_begin ] --START--
INFO: Run Behavior\ReadHtmlCacheBehavior [ RunTime:0.000422s ]
INFO: [ app_begin ] --END-- [ RunTime:0.000677s ]
SQL: SHOW COLUMNS FROM `role` [ RunTime:0.0008s ]
SQL: SELECT `role_id`,`role_name` FROM `role`  [ RunTime:0.0002s ]

[ 2016-04-05T11:07:38+08:00 ] 125.33.56.95 /webframework/webframe/index.php/Admin/Workflow/getrole
INFO: [ app_begin ] --START--
INFO: Run Behavior\ReadHtmlCacheBehavior [ RunTime:0.000363s ]
INFO: [ app_begin ] --END-- [ RunTime:0.000706s ]
SQL: SHOW COLUMNS FROM `role` [ RunTime:0.0008s ]
SQL: SELECT `role_id`,`role_name` FROM `role`  [ RunTime:0.0002s ]

[ 2016-04-05T15:24:39+08:00 ] 125.33.56.95 /webframework/webframe/index.php/Admin/Workflow/ajaxIndex?limit=15&offset=0&sort=workflow_id&order=desc&UserName=4
INFO: [ app_begin ] --START--
INFO: Run Behavior\ReadHtmlCacheBehavior [ RunTime:0.000378s ]
INFO: [ app_begin ] --END-- [ RunTime:0.000676s ]
SQL: SHOW COLUMNS FROM `workflow` [ RunTime:0.0008s ]
SQL: SELECT `workflow_id`,`workflow_name`,`workflow_desc`,`steps` FROM `workflow` ORDER BY workflow_id desc LIMIT 0,15   [ RunTime:0.0002s ]
SQL: SELECT COUNT(*) AS tp_count FROM `workflow` LIMIT 1   [ RunTime:0.0002s ]

