[ 2016-06-09T22:44:38+08:00 ] 60.2.249.155 /yisheng/webframe/index.php/Admin/User/ajaxIndex?limit=15&offset=0&sort=user.user_id&order=desc&isAdmin=0&UserName=4
INFO: [ app_begin ] --START--
INFO: Run Behavior\ReadHtmlCacheBehavior [ RunTime:0.000451s ]
INFO: [ app_begin ] --END-- [ RunTime:0.000728s ]
SQL: SHOW COLUMNS FROM `user` [ RunTime:0.0008s ]
SQL: SELECT user.user_id,user.user_name,user.org_id,account.user_account,account.role_id,account.isenable,account.user_account_id FROM `user` `user`,`user_account` `account` WHERE ( account.user_id=user.user_id and account.is_admin='0' ) ORDER BY user.user_id desc LIMIT 0,15   [ RunTime:0.0004s ]
SQL: SHOW COLUMNS FROM `role` [ RunTime:0.0005s ]
SQL: SELECT `role_name` FROM `role` WHERE ( role_id='2' )  [ RunTime:0.0002s ]
SQL: SHOW COLUMNS FROM `organization` [ RunTime:0.0008s ]
SQL: SELECT `org_name` FROM `organization` WHERE ( org_id='10' )  [ RunTime:0.0002s ]
SQL: SELECT `role_name` FROM `role` WHERE ( role_id='4' )  [ RunTime:0.0002s ]
SQL: SELECT `org_name` FROM `organization` WHERE ( org_id='9' )  [ RunTime:0.0003s ]
SQL: SELECT `role_name` FROM `role` WHERE ( role_id='2' )  [ RunTime:0.0002s ]
SQL: SELECT `org_name` FROM `organization` WHERE ( org_id='9' )  [ RunTime:0.0001s ]
SQL: SELECT `role_name` FROM `role` WHERE ( role_id='5' )  [ RunTime:0.0002s ]
SQL: SELECT `org_name` FROM `organization` WHERE ( org_id='9' )  [ RunTime:0.0002s ]
SQL: SELECT `role_name` FROM `role` WHERE ( role_id='1' )  [ RunTime:0.0002s ]
SQL: SELECT `org_name` FROM `organization` WHERE ( org_id='8' )  [ RunTime:0.0002s ]
SQL: SHOW COLUMNS FROM `user` [ RunTime:0.0007s ]
SQL: SELECT COUNT(*) AS tp_count FROM `user` `user`,`user_account` `account` WHERE ( account.user_id=user.user_id and account.is_admin='0' ) LIMIT 1   [ RunTime:0.0003s ]

[ 2016-06-09T22:44:39+08:00 ] 60.2.249.155 /yisheng/webframe/index.php/Admin/Access/ajaxIndex?limit=15&offset=0&sort=access_id&order=Asc&UserName=4
INFO: [ app_begin ] --START--
INFO: Run Behavior\ReadHtmlCacheBehavior [ RunTime:0.000357s ]
INFO: [ app_begin ] --END-- [ RunTime:0.000664s ]
SQL: SHOW COLUMNS FROM `user_account` [ RunTime:0.0010s ]
SQL: SELECT * FROM `user_account` WHERE ( user_identify='b244536f4994b14f55f19e9c7a9ba144' )  [ RunTime:0.0003s ]
SQL: SHOW COLUMNS FROM `access` [ RunTime:0.0005s ]
SQL: SELECT `access_id`,`access_name`,`access_url`,`remark` FROM `access` ORDER BY access_id Asc LIMIT 0,15   [ RunTime:0.0002s ]
SQL: SELECT COUNT(*) AS tp_count FROM `access` LIMIT 1   [ RunTime:0.0002s ]

[ 2016-06-09T22:44:41+08:00 ] 60.2.249.155 /yisheng/webframe/index.php/Admin/Role/ajaxIndex?limit=15&offset=0&sort=role_id&order=desc&UserName=4
INFO: [ app_begin ] --START--
INFO: Run Behavior\ReadHtmlCacheBehavior [ RunTime:0.000381s ]
INFO: [ app_begin ] --END-- [ RunTime:0.001692s ]
SQL: SHOW COLUMNS FROM `user_account` [ RunTime:0.0009s ]
SQL: SELECT * FROM `user_account` WHERE ( user_identify='b244536f4994b14f55f19e9c7a9ba144' )  [ RunTime:0.0003s ]
SQL: SHOW COLUMNS FROM `role` [ RunTime:0.0005s ]
SQL: SELECT `role_id`,`role_name`,`role_desc` FROM `role` ORDER BY role_id desc LIMIT 0,15   [ RunTime:0.0002s ]
SQL: SELECT COUNT(*) AS tp_count FROM `role` LIMIT 1   [ RunTime:0.0002s ]

[ 2016-06-09T22:44:41+08:00 ] 60.2.249.155 /yisheng/webframe/index.php/Admin/Role/ajaxIndex?limit=15&offset=0&sort=role_id&order=desc&UserName=4
INFO: [ app_begin ] --START--
INFO: Run Behavior\ReadHtmlCacheBehavior [ RunTime:0.000380s ]
INFO: [ app_begin ] --END-- [ RunTime:0.000638s ]
SQL: SHOW COLUMNS FROM `user_account` [ RunTime:0.0009s ]
SQL: SELECT * FROM `user_account` WHERE ( user_identify='b244536f4994b14f55f19e9c7a9ba144' )  [ RunTime:0.0003s ]
SQL: SHOW COLUMNS FROM `role` [ RunTime:0.0005s ]
SQL: SELECT `role_id`,`role_name`,`role_desc` FROM `role` ORDER BY role_id desc LIMIT 0,15   [ RunTime:0.0002s ]
SQL: SELECT COUNT(*) AS tp_count FROM `role` LIMIT 1   [ RunTime:0.0002s ]

[ 2016-06-09T22:44:49+08:00 ] 60.2.249.155 /yisheng/webframe/index.php/Admin/Role/getMenuTree?role_id=4
INFO: [ app_begin ] --START--
INFO: Run Behavior\ReadHtmlCacheBehavior [ RunTime:0.000523s ]
INFO: [ app_begin ] --END-- [ RunTime:0.000842s ]
SQL: SHOW COLUMNS FROM `user_account` [ RunTime:0.0009s ]
SQL: SELECT * FROM `user_account` WHERE ( user_identify='b244536f4994b14f55f19e9c7a9ba144' )  [ RunTime:0.0003s ]
SQL: SHOW COLUMNS FROM `menu` [ RunTime:0.0006s ]
SQL: SELECT `menu_name`,`menu_id` FROM `menu` WHERE ( parentid=0 and ishidden=0 )  [ RunTime:0.0002s ]
SQL: SHOW COLUMNS FROM `role_menu` [ RunTime:0.0005s ]
SQL: SELECT * FROM `role_menu` WHERE ( role_id='4' )  [ RunTime:0.0002s ]
SQL: SELECT COUNT(*) AS tp_count FROM `menu` WHERE ( parentid='11' ) LIMIT 1   [ RunTime:0.0002s ]
SQL: SELECT `menu_name`,`menu_id`,`parentid` FROM `menu` WHERE ( parentid='11' )  [ RunTime:0.0002s ]
SQL: SELECT COUNT(*) AS tp_count FROM `menu` WHERE ( parentid='13' ) LIMIT 1   [ RunTime:0.0002s ]
SQL: SELECT COUNT(*) AS tp_count FROM `menu` WHERE ( parentid='14' ) LIMIT 1   [ RunTime:0.0002s ]
SQL: SELECT COUNT(*) AS tp_count FROM `menu` WHERE ( parentid='17' ) LIMIT 1   [ RunTime:0.0002s ]
SQL: SELECT `menu_name`,`menu_id`,`parentid` FROM `menu` WHERE ( parentid='17' )  [ RunTime:0.0002s ]
SQL: SELECT COUNT(*) AS tp_count FROM `menu` WHERE ( parentid='34' ) LIMIT 1   [ RunTime:0.0002s ]
SQL: SELECT COUNT(*) AS tp_count FROM `menu` WHERE ( parentid='20' ) LIMIT 1   [ RunTime:0.0002s ]
SQL: SELECT COUNT(*) AS tp_count FROM `menu` WHERE ( parentid='12' ) LIMIT 1   [ RunTime:0.0002s ]
SQL: SELECT `menu_name`,`menu_id`,`parentid` FROM `menu` WHERE ( parentid='12' )  [ RunTime:0.0002s ]
SQL: SELECT COUNT(*) AS tp_count FROM `menu` WHERE ( parentid='18' ) LIMIT 1   [ RunTime:0.0002s ]
SQL: SELECT COUNT(*) AS tp_count FROM `menu` WHERE ( parentid='19' ) LIMIT 1   [ RunTime:0.0002s ]
SQL: SELECT COUNT(*) AS tp_count FROM `menu` WHERE ( parentid='22' ) LIMIT 1   [ RunTime:0.0002s ]
SQL: SELECT COUNT(*) AS tp_count FROM `menu` WHERE ( parentid='23' ) LIMIT 1   [ RunTime:0.0002s ]
SQL: SELECT COUNT(*) AS tp_count FROM `menu` WHERE ( parentid='24' ) LIMIT 1   [ RunTime:0.0002s ]
SQL: SELECT COUNT(*) AS tp_count FROM `menu` WHERE ( parentid='50' ) LIMIT 1   [ RunTime:0.0002s ]
SQL: SELECT COUNT(*) AS tp_count FROM `menu` WHERE ( parentid='29' ) LIMIT 1   [ RunTime:0.0002s ]
SQL: SELECT `menu_name`,`menu_id`,`parentid` FROM `menu` WHERE ( parentid='29' )  [ RunTime:0.0002s ]
SQL: SELECT COUNT(*) AS tp_count FROM `menu` WHERE ( parentid='30' ) LIMIT 1   [ RunTime:0.0002s ]
SQL: SELECT COUNT(*) AS tp_count FROM `menu` WHERE ( parentid='31' ) LIMIT 1   [ RunTime:0.0002s ]
SQL: SELECT `menu_name`,`menu_id`,`parentid` FROM `menu` WHERE ( parentid='31' )  [ RunTime:0.0002s ]
SQL: SELECT COUNT(*) AS tp_count FROM `menu` WHERE ( parentid='32' ) LIMIT 1   [ RunTime:0.0002s ]
SQL: SELECT COUNT(*) AS tp_count FROM `menu` WHERE ( parentid='33' ) LIMIT 1   [ RunTime:0.0002s ]
SQL: SELECT COUNT(*) AS tp_count FROM `menu` WHERE ( parentid='35' ) LIMIT 1   [ RunTime:0.0002s ]
SQL: SELECT `menu_name`,`menu_id`,`parentid` FROM `menu` WHERE ( parentid='35' )  [ RunTime:0.0002s ]
SQL: SELECT COUNT(*) AS tp_count FROM `menu` WHERE ( parentid='36' ) LIMIT 1   [ RunTime:0.0002s ]
SQL: SELECT COUNT(*) AS tp_count FROM `menu` WHERE ( parentid='37' ) LIMIT 1   [ RunTime:0.0002s ]
SQL: SELECT COUNT(*) AS tp_count FROM `menu` WHERE ( parentid='39' ) LIMIT 1   [ RunTime:0.0002s ]
SQL: SELECT COUNT(*) AS tp_count FROM `menu` WHERE ( parentid='41' ) LIMIT 1   [ RunTime:0.0002s ]
SQL: SELECT `menu_name`,`menu_id`,`parentid` FROM `menu` WHERE ( parentid='41' )  [ RunTime:0.0002s ]
SQL: SELECT COUNT(*) AS tp_count FROM `menu` WHERE ( parentid='42' ) LIMIT 1   [ RunTime:0.0002s ]
SQL: SELECT COUNT(*) AS tp_count FROM `menu` WHERE ( parentid='43' ) LIMIT 1   [ RunTime:0.0002s ]
SQL: SELECT `menu_name`,`menu_id`,`parentid` FROM `menu` WHERE ( parentid='43' )  [ RunTime:0.0002s ]
SQL: SELECT COUNT(*) AS tp_count FROM `menu` WHERE ( parentid='44' ) LIMIT 1   [ RunTime:0.0002s ]
SQL: SELECT COUNT(*) AS tp_count FROM `menu` WHERE ( parentid='45' ) LIMIT 1   [ RunTime:0.0002s ]
SQL: SELECT `menu_name`,`menu_id`,`parentid` FROM `menu` WHERE ( parentid='45' )  [ RunTime:0.0002s ]
SQL: SELECT COUNT(*) AS tp_count FROM `menu` WHERE ( parentid='46' ) LIMIT 1   [ RunTime:0.0002s ]
SQL: SELECT COUNT(*) AS tp_count FROM `menu` WHERE ( parentid='47' ) LIMIT 1   [ RunTime:0.0002s ]
SQL: SELECT `menu_name`,`menu_id`,`parentid` FROM `menu` WHERE ( parentid='47' )  [ RunTime:0.0002s ]
SQL: SELECT COUNT(*) AS tp_count FROM `menu` WHERE ( parentid='48' ) LIMIT 1   [ RunTime:0.0003s ]
SQL: SELECT COUNT(*) AS tp_count FROM `menu` WHERE ( parentid='49' ) LIMIT 1   [ RunTime:0.0002s ]

[ 2016-06-09T22:45:00+08:00 ] 60.2.249.155 /yisheng/webframe/index.php/Admin/Lecture/ajaxIndex?limit=15&offset=0&sort=lecture.lec_id&order=desc&lec_workshop=&lec_ex_status=&UserName=4
INFO: [ app_begin ] --START--
INFO: Run Behavior\ReadHtmlCacheBehavior [ RunTime:0.000340s ]
INFO: [ app_begin ] --END-- [ RunTime:0.000582s ]
SQL: SHOW COLUMNS FROM `user_account` [ RunTime:0.0008s ]
SQL: SELECT * FROM `user_account` WHERE ( user_identify='b244536f4994b14f55f19e9c7a9ba144' )  [ RunTime:0.0003s ]
SQL: SHOW COLUMNS FROM `lec_workflow` [ RunTime:0.0005s ]
SQL: SELECT `workflow_id` FROM `lec_workflow` WHERE ( isenable=0 )  [ RunTime:0.0002s ]
SQL: SELECT `role_id` FROM `user_account` WHERE ( user_account_id=14 )  [ RunTime:0.0002s ]
SQL: SHOW COLUMNS FROM `workflow` [ RunTime:0.0005s ]
SQL: SELECT `steps` FROM `workflow` WHERE ( workflow_id=8 )  [ RunTime:0.0002s ]
SQL: SHOW COLUMNS FROM `lecture` [ RunTime:0.0007s ]
SQL: SELECT `lec_id`,`lec_name`,`lec_time`,`lec_speaker`,`lec_college`,`lec_workshop`,`lec_place`,`lec_exam_status`,`lec_add_user`,`lec_wof_step_now`,`lec_rel_status` FROM `lecture` ORDER BY lecture.lec_id desc LIMIT 0,15   [ RunTime:0.0002s ]
SQL: SELECT COUNT(*) AS tp_count FROM `lecture` LIMIT 1   [ RunTime:0.0002s ]
SQL: SHOW COLUMNS FROM `organization` [ RunTime:0.0005s ]
SQL: SELECT `org_name` FROM `organization` WHERE ( org_id=14 )  [ RunTime:0.0002s ]
SQL: SELECT `org_name` FROM `organization` WHERE ( org_id=9 )  [ RunTime:0.0002s ]
SQL: SHOW COLUMNS FROM `workflowstep` [ RunTime:0.0005s ]
SQL: SELECT `step_now` FROM `workflowstep` WHERE ( workflow_id=8 and role_id=1 )  [ RunTime:0.0002s ]
SQL: SELECT `steps` FROM `workflow` WHERE ( workflow_id=8 )  [ RunTime:0.0002s ]
SQL: SELECT `org_name` FROM `organization` WHERE ( org_id=14 )  [ RunTime:0.0002s ]
SQL: SELECT `org_name` FROM `organization` WHERE ( org_id=9 )  [ RunTime:0.0002s ]
SQL: SELECT `step_now` FROM `workflowstep` WHERE ( workflow_id=8 and role_id=1 )  [ RunTime:0.0002s ]
SQL: SELECT `steps` FROM `workflow` WHERE ( workflow_id=8 )  [ RunTime:0.0002s ]

[ 2016-06-09T22:45:06+08:00 ] 60.2.249.155 /yisheng/webframe/index.php/Admin/LecWof/ajaxIndex?limit=15&offset=0&sort=lec_workflow_ano.lec_workflow_id&order=desc&UserName=4
INFO: [ app_begin ] --START--
INFO: Run Behavior\ReadHtmlCacheBehavior [ RunTime:0.000383s ]
INFO: [ app_begin ] --END-- [ RunTime:0.000696s ]
SQL: SHOW COLUMNS FROM `user_account` [ RunTime:0.0009s ]
SQL: SELECT * FROM `user_account` WHERE ( user_identify='b244536f4994b14f55f19e9c7a9ba144' )  [ RunTime:0.0003s ]
SQL: SHOW COLUMNS FROM `workflow` [ RunTime:0.0005s ]
SQL: SELECT wf.workflow_name,lec_workflow_ano.isenable,lec_workflow_ano.lec_workflow_id FROM `workflow` `wf`,`lec_workflow` `lec_workflow_ano` WHERE ( wf.workflow_id=lec_workflow_ano.workflow_id ) ORDER BY lec_workflow_ano.lec_workflow_id desc LIMIT 0,15   [ RunTime:0.0003s ]
SQL: SHOW COLUMNS FROM `workflow` [ RunTime:0.0005s ]
SQL: SELECT COUNT(*) AS tp_count FROM `workflow` `workflow`,`lec_workflow` `lec_workflow_ano` WHERE ( workflow.workflow_id=lec_workflow_ano.workflow_id ) LIMIT 1   [ RunTime:0.0002s ]

[ 2016-06-09T22:45:08+08:00 ] 60.2.249.155 /yisheng/webframe/index.php/Admin/Workflow/ajaxIndex?limit=15&offset=0&sort=workflow_id&order=desc&UserName=4
INFO: [ app_begin ] --START--
INFO: Run Behavior\ReadHtmlCacheBehavior [ RunTime:0.000355s ]
INFO: [ app_begin ] --END-- [ RunTime:0.000596s ]
SQL: SHOW COLUMNS FROM `user_account` [ RunTime:0.0007s ]
SQL: SELECT * FROM `user_account` WHERE ( user_identify='b244536f4994b14f55f19e9c7a9ba144' )  [ RunTime:0.0002s ]
SQL: SHOW COLUMNS FROM `workflow` [ RunTime:0.0005s ]
SQL: SELECT `workflow_id`,`workflow_name`,`workflow_desc`,`steps` FROM `workflow` ORDER BY workflow_id desc LIMIT 0,15   [ RunTime:0.0002s ]
SQL: SELECT COUNT(*) AS tp_count FROM `workflow` LIMIT 1   [ RunTime:0.0002s ]

[ 2016-06-09T22:49:15+08:00 ] 60.2.249.155 /yisheng/webframe/index.php/Admin/Selectcourse/ajaxIndex/status/1?limit=15&offset=0&sort=course.course_id&order=desc&UserName=4
INFO: [ app_begin ] --START--
INFO: Run Behavior\ReadHtmlCacheBehavior [ RunTime:0.000421s ]
INFO: [ app_begin ] --END-- [ RunTime:0.000675s ]
SQL: SHOW COLUMNS FROM `user_account` [ RunTime:0.0009s ]
SQL: SELECT * FROM `user_account` WHERE ( user_identify='b244536f4994b14f55f19e9c7a9ba144' )  [ RunTime:0.0003s ]
SQL: SHOW COLUMNS FROM `course` [ RunTime:0.0007s ]
SQL: SELECT * FROM `course` WHERE ( course_semester=1 and course_rel_status=1 ) ORDER BY course.course_id desc LIMIT 0,15   [ RunTime:0.0003s ]
SQL: SELECT COUNT(*) AS tp_count FROM `course` WHERE ( course_semester=1 and course_rel_status=1 ) LIMIT 1   [ RunTime:0.0002s ]

[ 2016-06-09T22:49:54+08:00 ] 60.2.249.155 /yisheng/webframe/index.php/Admin/Selectcourse/getSelectStu/course_id/5
ERR: 非法操作:getSelectStu

[ 2016-06-09T22:49:57+08:00 ] 60.2.249.155 /yisheng/webframe/index.php/Admin/Selectcourse/ajaxIndex/status/1?limit=15&offset=0&sort=course.course_id&order=desc&UserName=4
INFO: [ app_begin ] --START--
INFO: Run Behavior\ReadHtmlCacheBehavior [ RunTime:0.000353s ]
INFO: [ app_begin ] --END-- [ RunTime:0.000596s ]
SQL: SHOW COLUMNS FROM `user_account` [ RunTime:0.0009s ]
SQL: SELECT * FROM `user_account` WHERE ( user_identify='b244536f4994b14f55f19e9c7a9ba144' )  [ RunTime:0.0003s ]
SQL: SHOW COLUMNS FROM `course` [ RunTime:0.0007s ]
SQL: SELECT * FROM `course` WHERE ( course_semester=1 and course_rel_status=1 ) ORDER BY course.course_id desc LIMIT 0,15   [ RunTime:0.0003s ]
SQL: SELECT COUNT(*) AS tp_count FROM `course` WHERE ( course_semester=1 and course_rel_status=1 ) LIMIT 1   [ RunTime:0.0002s ]

[ 2016-06-09T22:49:58+08:00 ] 60.2.249.155 /yisheng/webframe/index.php/Admin/Selectcourse/getSelectStu/course_id/3
ERR: 非法操作:getSelectStu

[ 2016-06-09T22:49:59+08:00 ] 60.2.249.155 /yisheng/webframe/index.php/Admin/Selectcourse/ajaxIndex/status/1?limit=15&offset=0&sort=course.course_id&order=desc&UserName=4
INFO: [ app_begin ] --START--
INFO: Run Behavior\ReadHtmlCacheBehavior [ RunTime:0.000405s ]
INFO: [ app_begin ] --END-- [ RunTime:0.000662s ]
SQL: SHOW COLUMNS FROM `user_account` [ RunTime:0.0008s ]
SQL: SELECT * FROM `user_account` WHERE ( user_identify='b244536f4994b14f55f19e9c7a9ba144' )  [ RunTime:0.0003s ]
SQL: SHOW COLUMNS FROM `course` [ RunTime:0.0007s ]
SQL: SELECT * FROM `course` WHERE ( course_semester=1 and course_rel_status=1 ) ORDER BY course.course_id desc LIMIT 0,15   [ RunTime:0.0003s ]
SQL: SELECT COUNT(*) AS tp_count FROM `course` WHERE ( course_semester=1 and course_rel_status=1 ) LIMIT 1   [ RunTime:0.0002s ]

