[ 2016-05-17T14:01:34+08:00 ] 124.64.242.106 /yisheng/webframe/index.php/Admin/Course/ajaxIndex?limit=15&offset=0&sort=course.course_id&order=desc&course_workshop=&UserName=4
INFO: [ app_begin ] --START--
INFO: Run Behavior\ReadHtmlCacheBehavior [ RunTime:0.000416s ]
INFO: [ app_begin ] --END-- [ RunTime:0.000696s ]
SQL: SHOW COLUMNS FROM `user_account` [ RunTime:0.0011s ]
SQL: SELECT * FROM `user_account` WHERE ( user_identify='b244536f4994b14f55f19e9c7a9ba144' )  [ RunTime:0.0003s ]
SQL: SHOW COLUMNS FROM `lec_workflow` [ RunTime:0.0006s ]
SQL: SELECT `workflow_id` FROM `lec_workflow` WHERE ( isenable=0 )  [ RunTime:0.0002s ]
SQL: SELECT `role_id` FROM `user_account` WHERE ( user_account_id=14 )  [ RunTime:0.0002s ]
SQL: SHOW COLUMNS FROM `workflow` [ RunTime:0.0005s ]
SQL: SELECT `steps` FROM `workflow` WHERE ( workflow_id=8 )  [ RunTime:0.0002s ]
SQL: SHOW COLUMNS FROM `course` [ RunTime:0.0006s ]
SQL: SELECT `course_id`,`course_name`,`course_start`,`course_semester`,`course_speaker`,`course_hours`,`course_workshop`,`course_ex_status`,`course_add_user`,`course_wof_step_now`,`course_rel_status` FROM `course` ORDER BY course.course_id desc LIMIT 0,15   [ RunTime:0.0002s ]
SQL: SELECT COUNT(*) AS tp_count FROM `course` LIMIT 1   [ RunTime:0.0002s ]
SQL: SHOW COLUMNS FROM `organization` [ RunTime:0.0006s ]
SQL: SELECT `org_name` FROM `organization` WHERE ( org_id=9 )  [ RunTime:0.0002s ]
SQL: SHOW COLUMNS FROM `workflowstep` [ RunTime:0.0005s ]
SQL: SELECT `step_now` FROM `workflowstep` WHERE ( workflow_id=8 and role_id=1 )  [ RunTime:0.0002s ]
SQL: SELECT `steps` FROM `workflow` WHERE ( workflow_id=8 )  [ RunTime:0.0002s ]
SQL: SELECT `org_name` FROM `organization` WHERE ( org_id=9 )  [ RunTime:0.0002s ]
SQL: SELECT `step_now` FROM `workflowstep` WHERE ( workflow_id=8 and role_id=1 )  [ RunTime:0.0002s ]
SQL: SELECT `steps` FROM `workflow` WHERE ( workflow_id=8 )  [ RunTime:0.0002s ]

[ 2016-05-17T14:01:36+08:00 ] 124.64.242.106 /yisheng/webframe/index.php/Admin/Course/openSelect
INFO: [ app_begin ] --START--
INFO: Run Behavior\ReadHtmlCacheBehavior [ RunTime:0.000536s ]
INFO: [ app_begin ] --END-- [ RunTime:0.000969s ]
SQL: SHOW COLUMNS FROM `user_account` [ RunTime:0.0007s ]
SQL: SELECT * FROM `user_account` WHERE ( user_identify='b244536f4994b14f55f19e9c7a9ba144' )  [ RunTime:0.0002s ]
SQL: SHOW COLUMNS FROM `course` [ RunTime:0.0006s ]
SQL: SHOW COLUMNS FROM `course` [ RunTime:0.0006s ]
SQL: UPDATE `course` SET `course_is_select`='1' WHERE ( course_semester=1 and course_rel_status=1 ) [ RunTime:0.0003s ]

[ 2016-05-17T14:01:44+08:00 ] 124.64.242.106 /yisheng/webframe/index.php/Admin/Course/openSelect
INFO: [ app_begin ] --START--
INFO: Run Behavior\ReadHtmlCacheBehavior [ RunTime:0.000346s ]
INFO: [ app_begin ] --END-- [ RunTime:0.000642s ]
SQL: SHOW COLUMNS FROM `user_account` [ RunTime:0.0008s ]
SQL: SELECT * FROM `user_account` WHERE ( user_identify='b244536f4994b14f55f19e9c7a9ba144' )  [ RunTime:0.0002s ]
SQL: SHOW COLUMNS FROM `course` [ RunTime:0.0006s ]
SQL: SHOW COLUMNS FROM `course` [ RunTime:0.0006s ]
SQL: UPDATE `course` SET `course_is_select`='1' WHERE ( course_semester=1 and course_rel_status=1 ) [ RunTime:0.0002s ]

[ 2016-05-17T14:03:07+08:00 ] 124.64.242.106 /yisheng/webframe/index.php/Admin/Course/ajaxIndex?limit=15&offset=0&sort=course.course_id&order=desc&course_workshop=&UserName=4
INFO: [ app_begin ] --START--
INFO: Run Behavior\ReadHtmlCacheBehavior [ RunTime:0.000493s ]
INFO: [ app_begin ] --END-- [ RunTime:0.000792s ]
SQL: SHOW COLUMNS FROM `user_account` [ RunTime:0.0008s ]
SQL: SELECT * FROM `user_account` WHERE ( user_identify='b244536f4994b14f55f19e9c7a9ba144' )  [ RunTime:0.0003s ]
SQL: SHOW COLUMNS FROM `lec_workflow` [ RunTime:0.0005s ]
SQL: SELECT `workflow_id` FROM `lec_workflow` WHERE ( isenable=0 )  [ RunTime:0.0002s ]
SQL: SELECT `role_id` FROM `user_account` WHERE ( user_account_id=14 )  [ RunTime:0.0002s ]
SQL: SHOW COLUMNS FROM `workflow` [ RunTime:0.0005s ]
SQL: SELECT `steps` FROM `workflow` WHERE ( workflow_id=8 )  [ RunTime:0.0002s ]
SQL: SHOW COLUMNS FROM `course` [ RunTime:0.0008s ]
SQL: SELECT `course_id`,`course_name`,`course_start`,`course_semester`,`course_speaker`,`course_hours`,`course_workshop`,`course_ex_status`,`course_add_user`,`course_wof_step_now`,`course_rel_status` FROM `course` ORDER BY course.course_id desc LIMIT 0,15   [ RunTime:0.0004s ]
SQL: SELECT COUNT(*) AS tp_count FROM `course` LIMIT 1   [ RunTime:0.0003s ]
SQL: SHOW COLUMNS FROM `organization` [ RunTime:0.0008s ]
SQL: SELECT `org_name` FROM `organization` WHERE ( org_id=9 )  [ RunTime:0.0003s ]
SQL: SHOW COLUMNS FROM `workflowstep` [ RunTime:0.0007s ]
SQL: SELECT `step_now` FROM `workflowstep` WHERE ( workflow_id=8 and role_id=1 )  [ RunTime:0.0002s ]
SQL: SELECT `steps` FROM `workflow` WHERE ( workflow_id=8 )  [ RunTime:0.0002s ]
SQL: SELECT `org_name` FROM `organization` WHERE ( org_id=9 )  [ RunTime:0.0002s ]
SQL: SELECT `step_now` FROM `workflowstep` WHERE ( workflow_id=8 and role_id=1 )  [ RunTime:0.0002s ]
SQL: SELECT `steps` FROM `workflow` WHERE ( workflow_id=8 )  [ RunTime:0.0002s ]

[ 2016-05-17T14:03:09+08:00 ] 124.64.242.106 /yisheng/webframe/index.php/Admin/Course/openSelect
INFO: [ app_begin ] --START--
INFO: Run Behavior\ReadHtmlCacheBehavior [ RunTime:0.000366s ]
INFO: [ app_begin ] --END-- [ RunTime:0.000685s ]
SQL: SHOW COLUMNS FROM `user_account` [ RunTime:0.0007s ]
SQL: SELECT * FROM `user_account` WHERE ( user_identify='b244536f4994b14f55f19e9c7a9ba144' )  [ RunTime:0.0003s ]
SQL: SHOW COLUMNS FROM `course` [ RunTime:0.0008s ]
SQL: SHOW COLUMNS FROM `course` [ RunTime:0.0006s ]
SQL: UPDATE `course` SET `course_is_select`='1' WHERE ( course_semester=1 and course_rel_status=1 ) [ RunTime:0.0002s ]

[ 2016-05-17T14:06:04+08:00 ] 124.64.242.106 /yisheng/webframe/index.php/Admin/Course/ajaxIndex?limit=15&offset=0&sort=course.course_id&order=desc&course_workshop=&UserName=4
INFO: [ app_begin ] --START--
INFO: Run Behavior\ReadHtmlCacheBehavior [ RunTime:0.000407s ]
INFO: [ app_begin ] --END-- [ RunTime:0.000749s ]
SQL: SHOW COLUMNS FROM `user_account` [ RunTime:0.0009s ]
SQL: SELECT * FROM `user_account` WHERE ( user_identify='b244536f4994b14f55f19e9c7a9ba144' )  [ RunTime:0.0003s ]
SQL: SHOW COLUMNS FROM `lec_workflow` [ RunTime:0.0005s ]
SQL: SELECT `workflow_id` FROM `lec_workflow` WHERE ( isenable=0 )  [ RunTime:0.0002s ]
SQL: SELECT `role_id` FROM `user_account` WHERE ( user_account_id=14 )  [ RunTime:0.0002s ]
SQL: SHOW COLUMNS FROM `workflow` [ RunTime:0.0005s ]
SQL: SELECT `steps` FROM `workflow` WHERE ( workflow_id=8 )  [ RunTime:0.0002s ]
SQL: SHOW COLUMNS FROM `course` [ RunTime:0.0007s ]
SQL: SELECT `course_id`,`course_name`,`course_start`,`course_semester`,`course_speaker`,`course_hours`,`course_workshop`,`course_ex_status`,`course_add_user`,`course_wof_step_now`,`course_rel_status` FROM `course` ORDER BY course.course_id desc LIMIT 0,15   [ RunTime:0.0002s ]
SQL: SELECT COUNT(*) AS tp_count FROM `course` LIMIT 1   [ RunTime:0.0002s ]
SQL: SHOW COLUMNS FROM `organization` [ RunTime:0.0005s ]
SQL: SELECT `org_name` FROM `organization` WHERE ( org_id=9 )  [ RunTime:0.0002s ]
SQL: SHOW COLUMNS FROM `workflowstep` [ RunTime:0.0005s ]
SQL: SELECT `step_now` FROM `workflowstep` WHERE ( workflow_id=8 and role_id=1 )  [ RunTime:0.0003s ]
SQL: SELECT `steps` FROM `workflow` WHERE ( workflow_id=8 )  [ RunTime:0.0002s ]
SQL: SELECT `org_name` FROM `organization` WHERE ( org_id=9 )  [ RunTime:0.0002s ]
SQL: SELECT `step_now` FROM `workflowstep` WHERE ( workflow_id=8 and role_id=1 )  [ RunTime:0.0002s ]
SQL: SELECT `steps` FROM `workflow` WHERE ( workflow_id=8 )  [ RunTime:0.0002s ]

[ 2016-05-17T14:13:59+08:00 ] 124.64.242.106 /yisheng/webframe/index.php/Admin/Course/index
ERR: XML标签语法错误 : condition="$flag eq 1" /

[ 2016-05-17T14:14:00+08:00 ] 124.64.242.106 /yisheng/webframe/index.php/Admin/Course/index
ERR: XML标签语法错误 : condition="$flag eq 1" /

[ 2016-05-17T14:16:06+08:00 ] 124.64.242.106 /yisheng/webframe/index.php/Admin/Course/ajaxIndex?limit=15&offset=0&sort=course.course_id&order=desc&course_workshop=&UserName=4
INFO: [ app_begin ] --START--
INFO: Run Behavior\ReadHtmlCacheBehavior [ RunTime:0.000544s ]
INFO: [ app_begin ] --END-- [ RunTime:0.000841s ]
SQL: SHOW COLUMNS FROM `user_account` [ RunTime:0.0009s ]
SQL: SELECT * FROM `user_account` WHERE ( user_identify='b244536f4994b14f55f19e9c7a9ba144' )  [ RunTime:0.0003s ]
SQL: SHOW COLUMNS FROM `lec_workflow` [ RunTime:0.0005s ]
SQL: SELECT `workflow_id` FROM `lec_workflow` WHERE ( isenable=0 )  [ RunTime:0.0003s ]
SQL: SELECT `role_id` FROM `user_account` WHERE ( user_account_id=14 )  [ RunTime:0.0002s ]
SQL: SHOW COLUMNS FROM `workflow` [ RunTime:0.0005s ]
SQL: SELECT `steps` FROM `workflow` WHERE ( workflow_id=8 )  [ RunTime:0.0002s ]
SQL: SHOW COLUMNS FROM `course` [ RunTime:0.0007s ]
SQL: SELECT `course_id`,`course_name`,`course_start`,`course_semester`,`course_speaker`,`course_hours`,`course_workshop`,`course_ex_status`,`course_add_user`,`course_wof_step_now`,`course_rel_status` FROM `course` ORDER BY course.course_id desc LIMIT 0,15   [ RunTime:0.0002s ]
SQL: SELECT COUNT(*) AS tp_count FROM `course` LIMIT 1   [ RunTime:0.0002s ]
SQL: SHOW COLUMNS FROM `organization` [ RunTime:0.0008s ]
SQL: SELECT `org_name` FROM `organization` WHERE ( org_id=9 )  [ RunTime:0.0002s ]
SQL: SHOW COLUMNS FROM `workflowstep` [ RunTime:0.0007s ]
SQL: SELECT `step_now` FROM `workflowstep` WHERE ( workflow_id=8 and role_id=1 )  [ RunTime:0.0003s ]
SQL: SELECT `steps` FROM `workflow` WHERE ( workflow_id=8 )  [ RunTime:0.0002s ]
SQL: SELECT `org_name` FROM `organization` WHERE ( org_id=9 )  [ RunTime:0.0002s ]
SQL: SELECT `step_now` FROM `workflowstep` WHERE ( workflow_id=8 and role_id=1 )  [ RunTime:0.0002s ]
SQL: SELECT `steps` FROM `workflow` WHERE ( workflow_id=8 )  [ RunTime:0.0002s ]

[ 2016-05-17T14:17:06+08:00 ] 124.64.242.106 /yisheng/webframe/index.php/Admin/Course/ajaxIndex?limit=15&offset=0&sort=course.course_id&order=desc&course_workshop=&UserName=4
INFO: [ app_begin ] --START--
INFO: Run Behavior\ReadHtmlCacheBehavior [ RunTime:0.000382s ]
INFO: [ app_begin ] --END-- [ RunTime:0.000644s ]
SQL: SHOW COLUMNS FROM `user_account` [ RunTime:0.0008s ]
SQL: SELECT * FROM `user_account` WHERE ( user_identify='b244536f4994b14f55f19e9c7a9ba144' )  [ RunTime:0.0003s ]
SQL: SHOW COLUMNS FROM `lec_workflow` [ RunTime:0.0005s ]
SQL: SELECT `workflow_id` FROM `lec_workflow` WHERE ( isenable=0 )  [ RunTime:0.0002s ]
SQL: SELECT `role_id` FROM `user_account` WHERE ( user_account_id=14 )  [ RunTime:0.0002s ]
SQL: SHOW COLUMNS FROM `workflow` [ RunTime:0.0005s ]
SQL: SELECT `steps` FROM `workflow` WHERE ( workflow_id=8 )  [ RunTime:0.0003s ]
SQL: SHOW COLUMNS FROM `course` [ RunTime:0.0009s ]
SQL: SELECT `course_id`,`course_name`,`course_start`,`course_semester`,`course_speaker`,`course_hours`,`course_workshop`,`course_ex_status`,`course_add_user`,`course_wof_step_now`,`course_rel_status` FROM `course` ORDER BY course.course_id desc LIMIT 0,15   [ RunTime:0.0005s ]
SQL: SELECT COUNT(*) AS tp_count FROM `course` LIMIT 1   [ RunTime:0.0003s ]
SQL: SHOW COLUMNS FROM `organization` [ RunTime:0.0007s ]
SQL: SELECT `org_name` FROM `organization` WHERE ( org_id=9 )  [ RunTime:0.0003s ]
SQL: SHOW COLUMNS FROM `workflowstep` [ RunTime:0.0006s ]
SQL: SELECT `step_now` FROM `workflowstep` WHERE ( workflow_id=8 and role_id=1 )  [ RunTime:0.0002s ]
SQL: SELECT `steps` FROM `workflow` WHERE ( workflow_id=8 )  [ RunTime:0.0002s ]
SQL: SELECT `org_name` FROM `organization` WHERE ( org_id=9 )  [ RunTime:0.0002s ]
SQL: SELECT `step_now` FROM `workflowstep` WHERE ( workflow_id=8 and role_id=1 )  [ RunTime:0.0003s ]
SQL: SELECT `steps` FROM `workflow` WHERE ( workflow_id=8 )  [ RunTime:0.0002s ]

[ 2016-05-17T14:17:09+08:00 ] 124.64.242.106 /yisheng/webframe/index.php/Admin/Course/openSelect
INFO: [ app_begin ] --START--
INFO: Run Behavior\ReadHtmlCacheBehavior [ RunTime:0.000389s ]
INFO: [ app_begin ] --END-- [ RunTime:0.000634s ]
SQL: SHOW COLUMNS FROM `user_account` [ RunTime:0.0007s ]
SQL: SELECT * FROM `user_account` WHERE ( user_identify='b244536f4994b14f55f19e9c7a9ba144' )  [ RunTime:0.0002s ]
SQL: SHOW COLUMNS FROM `course` [ RunTime:0.0006s ]
SQL: SHOW COLUMNS FROM `course` [ RunTime:0.0006s ]
SQL: UPDATE `course` SET `course_is_select`='3' WHERE ( course_semester=1 and course_rel_status=1 ) [ RunTime:0.0002s ]

[ 2016-05-17T14:17:31+08:00 ] 124.64.242.106 /yisheng/webframe/index.php/Admin/Course/ajaxIndex?limit=15&offset=0&sort=course.course_id&order=desc&course_workshop=&UserName=4
INFO: [ app_begin ] --START--
INFO: Run Behavior\ReadHtmlCacheBehavior [ RunTime:0.000396s ]
INFO: [ app_begin ] --END-- [ RunTime:0.000679s ]
SQL: SHOW COLUMNS FROM `user_account` [ RunTime:0.0009s ]
SQL: SELECT * FROM `user_account` WHERE ( user_identify='b244536f4994b14f55f19e9c7a9ba144' )  [ RunTime:0.0003s ]
SQL: SHOW COLUMNS FROM `lec_workflow` [ RunTime:0.0006s ]
SQL: SELECT `workflow_id` FROM `lec_workflow` WHERE ( isenable=0 )  [ RunTime:0.0002s ]
SQL: SELECT `role_id` FROM `user_account` WHERE ( user_account_id=14 )  [ RunTime:0.0002s ]
SQL: SHOW COLUMNS FROM `workflow` [ RunTime:0.0006s ]
SQL: SELECT `steps` FROM `workflow` WHERE ( workflow_id=8 )  [ RunTime:0.0002s ]
SQL: SHOW COLUMNS FROM `course` [ RunTime:0.0007s ]
SQL: SELECT `course_id`,`course_name`,`course_start`,`course_semester`,`course_speaker`,`course_hours`,`course_workshop`,`course_ex_status`,`course_add_user`,`course_wof_step_now`,`course_rel_status` FROM `course` ORDER BY course.course_id desc LIMIT 0,15   [ RunTime:0.0003s ]
SQL: SELECT COUNT(*) AS tp_count FROM `course` LIMIT 1   [ RunTime:0.0002s ]
SQL: SHOW COLUMNS FROM `organization` [ RunTime:0.0007s ]
SQL: SELECT `org_name` FROM `organization` WHERE ( org_id=9 )  [ RunTime:0.0002s ]
SQL: SHOW COLUMNS FROM `workflowstep` [ RunTime:0.0006s ]
SQL: SELECT `step_now` FROM `workflowstep` WHERE ( workflow_id=8 and role_id=1 )  [ RunTime:0.0002s ]
SQL: SELECT `steps` FROM `workflow` WHERE ( workflow_id=8 )  [ RunTime:0.0002s ]
SQL: SELECT `org_name` FROM `organization` WHERE ( org_id=9 )  [ RunTime:0.0002s ]
SQL: SELECT `step_now` FROM `workflowstep` WHERE ( workflow_id=8 and role_id=1 )  [ RunTime:0.0002s ]
SQL: SELECT `steps` FROM `workflow` WHERE ( workflow_id=8 )  [ RunTime:0.0002s ]

[ 2016-05-17T14:17:45+08:00 ] 124.64.242.106 /yisheng/webframe/index.php/Admin/Course/ajaxIndex?limit=15&offset=0&sort=course.course_id&order=desc&course_workshop=&UserName=4
INFO: [ app_begin ] --START--
INFO: Run Behavior\ReadHtmlCacheBehavior [ RunTime:0.000387s ]
INFO: [ app_begin ] --END-- [ RunTime:0.000627s ]
SQL: SHOW COLUMNS FROM `user_account` [ RunTime:0.0009s ]
SQL: SELECT * FROM `user_account` WHERE ( user_identify='b244536f4994b14f55f19e9c7a9ba144' )  [ RunTime:0.0003s ]
SQL: SHOW COLUMNS FROM `lec_workflow` [ RunTime:0.0005s ]
SQL: SELECT `workflow_id` FROM `lec_workflow` WHERE ( isenable=0 )  [ RunTime:0.0002s ]
SQL: SELECT `role_id` FROM `user_account` WHERE ( user_account_id=14 )  [ RunTime:0.0002s ]
SQL: SHOW COLUMNS FROM `workflow` [ RunTime:0.0005s ]
SQL: SELECT `steps` FROM `workflow` WHERE ( workflow_id=8 )  [ RunTime:0.0002s ]
SQL: SHOW COLUMNS FROM `course` [ RunTime:0.0007s ]
SQL: SELECT `course_id`,`course_name`,`course_start`,`course_semester`,`course_speaker`,`course_hours`,`course_workshop`,`course_ex_status`,`course_add_user`,`course_wof_step_now`,`course_rel_status` FROM `course` ORDER BY course.course_id desc LIMIT 0,15   [ RunTime:0.0002s ]
SQL: SELECT COUNT(*) AS tp_count FROM `course` LIMIT 1   [ RunTime:0.0002s ]
SQL: SHOW COLUMNS FROM `organization` [ RunTime:0.0005s ]
SQL: SELECT `org_name` FROM `organization` WHERE ( org_id=9 )  [ RunTime:0.0002s ]
SQL: SHOW COLUMNS FROM `workflowstep` [ RunTime:0.0005s ]
SQL: SELECT `step_now` FROM `workflowstep` WHERE ( workflow_id=8 and role_id=1 )  [ RunTime:0.0002s ]
SQL: SELECT `steps` FROM `workflow` WHERE ( workflow_id=8 )  [ RunTime:0.0001s ]
SQL: SELECT `org_name` FROM `organization` WHERE ( org_id=9 )  [ RunTime:0.0002s ]
SQL: SELECT `step_now` FROM `workflowstep` WHERE ( workflow_id=8 and role_id=1 )  [ RunTime:0.0002s ]
SQL: SELECT `steps` FROM `workflow` WHERE ( workflow_id=8 )  [ RunTime:0.0001s ]

[ 2016-05-17T14:23:42+08:00 ] 124.64.242.106 /yisheng/webframe/index.php/Admin/Course/ajaxIndex?limit=15&offset=0&sort=course.course_id&order=desc&course_workshop=&UserName=4
INFO: [ app_begin ] --START--
INFO: Run Behavior\ReadHtmlCacheBehavior [ RunTime:0.000372s ]
INFO: [ app_begin ] --END-- [ RunTime:0.000622s ]
SQL: SHOW COLUMNS FROM `user_account` [ RunTime:0.0009s ]
SQL: SELECT * FROM `user_account` WHERE ( user_identify='b244536f4994b14f55f19e9c7a9ba144' )  [ RunTime:0.0003s ]
SQL: SHOW COLUMNS FROM `lec_workflow` [ RunTime:0.0005s ]
SQL: SELECT `workflow_id` FROM `lec_workflow` WHERE ( isenable=0 )  [ RunTime:0.0002s ]
SQL: SELECT `role_id` FROM `user_account` WHERE ( user_account_id=14 )  [ RunTime:0.0002s ]
SQL: SHOW COLUMNS FROM `workflow` [ RunTime:0.0005s ]
SQL: SELECT `steps` FROM `workflow` WHERE ( workflow_id=8 )  [ RunTime:0.0002s ]
SQL: SHOW COLUMNS FROM `course` [ RunTime:0.0007s ]
SQL: SELECT `course_id`,`course_name`,`course_start`,`course_semester`,`course_speaker`,`course_hours`,`course_workshop`,`course_ex_status`,`course_add_user`,`course_wof_step_now`,`course_rel_status` FROM `course` ORDER BY course.course_id desc LIMIT 0,15   [ RunTime:0.0002s ]
SQL: SELECT COUNT(*) AS tp_count FROM `course` LIMIT 1   [ RunTime:0.0002s ]
SQL: SHOW COLUMNS FROM `organization` [ RunTime:0.0005s ]
SQL: SELECT `org_name` FROM `organization` WHERE ( org_id=9 )  [ RunTime:0.0002s ]
SQL: SHOW COLUMNS FROM `workflowstep` [ RunTime:0.0004s ]
SQL: SELECT `step_now` FROM `workflowstep` WHERE ( workflow_id=8 and role_id=1 )  [ RunTime:0.0002s ]
SQL: SELECT `steps` FROM `workflow` WHERE ( workflow_id=8 )  [ RunTime:0.0001s ]
SQL: SELECT `org_name` FROM `organization` WHERE ( org_id=9 )  [ RunTime:0.0001s ]
SQL: SELECT `step_now` FROM `workflowstep` WHERE ( workflow_id=8 and role_id=1 )  [ RunTime:0.0002s ]
SQL: SELECT `steps` FROM `workflow` WHERE ( workflow_id=8 )  [ RunTime:0.0002s ]

[ 2016-05-17T14:24:13+08:00 ] 124.64.242.106 /yisheng/webframe/index.php/Admin/Menu/ajaxIndex?limit=15&offset=0&sort=id&order=desc&UserName=4
INFO: [ app_begin ] --START--
INFO: Run Behavior\ReadHtmlCacheBehavior [ RunTime:0.000471s ]
INFO: [ app_begin ] --END-- [ RunTime:0.000753s ]
SQL: SHOW COLUMNS FROM `user_account` [ RunTime:0.0011s ]
SQL: SELECT * FROM `user_account` WHERE ( user_identify='b244536f4994b14f55f19e9c7a9ba144' )  [ RunTime:0.0003s ]
SQL: SHOW COLUMNS FROM `menu` [ RunTime:0.0006s ]
SQL: SELECT `menu_id`,`menu_name`,`parentid`,`menu_url`,`sort`,`ishidden` FROM `menu` WHERE ( parentid=0 ) ORDER BY sort asc  [ RunTime:0.0003s ]
SQL: SELECT COUNT(*) AS tp_count FROM `menu` LIMIT 1   [ RunTime:0.0002s ]

[ 2016-05-17T14:24:15+08:00 ] 124.64.242.106 /yisheng/webframe/index.php/Admin/Menu/childAjaxIndex?limit=15&offset=0&sort=id&order=desc&menu_id=47&UserName=4
INFO: [ app_begin ] --START--
INFO: Run Behavior\ReadHtmlCacheBehavior [ RunTime:0.000356s ]
INFO: [ app_begin ] --END-- [ RunTime:0.000623s ]
SQL: SHOW COLUMNS FROM `user_account` [ RunTime:0.0008s ]
SQL: SELECT * FROM `user_account` WHERE ( user_identify='b244536f4994b14f55f19e9c7a9ba144' )  [ RunTime:0.0002s ]
SQL: SHOW COLUMNS FROM `menu` [ RunTime:0.0005s ]
SQL: SELECT `menu_id`,`menu_name`,`parentid`,`menu_url`,`sort`,`ishidden` FROM `menu` WHERE ( parentid='47' ) ORDER BY sort asc  [ RunTime:0.0002s ]
NOTIC: [8] Undefined variable: parentid /var/www/html/yisheng/webframe/Admin/Controller/MenuController.class.php 第 132 行.
SQL: SELECT COUNT(*) AS tp_count FROM `menu` WHERE ( parentid='' ) LIMIT 1   [ RunTime:0.0003s ]

[ 2016-05-17T14:24:31+08:00 ] 124.64.242.106 /yisheng/webframe/index.php/Admin/Menu/insert
INFO: [ app_begin ] --START--
INFO: Run Behavior\ReadHtmlCacheBehavior [ RunTime:0.000382s ]
INFO: [ app_begin ] --END-- [ RunTime:0.000629s ]
SQL: SHOW COLUMNS FROM `user_account` [ RunTime:0.0009s ]
SQL: SELECT * FROM `user_account` WHERE ( user_identify='b244536f4994b14f55f19e9c7a9ba144' )  [ RunTime:0.0003s ]
SQL: SHOW COLUMNS FROM `menu` [ RunTime:0.0005s ]
SQL: SELECT `menu_id`,`sort` FROM `menu` WHERE ( sort='2' and parentid='47' )  [ RunTime:0.0002s ]
SQL: SHOW COLUMNS FROM `menu` [ RunTime:0.0005s ]
SQL: INSERT INTO `menu` (`parentid`,`menu_name`,`menu_url`,`sort`,`ishidden`) VALUES ('47','选课信息','Selectcourse/index','2','0') [ RunTime:0.0065s ]

[ 2016-05-17T14:24:32+08:00 ] 124.64.242.106 /yisheng/webframe/index.php/Admin/Menu/childAjaxIndex?limit=15&offset=0&sort=id&order=desc&menu_id=47&UserName=4
INFO: [ app_begin ] --START--
INFO: Run Behavior\ReadHtmlCacheBehavior [ RunTime:0.000414s ]
INFO: [ app_begin ] --END-- [ RunTime:0.000680s ]
SQL: SHOW COLUMNS FROM `user_account` [ RunTime:0.0009s ]
SQL: SELECT * FROM `user_account` WHERE ( user_identify='b244536f4994b14f55f19e9c7a9ba144' )  [ RunTime:0.0003s ]
SQL: SHOW COLUMNS FROM `menu` [ RunTime:0.0006s ]
SQL: SELECT `menu_id`,`menu_name`,`parentid`,`menu_url`,`sort`,`ishidden` FROM `menu` WHERE ( parentid='47' ) ORDER BY sort asc  [ RunTime:0.0002s ]
NOTIC: [8] Undefined variable: parentid /var/www/html/yisheng/webframe/Admin/Controller/MenuController.class.php 第 132 行.
SQL: SELECT COUNT(*) AS tp_count FROM `menu` WHERE ( parentid='' ) LIMIT 1   [ RunTime:0.0002s ]

[ 2016-05-17T14:24:41+08:00 ] 124.64.242.106 /yisheng/webframe/index.php/Admin/Selectcourse/index
ERR: 模板不存在:/var/www/html/yisheng/webframe/Admin/View/Selectcourse/index.html

[ 2016-05-17T15:54:40+08:00 ] 124.64.242.106 /yisheng/webframe/index.php/Admin/Course/ajaxIndex?limit=15&offset=0&sort=course.course_id&order=desc&course_workshop=&UserName=4
INFO: [ app_begin ] --START--
INFO: Run Behavior\ReadHtmlCacheBehavior [ RunTime:0.000349s ]
INFO: [ app_begin ] --END-- [ RunTime:0.000727s ]
SQL: SHOW COLUMNS FROM `user_account` [ RunTime:0.0007s ]
SQL: SELECT * FROM `user_account` WHERE ( user_identify='b244536f4994b14f55f19e9c7a9ba144' )  [ RunTime:0.0002s ]
SQL: SHOW COLUMNS FROM `lec_workflow` [ RunTime:0.0005s ]
SQL: SELECT `workflow_id` FROM `lec_workflow` WHERE ( isenable=0 )  [ RunTime:0.0002s ]
SQL: SELECT `role_id` FROM `user_account` WHERE ( user_account_id=14 )  [ RunTime:0.0002s ]
SQL: SHOW COLUMNS FROM `workflow` [ RunTime:0.0006s ]
SQL: SELECT `steps` FROM `workflow` WHERE ( workflow_id=8 )  [ RunTime:0.0002s ]
SQL: SHOW COLUMNS FROM `course` [ RunTime:0.0010s ]
SQL: SELECT `course_id`,`course_name`,`course_start`,`course_semester`,`course_speaker`,`course_hours`,`course_workshop`,`course_ex_status`,`course_add_user`,`course_wof_step_now`,`course_rel_status` FROM `course` ORDER BY course.course_id desc LIMIT 0,15   [ RunTime:0.0002s ]
SQL: SELECT COUNT(*) AS tp_count FROM `course` LIMIT 1   [ RunTime:0.0002s ]
SQL: SHOW COLUMNS FROM `organization` [ RunTime:0.0006s ]
SQL: SELECT `org_name` FROM `organization` WHERE ( org_id=9 )  [ RunTime:0.0002s ]
SQL: SHOW COLUMNS FROM `workflowstep` [ RunTime:0.0005s ]
SQL: SELECT `step_now` FROM `workflowstep` WHERE ( workflow_id=8 and role_id=1 )  [ RunTime:0.0002s ]
SQL: SELECT `steps` FROM `workflow` WHERE ( workflow_id=8 )  [ RunTime:0.0001s ]
SQL: SELECT `org_name` FROM `organization` WHERE ( org_id=9 )  [ RunTime:0.0002s ]
SQL: SELECT `step_now` FROM `workflowstep` WHERE ( workflow_id=8 and role_id=1 )  [ RunTime:0.0002s ]
SQL: SELECT `steps` FROM `workflow` WHERE ( workflow_id=8 )  [ RunTime:0.0001s ]

[ 2016-05-17T16:05:03+08:00 ] 124.64.242.106 /yisheng/webframe/index.php/Admin/Course/ajaxIndex?limit=15&offset=0&sort=course.course_id&order=desc&course_workshop=&UserName=4
INFO: [ app_begin ] --START--
INFO: Run Behavior\ReadHtmlCacheBehavior [ RunTime:0.000424s ]
INFO: [ app_begin ] --END-- [ RunTime:0.000697s ]
SQL: SHOW COLUMNS FROM `user_account` [ RunTime:0.0008s ]
SQL: SELECT * FROM `user_account` WHERE ( user_identify='b244536f4994b14f55f19e9c7a9ba144' )  [ RunTime:0.0003s ]
SQL: SHOW COLUMNS FROM `lec_workflow` [ RunTime:0.0005s ]
SQL: SELECT `workflow_id` FROM `lec_workflow` WHERE ( isenable=0 )  [ RunTime:0.0002s ]
SQL: SELECT `role_id` FROM `user_account` WHERE ( user_account_id=14 )  [ RunTime:0.0002s ]
SQL: SHOW COLUMNS FROM `workflow` [ RunTime:0.0005s ]
SQL: SELECT `steps` FROM `workflow` WHERE ( workflow_id=8 )  [ RunTime:0.0002s ]
SQL: SHOW COLUMNS FROM `course` [ RunTime:0.0007s ]
SQL: SELECT `course_id`,`course_name`,`course_start`,`course_semester`,`course_speaker`,`course_hours`,`course_workshop`,`course_ex_status`,`course_add_user`,`course_wof_step_now`,`course_rel_status` FROM `course` ORDER BY course.course_id desc LIMIT 0,15   [ RunTime:0.0002s ]
SQL: SELECT COUNT(*) AS tp_count FROM `course` LIMIT 1   [ RunTime:0.0002s ]
SQL: SHOW COLUMNS FROM `organization` [ RunTime:0.0005s ]
SQL: SELECT `org_name` FROM `organization` WHERE ( org_id=9 )  [ RunTime:0.0002s ]
SQL: SHOW COLUMNS FROM `workflowstep` [ RunTime:0.0005s ]
SQL: SELECT `step_now` FROM `workflowstep` WHERE ( workflow_id=8 and role_id=1 )  [ RunTime:0.0002s ]
SQL: SELECT `steps` FROM `workflow` WHERE ( workflow_id=8 )  [ RunTime:0.0002s ]
SQL: SELECT `org_name` FROM `organization` WHERE ( org_id=9 )  [ RunTime:0.0002s ]
SQL: SELECT `step_now` FROM `workflowstep` WHERE ( workflow_id=8 and role_id=1 )  [ RunTime:0.0002s ]
SQL: SELECT `steps` FROM `workflow` WHERE ( workflow_id=8 )  [ RunTime:0.0001s ]

[ 2016-05-17T16:05:07+08:00 ] 124.64.242.106 /yisheng/webframe/index.php/Admin/Course/ajaxIndex?limit=15&offset=0&sort=course.course_id&order=desc&course_workshop=&UserName=4
INFO: [ app_begin ] --START--
INFO: Run Behavior\ReadHtmlCacheBehavior [ RunTime:0.000649s ]
INFO: [ app_begin ] --END-- [ RunTime:0.000921s ]
SQL: SHOW COLUMNS FROM `user_account` [ RunTime:0.0008s ]
SQL: SELECT * FROM `user_account` WHERE ( user_identify='b244536f4994b14f55f19e9c7a9ba144' )  [ RunTime:0.0003s ]
SQL: SHOW COLUMNS FROM `lec_workflow` [ RunTime:0.0005s ]
SQL: SELECT `workflow_id` FROM `lec_workflow` WHERE ( isenable=0 )  [ RunTime:0.0002s ]
SQL: SELECT `role_id` FROM `user_account` WHERE ( user_account_id=14 )  [ RunTime:0.0002s ]
SQL: SHOW COLUMNS FROM `workflow` [ RunTime:0.0005s ]
SQL: SELECT `steps` FROM `workflow` WHERE ( workflow_id=8 )  [ RunTime:0.0002s ]
SQL: SHOW COLUMNS FROM `course` [ RunTime:0.0007s ]
SQL: SELECT `course_id`,`course_name`,`course_start`,`course_semester`,`course_speaker`,`course_hours`,`course_workshop`,`course_ex_status`,`course_add_user`,`course_wof_step_now`,`course_rel_status` FROM `course` ORDER BY course.course_id desc LIMIT 0,15   [ RunTime:0.0002s ]
SQL: SELECT COUNT(*) AS tp_count FROM `course` LIMIT 1   [ RunTime:0.0002s ]
SQL: SHOW COLUMNS FROM `organization` [ RunTime:0.0005s ]
SQL: SELECT `org_name` FROM `organization` WHERE ( org_id=9 )  [ RunTime:0.0002s ]
SQL: SHOW COLUMNS FROM `workflowstep` [ RunTime:0.0005s ]
SQL: SELECT `step_now` FROM `workflowstep` WHERE ( workflow_id=8 and role_id=1 )  [ RunTime:0.0002s ]
SQL: SELECT `steps` FROM `workflow` WHERE ( workflow_id=8 )  [ RunTime:0.0001s ]
SQL: SELECT `org_name` FROM `organization` WHERE ( org_id=9 )  [ RunTime:0.0001s ]
SQL: SELECT `step_now` FROM `workflowstep` WHERE ( workflow_id=8 and role_id=1 )  [ RunTime:0.0002s ]
SQL: SELECT `steps` FROM `workflow` WHERE ( workflow_id=8 )  [ RunTime:0.0002s ]

[ 2016-05-17T16:06:00+08:00 ] 124.64.242.106 /yisheng/webframe/index.php/Admin/Course/ajaxIndex?limit=15&offset=0&sort=course.course_id&order=desc&course_workshop=&UserName=4
INFO: [ app_begin ] --START--
INFO: Run Behavior\ReadHtmlCacheBehavior [ RunTime:0.000345s ]
INFO: [ app_begin ] --END-- [ RunTime:0.000646s ]
SQL: SHOW COLUMNS FROM `user_account` [ RunTime:0.0009s ]
SQL: SELECT * FROM `user_account` WHERE ( user_identify='b244536f4994b14f55f19e9c7a9ba144' )  [ RunTime:0.0003s ]
SQL: SHOW COLUMNS FROM `lec_workflow` [ RunTime:0.0005s ]
SQL: SELECT `workflow_id` FROM `lec_workflow` WHERE ( isenable=0 )  [ RunTime:0.0002s ]
SQL: SELECT `role_id` FROM `user_account` WHERE ( user_account_id=14 )  [ RunTime:0.0002s ]
SQL: SHOW COLUMNS FROM `workflow` [ RunTime:0.0005s ]
SQL: SELECT `steps` FROM `workflow` WHERE ( workflow_id=8 )  [ RunTime:0.0002s ]
SQL: SHOW COLUMNS FROM `course` [ RunTime:0.0007s ]
SQL: SELECT `course_id`,`course_name`,`course_start`,`course_semester`,`course_speaker`,`course_hours`,`course_workshop`,`course_ex_status`,`course_add_user`,`course_wof_step_now`,`course_rel_status` FROM `course` ORDER BY course.course_id desc LIMIT 0,15   [ RunTime:0.0002s ]
SQL: SELECT COUNT(*) AS tp_count FROM `course` LIMIT 1   [ RunTime:0.0002s ]
SQL: SHOW COLUMNS FROM `organization` [ RunTime:0.0005s ]
SQL: SELECT `org_name` FROM `organization` WHERE ( org_id=9 )  [ RunTime:0.0002s ]
SQL: SHOW COLUMNS FROM `workflowstep` [ RunTime:0.0005s ]
SQL: SELECT `step_now` FROM `workflowstep` WHERE ( workflow_id=8 and role_id=1 )  [ RunTime:0.0002s ]
SQL: SELECT `steps` FROM `workflow` WHERE ( workflow_id=8 )  [ RunTime:0.0002s ]
SQL: SELECT `org_name` FROM `organization` WHERE ( org_id=9 )  [ RunTime:0.0002s ]
SQL: SELECT `step_now` FROM `workflowstep` WHERE ( workflow_id=8 and role_id=1 )  [ RunTime:0.0002s ]
SQL: SELECT `steps` FROM `workflow` WHERE ( workflow_id=8 )  [ RunTime:0.0002s ]

[ 2016-05-17T16:06:03+08:00 ] 124.64.242.106 /yisheng/webframe/index.php/Admin/Course/ajaxIndex?limit=15&offset=0&sort=course.course_id&order=desc&course_workshop=&UserName=4
INFO: [ app_begin ] --START--
INFO: Run Behavior\ReadHtmlCacheBehavior [ RunTime:0.000354s ]
INFO: [ app_begin ] --END-- [ RunTime:0.000616s ]
SQL: SHOW COLUMNS FROM `user_account` [ RunTime:0.0009s ]
SQL: SELECT * FROM `user_account` WHERE ( user_identify='b244536f4994b14f55f19e9c7a9ba144' )  [ RunTime:0.0003s ]
SQL: SHOW COLUMNS FROM `lec_workflow` [ RunTime:0.0005s ]
SQL: SELECT `workflow_id` FROM `lec_workflow` WHERE ( isenable=0 )  [ RunTime:0.0002s ]
SQL: SELECT `role_id` FROM `user_account` WHERE ( user_account_id=14 )  [ RunTime:0.0002s ]
SQL: SHOW COLUMNS FROM `workflow` [ RunTime:0.0005s ]
SQL: SELECT `steps` FROM `workflow` WHERE ( workflow_id=8 )  [ RunTime:0.0002s ]
SQL: SHOW COLUMNS FROM `course` [ RunTime:0.0007s ]
SQL: SELECT `course_id`,`course_name`,`course_start`,`course_semester`,`course_speaker`,`course_hours`,`course_workshop`,`course_ex_status`,`course_add_user`,`course_wof_step_now`,`course_rel_status` FROM `course` ORDER BY course.course_id desc LIMIT 0,15   [ RunTime:0.0002s ]
SQL: SELECT COUNT(*) AS tp_count FROM `course` LIMIT 1   [ RunTime:0.0002s ]
SQL: SHOW COLUMNS FROM `organization` [ RunTime:0.0005s ]
SQL: SELECT `org_name` FROM `organization` WHERE ( org_id=9 )  [ RunTime:0.0002s ]
SQL: SHOW COLUMNS FROM `workflowstep` [ RunTime:0.0005s ]
SQL: SELECT `step_now` FROM `workflowstep` WHERE ( workflow_id=8 and role_id=1 )  [ RunTime:0.0002s ]
SQL: SELECT `steps` FROM `workflow` WHERE ( workflow_id=8 )  [ RunTime:0.0001s ]
SQL: SELECT `org_name` FROM `organization` WHERE ( org_id=9 )  [ RunTime:0.0002s ]
SQL: SELECT `step_now` FROM `workflowstep` WHERE ( workflow_id=8 and role_id=1 )  [ RunTime:0.0002s ]
SQL: SELECT `steps` FROM `workflow` WHERE ( workflow_id=8 )  [ RunTime:0.0001s ]

[ 2016-05-17T16:08:25+08:00 ] 124.64.242.106 /yisheng/webframe/index.php/Admin/Course/ajaxIndex?limit=15&offset=0&sort=course.course_id&order=desc&course_workshop=&UserName=4
INFO: [ app_begin ] --START--
INFO: Run Behavior\ReadHtmlCacheBehavior [ RunTime:0.000417s ]
INFO: [ app_begin ] --END-- [ RunTime:0.000665s ]
SQL: SHOW COLUMNS FROM `user_account` [ RunTime:0.0008s ]
SQL: SELECT * FROM `user_account` WHERE ( user_identify='b244536f4994b14f55f19e9c7a9ba144' )  [ RunTime:0.0003s ]
SQL: SHOW COLUMNS FROM `lec_workflow` [ RunTime:0.0005s ]
SQL: SELECT `workflow_id` FROM `lec_workflow` WHERE ( isenable=0 )  [ RunTime:0.0002s ]
SQL: SELECT `role_id` FROM `user_account` WHERE ( user_account_id=14 )  [ RunTime:0.0002s ]
SQL: SHOW COLUMNS FROM `workflow` [ RunTime:0.0005s ]
SQL: SELECT `steps` FROM `workflow` WHERE ( workflow_id=8 )  [ RunTime:0.0002s ]
SQL: SHOW COLUMNS FROM `course` [ RunTime:0.0007s ]
SQL: SELECT `course_id`,`course_name`,`course_start`,`course_semester`,`course_speaker`,`course_hours`,`course_workshop`,`course_ex_status`,`course_add_user`,`course_wof_step_now`,`course_rel_status` FROM `course` ORDER BY course.course_id desc LIMIT 0,15   [ RunTime:0.0003s ]
SQL: SELECT COUNT(*) AS tp_count FROM `course` LIMIT 1   [ RunTime:0.0002s ]
SQL: SHOW COLUMNS FROM `organization` [ RunTime:0.0006s ]
SQL: SELECT `org_name` FROM `organization` WHERE ( org_id=9 )  [ RunTime:0.0002s ]
SQL: SHOW COLUMNS FROM `workflowstep` [ RunTime:0.0005s ]
SQL: SELECT `step_now` FROM `workflowstep` WHERE ( workflow_id=8 and role_id=1 )  [ RunTime:0.0002s ]
SQL: SELECT `steps` FROM `workflow` WHERE ( workflow_id=8 )  [ RunTime:0.0002s ]
SQL: SELECT `org_name` FROM `organization` WHERE ( org_id=9 )  [ RunTime:0.0002s ]
SQL: SELECT `step_now` FROM `workflowstep` WHERE ( workflow_id=8 and role_id=1 )  [ RunTime:0.0002s ]
SQL: SELECT `steps` FROM `workflow` WHERE ( workflow_id=8 )  [ RunTime:0.0001s ]

[ 2016-05-17T16:08:52+08:00 ] 124.64.242.106 /yisheng/webframe/index.php/Admin/Course/ajaxIndex?limit=15&offset=0&sort=course.course_id&order=desc&course_workshop=&UserName=4
INFO: [ app_begin ] --START--
INFO: Run Behavior\ReadHtmlCacheBehavior [ RunTime:0.000339s ]
INFO: [ app_begin ] --END-- [ RunTime:0.000644s ]
SQL: SHOW COLUMNS FROM `user_account` [ RunTime:0.0007s ]
SQL: SELECT * FROM `user_account` WHERE ( user_identify='b244536f4994b14f55f19e9c7a9ba144' )  [ RunTime:0.0003s ]
SQL: SHOW COLUMNS FROM `lec_workflow` [ RunTime:0.0005s ]
SQL: SELECT `workflow_id` FROM `lec_workflow` WHERE ( isenable=0 )  [ RunTime:0.0002s ]
SQL: SELECT `role_id` FROM `user_account` WHERE ( user_account_id=14 )  [ RunTime:0.0002s ]
SQL: SHOW COLUMNS FROM `workflow` [ RunTime:0.0005s ]
SQL: SELECT `steps` FROM `workflow` WHERE ( workflow_id=8 )  [ RunTime:0.0002s ]
SQL: SHOW COLUMNS FROM `course` [ RunTime:0.0009s ]
SQL: SELECT `course_id`,`course_name`,`course_start`,`course_semester`,`course_speaker`,`course_hours`,`course_workshop`,`course_ex_status`,`course_add_user`,`course_wof_step_now`,`course_rel_status` FROM `course` ORDER BY course.course_id desc LIMIT 0,15   [ RunTime:0.0002s ]
SQL: SELECT COUNT(*) AS tp_count FROM `course` LIMIT 1   [ RunTime:0.0002s ]
SQL: SHOW COLUMNS FROM `organization` [ RunTime:0.0008s ]
SQL: SELECT `org_name` FROM `organization` WHERE ( org_id=9 )  [ RunTime:0.0002s ]
SQL: SHOW COLUMNS FROM `workflowstep` [ RunTime:0.0005s ]
SQL: SELECT `step_now` FROM `workflowstep` WHERE ( workflow_id=8 and role_id=1 )  [ RunTime:0.0002s ]
SQL: SELECT `steps` FROM `workflow` WHERE ( workflow_id=8 )  [ RunTime:0.0002s ]
SQL: SELECT `org_name` FROM `organization` WHERE ( org_id=9 )  [ RunTime:0.0002s ]
SQL: SELECT `step_now` FROM `workflowstep` WHERE ( workflow_id=8 and role_id=1 )  [ RunTime:0.0002s ]
SQL: SELECT `steps` FROM `workflow` WHERE ( workflow_id=8 )  [ RunTime:0.0002s ]

[ 2016-05-17T16:09:41+08:00 ] 124.64.242.106 /yisheng/webframe/index.php/Admin/Course/ajaxIndex?limit=15&offset=0&sort=course.course_id&order=desc&course_workshop=&UserName=4
INFO: [ app_begin ] --START--
INFO: Run Behavior\ReadHtmlCacheBehavior [ RunTime:0.000604s ]
INFO: [ app_begin ] --END-- [ RunTime:0.000973s ]
SQL: SHOW COLUMNS FROM `user_account` [ RunTime:0.0009s ]
SQL: SELECT * FROM `user_account` WHERE ( user_identify='b244536f4994b14f55f19e9c7a9ba144' )  [ RunTime:0.0003s ]
SQL: SHOW COLUMNS FROM `lec_workflow` [ RunTime:0.0005s ]
SQL: SELECT `workflow_id` FROM `lec_workflow` WHERE ( isenable=0 )  [ RunTime:0.0002s ]
SQL: SELECT `role_id` FROM `user_account` WHERE ( user_account_id=14 )  [ RunTime:0.0002s ]
SQL: SHOW COLUMNS FROM `workflow` [ RunTime:0.0005s ]
SQL: SELECT `steps` FROM `workflow` WHERE ( workflow_id=8 )  [ RunTime:0.0002s ]
SQL: SHOW COLUMNS FROM `course` [ RunTime:0.0007s ]
SQL: SELECT `course_id`,`course_name`,`course_start`,`course_semester`,`course_speaker`,`course_hours`,`course_workshop`,`course_ex_status`,`course_add_user`,`course_wof_step_now`,`course_rel_status` FROM `course` ORDER BY course.course_id desc LIMIT 0,15   [ RunTime:0.0003s ]
SQL: SELECT COUNT(*) AS tp_count FROM `course` LIMIT 1   [ RunTime:0.0002s ]
SQL: SHOW COLUMNS FROM `organization` [ RunTime:0.0006s ]
SQL: SELECT `org_name` FROM `organization` WHERE ( org_id=9 )  [ RunTime:0.0002s ]
SQL: SHOW COLUMNS FROM `workflowstep` [ RunTime:0.0005s ]
SQL: SELECT `step_now` FROM `workflowstep` WHERE ( workflow_id=8 and role_id=1 )  [ RunTime:0.0002s ]
SQL: SELECT `steps` FROM `workflow` WHERE ( workflow_id=8 )  [ RunTime:0.0002s ]
SQL: SELECT `org_name` FROM `organization` WHERE ( org_id=9 )  [ RunTime:0.0002s ]
SQL: SELECT `step_now` FROM `workflowstep` WHERE ( workflow_id=8 and role_id=1 )  [ RunTime:0.0002s ]
SQL: SELECT `steps` FROM `workflow` WHERE ( workflow_id=8 )  [ RunTime:0.0002s ]

[ 2016-05-17T16:11:27+08:00 ] 124.64.242.106 /yisheng/webframe/index.php/Admin/Course/ajaxIndex?limit=15&offset=0&sort=course.course_id&order=desc&course_workshop=&UserName=4
INFO: [ app_begin ] --START--
INFO: Run Behavior\ReadHtmlCacheBehavior [ RunTime:0.000405s ]
INFO: [ app_begin ] --END-- [ RunTime:0.000786s ]
SQL: SHOW COLUMNS FROM `user_account` [ RunTime:0.0008s ]
SQL: SELECT * FROM `user_account` WHERE ( user_identify='b244536f4994b14f55f19e9c7a9ba144' )  [ RunTime:0.0003s ]
SQL: SHOW COLUMNS FROM `lec_workflow` [ RunTime:0.0005s ]
SQL: SELECT `workflow_id` FROM `lec_workflow` WHERE ( isenable=0 )  [ RunTime:0.0002s ]
SQL: SELECT `role_id` FROM `user_account` WHERE ( user_account_id=14 )  [ RunTime:0.0002s ]
SQL: SHOW COLUMNS FROM `workflow` [ RunTime:0.0005s ]
SQL: SELECT `steps` FROM `workflow` WHERE ( workflow_id=8 )  [ RunTime:0.0002s ]
SQL: SHOW COLUMNS FROM `course` [ RunTime:0.0006s ]
SQL: SELECT `course_id`,`course_name`,`course_start`,`course_semester`,`course_speaker`,`course_hours`,`course_workshop`,`course_ex_status`,`course_add_user`,`course_wof_step_now`,`course_rel_status` FROM `course` ORDER BY course.course_id desc LIMIT 0,15   [ RunTime:0.0002s ]
SQL: SELECT COUNT(*) AS tp_count FROM `course` LIMIT 1   [ RunTime:0.0002s ]
SQL: SHOW COLUMNS FROM `organization` [ RunTime:0.0006s ]
SQL: SELECT `org_name` FROM `organization` WHERE ( org_id=9 )  [ RunTime:0.0002s ]
SQL: SHOW COLUMNS FROM `workflowstep` [ RunTime:0.0005s ]
SQL: SELECT `step_now` FROM `workflowstep` WHERE ( workflow_id=8 and role_id=1 )  [ RunTime:0.0002s ]
SQL: SELECT `steps` FROM `workflow` WHERE ( workflow_id=8 )  [ RunTime:0.0002s ]
SQL: SELECT `org_name` FROM `organization` WHERE ( org_id=9 )  [ RunTime:0.0002s ]
SQL: SELECT `step_now` FROM `workflowstep` WHERE ( workflow_id=8 and role_id=1 )  [ RunTime:0.0002s ]
SQL: SELECT `steps` FROM `workflow` WHERE ( workflow_id=8 )  [ RunTime:0.0001s ]

[ 2016-05-17T16:11:30+08:00 ] 124.64.242.106 /yisheng/webframe/index.php/Admin/Course/getSelectStu/course_id/5
ERR: 非法操作:getSelectStu

[ 2016-05-17T17:47:19+08:00 ] 124.64.242.106 /yisheng/webframe/index.php/Admin/Selectcourse/ajaxIndex?limit=15&offset=0&sort=course.course_id&order=desc&UserName=4
INFO: [ app_begin ] --START--
INFO: Run Behavior\ReadHtmlCacheBehavior [ RunTime:0.000362s ]
INFO: [ app_begin ] --END-- [ RunTime:0.000662s ]
SQL: SHOW COLUMNS FROM `user_account` [ RunTime:0.0008s ]
SQL: SELECT * FROM `user_account` WHERE ( user_identify='b244536f4994b14f55f19e9c7a9ba144' )  [ RunTime:0.0003s ]
SQL: SHOW COLUMNS FROM `course` [ RunTime:0.0007s ]
SQL: SELECT * FROM `course` WHERE ( course_semester=1 and course_rel_status=1 ) ORDER BY course.course_id desc LIMIT 0,15   [ RunTime:0.0003s ]
SQL: SELECT COUNT(*) AS tp_count FROM `course` WHERE ( course_semester=1 and course_rel_status=1 ) LIMIT 1   [ RunTime:0.0002s ]
NOTIC: [8] Uninitialized string offset: 0 /var/www/html/yisheng/webframe/Admin/Controller/SelectcourseController.class.php 第 145 行.
NOTIC: [8] Uninitialized string offset: 0 /var/www/html/yisheng/webframe/Admin/Controller/SelectcourseController.class.php 第 145 行.
NOTIC: [8] Undefined index: course_time_txt /var/www/html/yisheng/webframe/Admin/Controller/SelectcourseController.class.php 第 145 行.
NOTIC: [8] Uninitialized string offset: 1 /var/www/html/yisheng/webframe/Admin/Controller/SelectcourseController.class.php 第 145 行.
NOTIC: [8] Uninitialized string offset: 1 /var/www/html/yisheng/webframe/Admin/Controller/SelectcourseController.class.php 第 145 行.
NOTIC: [8] Undefined offset: 1 /var/www/html/yisheng/webframe/Admin/Controller/SelectcourseController.class.php 第 145 行.
NOTIC: [8] Undefined index: course_time_txt /var/www/html/yisheng/webframe/Admin/Controller/SelectcourseController.class.php 第 145 行.
NOTIC: [8] Uninitialized string offset: 2 /var/www/html/yisheng/webframe/Admin/Controller/SelectcourseController.class.php 第 145 行.
NOTIC: [8] Uninitialized string offset: 2 /var/www/html/yisheng/webframe/Admin/Controller/SelectcourseController.class.php 第 145 行.
NOTIC: [8] Undefined offset: 2 /var/www/html/yisheng/webframe/Admin/Controller/SelectcourseController.class.php 第 145 行.
NOTIC: [8] Undefined index: course_time_txt /var/www/html/yisheng/webframe/Admin/Controller/SelectcourseController.class.php 第 145 行.
NOTIC: [8] Uninitialized string offset: 3 /var/www/html/yisheng/webframe/Admin/Controller/SelectcourseController.class.php 第 145 行.
NOTIC: [8] Uninitialized string offset: 3 /var/www/html/yisheng/webframe/Admin/Controller/SelectcourseController.class.php 第 145 行.

[ 2016-05-17T17:50:11+08:00 ] 124.64.242.106 /yisheng/webframe/index.php/Admin/Selectcourse/ajaxIndex?limit=15&offset=0&sort=course.course_id&order=desc&UserName=4
INFO: [ app_begin ] --START--
INFO: Run Behavior\ReadHtmlCacheBehavior [ RunTime:0.000434s ]
INFO: [ app_begin ] --END-- [ RunTime:0.000680s ]
SQL: SHOW COLUMNS FROM `user_account` [ RunTime:0.0008s ]
SQL: SELECT * FROM `user_account` WHERE ( user_identify='b244536f4994b14f55f19e9c7a9ba144' )  [ RunTime:0.0003s ]
SQL: SHOW COLUMNS FROM `course` [ RunTime:0.0007s ]
SQL: SELECT * FROM `course` WHERE ( course_semester=1 and course_rel_status=1 ) ORDER BY course.course_id desc LIMIT 0,15   [ RunTime:0.0003s ]
SQL: SELECT COUNT(*) AS tp_count FROM `course` WHERE ( course_semester=1 and course_rel_status=1 ) LIMIT 1   [ RunTime:0.0002s ]
NOTIC: [8] Uninitialized string offset: 0 /var/www/html/yisheng/webframe/Admin/Controller/SelectcourseController.class.php 第 145 行.
NOTIC: [8] Uninitialized string offset: 0 /var/www/html/yisheng/webframe/Admin/Controller/SelectcourseController.class.php 第 145 行.
NOTIC: [8] Uninitialized string offset: 1 /var/www/html/yisheng/webframe/Admin/Controller/SelectcourseController.class.php 第 145 行.
NOTIC: [8] Uninitialized string offset: 1 /var/www/html/yisheng/webframe/Admin/Controller/SelectcourseController.class.php 第 145 行.
NOTIC: [8] Uninitialized string offset: 2 /var/www/html/yisheng/webframe/Admin/Controller/SelectcourseController.class.php 第 145 行.
NOTIC: [8] Uninitialized string offset: 2 /var/www/html/yisheng/webframe/Admin/Controller/SelectcourseController.class.php 第 145 行.
NOTIC: [8] Uninitialized string offset: 3 /var/www/html/yisheng/webframe/Admin/Controller/SelectcourseController.class.php 第 145 行.
NOTIC: [8] Uninitialized string offset: 3 /var/www/html/yisheng/webframe/Admin/Controller/SelectcourseController.class.php 第 145 行.

[ 2016-05-17T17:53:54+08:00 ] 124.64.242.106 /yisheng/webframe/index.php/Admin/Selectcourse/ajaxIndex?limit=15&offset=0&sort=course.course_id&order=desc&UserName=4
INFO: [ app_begin ] --START--
INFO: Run Behavior\ReadHtmlCacheBehavior [ RunTime:0.000479s ]
INFO: [ app_begin ] --END-- [ RunTime:0.000749s ]
SQL: SHOW COLUMNS FROM `user_account` [ RunTime:0.0008s ]
SQL: SELECT * FROM `user_account` WHERE ( user_identify='b244536f4994b14f55f19e9c7a9ba144' )  [ RunTime:0.0003s ]
SQL: SHOW COLUMNS FROM `course` [ RunTime:0.0007s ]
SQL: SELECT * FROM `course` WHERE ( course_semester=1 and course_rel_status=1 ) ORDER BY course.course_id desc LIMIT 0,15   [ RunTime:0.0003s ]
SQL: SELECT COUNT(*) AS tp_count FROM `course` WHERE ( course_semester=1 and course_rel_status=1 ) LIMIT 1   [ RunTime:0.0002s ]
NOTIC: [8] Uninitialized string offset: 0 /var/www/html/yisheng/webframe/Admin/Controller/SelectcourseController.class.php 第 145 行.
NOTIC: [8] Uninitialized string offset: 0 /var/www/html/yisheng/webframe/Admin/Controller/SelectcourseController.class.php 第 145 行.
NOTIC: [8] Uninitialized string offset: 1 /var/www/html/yisheng/webframe/Admin/Controller/SelectcourseController.class.php 第 145 行.
NOTIC: [8] Uninitialized string offset: 1 /var/www/html/yisheng/webframe/Admin/Controller/SelectcourseController.class.php 第 145 行.
NOTIC: [8] Uninitialized string offset: 2 /var/www/html/yisheng/webframe/Admin/Controller/SelectcourseController.class.php 第 145 行.
NOTIC: [8] Uninitialized string offset: 2 /var/www/html/yisheng/webframe/Admin/Controller/SelectcourseController.class.php 第 145 行.
NOTIC: [8] Uninitialized string offset: 3 /var/www/html/yisheng/webframe/Admin/Controller/SelectcourseController.class.php 第 145 行.
NOTIC: [8] Uninitialized string offset: 3 /var/www/html/yisheng/webframe/Admin/Controller/SelectcourseController.class.php 第 145 行.

[ 2016-05-17T17:56:34+08:00 ] 124.64.242.106 /yisheng/webframe/index.php/Admin/Selectcourse/ajaxIndex?limit=15&offset=0&sort=course.course_id&order=desc&UserName=4
INFO: [ app_begin ] --START--
INFO: Run Behavior\ReadHtmlCacheBehavior [ RunTime:0.000369s ]
INFO: [ app_begin ] --END-- [ RunTime:0.000612s ]
SQL: SHOW COLUMNS FROM `user_account` [ RunTime:0.0009s ]
SQL: SELECT * FROM `user_account` WHERE ( user_identify='b244536f4994b14f55f19e9c7a9ba144' )  [ RunTime:0.0003s ]
SQL: SHOW COLUMNS FROM `course` [ RunTime:0.0007s ]
SQL: SELECT * FROM `course` WHERE ( course_semester=1 and course_rel_status=1 ) ORDER BY course.course_id desc LIMIT 0,15   [ RunTime:0.0003s ]
SQL: SELECT COUNT(*) AS tp_count FROM `course` WHERE ( course_semester=1 and course_rel_status=1 ) LIMIT 1   [ RunTime:0.0002s ]

[ 2016-05-17T17:57:01+08:00 ] 124.64.242.106 /yisheng/webframe/index.php/Admin/Selectcourse/ajaxIndex?limit=15&offset=0&sort=course.course_id&order=desc&UserName=4
INFO: [ app_begin ] --START--
INFO: Run Behavior\ReadHtmlCacheBehavior [ RunTime:0.000418s ]
INFO: [ app_begin ] --END-- [ RunTime:0.000663s ]
SQL: SHOW COLUMNS FROM `user_account` [ RunTime:0.0008s ]
SQL: SELECT * FROM `user_account` WHERE ( user_identify='b244536f4994b14f55f19e9c7a9ba144' )  [ RunTime:0.0003s ]
SQL: SHOW COLUMNS FROM `course` [ RunTime:0.0006s ]
SQL: SELECT * FROM `course` WHERE ( course_semester=1 and course_rel_status=1 ) ORDER BY course.course_id desc LIMIT 0,15   [ RunTime:0.0003s ]
SQL: SELECT COUNT(*) AS tp_count FROM `course` WHERE ( course_semester=1 and course_rel_status=1 ) LIMIT 1   [ RunTime:0.0002s ]

[ 2016-05-17T17:58:20+08:00 ] 124.64.242.106 /yisheng/webframe/index.php/Admin/Selectcourse/ajaxIndex?limit=15&offset=0&sort=course.course_id&order=desc&UserName=4
INFO: [ app_begin ] --START--
INFO: Run Behavior\ReadHtmlCacheBehavior [ RunTime:0.000374s ]
INFO: [ app_begin ] --END-- [ RunTime:0.000641s ]
SQL: SHOW COLUMNS FROM `user_account` [ RunTime:0.0007s ]
SQL: SELECT * FROM `user_account` WHERE ( user_identify='b244536f4994b14f55f19e9c7a9ba144' )  [ RunTime:0.0002s ]
SQL: SHOW COLUMNS FROM `course` [ RunTime:0.0007s ]
SQL: SELECT * FROM `course` WHERE ( course_semester=1 and course_rel_status=1 ) ORDER BY course.course_id desc LIMIT 0,15   [ RunTime:0.0003s ]
SQL: SELECT COUNT(*) AS tp_count FROM `course` WHERE ( course_semester=1 and course_rel_status=1 ) LIMIT 1   [ RunTime:0.0002s ]

[ 2016-05-17T17:59:00+08:00 ] 124.64.242.106 /yisheng/webframe/index.php/Admin/Selectcourse/ajaxIndex?limit=15&offset=0&sort=course.course_id&order=desc&UserName=4
INFO: [ app_begin ] --START--
INFO: Run Behavior\ReadHtmlCacheBehavior [ RunTime:0.000477s ]
INFO: [ app_begin ] --END-- [ RunTime:0.000727s ]
SQL: SHOW COLUMNS FROM `user_account` [ RunTime:0.0009s ]
SQL: SELECT * FROM `user_account` WHERE ( user_identify='b244536f4994b14f55f19e9c7a9ba144' )  [ RunTime:0.0003s ]
SQL: SHOW COLUMNS FROM `course` [ RunTime:0.0008s ]
SQL: SELECT * FROM `course` WHERE ( course_semester=1 and course_rel_status=1 ) ORDER BY course.course_id desc LIMIT 0,15   [ RunTime:0.0003s ]
SQL: SELECT COUNT(*) AS tp_count FROM `course` WHERE ( course_semester=1 and course_rel_status=1 ) LIMIT 1   [ RunTime:0.0002s ]

[ 2016-05-17T17:59:12+08:00 ] 124.64.242.106 /yisheng/webframe/index.php/Admin/Selectcourse/ajaxIndex?limit=15&offset=0&sort=course.course_id&order=desc&UserName=4
INFO: [ app_begin ] --START--
INFO: Run Behavior\ReadHtmlCacheBehavior [ RunTime:0.000424s ]
INFO: [ app_begin ] --END-- [ RunTime:0.000681s ]
SQL: SHOW COLUMNS FROM `user_account` [ RunTime:0.0009s ]
SQL: SELECT * FROM `user_account` WHERE ( user_identify='b244536f4994b14f55f19e9c7a9ba144' )  [ RunTime:0.0003s ]
SQL: SHOW COLUMNS FROM `course` [ RunTime:0.0007s ]
SQL: SELECT * FROM `course` WHERE ( course_semester=1 and course_rel_status=1 ) ORDER BY course.course_id desc LIMIT 0,15   [ RunTime:0.0003s ]
SQL: SELECT COUNT(*) AS tp_count FROM `course` WHERE ( course_semester=1 and course_rel_status=1 ) LIMIT 1   [ RunTime:0.0002s ]

[ 2016-05-17T17:59:44+08:00 ] 124.64.242.106 /yisheng/webframe/index.php/Admin/Selectcourse/ajaxIndex?limit=15&offset=0&sort=course.course_id&order=desc&UserName=4
INFO: [ app_begin ] --START--
INFO: Run Behavior\ReadHtmlCacheBehavior [ RunTime:0.000415s ]
INFO: [ app_begin ] --END-- [ RunTime:0.000696s ]
SQL: SHOW COLUMNS FROM `user_account` [ RunTime:0.0008s ]
SQL: SELECT * FROM `user_account` WHERE ( user_identify='b244536f4994b14f55f19e9c7a9ba144' )  [ RunTime:0.0003s ]
SQL: SHOW COLUMNS FROM `course` [ RunTime:0.0007s ]
SQL: SELECT * FROM `course` WHERE ( course_semester=1 and course_rel_status=1 ) ORDER BY course.course_id desc LIMIT 0,15   [ RunTime:0.0003s ]
SQL: SELECT COUNT(*) AS tp_count FROM `course` WHERE ( course_semester=1 and course_rel_status=1 ) LIMIT 1   [ RunTime:0.0002s ]

[ 2016-05-17T18:00:06+08:00 ] 124.64.242.106 /yisheng/webframe/index.php/Admin/Selectcourse/ajaxIndex?limit=15&offset=0&sort=course.course_id&order=desc&UserName=4
INFO: [ app_begin ] --START--
INFO: Run Behavior\ReadHtmlCacheBehavior [ RunTime:0.000377s ]
INFO: [ app_begin ] --END-- [ RunTime:0.000647s ]
SQL: SHOW COLUMNS FROM `user_account` [ RunTime:0.0008s ]
SQL: SELECT * FROM `user_account` WHERE ( user_identify='b244536f4994b14f55f19e9c7a9ba144' )  [ RunTime:0.0003s ]
SQL: SHOW COLUMNS FROM `course` [ RunTime:0.0007s ]
SQL: SELECT * FROM `course` WHERE ( course_semester=1 and course_rel_status=1 ) ORDER BY course.course_id desc LIMIT 0,15   [ RunTime:0.0003s ]
SQL: SELECT COUNT(*) AS tp_count FROM `course` WHERE ( course_semester=1 and course_rel_status=1 ) LIMIT 1   [ RunTime:0.0002s ]

[ 2016-05-17T18:00:48+08:00 ] 124.64.242.106 /yisheng/webframe/index.php/Admin/Selectcourse/ajaxIndex?limit=15&offset=0&sort=course.course_id&order=desc&UserName=4
INFO: [ app_begin ] --START--
INFO: Run Behavior\ReadHtmlCacheBehavior [ RunTime:0.000355s ]
INFO: [ app_begin ] --END-- [ RunTime:0.000659s ]
SQL: SHOW COLUMNS FROM `user_account` [ RunTime:0.0009s ]
SQL: SELECT * FROM `user_account` WHERE ( user_identify='b244536f4994b14f55f19e9c7a9ba144' )  [ RunTime:0.0003s ]
SQL: SHOW COLUMNS FROM `course` [ RunTime:0.0006s ]
SQL: SELECT * FROM `course` WHERE ( course_semester=1 and course_rel_status=1 ) ORDER BY course.course_id desc LIMIT 0,15   [ RunTime:0.0003s ]
SQL: SELECT COUNT(*) AS tp_count FROM `course` WHERE ( course_semester=1 and course_rel_status=1 ) LIMIT 1   [ RunTime:0.0002s ]

[ 2016-05-17T18:01:13+08:00 ] 124.64.242.106 /yisheng/webframe/index.php/Admin/Access/ajaxIndex?limit=15&offset=0&sort=access_id&order=Asc&UserName=4
INFO: [ app_begin ] --START--
INFO: Run Behavior\ReadHtmlCacheBehavior [ RunTime:0.000514s ]
INFO: [ app_begin ] --END-- [ RunTime:0.000778s ]
SQL: SHOW COLUMNS FROM `user_account` [ RunTime:0.0009s ]
SQL: SELECT * FROM `user_account` WHERE ( user_identify='b244536f4994b14f55f19e9c7a9ba144' )  [ RunTime:0.0003s ]
SQL: SHOW COLUMNS FROM `access` [ RunTime:0.0005s ]
SQL: SELECT `access_id`,`access_name`,`access_url`,`remark` FROM `access` ORDER BY access_id Asc LIMIT 0,15   [ RunTime:0.0002s ]
SQL: SELECT COUNT(*) AS tp_count FROM `access` LIMIT 1   [ RunTime:0.0002s ]

[ 2016-05-17T18:02:05+08:00 ] 124.64.242.106 /yisheng/webframe/index.php/Admin/Access/insert
INFO: [ app_begin ] --START--
INFO: Run Behavior\ReadHtmlCacheBehavior [ RunTime:0.000403s ]
INFO: [ app_begin ] --END-- [ RunTime:0.000758s ]
SQL: SHOW COLUMNS FROM `user_account` [ RunTime:0.0008s ]
SQL: SELECT * FROM `user_account` WHERE ( user_identify='b244536f4994b14f55f19e9c7a9ba144' )  [ RunTime:0.0003s ]
SQL: SHOW COLUMNS FROM `access` [ RunTime:0.0005s ]
SQL: SHOW COLUMNS FROM `access` [ RunTime:0.0005s ]
SQL: INSERT INTO `access` (`access_name`,`access_url`,`remark`) VALUES ('选课信息列表获取权限','Selectcourse/index','选课信息的列表数据获取的权限') [ RunTime:0.0071s ]

[ 2016-05-17T18:02:05+08:00 ] 124.64.242.106 /yisheng/webframe/index.php/Admin/Access/ajaxIndex?limit=15&offset=0&sort=access_id&order=Asc&UserName=4
INFO: [ app_begin ] --START--
INFO: Run Behavior\ReadHtmlCacheBehavior [ RunTime:0.000351s ]
INFO: [ app_begin ] --END-- [ RunTime:0.000620s ]
SQL: SHOW COLUMNS FROM `user_account` [ RunTime:0.0008s ]
SQL: SELECT * FROM `user_account` WHERE ( user_identify='b244536f4994b14f55f19e9c7a9ba144' )  [ RunTime:0.0003s ]
SQL: SHOW COLUMNS FROM `access` [ RunTime:0.0005s ]
SQL: SELECT `access_id`,`access_name`,`access_url`,`remark` FROM `access` ORDER BY access_id Asc LIMIT 0,15   [ RunTime:0.0002s ]
SQL: SELECT COUNT(*) AS tp_count FROM `access` LIMIT 1   [ RunTime:0.0002s ]

[ 2016-05-17T18:02:17+08:00 ] 124.64.242.106 /yisheng/webframe/index.php/Admin/Role/ajaxIndex?limit=15&offset=0&sort=role_id&order=desc&UserName=4
INFO: [ app_begin ] --START--
INFO: Run Behavior\ReadHtmlCacheBehavior [ RunTime:0.000353s ]
INFO: [ app_begin ] --END-- [ RunTime:0.000616s ]
SQL: SHOW COLUMNS FROM `user_account` [ RunTime:0.0009s ]
SQL: SELECT * FROM `user_account` WHERE ( user_identify='b244536f4994b14f55f19e9c7a9ba144' )  [ RunTime:0.0003s ]
SQL: SHOW COLUMNS FROM `role` [ RunTime:0.0005s ]
SQL: SELECT `role_id`,`role_name`,`role_desc` FROM `role` ORDER BY role_id desc LIMIT 0,15   [ RunTime:0.0002s ]
SQL: SELECT COUNT(*) AS tp_count FROM `role` LIMIT 1   [ RunTime:0.0002s ]

[ 2016-05-17T18:02:27+08:00 ] 124.64.242.106 /yisheng/webframe/index.php/Admin/Role/accessDisInsert
INFO: [ app_begin ] --START--
INFO: Run Behavior\ReadHtmlCacheBehavior [ RunTime:0.000381s ]
INFO: [ app_begin ] --END-- [ RunTime:0.000689s ]
SQL: SHOW COLUMNS FROM `user_account` [ RunTime:0.0009s ]
SQL: SELECT * FROM `user_account` WHERE ( user_identify='b244536f4994b14f55f19e9c7a9ba144' )  [ RunTime:0.0003s ]
SQL: SHOW COLUMNS FROM `role_access` [ RunTime:0.0004s ]
SQL: SHOW COLUMNS FROM `role_access` [ RunTime:0.0005s ]
SQL: DELETE FROM `role_access` WHERE ( role_id='4' ) [ RunTime:0.0286s ]
SQL: INSERT INTO `role_access` (`role_id`,`access_id`) VALUES ('4','4') [ RunTime:0.0052s ]
SQL: INSERT INTO `role_access` (`role_id`,`access_id`) VALUES ('4','5') [ RunTime:0.0047s ]
SQL: INSERT INTO `role_access` (`role_id`,`access_id`) VALUES ('4','6') [ RunTime:0.0040s ]
SQL: INSERT INTO `role_access` (`role_id`,`access_id`) VALUES ('4','7') [ RunTime:0.0036s ]
SQL: INSERT INTO `role_access` (`role_id`,`access_id`) VALUES ('4','8') [ RunTime:0.0036s ]
SQL: INSERT INTO `role_access` (`role_id`,`access_id`) VALUES ('4','9') [ RunTime:0.0032s ]
SQL: INSERT INTO `role_access` (`role_id`,`access_id`) VALUES ('4','10') [ RunTime:0.0040s ]
SQL: INSERT INTO `role_access` (`role_id`,`access_id`) VALUES ('4','12') [ RunTime:0.0037s ]
SQL: INSERT INTO `role_access` (`role_id`,`access_id`) VALUES ('4','13') [ RunTime:0.0033s ]
SQL: INSERT INTO `role_access` (`role_id`,`access_id`) VALUES ('4','14') [ RunTime:0.0033s ]
SQL: INSERT INTO `role_access` (`role_id`,`access_id`) VALUES ('4','15') [ RunTime:0.0033s ]
SQL: INSERT INTO `role_access` (`role_id`,`access_id`) VALUES ('4','16') [ RunTime:0.0035s ]
SQL: INSERT INTO `role_access` (`role_id`,`access_id`) VALUES ('4','17') [ RunTime:0.0035s ]
SQL: INSERT INTO `role_access` (`role_id`,`access_id`) VALUES ('4','18') [ RunTime:0.0044s ]
SQL: INSERT INTO `role_access` (`role_id`,`access_id`) VALUES ('4','19') [ RunTime:0.0034s ]
SQL: INSERT INTO `role_access` (`role_id`,`access_id`) VALUES ('4','20') [ RunTime:0.0034s ]
SQL: INSERT INTO `role_access` (`role_id`,`access_id`) VALUES ('4','21') [ RunTime:0.0034s ]
SQL: INSERT INTO `role_access` (`role_id`,`access_id`) VALUES ('4','24') [ RunTime:0.0032s ]
SQL: INSERT INTO `role_access` (`role_id`,`access_id`) VALUES ('4','25') [ RunTime:0.0037s ]
SQL: INSERT INTO `role_access` (`role_id`,`access_id`) VALUES ('4','26') [ RunTime:0.0036s ]
SQL: INSERT INTO `role_access` (`role_id`,`access_id`) VALUES ('4','27') [ RunTime:0.0044s ]
SQL: INSERT INTO `role_access` (`role_id`,`access_id`) VALUES ('4','28') [ RunTime:0.0033s ]
SQL: INSERT INTO `role_access` (`role_id`,`access_id`) VALUES ('4','29') [ RunTime:0.0035s ]
SQL: INSERT INTO `role_access` (`role_id`,`access_id`) VALUES ('4','30') [ RunTime:0.0049s ]

[ 2016-05-17T18:02:27+08:00 ] 124.64.242.106 /yisheng/webframe/index.php/Admin/Role/ajaxIndex?limit=15&offset=0&sort=role_id&order=desc&UserName=4
INFO: [ app_begin ] --START--
INFO: Run Behavior\ReadHtmlCacheBehavior [ RunTime:0.000470s ]
INFO: [ app_begin ] --END-- [ RunTime:0.000756s ]
SQL: SHOW COLUMNS FROM `user_account` [ RunTime:0.0009s ]
SQL: SELECT * FROM `user_account` WHERE ( user_identify='b244536f4994b14f55f19e9c7a9ba144' )  [ RunTime:0.0003s ]
SQL: SHOW COLUMNS FROM `role` [ RunTime:0.0005s ]
SQL: SELECT `role_id`,`role_name`,`role_desc` FROM `role` ORDER BY role_id desc LIMIT 0,15   [ RunTime:0.0002s ]
SQL: SELECT COUNT(*) AS tp_count FROM `role` LIMIT 1   [ RunTime:0.0002s ]

[ 2016-05-17T18:02:34+08:00 ] 124.64.242.106 /yisheng/webframe/index.php/Admin/Role/getMenuTree?role_id=4
INFO: [ app_begin ] --START--
INFO: Run Behavior\ReadHtmlCacheBehavior [ RunTime:0.000426s ]
INFO: [ app_begin ] --END-- [ RunTime:0.000692s ]
SQL: SHOW COLUMNS FROM `user_account` [ RunTime:0.0009s ]
SQL: SELECT * FROM `user_account` WHERE ( user_identify='b244536f4994b14f55f19e9c7a9ba144' )  [ RunTime:0.0003s ]
SQL: SHOW COLUMNS FROM `menu` [ RunTime:0.0006s ]
SQL: SELECT `menu_name`,`menu_id` FROM `menu` WHERE ( parentid=0 and ishidden=0 )  [ RunTime:0.0002s ]
SQL: SHOW COLUMNS FROM `role_menu` [ RunTime:0.0005s ]
SQL: SELECT * FROM `role_menu` WHERE ( role_id='4' )  [ RunTime:0.0002s ]
SQL: SELECT COUNT(*) AS tp_count FROM `menu` WHERE ( parentid='10' ) LIMIT 1   [ RunTime:0.0003s ]
SQL: SELECT `menu_name`,`menu_id`,`parentid` FROM `menu` WHERE ( parentid='10' )  [ RunTime:0.0003s ]
SQL: SELECT COUNT(*) AS tp_count FROM `menu` WHERE ( parentid='21' ) LIMIT 1   [ RunTime:0.0002s ]
SQL: SELECT COUNT(*) AS tp_count FROM `menu` WHERE ( parentid='27' ) LIMIT 1   [ RunTime:0.0002s ]
SQL: SELECT COUNT(*) AS tp_count FROM `menu` WHERE ( parentid='28' ) LIMIT 1   [ RunTime:0.0002s ]
SQL: SELECT COUNT(*) AS tp_count FROM `menu` WHERE ( parentid='11' ) LIMIT 1   [ RunTime:0.0002s ]
SQL: SELECT `menu_name`,`menu_id`,`parentid` FROM `menu` WHERE ( parentid='11' )  [ RunTime:0.0002s ]
SQL: SELECT COUNT(*) AS tp_count FROM `menu` WHERE ( parentid='13' ) LIMIT 1   [ RunTime:0.0002s ]
SQL: SELECT COUNT(*) AS tp_count FROM `menu` WHERE ( parentid='14' ) LIMIT 1   [ RunTime:0.0002s ]
SQL: SELECT COUNT(*) AS tp_count FROM `menu` WHERE ( parentid='17' ) LIMIT 1   [ RunTime:0.0002s ]
SQL: SELECT `menu_name`,`menu_id`,`parentid` FROM `menu` WHERE ( parentid='17' )  [ RunTime:0.0002s ]
SQL: SELECT COUNT(*) AS tp_count FROM `menu` WHERE ( parentid='34' ) LIMIT 1   [ RunTime:0.0002s ]
SQL: SELECT COUNT(*) AS tp_count FROM `menu` WHERE ( parentid='20' ) LIMIT 1   [ RunTime:0.0002s ]
SQL: SELECT COUNT(*) AS tp_count FROM `menu` WHERE ( parentid='12' ) LIMIT 1   [ RunTime:0.0002s ]
SQL: SELECT `menu_name`,`menu_id`,`parentid` FROM `menu` WHERE ( parentid='12' )  [ RunTime:0.0002s ]
SQL: SELECT COUNT(*) AS tp_count FROM `menu` WHERE ( parentid='18' ) LIMIT 1   [ RunTime:0.0002s ]
SQL: SELECT COUNT(*) AS tp_count FROM `menu` WHERE ( parentid='19' ) LIMIT 1   [ RunTime:0.0002s ]
SQL: SELECT COUNT(*) AS tp_count FROM `menu` WHERE ( parentid='22' ) LIMIT 1   [ RunTime:0.0002s ]
SQL: SELECT COUNT(*) AS tp_count FROM `menu` WHERE ( parentid='23' ) LIMIT 1   [ RunTime:0.0002s ]
SQL: SELECT COUNT(*) AS tp_count FROM `menu` WHERE ( parentid='24' ) LIMIT 1   [ RunTime:0.0002s ]
SQL: SELECT COUNT(*) AS tp_count FROM `menu` WHERE ( parentid='29' ) LIMIT 1   [ RunTime:0.0002s ]
SQL: SELECT `menu_name`,`menu_id`,`parentid` FROM `menu` WHERE ( parentid='29' )  [ RunTime:0.0002s ]
SQL: SELECT COUNT(*) AS tp_count FROM `menu` WHERE ( parentid='30' ) LIMIT 1   [ RunTime:0.0002s ]
SQL: SELECT COUNT(*) AS tp_count FROM `menu` WHERE ( parentid='31' ) LIMIT 1   [ RunTime:0.0002s ]
SQL: SELECT `menu_name`,`menu_id`,`parentid` FROM `menu` WHERE ( parentid='31' )  [ RunTime:0.0002s ]
SQL: SELECT COUNT(*) AS tp_count FROM `menu` WHERE ( parentid='32' ) LIMIT 1   [ RunTime:0.0002s ]
SQL: SELECT COUNT(*) AS tp_count FROM `menu` WHERE ( parentid='33' ) LIMIT 1   [ RunTime:0.0002s ]
SQL: SELECT COUNT(*) AS tp_count FROM `menu` WHERE ( parentid='35' ) LIMIT 1   [ RunTime:0.0002s ]
SQL: SELECT `menu_name`,`menu_id`,`parentid` FROM `menu` WHERE ( parentid='35' )  [ RunTime:0.0002s ]
SQL: SELECT COUNT(*) AS tp_count FROM `menu` WHERE ( parentid='36' ) LIMIT 1   [ RunTime:0.0002s ]
SQL: SELECT COUNT(*) AS tp_count FROM `menu` WHERE ( parentid='37' ) LIMIT 1   [ RunTime:0.0003s ]
SQL: SELECT COUNT(*) AS tp_count FROM `menu` WHERE ( parentid='39' ) LIMIT 1   [ RunTime:0.0002s ]
SQL: SELECT COUNT(*) AS tp_count FROM `menu` WHERE ( parentid='41' ) LIMIT 1   [ RunTime:0.0002s ]
SQL: SELECT `menu_name`,`menu_id`,`parentid` FROM `menu` WHERE ( parentid='41' )  [ RunTime:0.0002s ]
SQL: SELECT COUNT(*) AS tp_count FROM `menu` WHERE ( parentid='42' ) LIMIT 1   [ RunTime:0.0002s ]
SQL: SELECT COUNT(*) AS tp_count FROM `menu` WHERE ( parentid='43' ) LIMIT 1   [ RunTime:0.0002s ]
SQL: SELECT `menu_name`,`menu_id`,`parentid` FROM `menu` WHERE ( parentid='43' )  [ RunTime:0.0002s ]
SQL: SELECT COUNT(*) AS tp_count FROM `menu` WHERE ( parentid='44' ) LIMIT 1   [ RunTime:0.0002s ]
SQL: SELECT COUNT(*) AS tp_count FROM `menu` WHERE ( parentid='45' ) LIMIT 1   [ RunTime:0.0002s ]
SQL: SELECT `menu_name`,`menu_id`,`parentid` FROM `menu` WHERE ( parentid='45' )  [ RunTime:0.0002s ]
SQL: SELECT COUNT(*) AS tp_count FROM `menu` WHERE ( parentid='46' ) LIMIT 1   [ RunTime:0.0002s ]
SQL: SELECT COUNT(*) AS tp_count FROM `menu` WHERE ( parentid='47' ) LIMIT 1   [ RunTime:0.0002s ]
SQL: SELECT `menu_name`,`menu_id`,`parentid` FROM `menu` WHERE ( parentid='47' )  [ RunTime:0.0002s ]
SQL: SELECT COUNT(*) AS tp_count FROM `menu` WHERE ( parentid='48' ) LIMIT 1   [ RunTime:0.0002s ]
SQL: SELECT COUNT(*) AS tp_count FROM `menu` WHERE ( parentid='49' ) LIMIT 1   [ RunTime:0.0002s ]

[ 2016-05-17T18:02:39+08:00 ] 124.64.242.106 /yisheng/webframe/index.php/Admin/Role/menuDisInsert
INFO: [ app_begin ] --START--
INFO: Run Behavior\ReadHtmlCacheBehavior [ RunTime:0.000384s ]
INFO: [ app_begin ] --END-- [ RunTime:0.000623s ]
SQL: SHOW COLUMNS FROM `user_account` [ RunTime:0.0007s ]
SQL: SELECT * FROM `user_account` WHERE ( user_identify='b244536f4994b14f55f19e9c7a9ba144' )  [ RunTime:0.0002s ]
SQL: SHOW COLUMNS FROM `role_menu` [ RunTime:0.0005s ]
SQL: SHOW COLUMNS FROM `role_menu` [ RunTime:0.0005s ]
SQL: DELETE FROM `role_menu` WHERE ( role_id='4' ) [ RunTime:0.0051s ]
SQL: INSERT INTO `role_menu` (`role_id`,`menu_id`) VALUES ('4','21') [ RunTime:0.0072s ]
SQL: INSERT INTO `role_menu` (`role_id`,`menu_id`) VALUES ('4','36') [ RunTime:0.0036s ]
SQL: INSERT INTO `role_menu` (`role_id`,`menu_id`) VALUES ('4','46') [ RunTime:0.0036s ]
SQL: INSERT INTO `role_menu` (`role_id`,`menu_id`) VALUES ('4','48') [ RunTime:0.0042s ]
SQL: INSERT INTO `role_menu` (`role_id`,`menu_id`) VALUES ('4','49') [ RunTime:0.0040s ]

[ 2016-05-17T18:02:39+08:00 ] 124.64.242.106 /yisheng/webframe/index.php/Admin/Role/ajaxIndex?limit=15&offset=0&sort=role_id&order=desc&UserName=4
INFO: [ app_begin ] --START--
INFO: Run Behavior\ReadHtmlCacheBehavior [ RunTime:0.000433s ]
INFO: [ app_begin ] --END-- [ RunTime:0.000750s ]
SQL: SHOW COLUMNS FROM `user_account` [ RunTime:0.0009s ]
SQL: SELECT * FROM `user_account` WHERE ( user_identify='b244536f4994b14f55f19e9c7a9ba144' )  [ RunTime:0.0003s ]
SQL: SHOW COLUMNS FROM `role` [ RunTime:0.0006s ]
SQL: SELECT `role_id`,`role_name`,`role_desc` FROM `role` ORDER BY role_id desc LIMIT 0,15   [ RunTime:0.0002s ]
SQL: SELECT COUNT(*) AS tp_count FROM `role` LIMIT 1   [ RunTime:0.0002s ]

[ 2016-05-17T18:03:02+08:00 ] 124.64.242.106 /yisheng/webframe/index.php/Admin/Selectcourse/ajaxIndex?limit=15&offset=0&sort=course.course_id&order=desc&UserName=4
INFO: [ app_begin ] --START--
INFO: Run Behavior\ReadHtmlCacheBehavior [ RunTime:0.000403s ]
INFO: [ app_begin ] --END-- [ RunTime:0.000664s ]
SQL: SHOW COLUMNS FROM `user_account` [ RunTime:0.0008s ]
SQL: SELECT * FROM `user_account` WHERE ( user_identify='885d2a369d8fe9c7ea92c076b226554f' )  [ RunTime:0.0003s ]
SQL: SELECT `user_id` FROM `user_account` WHERE ( user_account_id=18 )  [ RunTime:0.0002s ]
SQL: SHOW COLUMNS FROM `user` [ RunTime:0.0006s ]
SQL: SELECT `org_id` FROM `user` WHERE ( user_id=7 )  [ RunTime:0.0002s ]
SQL: SHOW COLUMNS FROM `course` [ RunTime:0.0007s ]
SQL: SELECT * FROM `course` WHERE ( course_semester=1 and course_rel_status=1 and  course_workshop=9 ) ORDER BY course.course_id desc LIMIT 0,15   [ RunTime:0.0003s ]
SQL: SELECT COUNT(*) AS tp_count FROM `course` WHERE ( course_semester=1 and course_rel_status=1 and  course_workshop=9 ) LIMIT 1   [ RunTime:0.0002s ]

[ 2016-05-17T18:04:11+08:00 ] 124.64.242.106 /yisheng/webframe/index.php/Admin/Useraccount/ajaxIndex?limit=15&offset=0&sort=account.user_account_id&order=desc&UserName=4
INFO: [ app_begin ] --START--
INFO: Run Behavior\ReadHtmlCacheBehavior [ RunTime:0.000394s ]
INFO: [ app_begin ] --END-- [ RunTime:0.000765s ]
SQL: SHOW COLUMNS FROM `user_account` [ RunTime:0.0008s ]
SQL: SELECT * FROM `user_account` WHERE ( user_identify='b244536f4994b14f55f19e9c7a9ba144' )  [ RunTime:0.0003s ]
SQL: SHOW COLUMNS FROM `user` [ RunTime:0.0005s ]
SQL: SELECT user.user_name,account.user_account_id,account.user_account,account.role_id,account.isenable,account.is_admin FROM `user` `user`,`user_account` `account` WHERE ( account.user_id=user.user_id ) ORDER BY account.user_account_id desc  [ RunTime:0.0003s ]
SQL: SHOW COLUMNS FROM `role` [ RunTime:0.0005s ]
SQL: SELECT `role_name` FROM `role` WHERE ( role_id='2' )  [ RunTime:0.0002s ]
SQL: SELECT `role_name` FROM `role` WHERE ( role_id='2' )  [ RunTime:0.0002s ]
SQL: SELECT `role_name` FROM `role` WHERE ( role_id='4' )  [ RunTime:0.0002s ]
SQL: SELECT `role_name` FROM `role` WHERE ( role_id='1' )  [ RunTime:0.0002s ]
SQL: SHOW COLUMNS FROM `user` [ RunTime:0.0006s ]
SQL: SELECT COUNT(*) AS tp_count FROM `user` `user`,`user_account` `account` WHERE ( account.user_id=user.user_id ) LIMIT 1   [ RunTime:0.0002s ]

[ 2016-05-17T18:04:47+08:00 ] 124.64.242.106 /yisheng/webframe/index.php/Admin/Useraccount/insert
INFO: [ app_begin ] --START--
INFO: Run Behavior\ReadHtmlCacheBehavior [ RunTime:0.000438s ]
INFO: [ app_begin ] --END-- [ RunTime:0.000730s ]
SQL: SHOW COLUMNS FROM `user_account` [ RunTime:0.0007s ]
SQL: SELECT * FROM `user_account` WHERE ( user_identify='b244536f4994b14f55f19e9c7a9ba144' )  [ RunTime:0.0002s ]
SQL: SHOW COLUMNS FROM `user_account` [ RunTime:0.0005s ]
SQL: INSERT INTO `user_account` (`user_account`,`user_pwd`,`user_identify`,`user_id`,`role_id`,`isenable`,`is_admin`) VALUES ('yanxu5','123456','f2234d4f60aaa0fe4fec5e0ee3dd43ae','1','5','0','0') [ RunTime:0.0077s ]

[ 2016-05-17T18:04:47+08:00 ] 124.64.242.106 /yisheng/webframe/index.php/Admin/Useraccount/ajaxIndex?limit=15&offset=0&sort=account.user_account_id&order=desc&UserName=4
INFO: [ app_begin ] --START--
INFO: Run Behavior\ReadHtmlCacheBehavior [ RunTime:0.000526s ]
INFO: [ app_begin ] --END-- [ RunTime:0.000777s ]
SQL: SHOW COLUMNS FROM `user_account` [ RunTime:0.0009s ]
SQL: SELECT * FROM `user_account` WHERE ( user_identify='b244536f4994b14f55f19e9c7a9ba144' )  [ RunTime:0.0003s ]
SQL: SHOW COLUMNS FROM `user` [ RunTime:0.0008s ]
SQL: SELECT user.user_name,account.user_account_id,account.user_account,account.role_id,account.isenable,account.is_admin FROM `user` `user`,`user_account` `account` WHERE ( account.user_id=user.user_id ) ORDER BY account.user_account_id desc  [ RunTime:0.0003s ]
SQL: SHOW COLUMNS FROM `role` [ RunTime:0.0005s ]
SQL: SELECT `role_name` FROM `role` WHERE ( role_id='5' )  [ RunTime:0.0002s ]
SQL: SELECT `role_name` FROM `role` WHERE ( role_id='2' )  [ RunTime:0.0002s ]
SQL: SELECT `role_name` FROM `role` WHERE ( role_id='2' )  [ RunTime:0.0002s ]
SQL: SELECT `role_name` FROM `role` WHERE ( role_id='4' )  [ RunTime:0.0002s ]
SQL: SELECT `role_name` FROM `role` WHERE ( role_id='1' )  [ RunTime:0.0002s ]
SQL: SHOW COLUMNS FROM `user` [ RunTime:0.0006s ]
SQL: SELECT COUNT(*) AS tp_count FROM `user` `user`,`user_account` `account` WHERE ( account.user_id=user.user_id ) LIMIT 1   [ RunTime:0.0003s ]

[ 2016-05-17T18:05:24+08:00 ] 124.64.242.106 /yisheng/webframe/index.php/Admin/Role/ajaxIndex?limit=15&offset=0&sort=role_id&order=desc&UserName=4
INFO: [ app_begin ] --START--
INFO: Run Behavior\ReadHtmlCacheBehavior [ RunTime:0.000360s ]
INFO: [ app_begin ] --END-- [ RunTime:0.000604s ]
SQL: SHOW COLUMNS FROM `user_account` [ RunTime:0.0008s ]
SQL: SELECT * FROM `user_account` WHERE ( user_identify='b244536f4994b14f55f19e9c7a9ba144' )  [ RunTime:0.0003s ]
SQL: SHOW COLUMNS FROM `role` [ RunTime:0.0005s ]
SQL: SELECT `role_id`,`role_name`,`role_desc` FROM `role` ORDER BY role_id desc LIMIT 0,15   [ RunTime:0.0002s ]
SQL: SELECT COUNT(*) AS tp_count FROM `role` LIMIT 1   [ RunTime:0.0002s ]

[ 2016-05-17T18:05:31+08:00 ] 124.64.242.106 /yisheng/webframe/index.php/Admin/Role/accessDisInsert
INFO: [ app_begin ] --START--
INFO: Run Behavior\ReadHtmlCacheBehavior [ RunTime:0.000507s ]
INFO: [ app_begin ] --END-- [ RunTime:0.000859s ]
SQL: SHOW COLUMNS FROM `user_account` [ RunTime:0.0009s ]
SQL: SELECT * FROM `user_account` WHERE ( user_identify='b244536f4994b14f55f19e9c7a9ba144' )  [ RunTime:0.0003s ]
SQL: SHOW COLUMNS FROM `role_access` [ RunTime:0.0004s ]
SQL: SHOW COLUMNS FROM `role_access` [ RunTime:0.0006s ]
SQL: DELETE FROM `role_access` WHERE ( role_id='5' ) [ RunTime:0.0004s ]
SQL: INSERT INTO `role_access` (`role_id`,`access_id`) VALUES ('5','30') [ RunTime:0.0057s ]

[ 2016-05-17T18:05:31+08:00 ] 124.64.242.106 /yisheng/webframe/index.php/Admin/Role/ajaxIndex?limit=15&offset=0&sort=role_id&order=desc&UserName=4
INFO: [ app_begin ] --START--
INFO: Run Behavior\ReadHtmlCacheBehavior [ RunTime:0.000360s ]
INFO: [ app_begin ] --END-- [ RunTime:0.000612s ]
SQL: SHOW COLUMNS FROM `user_account` [ RunTime:0.0008s ]
SQL: SELECT * FROM `user_account` WHERE ( user_identify='b244536f4994b14f55f19e9c7a9ba144' )  [ RunTime:0.0002s ]
SQL: SHOW COLUMNS FROM `role` [ RunTime:0.0005s ]
SQL: SELECT `role_id`,`role_name`,`role_desc` FROM `role` ORDER BY role_id desc LIMIT 0,15   [ RunTime:0.0002s ]
SQL: SELECT COUNT(*) AS tp_count FROM `role` LIMIT 1   [ RunTime:0.0002s ]

[ 2016-05-17T18:05:40+08:00 ] 124.64.242.106 /yisheng/webframe/index.php/Admin/Role/getMenuTree?role_id=5
INFO: [ app_begin ] --START--
INFO: Run Behavior\ReadHtmlCacheBehavior [ RunTime:0.000465s ]
INFO: [ app_begin ] --END-- [ RunTime:0.001038s ]
SQL: SHOW COLUMNS FROM `user_account` [ RunTime:0.0008s ]
SQL: SELECT * FROM `user_account` WHERE ( user_identify='b244536f4994b14f55f19e9c7a9ba144' )  [ RunTime:0.0003s ]
SQL: SHOW COLUMNS FROM `menu` [ RunTime:0.0005s ]
SQL: SELECT `menu_name`,`menu_id` FROM `menu` WHERE ( parentid=0 and ishidden=0 )  [ RunTime:0.0003s ]
SQL: SHOW COLUMNS FROM `role_menu` [ RunTime:0.0005s ]
SQL: SELECT * FROM `role_menu` WHERE ( role_id='5' )  [ RunTime:0.0002s ]
SQL: SELECT COUNT(*) AS tp_count FROM `menu` WHERE ( parentid='10' ) LIMIT 1   [ RunTime:0.0002s ]
SQL: SELECT `menu_name`,`menu_id`,`parentid` FROM `menu` WHERE ( parentid='10' )  [ RunTime:0.0002s ]
SQL: SELECT COUNT(*) AS tp_count FROM `menu` WHERE ( parentid='21' ) LIMIT 1   [ RunTime:0.0002s ]
SQL: SELECT COUNT(*) AS tp_count FROM `menu` WHERE ( parentid='27' ) LIMIT 1   [ RunTime:0.0002s ]
SQL: SELECT COUNT(*) AS tp_count FROM `menu` WHERE ( parentid='28' ) LIMIT 1   [ RunTime:0.0002s ]
SQL: SELECT COUNT(*) AS tp_count FROM `menu` WHERE ( parentid='11' ) LIMIT 1   [ RunTime:0.0002s ]
SQL: SELECT `menu_name`,`menu_id`,`parentid` FROM `menu` WHERE ( parentid='11' )  [ RunTime:0.0002s ]
SQL: SELECT COUNT(*) AS tp_count FROM `menu` WHERE ( parentid='13' ) LIMIT 1   [ RunTime:0.0002s ]
SQL: SELECT COUNT(*) AS tp_count FROM `menu` WHERE ( parentid='14' ) LIMIT 1   [ RunTime:0.0002s ]
SQL: SELECT COUNT(*) AS tp_count FROM `menu` WHERE ( parentid='17' ) LIMIT 1   [ RunTime:0.0002s ]
SQL: SELECT `menu_name`,`menu_id`,`parentid` FROM `menu` WHERE ( parentid='17' )  [ RunTime:0.0002s ]
SQL: SELECT COUNT(*) AS tp_count FROM `menu` WHERE ( parentid='34' ) LIMIT 1   [ RunTime:0.0002s ]
SQL: SELECT COUNT(*) AS tp_count FROM `menu` WHERE ( parentid='20' ) LIMIT 1   [ RunTime:0.0002s ]
SQL: SELECT COUNT(*) AS tp_count FROM `menu` WHERE ( parentid='12' ) LIMIT 1   [ RunTime:0.0002s ]
SQL: SELECT `menu_name`,`menu_id`,`parentid` FROM `menu` WHERE ( parentid='12' )  [ RunTime:0.0002s ]
SQL: SELECT COUNT(*) AS tp_count FROM `menu` WHERE ( parentid='18' ) LIMIT 1   [ RunTime:0.0002s ]
SQL: SELECT COUNT(*) AS tp_count FROM `menu` WHERE ( parentid='19' ) LIMIT 1   [ RunTime:0.0002s ]
SQL: SELECT COUNT(*) AS tp_count FROM `menu` WHERE ( parentid='22' ) LIMIT 1   [ RunTime:0.0002s ]
SQL: SELECT COUNT(*) AS tp_count FROM `menu` WHERE ( parentid='23' ) LIMIT 1   [ RunTime:0.0002s ]
SQL: SELECT COUNT(*) AS tp_count FROM `menu` WHERE ( parentid='24' ) LIMIT 1   [ RunTime:0.0002s ]
SQL: SELECT COUNT(*) AS tp_count FROM `menu` WHERE ( parentid='29' ) LIMIT 1   [ RunTime:0.0002s ]
SQL: SELECT `menu_name`,`menu_id`,`parentid` FROM `menu` WHERE ( parentid='29' )  [ RunTime:0.0002s ]
SQL: SELECT COUNT(*) AS tp_count FROM `menu` WHERE ( parentid='30' ) LIMIT 1   [ RunTime:0.0002s ]
SQL: SELECT COUNT(*) AS tp_count FROM `menu` WHERE ( parentid='31' ) LIMIT 1   [ RunTime:0.0002s ]
SQL: SELECT `menu_name`,`menu_id`,`parentid` FROM `menu` WHERE ( parentid='31' )  [ RunTime:0.0002s ]
SQL: SELECT COUNT(*) AS tp_count FROM `menu` WHERE ( parentid='32' ) LIMIT 1   [ RunTime:0.0002s ]
SQL: SELECT COUNT(*) AS tp_count FROM `menu` WHERE ( parentid='33' ) LIMIT 1   [ RunTime:0.0002s ]
SQL: SELECT COUNT(*) AS tp_count FROM `menu` WHERE ( parentid='35' ) LIMIT 1   [ RunTime:0.0002s ]
SQL: SELECT `menu_name`,`menu_id`,`parentid` FROM `menu` WHERE ( parentid='35' )  [ RunTime:0.0002s ]
SQL: SELECT COUNT(*) AS tp_count FROM `menu` WHERE ( parentid='36' ) LIMIT 1   [ RunTime:0.0002s ]
SQL: SELECT COUNT(*) AS tp_count FROM `menu` WHERE ( parentid='37' ) LIMIT 1   [ RunTime:0.0002s ]
SQL: SELECT COUNT(*) AS tp_count FROM `menu` WHERE ( parentid='39' ) LIMIT 1   [ RunTime:0.0002s ]
SQL: SELECT COUNT(*) AS tp_count FROM `menu` WHERE ( parentid='41' ) LIMIT 1   [ RunTime:0.0002s ]
SQL: SELECT `menu_name`,`menu_id`,`parentid` FROM `menu` WHERE ( parentid='41' )  [ RunTime:0.0002s ]
SQL: SELECT COUNT(*) AS tp_count FROM `menu` WHERE ( parentid='42' ) LIMIT 1   [ RunTime:0.0002s ]
SQL: SELECT COUNT(*) AS tp_count FROM `menu` WHERE ( parentid='43' ) LIMIT 1   [ RunTime:0.0002s ]
SQL: SELECT `menu_name`,`menu_id`,`parentid` FROM `menu` WHERE ( parentid='43' )  [ RunTime:0.0002s ]
SQL: SELECT COUNT(*) AS tp_count FROM `menu` WHERE ( parentid='44' ) LIMIT 1   [ RunTime:0.0002s ]
SQL: SELECT COUNT(*) AS tp_count FROM `menu` WHERE ( parentid='45' ) LIMIT 1   [ RunTime:0.0002s ]
SQL: SELECT `menu_name`,`menu_id`,`parentid` FROM `menu` WHERE ( parentid='45' )  [ RunTime:0.0002s ]
SQL: SELECT COUNT(*) AS tp_count FROM `menu` WHERE ( parentid='46' ) LIMIT 1   [ RunTime:0.0002s ]
SQL: SELECT COUNT(*) AS tp_count FROM `menu` WHERE ( parentid='47' ) LIMIT 1   [ RunTime:0.0002s ]
SQL: SELECT `menu_name`,`menu_id`,`parentid` FROM `menu` WHERE ( parentid='47' )  [ RunTime:0.0002s ]
SQL: SELECT COUNT(*) AS tp_count FROM `menu` WHERE ( parentid='48' ) LIMIT 1   [ RunTime:0.0002s ]
SQL: SELECT COUNT(*) AS tp_count FROM `menu` WHERE ( parentid='49' ) LIMIT 1   [ RunTime:0.0002s ]

[ 2016-05-17T18:05:47+08:00 ] 124.64.242.106 /yisheng/webframe/index.php/Admin/Role/menuDisInsert
INFO: [ app_begin ] --START--
INFO: Run Behavior\ReadHtmlCacheBehavior [ RunTime:0.000374s ]
INFO: [ app_begin ] --END-- [ RunTime:0.000625s ]
SQL: SHOW COLUMNS FROM `user_account` [ RunTime:0.0009s ]
SQL: SELECT * FROM `user_account` WHERE ( user_identify='b244536f4994b14f55f19e9c7a9ba144' )  [ RunTime:0.0003s ]
SQL: SHOW COLUMNS FROM `role_menu` [ RunTime:0.0005s ]
SQL: SHOW COLUMNS FROM `role_menu` [ RunTime:0.0005s ]
SQL: DELETE FROM `role_menu` WHERE ( role_id='5' ) [ RunTime:0.0002s ]
SQL: INSERT INTO `role_menu` (`role_id`,`menu_id`) VALUES ('5','49') [ RunTime:0.0066s ]

[ 2016-05-17T18:05:47+08:00 ] 124.64.242.106 /yisheng/webframe/index.php/Admin/Role/ajaxIndex?limit=15&offset=0&sort=role_id&order=desc&UserName=4
INFO: [ app_begin ] --START--
INFO: Run Behavior\ReadHtmlCacheBehavior [ RunTime:0.000441s ]
INFO: [ app_begin ] --END-- [ RunTime:0.000694s ]
SQL: SHOW COLUMNS FROM `user_account` [ RunTime:0.0008s ]
SQL: SELECT * FROM `user_account` WHERE ( user_identify='b244536f4994b14f55f19e9c7a9ba144' )  [ RunTime:0.0003s ]
SQL: SHOW COLUMNS FROM `role` [ RunTime:0.0005s ]
SQL: SELECT `role_id`,`role_name`,`role_desc` FROM `role` ORDER BY role_id desc LIMIT 0,15   [ RunTime:0.0002s ]
SQL: SELECT COUNT(*) AS tp_count FROM `role` LIMIT 1   [ RunTime:0.0002s ]

[ 2016-05-17T18:05:58+08:00 ] 124.64.242.106 /yisheng/webframe/index.php/Admin/Role/ajaxIndex?limit=15&offset=0&sort=role_id&order=desc&UserName=4
INFO: [ app_begin ] --START--
INFO: Run Behavior\ReadHtmlCacheBehavior [ RunTime:0.000607s ]
INFO: [ app_begin ] --END-- [ RunTime:0.000970s ]
SQL: SHOW COLUMNS FROM `user_account` [ RunTime:0.0009s ]
SQL: SELECT * FROM `user_account` WHERE ( user_identify='b244536f4994b14f55f19e9c7a9ba144' )  [ RunTime:0.0003s ]
SQL: SHOW COLUMNS FROM `role` [ RunTime:0.0005s ]
SQL: SELECT `role_id`,`role_name`,`role_desc` FROM `role` ORDER BY role_id desc LIMIT 0,15   [ RunTime:0.0002s ]
SQL: SELECT COUNT(*) AS tp_count FROM `role` LIMIT 1   [ RunTime:0.0002s ]

[ 2016-05-17T18:06:01+08:00 ] 124.64.242.106 /yisheng/webframe/index.php/Admin/Role/getMenuTree?role_id=5
INFO: [ app_begin ] --START--
INFO: Run Behavior\ReadHtmlCacheBehavior [ RunTime:0.000439s ]
INFO: [ app_begin ] --END-- [ RunTime:0.000695s ]
SQL: SHOW COLUMNS FROM `user_account` [ RunTime:0.0009s ]
SQL: SELECT * FROM `user_account` WHERE ( user_identify='b244536f4994b14f55f19e9c7a9ba144' )  [ RunTime:0.0003s ]
SQL: SHOW COLUMNS FROM `menu` [ RunTime:0.0007s ]
SQL: SELECT `menu_name`,`menu_id` FROM `menu` WHERE ( parentid=0 and ishidden=0 )  [ RunTime:0.0003s ]
SQL: SHOW COLUMNS FROM `role_menu` [ RunTime:0.0005s ]
SQL: SELECT * FROM `role_menu` WHERE ( role_id='5' )  [ RunTime:0.0002s ]
SQL: SELECT COUNT(*) AS tp_count FROM `menu` WHERE ( parentid='10' ) LIMIT 1   [ RunTime:0.0003s ]
SQL: SELECT `menu_name`,`menu_id`,`parentid` FROM `menu` WHERE ( parentid='10' )  [ RunTime:0.0002s ]
SQL: SELECT COUNT(*) AS tp_count FROM `menu` WHERE ( parentid='21' ) LIMIT 1   [ RunTime:0.0002s ]
SQL: SELECT COUNT(*) AS tp_count FROM `menu` WHERE ( parentid='27' ) LIMIT 1   [ RunTime:0.0002s ]
SQL: SELECT COUNT(*) AS tp_count FROM `menu` WHERE ( parentid='28' ) LIMIT 1   [ RunTime:0.0002s ]
SQL: SELECT COUNT(*) AS tp_count FROM `menu` WHERE ( parentid='11' ) LIMIT 1   [ RunTime:0.0002s ]
SQL: SELECT `menu_name`,`menu_id`,`parentid` FROM `menu` WHERE ( parentid='11' )  [ RunTime:0.0002s ]
SQL: SELECT COUNT(*) AS tp_count FROM `menu` WHERE ( parentid='13' ) LIMIT 1   [ RunTime:0.0002s ]
SQL: SELECT COUNT(*) AS tp_count FROM `menu` WHERE ( parentid='14' ) LIMIT 1   [ RunTime:0.0002s ]
SQL: SELECT COUNT(*) AS tp_count FROM `menu` WHERE ( parentid='17' ) LIMIT 1   [ RunTime:0.0002s ]
SQL: SELECT `menu_name`,`menu_id`,`parentid` FROM `menu` WHERE ( parentid='17' )  [ RunTime:0.0002s ]
SQL: SELECT COUNT(*) AS tp_count FROM `menu` WHERE ( parentid='34' ) LIMIT 1   [ RunTime:0.0002s ]
SQL: SELECT COUNT(*) AS tp_count FROM `menu` WHERE ( parentid='20' ) LIMIT 1   [ RunTime:0.0002s ]
SQL: SELECT COUNT(*) AS tp_count FROM `menu` WHERE ( parentid='12' ) LIMIT 1   [ RunTime:0.0002s ]
SQL: SELECT `menu_name`,`menu_id`,`parentid` FROM `menu` WHERE ( parentid='12' )  [ RunTime:0.0002s ]
SQL: SELECT COUNT(*) AS tp_count FROM `menu` WHERE ( parentid='18' ) LIMIT 1   [ RunTime:0.0002s ]
SQL: SELECT COUNT(*) AS tp_count FROM `menu` WHERE ( parentid='19' ) LIMIT 1   [ RunTime:0.0003s ]
SQL: SELECT COUNT(*) AS tp_count FROM `menu` WHERE ( parentid='22' ) LIMIT 1   [ RunTime:0.0002s ]
SQL: SELECT COUNT(*) AS tp_count FROM `menu` WHERE ( parentid='23' ) LIMIT 1   [ RunTime:0.0002s ]
SQL: SELECT COUNT(*) AS tp_count FROM `menu` WHERE ( parentid='24' ) LIMIT 1   [ RunTime:0.0002s ]
SQL: SELECT COUNT(*) AS tp_count FROM `menu` WHERE ( parentid='29' ) LIMIT 1   [ RunTime:0.0002s ]
SQL: SELECT `menu_name`,`menu_id`,`parentid` FROM `menu` WHERE ( parentid='29' )  [ RunTime:0.0002s ]
SQL: SELECT COUNT(*) AS tp_count FROM `menu` WHERE ( parentid='30' ) LIMIT 1   [ RunTime:0.0002s ]
SQL: SELECT COUNT(*) AS tp_count FROM `menu` WHERE ( parentid='31' ) LIMIT 1   [ RunTime:0.0002s ]
SQL: SELECT `menu_name`,`menu_id`,`parentid` FROM `menu` WHERE ( parentid='31' )  [ RunTime:0.0002s ]
SQL: SELECT COUNT(*) AS tp_count FROM `menu` WHERE ( parentid='32' ) LIMIT 1   [ RunTime:0.0002s ]
SQL: SELECT COUNT(*) AS tp_count FROM `menu` WHERE ( parentid='33' ) LIMIT 1   [ RunTime:0.0002s ]
SQL: SELECT COUNT(*) AS tp_count FROM `menu` WHERE ( parentid='35' ) LIMIT 1   [ RunTime:0.0002s ]
SQL: SELECT `menu_name`,`menu_id`,`parentid` FROM `menu` WHERE ( parentid='35' )  [ RunTime:0.0002s ]
SQL: SELECT COUNT(*) AS tp_count FROM `menu` WHERE ( parentid='36' ) LIMIT 1   [ RunTime:0.0002s ]
SQL: SELECT COUNT(*) AS tp_count FROM `menu` WHERE ( parentid='37' ) LIMIT 1   [ RunTime:0.0002s ]
SQL: SELECT COUNT(*) AS tp_count FROM `menu` WHERE ( parentid='39' ) LIMIT 1   [ RunTime:0.0002s ]
SQL: SELECT COUNT(*) AS tp_count FROM `menu` WHERE ( parentid='41' ) LIMIT 1   [ RunTime:0.0002s ]
SQL: SELECT `menu_name`,`menu_id`,`parentid` FROM `menu` WHERE ( parentid='41' )  [ RunTime:0.0002s ]
SQL: SELECT COUNT(*) AS tp_count FROM `menu` WHERE ( parentid='42' ) LIMIT 1   [ RunTime:0.0002s ]
SQL: SELECT COUNT(*) AS tp_count FROM `menu` WHERE ( parentid='43' ) LIMIT 1   [ RunTime:0.0002s ]
SQL: SELECT `menu_name`,`menu_id`,`parentid` FROM `menu` WHERE ( parentid='43' )  [ RunTime:0.0002s ]
SQL: SELECT COUNT(*) AS tp_count FROM `menu` WHERE ( parentid='44' ) LIMIT 1   [ RunTime:0.0002s ]
SQL: SELECT COUNT(*) AS tp_count FROM `menu` WHERE ( parentid='45' ) LIMIT 1   [ RunTime:0.0002s ]
SQL: SELECT `menu_name`,`menu_id`,`parentid` FROM `menu` WHERE ( parentid='45' )  [ RunTime:0.0002s ]
SQL: SELECT COUNT(*) AS tp_count FROM `menu` WHERE ( parentid='46' ) LIMIT 1   [ RunTime:0.0003s ]
SQL: SELECT COUNT(*) AS tp_count FROM `menu` WHERE ( parentid='47' ) LIMIT 1   [ RunTime:0.0003s ]
SQL: SELECT `menu_name`,`menu_id`,`parentid` FROM `menu` WHERE ( parentid='47' )  [ RunTime:0.0003s ]
SQL: SELECT COUNT(*) AS tp_count FROM `menu` WHERE ( parentid='48' ) LIMIT 1   [ RunTime:0.0002s ]
SQL: SELECT COUNT(*) AS tp_count FROM `menu` WHERE ( parentid='49' ) LIMIT 1   [ RunTime:0.0005s ]

[ 2016-05-17T18:06:05+08:00 ] 124.64.242.106 /yisheng/webframe/index.php/Admin/Role/ajaxIndex?limit=15&offset=0&sort=role_id&order=desc&UserName=4
INFO: [ app_begin ] --START--
INFO: Run Behavior\ReadHtmlCacheBehavior [ RunTime:0.000347s ]
INFO: [ app_begin ] --END-- [ RunTime:0.000602s ]
SQL: SHOW COLUMNS FROM `user_account` [ RunTime:0.0008s ]
SQL: SELECT * FROM `user_account` WHERE ( user_identify='b244536f4994b14f55f19e9c7a9ba144' )  [ RunTime:0.0003s ]
SQL: SHOW COLUMNS FROM `role` [ RunTime:0.0005s ]
SQL: SELECT `role_id`,`role_name`,`role_desc` FROM `role` ORDER BY role_id desc LIMIT 0,15   [ RunTime:0.0005s ]
SQL: SELECT COUNT(*) AS tp_count FROM `role` LIMIT 1   [ RunTime:0.0003s ]

[ 2016-05-17T18:06:22+08:00 ] 124.64.242.106 /yisheng/webframe/index.php/Admin/Selectcourse/ajaxIndex?limit=15&offset=0&sort=course.course_id&order=desc&UserName=4
INFO: [ app_begin ] --START--
INFO: Run Behavior\ReadHtmlCacheBehavior [ RunTime:0.000355s ]
INFO: [ app_begin ] --END-- [ RunTime:0.000674s ]
SQL: SHOW COLUMNS FROM `user_account` [ RunTime:0.0008s ]
SQL: SELECT * FROM `user_account` WHERE ( user_identify='f2234d4f60aaa0fe4fec5e0ee3dd43ae' )  [ RunTime:0.0003s ]
SQL: SELECT `user_id` FROM `user_account` WHERE ( user_account_id=21 )  [ RunTime:0.0002s ]
SQL: SHOW COLUMNS FROM `user` [ RunTime:0.0005s ]
SQL: SELECT `org_id` FROM `user` WHERE ( user_id=1 )  [ RunTime:0.0002s ]
SQL: SHOW COLUMNS FROM `course` [ RunTime:0.0006s ]
SQL: SELECT * FROM `course` WHERE ( course_semester=1 and course_rel_status=1 and  course_workshop=8 ) ORDER BY course.course_id desc LIMIT 0,15   [ RunTime:0.0003s ]
SQL: SELECT COUNT(*) AS tp_count FROM `course` WHERE ( course_semester=1 and course_rel_status=1 and  course_workshop=8 ) LIMIT 1   [ RunTime:0.0002s ]

[ 2016-05-17T18:06:41+08:00 ] 124.64.242.106 /yisheng/webframe/index.php/Admin/Selectcourse/ajaxIndex?limit=15&offset=0&sort=course.course_id&order=desc&UserName=4
INFO: [ app_begin ] --START--
INFO: Run Behavior\ReadHtmlCacheBehavior [ RunTime:0.000467s ]
INFO: [ app_begin ] --END-- [ RunTime:0.000748s ]
SQL: SHOW COLUMNS FROM `user_account` [ RunTime:0.0008s ]
SQL: SELECT * FROM `user_account` WHERE ( user_identify='b244536f4994b14f55f19e9c7a9ba144' )  [ RunTime:0.0003s ]
SQL: SHOW COLUMNS FROM `course` [ RunTime:0.0007s ]
SQL: SELECT * FROM `course` WHERE ( course_semester=1 and course_rel_status=1 ) ORDER BY course.course_id desc LIMIT 0,15   [ RunTime:0.0003s ]
SQL: SELECT COUNT(*) AS tp_count FROM `course` WHERE ( course_semester=1 and course_rel_status=1 ) LIMIT 1   [ RunTime:0.0002s ]

[ 2016-05-17T18:08:11+08:00 ] 124.64.242.106 /yisheng/webframe/index.php/Admin/Useraccount/ajaxIndex?limit=15&offset=0&sort=account.user_account_id&order=desc&UserName=4
INFO: [ app_begin ] --START--
INFO: Run Behavior\ReadHtmlCacheBehavior [ RunTime:0.000429s ]
INFO: [ app_begin ] --END-- [ RunTime:0.000696s ]
SQL: SHOW COLUMNS FROM `user_account` [ RunTime:0.0008s ]
SQL: SELECT * FROM `user_account` WHERE ( user_identify='b244536f4994b14f55f19e9c7a9ba144' )  [ RunTime:0.0003s ]
SQL: SHOW COLUMNS FROM `user` [ RunTime:0.0006s ]
SQL: SELECT user.user_name,account.user_account_id,account.user_account,account.role_id,account.isenable,account.is_admin FROM `user` `user`,`user_account` `account` WHERE ( account.user_id=user.user_id ) ORDER BY account.user_account_id desc  [ RunTime:0.0003s ]
SQL: SHOW COLUMNS FROM `role` [ RunTime:0.0005s ]
SQL: SELECT `role_name` FROM `role` WHERE ( role_id='5' )  [ RunTime:0.0002s ]
SQL: SELECT `role_name` FROM `role` WHERE ( role_id='2' )  [ RunTime:0.0002s ]
SQL: SELECT `role_name` FROM `role` WHERE ( role_id='2' )  [ RunTime:0.0002s ]
SQL: SELECT `role_name` FROM `role` WHERE ( role_id='4' )  [ RunTime:0.0002s ]
SQL: SELECT `role_name` FROM `role` WHERE ( role_id='1' )  [ RunTime:0.0002s ]
SQL: SHOW COLUMNS FROM `user` [ RunTime:0.0005s ]
SQL: SELECT COUNT(*) AS tp_count FROM `user` `user`,`user_account` `account` WHERE ( account.user_id=user.user_id ) LIMIT 1   [ RunTime:0.0003s ]

[ 2016-05-17T18:08:16+08:00 ] 124.64.242.106 /yisheng/webframe/index.php/Admin/Useraccount/update
INFO: [ app_begin ] --START--
INFO: Run Behavior\ReadHtmlCacheBehavior [ RunTime:0.000448s ]
INFO: [ app_begin ] --END-- [ RunTime:0.000703s ]
SQL: SHOW COLUMNS FROM `user_account` [ RunTime:0.0007s ]
SQL: SELECT * FROM `user_account` WHERE ( user_identify='b244536f4994b14f55f19e9c7a9ba144' )  [ RunTime:0.0005s ]
SQL: SHOW COLUMNS FROM `user_account` [ RunTime:0.0007s ]
SQL: UPDATE `user_account` SET `user_account`='yanxu5',`user_pwd`='123456',`user_identify`='f2234d4f60aaa0fe4fec5e0ee3dd43ae',`user_id`='7',`role_id`='5',`isenable`='0',`is_admin`='0' WHERE ( user_account_id='21' ) [ RunTime:0.0056s ]

[ 2016-05-17T18:08:16+08:00 ] 124.64.242.106 /yisheng/webframe/index.php/Admin/Useraccount/ajaxIndex?limit=15&offset=0&sort=account.user_account_id&order=desc&UserName=4
INFO: [ app_begin ] --START--
INFO: Run Behavior\ReadHtmlCacheBehavior [ RunTime:0.000499s ]
INFO: [ app_begin ] --END-- [ RunTime:0.000901s ]
SQL: SHOW COLUMNS FROM `user_account` [ RunTime:0.0008s ]
SQL: SELECT * FROM `user_account` WHERE ( user_identify='b244536f4994b14f55f19e9c7a9ba144' )  [ RunTime:0.0003s ]
SQL: SHOW COLUMNS FROM `user` [ RunTime:0.0006s ]
SQL: SELECT user.user_name,account.user_account_id,account.user_account,account.role_id,account.isenable,account.is_admin FROM `user` `user`,`user_account` `account` WHERE ( account.user_id=user.user_id ) ORDER BY account.user_account_id desc  [ RunTime:0.0003s ]
SQL: SHOW COLUMNS FROM `role` [ RunTime:0.0005s ]
SQL: SELECT `role_name` FROM `role` WHERE ( role_id='5' )  [ RunTime:0.0002s ]
SQL: SELECT `role_name` FROM `role` WHERE ( role_id='2' )  [ RunTime:0.0002s ]
SQL: SELECT `role_name` FROM `role` WHERE ( role_id='2' )  [ RunTime:0.0002s ]
SQL: SELECT `role_name` FROM `role` WHERE ( role_id='4' )  [ RunTime:0.0002s ]
SQL: SELECT `role_name` FROM `role` WHERE ( role_id='1' )  [ RunTime:0.0002s ]
SQL: SHOW COLUMNS FROM `user` [ RunTime:0.0005s ]
SQL: SELECT COUNT(*) AS tp_count FROM `user` `user`,`user_account` `account` WHERE ( account.user_id=user.user_id ) LIMIT 1   [ RunTime:0.0002s ]

[ 2016-05-17T18:08:21+08:00 ] 124.64.242.106 /yisheng/webframe/index.php/Admin/Selectcourse/ajaxIndex?limit=15&offset=0&sort=course.course_id&order=desc&UserName=4
INFO: [ app_begin ] --START--
INFO: Run Behavior\ReadHtmlCacheBehavior [ RunTime:0.000416s ]
INFO: [ app_begin ] --END-- [ RunTime:0.000696s ]
SQL: SHOW COLUMNS FROM `user_account` [ RunTime:0.0009s ]
SQL: SELECT * FROM `user_account` WHERE ( user_identify='f2234d4f60aaa0fe4fec5e0ee3dd43ae' )  [ RunTime:0.0003s ]
SQL: SELECT `user_id` FROM `user_account` WHERE ( user_account_id=21 )  [ RunTime:0.0002s ]
SQL: SHOW COLUMNS FROM `user` [ RunTime:0.0005s ]
SQL: SELECT `org_id` FROM `user` WHERE ( user_id=7 )  [ RunTime:0.0002s ]
SQL: SHOW COLUMNS FROM `course` [ RunTime:0.0007s ]
SQL: SELECT * FROM `course` WHERE ( course_semester=1 and course_rel_status=1 and  course_workshop=9 ) ORDER BY course.course_id desc LIMIT 0,15   [ RunTime:0.0003s ]
SQL: SELECT COUNT(*) AS tp_count FROM `course` WHERE ( course_semester=1 and course_rel_status=1 and  course_workshop=9 ) LIMIT 1   [ RunTime:0.0002s ]

[ 2016-05-17T18:43:38+08:00 ] 124.64.242.106 /yisheng/webframe/index.php/Admin/Selectcourse/ajaxIndex?limit=15&offset=0&sort=course.course_id&order=desc&UserName=4
INFO: [ app_begin ] --START--
INFO: Run Behavior\ReadHtmlCacheBehavior [ RunTime:0.000370s ]
INFO: [ app_begin ] --END-- [ RunTime:0.000659s ]
SQL: SHOW COLUMNS FROM `user_account` [ RunTime:0.0009s ]
SQL: SELECT * FROM `user_account` WHERE ( user_identify='f2234d4f60aaa0fe4fec5e0ee3dd43ae' )  [ RunTime:0.0003s ]
SQL: SELECT `user_id` FROM `user_account` WHERE ( user_account_id=21 )  [ RunTime:0.0002s ]
SQL: SHOW COLUMNS FROM `user` [ RunTime:0.0005s ]
SQL: SELECT `org_id` FROM `user` WHERE ( user_id=7 )  [ RunTime:0.0002s ]
SQL: SHOW COLUMNS FROM `course` [ RunTime:0.0006s ]
SQL: SELECT * FROM `course` WHERE ( course_semester=1 and course_rel_status=1 and  course_workshop=9 ) ORDER BY course.course_id desc LIMIT 0,15   [ RunTime:0.0003s ]
SQL: SELECT COUNT(*) AS tp_count FROM `course` WHERE ( course_semester=1 and course_rel_status=1 and  course_workshop=9 ) LIMIT 1   [ RunTime:0.0002s ]

[ 2016-05-17T18:44:33+08:00 ] 124.64.242.106 /yisheng/webframe/index.php/Admin/Selectcourse/ajaxIndex?limit=15&offset=0&sort=course.course_id&order=desc&UserName=4
INFO: [ app_begin ] --START--
INFO: Run Behavior\ReadHtmlCacheBehavior [ RunTime:0.000453s ]
INFO: [ app_begin ] --END-- [ RunTime:0.000703s ]
SQL: SHOW COLUMNS FROM `user_account` [ RunTime:0.0009s ]
SQL: SELECT * FROM `user_account` WHERE ( user_identify='f2234d4f60aaa0fe4fec5e0ee3dd43ae' )  [ RunTime:0.0003s ]
SQL: SELECT `user_id` FROM `user_account` WHERE ( user_account_id=21 )  [ RunTime:0.0002s ]
SQL: SHOW COLUMNS FROM `user` [ RunTime:0.0005s ]
SQL: SELECT `org_id` FROM `user` WHERE ( user_id=7 )  [ RunTime:0.0002s ]
SQL: SHOW COLUMNS FROM `course` [ RunTime:0.0006s ]
SQL: SELECT * FROM `course` WHERE ( course_semester=1 and course_rel_status=1 and  course_workshop=9 ) ORDER BY course.course_id desc LIMIT 0,15   [ RunTime:0.0003s ]
SQL: SELECT COUNT(*) AS tp_count FROM `course` WHERE ( course_semester=1 and course_rel_status=1 and  course_workshop=9 ) LIMIT 1   [ RunTime:0.0002s ]

[ 2016-05-17T18:45:01+08:00 ] 124.64.242.106 /yisheng/webframe/index.php/Admin/Selectcourse/ajaxIndex?limit=15&offset=0&sort=course.course_id&order=desc&UserName=4
INFO: [ app_begin ] --START--
INFO: Run Behavior\ReadHtmlCacheBehavior [ RunTime:0.000392s ]
INFO: [ app_begin ] --END-- [ RunTime:0.000632s ]
SQL: SHOW COLUMNS FROM `user_account` [ RunTime:0.0009s ]
SQL: SELECT * FROM `user_account` WHERE ( user_identify='f2234d4f60aaa0fe4fec5e0ee3dd43ae' )  [ RunTime:0.0003s ]
SQL: SELECT `user_id` FROM `user_account` WHERE ( user_account_id=21 )  [ RunTime:0.0002s ]
SQL: SHOW COLUMNS FROM `user` [ RunTime:0.0006s ]
SQL: SELECT `org_id` FROM `user` WHERE ( user_id=7 )  [ RunTime:0.0002s ]
SQL: SHOW COLUMNS FROM `course` [ RunTime:0.0008s ]
SQL: SELECT * FROM `course` WHERE ( course_semester=1 and course_rel_status=1 and  course_workshop=9 ) ORDER BY course.course_id desc LIMIT 0,15   [ RunTime:0.0003s ]
SQL: SELECT COUNT(*) AS tp_count FROM `course` WHERE ( course_semester=1 and course_rel_status=1 and  course_workshop=9 ) LIMIT 1   [ RunTime:0.0002s ]

[ 2016-05-17T18:45:15+08:00 ] 124.64.242.106 /yisheng/webframe/index.php/Admin/Selectcourse/del
INFO: [ app_begin ] --START--
INFO: Run Behavior\ReadHtmlCacheBehavior [ RunTime:0.000358s ]
INFO: [ app_begin ] --END-- [ RunTime:0.000737s ]
SQL: SHOW COLUMNS FROM `user_account` [ RunTime:0.0008s ]
SQL: SELECT * FROM `user_account` WHERE ( user_identify='f2234d4f60aaa0fe4fec5e0ee3dd43ae' )  [ RunTime:0.0003s ]

