[ 2016-04-07T18:21:08+08:00 ] 125.33.56.95 /webframework/webframe/index.php/Admin/Menu/ajaxIndex?limit=15&offset=0&sort=id&order=desc&UserName=4
INFO: [ app_begin ] --START--
INFO: Run Behavior\ReadHtmlCacheBehavior [ RunTime:0.000394s ]
INFO: [ app_begin ] --END-- [ RunTime:0.000652s ]
SQL: SHOW COLUMNS FROM `menu` [ RunTime:0.0007s ]
SQL: SELECT `menu_id`,`menu_name`,`parentid`,`menu_url`,`sort`,`ishidden` FROM `menu` WHERE ( parentid=0 ) ORDER BY sort asc  [ RunTime:0.0003s ]
SQL: SELECT COUNT(*) AS tp_count FROM `menu` LIMIT 1   [ RunTime:0.0002s ]

[ 2016-04-07T18:21:09+08:00 ] 125.33.56.95 /webframework/webframe/index.php/Admin/Cate/getCateTree
INFO: [ app_begin ] --START--
INFO: Run Behavior\ReadHtmlCacheBehavior [ RunTime:0.000336s ]
INFO: [ app_begin ] --END-- [ RunTime:0.000580s ]
SQL: SHOW COLUMNS FROM `category` [ RunTime:0.0007s ]
SQL: SELECT * FROM `category` WHERE ( parentid='0' and ishidden=0 )  [ RunTime:0.0002s ]
SQL: SELECT COUNT(*) AS tp_count FROM `category` WHERE ( parentid="1" and ishidden=0 ) LIMIT 1   [ RunTime:0.0003s ]
SQL: SELECT * FROM `category` WHERE ( parentid='1' and ishidden=0 )  [ RunTime:0.0002s ]
SQL: SELECT COUNT(*) AS tp_count FROM `category` WHERE ( parentid="2" and ishidden=0 ) LIMIT 1   [ RunTime:0.0002s ]
SQL: SELECT COUNT(*) AS tp_count FROM `category` WHERE ( parentid="4" and ishidden=0 ) LIMIT 1   [ RunTime:0.0002s ]
SQL: SELECT * FROM `category` WHERE ( parentid='4' and ishidden=0 )  [ RunTime:0.0002s ]
SQL: SELECT COUNT(*) AS tp_count FROM `category` WHERE ( parentid="7" and ishidden=0 ) LIMIT 1   [ RunTime:0.0002s ]
SQL: SELECT COUNT(*) AS tp_count FROM `category` WHERE ( parentid="8" and ishidden=0 ) LIMIT 1   [ RunTime:0.0002s ]
SQL: SELECT * FROM `category` WHERE ( parentid='8' and ishidden=0 )  [ RunTime:0.0002s ]
SQL: SELECT COUNT(*) AS tp_count FROM `category` WHERE ( parentid="9" and ishidden=0 ) LIMIT 1   [ RunTime:0.0002s ]
SQL: SELECT * FROM `category` WHERE ( parentid='9' and ishidden=0 )  [ RunTime:0.0002s ]
SQL: SELECT COUNT(*) AS tp_count FROM `category` WHERE ( parentid="10" and ishidden=0 ) LIMIT 1   [ RunTime:0.0002s ]
SQL: SELECT COUNT(*) AS tp_count FROM `category` WHERE ( parentid="16" and ishidden=0 ) LIMIT 1   [ RunTime:0.0002s ]
SQL: SELECT * FROM `category` WHERE ( parentid='16' and ishidden=0 )  [ RunTime:0.0002s ]
SQL: SELECT COUNT(*) AS tp_count FROM `category` WHERE ( parentid="18" and ishidden=0 ) LIMIT 1   [ RunTime:0.0002s ]
SQL: SELECT COUNT(*) AS tp_count FROM `category` WHERE ( parentid="17" and ishidden=0 ) LIMIT 1   [ RunTime:0.0002s ]
SQL: SELECT * FROM `category` WHERE ( parentid='17' and ishidden=0 )  [ RunTime:0.0002s ]
SQL: SELECT COUNT(*) AS tp_count FROM `category` WHERE ( parentid="19" and ishidden=0 ) LIMIT 1   [ RunTime:0.0002s ]
SQL: SELECT COUNT(*) AS tp_count FROM `category` WHERE ( parentid="11" and ishidden=0 ) LIMIT 1   [ RunTime:0.0002s ]
SQL: SELECT * FROM `category` WHERE ( parentid='11' and ishidden=0 )  [ RunTime:0.0002s ]
SQL: SELECT COUNT(*) AS tp_count FROM `category` WHERE ( parentid="12" and ishidden=0 ) LIMIT 1   [ RunTime:0.0002s ]
SQL: SELECT COUNT(*) AS tp_count FROM `category` WHERE ( parentid="13" and ishidden=0 ) LIMIT 1   [ RunTime:0.0002s ]
SQL: SELECT COUNT(*) AS tp_count FROM `category` WHERE ( parentid="14" and ishidden=0 ) LIMIT 1   [ RunTime:0.0002s ]
SQL: SELECT COUNT(*) AS tp_count FROM `category` WHERE ( parentid="15" and ishidden=0 ) LIMIT 1   [ RunTime:0.0002s ]

[ 2016-04-07T18:21:11+08:00 ] 125.33.56.95 /webframework/webframe/index.php/Admin/Workflow/ajaxIndex?limit=15&offset=0&sort=workflow_id&order=desc&UserName=4
INFO: [ app_begin ] --START--
INFO: Run Behavior\ReadHtmlCacheBehavior [ RunTime:0.000359s ]
INFO: [ app_begin ] --END-- [ RunTime:0.000649s ]
SQL: SHOW COLUMNS FROM `workflow` [ RunTime:0.0007s ]
SQL: SELECT `workflow_id`,`workflow_name`,`workflow_desc`,`steps` FROM `workflow` ORDER BY workflow_id desc LIMIT 0,15   [ RunTime:0.0002s ]
SQL: SELECT COUNT(*) AS tp_count FROM `workflow` LIMIT 1   [ RunTime:0.0002s ]

[ 2016-04-07T18:21:13+08:00 ] 125.33.56.95 /webframework/webframe/index.php/Admin/Org/getOrgTree
INFO: [ app_begin ] --START--
INFO: Run Behavior\ReadHtmlCacheBehavior [ RunTime:0.000340s ]
INFO: [ app_begin ] --END-- [ RunTime:0.000646s ]
SQL: SHOW COLUMNS FROM `organization` [ RunTime:0.0006s ]
SQL: SELECT * FROM `organization` WHERE ( parentid='0' and ishidden=0 )  [ RunTime:0.0002s ]
SQL: SELECT COUNT(*) AS tp_count FROM `organization` WHERE ( parentid="8" and ishidden=0 ) LIMIT 1   [ RunTime:0.0002s ]
SQL: SELECT * FROM `organization` WHERE ( parentid='8' and ishidden=0 )  [ RunTime:0.0002s ]
SQL: SELECT COUNT(*) AS tp_count FROM `organization` WHERE ( parentid="9" and ishidden=0 ) LIMIT 1   [ RunTime:0.0002s ]
SQL: SELECT COUNT(*) AS tp_count FROM `organization` WHERE ( parentid="10" and ishidden=0 ) LIMIT 1   [ RunTime:0.0002s ]
SQL: SELECT COUNT(*) AS tp_count FROM `organization` WHERE ( parentid="11" and ishidden=0 ) LIMIT 1   [ RunTime:0.0002s ]
SQL: SELECT COUNT(*) AS tp_count FROM `organization` WHERE ( parentid="12" and ishidden=0 ) LIMIT 1   [ RunTime:0.0002s ]

[ 2016-04-07T18:21:15+08:00 ] 125.33.56.95 /webframework/webframe/index.php/Admin/User/ajaxIndex?limit=15&offset=0&sort=user.user_id&order=desc&isAdmin=0&UserName=4
INFO: [ app_begin ] --START--
INFO: Run Behavior\ReadHtmlCacheBehavior [ RunTime:0.000397s ]
INFO: [ app_begin ] --END-- [ RunTime:0.000708s ]
SQL: SHOW COLUMNS FROM `user` [ RunTime:0.0008s ]
SQL: SELECT user.user_id,user.user_name,user.org_id,account.user_account,account.role_id,account.isenable,account.user_account_id FROM `user` `user`,`user_account` `account` WHERE ( account.user_id=user.user_id and account.is_admin='0' ) ORDER BY user.user_id desc  [ RunTime:0.0004s ]
SQL: SHOW COLUMNS FROM `role` [ RunTime:0.0005s ]
SQL: SELECT `role_name` FROM `role` WHERE ( role_id='1' )  [ RunTime:0.0002s ]
SQL: SHOW COLUMNS FROM `organization` [ RunTime:0.0006s ]
SQL: SELECT `org_name` FROM `organization` WHERE ( org_id='8' )  [ RunTime:0.0002s ]
SQL: SELECT `role_name` FROM `role` WHERE ( role_id='4' )  [ RunTime:0.0002s ]
SQL: SELECT `org_name` FROM `organization` WHERE ( org_id='8' )  [ RunTime:0.0002s ]
SQL: SHOW COLUMNS FROM `user` [ RunTime:0.0005s ]
SQL: SELECT COUNT(*) AS tp_count FROM `user` `user`,`user_account` `account` WHERE ( account.user_id=user.user_id and account.is_admin='0' ) LIMIT 1   [ RunTime:0.0003s ]

[ 2016-04-07T18:21:17+08:00 ] 125.33.56.95 /webframework/webframe/index.php/Admin/User/ajaxIndex?limit=15&offset=0&sort=user.user_id&order=desc&isAdmin=1&UserName=4
INFO: [ app_begin ] --START--
INFO: Run Behavior\ReadHtmlCacheBehavior [ RunTime:0.000465s ]
INFO: [ app_begin ] --END-- [ RunTime:0.000723s ]
SQL: SHOW COLUMNS FROM `user` [ RunTime:0.0008s ]
SQL: SELECT user.user_id,user.user_name,user.org_id,account.user_account,account.role_id,account.isenable,account.user_account_id FROM `user` `user`,`user_account` `account` WHERE ( account.user_id=user.user_id and account.is_admin='1' ) ORDER BY user.user_id desc  [ RunTime:0.0004s ]
SQL: SHOW COLUMNS FROM `role` [ RunTime:0.0005s ]
SQL: SELECT `role_name` FROM `role` WHERE ( role_id='2' )  [ RunTime:0.0002s ]
SQL: SHOW COLUMNS FROM `organization` [ RunTime:0.0006s ]
SQL: SELECT `org_name` FROM `organization` WHERE ( org_id='9' )  [ RunTime:0.0002s ]
SQL: SHOW COLUMNS FROM `user` [ RunTime:0.0006s ]
SQL: SELECT COUNT(*) AS tp_count FROM `user` `user`,`user_account` `account` WHERE ( account.user_id=user.user_id and account.is_admin='1' ) LIMIT 1   [ RunTime:0.0002s ]

[ 2016-04-07T18:21:20+08:00 ] 125.33.56.95 /webframework/webframe/index.php/Admin/Role/ajaxIndex?limit=15&offset=0&sort=role_id&order=desc&UserName=4
INFO: [ app_begin ] --START--
INFO: Run Behavior\ReadHtmlCacheBehavior [ RunTime:0.000374s ]
INFO: [ app_begin ] --END-- [ RunTime:0.000674s ]
SQL: SHOW COLUMNS FROM `role` [ RunTime:0.0008s ]
SQL: SELECT `role_id`,`role_name`,`role_desc` FROM `role` ORDER BY role_id desc LIMIT 0,15   [ RunTime:0.0002s ]
SQL: SELECT COUNT(*) AS tp_count FROM `role` LIMIT 1   [ RunTime:0.0002s ]

[ 2016-04-07T18:21:22+08:00 ] 125.33.56.95 /webframework/webframe/index.php/Admin/Useraccount/ajaxIndex?limit=15&offset=0&sort=account.user_account_id&order=desc&UserName=4
INFO: [ app_begin ] --START--
INFO: Run Behavior\ReadHtmlCacheBehavior [ RunTime:0.000560s ]
INFO: [ app_begin ] --END-- [ RunTime:0.000873s ]
SQL: SHOW COLUMNS FROM `user` [ RunTime:0.0009s ]
SQL: SELECT user.user_name,account.user_account_id,account.user_account,account.role_id,account.isenable,account.is_admin FROM `user` `user`,`user_account` `account` WHERE ( account.user_id=user.user_id ) ORDER BY account.user_account_id desc  [ RunTime:0.0005s ]
SQL: SHOW COLUMNS FROM `role` [ RunTime:0.0006s ]
SQL: SELECT `role_name` FROM `role` WHERE ( role_id='4' )  [ RunTime:0.0002s ]
SQL: SELECT `role_name` FROM `role` WHERE ( role_id='2' )  [ RunTime:0.0002s ]
SQL: SELECT `role_name` FROM `role` WHERE ( role_id='1' )  [ RunTime:0.0002s ]
SQL: SHOW COLUMNS FROM `user` [ RunTime:0.0006s ]
SQL: SELECT COUNT(*) AS tp_count FROM `user` `user`,`user_account` `account` WHERE ( account.user_id=user.user_id ) LIMIT 1   [ RunTime:0.0002s ]

[ 2016-04-07T18:21:24+08:00 ] 125.33.56.95 /webframework/webframe/index.php/Admin/Access/ajaxIndex?limit=15&offset=0&sort=account.user_account_id&order=desc&UserName=4
INFO: [ app_begin ] --START--
INFO: Run Behavior\ReadHtmlCacheBehavior [ RunTime:0.000447s ]
INFO: [ app_begin ] --END-- [ RunTime:0.000696s ]
SQL: SHOW COLUMNS FROM `access` [ RunTime:0.0008s ]
SQL: SELECT `access_id`,`access_name`,`access_url`,`remark` FROM `access`  [ RunTime:0.0003s ]
SQL: SELECT COUNT(*) AS tp_count FROM `access` LIMIT 1   [ RunTime:0.0002s ]

[ 2016-04-07T18:21:30+08:00 ] 125.33.56.95 /webframework/webframe/index.php/Admin/News/newsCateAjaxIndex?limit=15&offset=0&sort=news_cate.news_cate_id&order=desc&UserName=4
INFO: [ app_begin ] --START--
INFO: Run Behavior\ReadHtmlCacheBehavior [ RunTime:0.000368s ]
INFO: [ app_begin ] --END-- [ RunTime:0.000643s ]
SQL: SHOW COLUMNS FROM `category` [ RunTime:0.0008s ]
SQL: SELECT cate.cate_name,news_cate.isenable,news_cate.news_cate_id FROM `category` `cate`,`news_category` `news_cate` WHERE ( cate.cate_id=news_cate.cate_id )  [ RunTime:0.0003s ]
SQL: SHOW COLUMNS FROM `category` [ RunTime:0.0005s ]
SQL: SELECT COUNT(*) AS tp_count FROM `category` `cate`,`news_category` `news_cate` WHERE ( cate.cate_id=news_cate.cate_id ) LIMIT 1   [ RunTime:0.0002s ]

[ 2016-04-07T18:21:34+08:00 ] 125.33.56.95 /webframework/webframe/index.php/Admin/Role/ajaxIndex?limit=15&offset=0&sort=role_id&order=desc&UserName=4
INFO: [ app_begin ] --START--
INFO: Run Behavior\ReadHtmlCacheBehavior [ RunTime:0.000369s ]
INFO: [ app_begin ] --END-- [ RunTime:0.000688s ]
SQL: SHOW COLUMNS FROM `role` [ RunTime:0.0008s ]
SQL: SELECT `role_id`,`role_name`,`role_desc` FROM `role` ORDER BY role_id desc LIMIT 0,15   [ RunTime:0.0002s ]
SQL: SELECT COUNT(*) AS tp_count FROM `role` LIMIT 1   [ RunTime:0.0002s ]

