[ 2016-04-08T11:15:32+08:00 ] 125.33.56.95 /webframework/webframe/index.php/Admin/File/uploader
ERR: SQLSTATE[HY000]: General error: 1364 Field 'file_path' doesn't have a default value

[ 2016-04-08T11:17:15+08:00 ] 125.33.56.95 /webframework/webframe/index.php/Admin/File/uploader
ERR: SQLSTATE[HY000]: General error: 1364 Field 'file_path' doesn't have a default value

[ 2016-04-08T11:17:27+08:00 ] 125.33.56.95 /webframework/webframe/index.php/Admin/File/uploader
ERR: SQLSTATE[HY000]: General error: 1364 Field 'file_path' doesn't have a default value

[ 2016-04-08T11:18:42+08:00 ] 125.33.56.95 /webframework/webframe/index.php/Admin/File/uploader
ERR: SQLSTATE[HY000]: General error: 1364 Field 'file_path' doesn't have a default value

[ 2016-04-08T11:20:04+08:00 ] 125.33.56.95 /webframework/webframe/index.php/Admin/File/uploader
ERR: SQLSTATE[HY000]: General error: 1364 Field 'file_path' doesn't have a default value

[ 2016-04-08T11:20:15+08:00 ] 125.33.56.95 /webframework/webframe/index.php/Admin/File/uploader
ERR: SQLSTATE[HY000]: General error: 1364 Field 'file_path' doesn't have a default value

[ 2016-04-08T11:23:34+08:00 ] 125.33.56.95 /webframework/webframe/index.php/Admin/File/uploader
ERR: SQLSTATE[HY000]: General error: 1364 Field 'file_path' doesn't have a default value

[ 2016-04-08T11:24:22+08:00 ] 125.33.56.95 /webframework/webframe/index.php/Admin/File/uploader
ERR: SQLSTATE[HY000]: General error: 1364 Field 'file_path' doesn't have a default value

[ 2016-04-08T11:24:59+08:00 ] 125.33.56.95 /webframework/webframe/index.php/Admin/File/uploader
ERR: SQLSTATE[HY000]: General error: 1364 Field 'file_path' doesn't have a default value

[ 2016-04-08T11:41:55+08:00 ] 125.33.56.95 /webframework/webframe/index.php/Admin/File/uploader
ERR: SQLSTATE[HY000]: General error: 1364 Field 'file_path' doesn't have a default value

[ 2016-04-08T11:43:39+08:00 ] 125.33.56.95 /webframework/webframe/index.php/Admin/File/uploader
ERR: SQLSTATE[22001]: String data, right truncated: 1406 Data too long for column 'file_mime' at row 1

[ 2016-04-08T11:44:27+08:00 ] 125.33.56.95 /webframework/webframe/index.php/Admin/File/uploader
ERR: SQLSTATE[22001]: String data, right truncated: 1406 Data too long for column 'file_mime' at row 1

[ 2016-04-08T11:47:03+08:00 ] 125.33.56.95 /webframework/webframe/index.php/Admin/File/uploader
ERR: SQLSTATE[22001]: String data, right truncated: 1406 Data too long for column 'file_mime' at row 1

[ 2016-04-08T11:48:49+08:00 ] 125.33.56.95 /webframework/webframe/index.php/Admin/File/uploader
ERR: SQLSTATE[22001]: String data, right truncated: 1406 Data too long for column 'file_mime' at row 1

[ 2016-04-08T11:52:47+08:00 ] 125.33.56.95 /webframework/webframe/index.php/Admin/File/uploader
ERR: SQLSTATE[42000]: Syntax error or access violation: 1103 Incorrect table name ''

[ 2016-04-08T13:28:46+08:00 ] 125.33.56.95 /webframework/webframe/index.php/Admin/Useraccount/ajaxIndex?limit=15&offset=0&sort=account.user_account_id&order=desc&UserName=4
INFO: [ app_begin ] --START--
INFO: Run Behavior\ReadHtmlCacheBehavior [ RunTime:0.000436s ]
INFO: [ app_begin ] --END-- [ RunTime:0.000690s ]
SQL: SHOW COLUMNS FROM `user` [ RunTime:0.0330s ]
SQL: SELECT user.user_name,account.user_account_id,account.user_account,account.role_id,account.isenable,account.is_admin FROM `user` `user`,`user_account` `account` WHERE ( account.user_id=user.user_id ) ORDER BY account.user_account_id desc  [ RunTime:0.0004s ]
SQL: SHOW COLUMNS FROM `role` [ RunTime:0.0390s ]
SQL: SELECT `role_name` FROM `role` WHERE ( role_id='4' )  [ RunTime:0.0004s ]
SQL: SELECT `role_name` FROM `role` WHERE ( role_id='2' )  [ RunTime:0.0002s ]
SQL: SELECT `role_name` FROM `role` WHERE ( role_id='1' )  [ RunTime:0.0002s ]
SQL: SHOW COLUMNS FROM `user` [ RunTime:0.0008s ]
SQL: SELECT COUNT(*) AS tp_count FROM `user` `user`,`user_account` `account` WHERE ( account.user_id=user.user_id ) LIMIT 1   [ RunTime:0.0003s ]

[ 2016-04-08T13:28:59+08:00 ] 125.33.56.95 /webframework/webframe/index.php/Admin/Access/ajaxIndex?limit=15&offset=0&sort=account.user_account_id&order=desc&UserName=4
INFO: [ app_begin ] --START--
INFO: Run Behavior\ReadHtmlCacheBehavior [ RunTime:0.000335s ]
INFO: [ app_begin ] --END-- [ RunTime:0.000624s ]
SQL: SHOW COLUMNS FROM `access` [ RunTime:0.0230s ]
SQL: SELECT `access_id`,`access_name`,`access_url`,`remark` FROM `access`  [ RunTime:0.0002s ]
SQL: SELECT COUNT(*) AS tp_count FROM `access` LIMIT 1   [ RunTime:0.0002s ]

[ 2016-04-08T13:29:35+08:00 ] 125.33.56.95 /webframework/webframe/index.php/Admin/Access/insert
INFO: [ app_begin ] --START--
INFO: Run Behavior\ReadHtmlCacheBehavior [ RunTime:0.000403s ]
INFO: [ app_begin ] --END-- [ RunTime:0.000720s ]
SQL: SHOW COLUMNS FROM `access` [ RunTime:0.0006s ]
SQL: SHOW COLUMNS FROM `access` [ RunTime:0.0004s ]
SQL: INSERT INTO `access` (`access_name`,`access_url`,`remark`) VALUES ('附件管理权限','File/index','附件管理权限') [ RunTime:0.0195s ]

[ 2016-04-08T13:29:36+08:00 ] 125.33.56.95 /webframework/webframe/index.php/Admin/Access/ajaxIndex?limit=15&offset=0&sort=account.user_account_id&order=desc&UserName=4
INFO: [ app_begin ] --START--
INFO: Run Behavior\ReadHtmlCacheBehavior [ RunTime:0.000394s ]
INFO: [ app_begin ] --END-- [ RunTime:0.000644s ]
SQL: SHOW COLUMNS FROM `access` [ RunTime:0.0007s ]
SQL: SELECT `access_id`,`access_name`,`access_url`,`remark` FROM `access`  [ RunTime:0.0002s ]
SQL: SELECT COUNT(*) AS tp_count FROM `access` LIMIT 1   [ RunTime:0.0002s ]

[ 2016-04-08T13:29:45+08:00 ] 125.33.56.95 /webframework/webframe/index.php/Admin/File/uploader
ERR: SQLSTATE[42000]: Syntax error or access violation: 1103 Incorrect table name ''

[ 2016-04-08T13:37:36+08:00 ] 125.33.56.95 /webframework/webframe/index.php/Admin/File/uploader
ERR: SQLSTATE[22001]: String data, right truncated: 1406 Data too long for column 'file_mime' at row 1

[ 2016-04-08T13:43:32+08:00 ] 125.33.56.95 /webframework/webframe/index.php/Admin/File/uploader
ERR: SQLSTATE[22001]: String data, right truncated: 1406 Data too long for column 'file_mime' at row 1

[ 2016-04-08T13:51:21+08:00 ] 125.33.56.95 /webframework/webframe/index.php/Admin/File/ajaxIndex?limit=15&offset=0&sort=news.news_id&order=desc&UserName=4
INFO: [ app_begin ] --START--
INFO: Run Behavior\ReadHtmlCacheBehavior [ RunTime:0.000405s ]
INFO: [ app_begin ] --END-- [ RunTime:0.000689s ]
ERR: 非法操作:ajaxIndex

[ 2016-04-08T16:01:33+08:00 ] 125.33.56.95 /webframework/webframe/index.php/Admin/Menu/ajaxIndex?limit=15&offset=0&sort=id&order=desc&UserName=4
INFO: [ app_begin ] --START--
INFO: Run Behavior\ReadHtmlCacheBehavior [ RunTime:0.000501s ]
INFO: [ app_begin ] --END-- [ RunTime:0.000899s ]
SQL: SHOW COLUMNS FROM `menu` [ RunTime:0.0008s ]
SQL: SELECT `menu_id`,`menu_name`,`parentid`,`menu_url`,`sort`,`ishidden` FROM `menu` WHERE ( parentid=0 ) ORDER BY sort asc  [ RunTime:0.0003s ]
SQL: SELECT COUNT(*) AS tp_count FROM `menu` LIMIT 1   [ RunTime:0.0002s ]

[ 2016-04-08T16:47:20+08:00 ] 125.33.56.95 /webframework/webframe/index.php/Admin/News/ajaxIndex?limit=15&offset=0&sort=news.news_id&order=desc&ex_status=&news_org_id=&UserName=4
INFO: [ app_begin ] --START--
INFO: Run Behavior\ReadHtmlCacheBehavior [ RunTime:0.000416s ]
INFO: [ app_begin ] --END-- [ RunTime:0.000745s ]
SQL: SHOW COLUMNS FROM `user_account` [ RunTime:0.0009s ]
SQL: SELECT * FROM `user_account` WHERE ( user_identify='885d2a369d8fe9c7ea92c076b226554f' )  [ RunTime:0.0003s ]
SQL: SHOW COLUMNS FROM `user` [ RunTime:0.0005s ]
SQL: SELECT `org_id` FROM `user` WHERE ( user_id='7' )  [ RunTime:0.0002s ]
SQL: SHOW COLUMNS FROM `organization` [ RunTime:0.0005s ]
SQL: SELECT * FROM `organization` WHERE ( parentid='8' and ishidden=0 )  [ RunTime:0.0002s ]
SQL: SELECT * FROM `organization` WHERE ( parentid='9' and ishidden=0 )  [ RunTime:0.0002s ]
SQL: SELECT * FROM `organization` WHERE ( parentid='10' and ishidden=0 )  [ RunTime:0.0002s ]
SQL: SELECT * FROM `organization` WHERE ( parentid='11' and ishidden=0 )  [ RunTime:0.0002s ]
SQL: SELECT * FROM `organization` WHERE ( parentid='12' and ishidden=0 )  [ RunTime:0.0002s ]
SQL: SHOW COLUMNS FROM `category` [ RunTime:0.0128s ]
SQL: SELECT news.workflow_step,cate.cate_name,news.news_name,news.news_id,news.addtime,news.news_time,org.org_name,news.add_account,news.ex_status,news.re_status FROM `category` `cate`,`news` `news`,`organization` `org` WHERE ( cate.cate_id=news.news_cate_id and news.news_org_id=org.org_id and news.news_org_id in (9,10,11,12,8) ) ORDER BY news.news_id desc  [ RunTime:0.0190s ]
SQL: SHOW COLUMNS FROM `category` [ RunTime:0.0007s ]
SQL: SELECT COUNT(*) AS tp_count FROM `category` `cate`,`news` `news`,`organization` `org` WHERE ( cate.cate_id=news.news_cate_id and news.news_org_id=org.org_id and news.news_org_id in (9,10,11,12,8) ) LIMIT 1   [ RunTime:0.0003s ]
SQL: SELECT `user_id` FROM `user_account` WHERE ( user_account_id='18' )  [ RunTime:0.0002s ]
SQL: SELECT `user_name` FROM `user` WHERE ( user_id='7' )  [ RunTime:0.0002s ]
SQL: SHOW COLUMNS FROM `news_workflow` [ RunTime:0.0257s ]
SQL: SELECT `workflow_id` FROM `news_workflow` WHERE ( isenable=0 )  [ RunTime:0.0003s ]
SQL: SHOW COLUMNS FROM `workflow` [ RunTime:0.0164s ]
SQL: SELECT `steps` FROM `workflow` WHERE ( workflow_id='4' )  [ RunTime:0.0003s ]
SQL: SHOW COLUMNS FROM `workflowstep` [ RunTime:0.0091s ]
SQL: SELECT `step_now` FROM `workflowstep` WHERE ( workflow_id='4' and role_id='4' )  [ RunTime:0.0002s ]
SQL: SELECT `user_id` FROM `user_account` WHERE ( user_account_id='14' )  [ RunTime:0.0004s ]
SQL: SELECT `user_name` FROM `user` WHERE ( user_id='1' )  [ RunTime:0.0001s ]
NOTIC: [8] Undefined offset: 0 /var/www/html/webframework/webframe/Admin/Controller/NewsController.class.php 第 521 行.
SQL: SELECT `workflow_id` FROM `news_workflow` WHERE ( isenable=0 )  [ RunTime:0.0002s ]
SQL: SELECT `steps` FROM `workflow` WHERE ( workflow_id='4' )  [ RunTime:0.0002s ]
SQL: SELECT `step_now` FROM `workflowstep` WHERE ( workflow_id='4' and role_id='4' )  [ RunTime:0.0002s ]
SQL: SELECT `user_id` FROM `user_account` WHERE ( user_account_id='18' )  [ RunTime:0.0002s ]
SQL: SELECT `user_name` FROM `user` WHERE ( user_id='7' )  [ RunTime:0.0002s ]
SQL: SELECT `workflow_id` FROM `news_workflow` WHERE ( isenable=0 )  [ RunTime:0.0001s ]
SQL: SELECT `steps` FROM `workflow` WHERE ( workflow_id='4' )  [ RunTime:0.0002s ]
SQL: SELECT `step_now` FROM `workflowstep` WHERE ( workflow_id='4' and role_id='4' )  [ RunTime:0.0002s ]
SQL: SELECT `user_id` FROM `user_account` WHERE ( user_account_id='14' )  [ RunTime:0.0001s ]
SQL: SELECT `user_name` FROM `user` WHERE ( user_id='1' )  [ RunTime:0.0001s ]
NOTIC: [8] Undefined offset: 0 /var/www/html/webframework/webframe/Admin/Controller/NewsController.class.php 第 521 行.
SQL: SELECT `workflow_id` FROM `news_workflow` WHERE ( isenable=0 )  [ RunTime:0.0001s ]
SQL: SELECT `steps` FROM `workflow` WHERE ( workflow_id='4' )  [ RunTime:0.0001s ]
SQL: SELECT `step_now` FROM `workflowstep` WHERE ( workflow_id='4' and role_id='4' )  [ RunTime:0.0002s ]
SQL: SELECT `user_id` FROM `user_account` WHERE ( user_account_id='14' )  [ RunTime:0.0001s ]
SQL: SELECT `user_name` FROM `user` WHERE ( user_id='1' )  [ RunTime:0.0002s ]
NOTIC: [8] Undefined offset: 0 /var/www/html/webframework/webframe/Admin/Controller/NewsController.class.php 第 521 行.
SQL: SELECT `workflow_id` FROM `news_workflow` WHERE ( isenable=0 )  [ RunTime:0.0001s ]
SQL: SELECT `steps` FROM `workflow` WHERE ( workflow_id='4' )  [ RunTime:0.0001s ]
SQL: SELECT `step_now` FROM `workflowstep` WHERE ( workflow_id='4' and role_id='4' )  [ RunTime:0.0002s ]

[ 2016-04-08T16:47:25+08:00 ] 125.33.56.95 /webframework/webframe/index.php/Admin/News/ajaxIndex?limit=15&offset=0&sort=news.news_id&order=desc&ex_status=&news_org_id=&UserName=4
INFO: [ app_begin ] --START--
INFO: Run Behavior\ReadHtmlCacheBehavior [ RunTime:0.000696s ]
INFO: [ app_begin ] --END-- [ RunTime:0.000983s ]
SQL: SHOW COLUMNS FROM `user_account` [ RunTime:0.0008s ]
SQL: SELECT * FROM `user_account` WHERE ( user_identify='885d2a369d8fe9c7ea92c076b226554f' )  [ RunTime:0.0003s ]
SQL: SHOW COLUMNS FROM `user` [ RunTime:0.0006s ]
SQL: SELECT `org_id` FROM `user` WHERE ( user_id='7' )  [ RunTime:0.0002s ]
SQL: SHOW COLUMNS FROM `organization` [ RunTime:0.0005s ]
SQL: SELECT * FROM `organization` WHERE ( parentid='8' and ishidden=0 )  [ RunTime:0.0002s ]
SQL: SELECT * FROM `organization` WHERE ( parentid='9' and ishidden=0 )  [ RunTime:0.0002s ]
SQL: SELECT * FROM `organization` WHERE ( parentid='10' and ishidden=0 )  [ RunTime:0.0002s ]
SQL: SELECT * FROM `organization` WHERE ( parentid='11' and ishidden=0 )  [ RunTime:0.0002s ]
SQL: SELECT * FROM `organization` WHERE ( parentid='12' and ishidden=0 )  [ RunTime:0.0002s ]
SQL: SHOW COLUMNS FROM `category` [ RunTime:0.0005s ]
SQL: SELECT news.workflow_step,cate.cate_name,news.news_name,news.news_id,news.addtime,news.news_time,org.org_name,news.add_account,news.ex_status,news.re_status FROM `category` `cate`,`news` `news`,`organization` `org` WHERE ( cate.cate_id=news.news_cate_id and news.news_org_id=org.org_id and news.news_org_id in (9,10,11,12,8) ) ORDER BY news.news_id desc  [ RunTime:0.0004s ]
SQL: SHOW COLUMNS FROM `category` [ RunTime:0.0005s ]
SQL: SELECT COUNT(*) AS tp_count FROM `category` `cate`,`news` `news`,`organization` `org` WHERE ( cate.cate_id=news.news_cate_id and news.news_org_id=org.org_id and news.news_org_id in (9,10,11,12,8) ) LIMIT 1   [ RunTime:0.0003s ]
SQL: SELECT `user_id` FROM `user_account` WHERE ( user_account_id='18' )  [ RunTime:0.0002s ]
SQL: SELECT `user_name` FROM `user` WHERE ( user_id='7' )  [ RunTime:0.0002s ]
SQL: SHOW COLUMNS FROM `news_workflow` [ RunTime:0.0005s ]
SQL: SELECT `workflow_id` FROM `news_workflow` WHERE ( isenable=0 )  [ RunTime:0.0002s ]
SQL: SHOW COLUMNS FROM `workflow` [ RunTime:0.0005s ]
SQL: SELECT `steps` FROM `workflow` WHERE ( workflow_id='4' )  [ RunTime:0.0002s ]
SQL: SHOW COLUMNS FROM `workflowstep` [ RunTime:0.0005s ]
SQL: SELECT `step_now` FROM `workflowstep` WHERE ( workflow_id='4' and role_id='4' )  [ RunTime:0.0002s ]
SQL: SELECT `user_id` FROM `user_account` WHERE ( user_account_id='14' )  [ RunTime:0.0002s ]
SQL: SELECT `user_name` FROM `user` WHERE ( user_id='1' )  [ RunTime:0.0002s ]
NOTIC: [8] Undefined offset: 0 /var/www/html/webframework/webframe/Admin/Controller/NewsController.class.php 第 521 行.
SQL: SELECT `workflow_id` FROM `news_workflow` WHERE ( isenable=0 )  [ RunTime:0.0002s ]
SQL: SELECT `steps` FROM `workflow` WHERE ( workflow_id='4' )  [ RunTime:0.0002s ]
SQL: SELECT `step_now` FROM `workflowstep` WHERE ( workflow_id='4' and role_id='4' )  [ RunTime:0.0002s ]
SQL: SELECT `user_id` FROM `user_account` WHERE ( user_account_id='18' )  [ RunTime:0.0002s ]
SQL: SELECT `user_name` FROM `user` WHERE ( user_id='7' )  [ RunTime:0.0002s ]
SQL: SELECT `workflow_id` FROM `news_workflow` WHERE ( isenable=0 )  [ RunTime:0.0002s ]
SQL: SELECT `steps` FROM `workflow` WHERE ( workflow_id='4' )  [ RunTime:0.0002s ]
SQL: SELECT `step_now` FROM `workflowstep` WHERE ( workflow_id='4' and role_id='4' )  [ RunTime:0.0002s ]
SQL: SELECT `user_id` FROM `user_account` WHERE ( user_account_id='14' )  [ RunTime:0.0002s ]
SQL: SELECT `user_name` FROM `user` WHERE ( user_id='1' )  [ RunTime:0.0002s ]
NOTIC: [8] Undefined offset: 0 /var/www/html/webframework/webframe/Admin/Controller/NewsController.class.php 第 521 行.
SQL: SELECT `workflow_id` FROM `news_workflow` WHERE ( isenable=0 )  [ RunTime:0.0002s ]
SQL: SELECT `steps` FROM `workflow` WHERE ( workflow_id='4' )  [ RunTime:0.0002s ]
SQL: SELECT `step_now` FROM `workflowstep` WHERE ( workflow_id='4' and role_id='4' )  [ RunTime:0.0002s ]
SQL: SELECT `user_id` FROM `user_account` WHERE ( user_account_id='14' )  [ RunTime:0.0002s ]
SQL: SELECT `user_name` FROM `user` WHERE ( user_id='1' )  [ RunTime:0.0001s ]
NOTIC: [8] Undefined offset: 0 /var/www/html/webframework/webframe/Admin/Controller/NewsController.class.php 第 521 行.
SQL: SELECT `workflow_id` FROM `news_workflow` WHERE ( isenable=0 )  [ RunTime:0.0002s ]
SQL: SELECT `steps` FROM `workflow` WHERE ( workflow_id='4' )  [ RunTime:0.0002s ]
SQL: SELECT `step_now` FROM `workflowstep` WHERE ( workflow_id='4' and role_id='4' )  [ RunTime:0.0002s ]

[ 2016-04-08T16:47:28+08:00 ] 125.33.56.95 /webframework/webframe/index.php/Admin/News/ajaxIndex?limit=15&offset=0&sort=news.news_id&order=desc&ex_status=&news_org_id=9&UserName=4
INFO: [ app_begin ] --START--
INFO: Run Behavior\ReadHtmlCacheBehavior [ RunTime:0.000377s ]
INFO: [ app_begin ] --END-- [ RunTime:0.000634s ]
SQL: SHOW COLUMNS FROM `user_account` [ RunTime:0.0008s ]
SQL: SELECT * FROM `user_account` WHERE ( user_identify='885d2a369d8fe9c7ea92c076b226554f' )  [ RunTime:0.0003s ]
SQL: SHOW COLUMNS FROM `user` [ RunTime:0.0005s ]
SQL: SELECT `org_id` FROM `user` WHERE ( user_id='7' )  [ RunTime:0.0002s ]
SQL: SHOW COLUMNS FROM `organization` [ RunTime:0.0005s ]
SQL: SELECT * FROM `organization` WHERE ( parentid='8' and ishidden=0 )  [ RunTime:0.0002s ]
SQL: SELECT * FROM `organization` WHERE ( parentid='9' and ishidden=0 )  [ RunTime:0.0002s ]
SQL: SELECT * FROM `organization` WHERE ( parentid='10' and ishidden=0 )  [ RunTime:0.0002s ]
SQL: SELECT * FROM `organization` WHERE ( parentid='11' and ishidden=0 )  [ RunTime:0.0002s ]
SQL: SELECT * FROM `organization` WHERE ( parentid='12' and ishidden=0 )  [ RunTime:0.0002s ]
SQL: SHOW COLUMNS FROM `category` [ RunTime:0.0005s ]
SQL: SELECT news.workflow_step,cate.cate_name,news.news_name,news.news_id,news.addtime,news.news_time,org.org_name,news.add_account,news.ex_status,news.re_status FROM `category` `cate`,`news` `news`,`organization` `org` WHERE ( cate.cate_id=news.news_cate_id and news.news_org_id=org.org_id and news.news_org_id in (9,10,11,12,8) ) ORDER BY news.news_id desc  [ RunTime:0.0005s ]
SQL: SHOW COLUMNS FROM `category` [ RunTime:0.0005s ]
SQL: SELECT COUNT(*) AS tp_count FROM `category` `cate`,`news` `news`,`organization` `org` WHERE ( cate.cate_id=news.news_cate_id and news.news_org_id=org.org_id and news.news_org_id in (9,10,11,12,8) ) LIMIT 1   [ RunTime:0.0003s ]
SQL: SELECT `user_id` FROM `user_account` WHERE ( user_account_id='18' )  [ RunTime:0.0004s ]
SQL: SELECT `user_name` FROM `user` WHERE ( user_id='7' )  [ RunTime:0.0002s ]
SQL: SHOW COLUMNS FROM `news_workflow` [ RunTime:0.0006s ]
SQL: SELECT `workflow_id` FROM `news_workflow` WHERE ( isenable=0 )  [ RunTime:0.0002s ]
SQL: SHOW COLUMNS FROM `workflow` [ RunTime:0.0005s ]
SQL: SELECT `steps` FROM `workflow` WHERE ( workflow_id='4' )  [ RunTime:0.0002s ]
SQL: SHOW COLUMNS FROM `workflowstep` [ RunTime:0.0004s ]
SQL: SELECT `step_now` FROM `workflowstep` WHERE ( workflow_id='4' and role_id='4' )  [ RunTime:0.0002s ]
SQL: SELECT `user_id` FROM `user_account` WHERE ( user_account_id='14' )  [ RunTime:0.0002s ]
SQL: SELECT `user_name` FROM `user` WHERE ( user_id='1' )  [ RunTime:0.0003s ]
NOTIC: [8] Undefined offset: 0 /var/www/html/webframework/webframe/Admin/Controller/NewsController.class.php 第 521 行.
SQL: SELECT `workflow_id` FROM `news_workflow` WHERE ( isenable=0 )  [ RunTime:0.0002s ]
SQL: SELECT `steps` FROM `workflow` WHERE ( workflow_id='4' )  [ RunTime:0.0002s ]
SQL: SELECT `step_now` FROM `workflowstep` WHERE ( workflow_id='4' and role_id='4' )  [ RunTime:0.0002s ]
SQL: SELECT `user_id` FROM `user_account` WHERE ( user_account_id='18' )  [ RunTime:0.0002s ]
SQL: SELECT `user_name` FROM `user` WHERE ( user_id='7' )  [ RunTime:0.0002s ]
SQL: SELECT `workflow_id` FROM `news_workflow` WHERE ( isenable=0 )  [ RunTime:0.0002s ]
SQL: SELECT `steps` FROM `workflow` WHERE ( workflow_id='4' )  [ RunTime:0.0002s ]
SQL: SELECT `step_now` FROM `workflowstep` WHERE ( workflow_id='4' and role_id='4' )  [ RunTime:0.0002s ]
SQL: SELECT `user_id` FROM `user_account` WHERE ( user_account_id='14' )  [ RunTime:0.0002s ]
SQL: SELECT `user_name` FROM `user` WHERE ( user_id='1' )  [ RunTime:0.0002s ]
NOTIC: [8] Undefined offset: 0 /var/www/html/webframework/webframe/Admin/Controller/NewsController.class.php 第 521 行.
SQL: SELECT `workflow_id` FROM `news_workflow` WHERE ( isenable=0 )  [ RunTime:0.0002s ]
SQL: SELECT `steps` FROM `workflow` WHERE ( workflow_id='4' )  [ RunTime:0.0002s ]
SQL: SELECT `step_now` FROM `workflowstep` WHERE ( workflow_id='4' and role_id='4' )  [ RunTime:0.0003s ]
SQL: SELECT `user_id` FROM `user_account` WHERE ( user_account_id='14' )  [ RunTime:0.0002s ]
SQL: SELECT `user_name` FROM `user` WHERE ( user_id='1' )  [ RunTime:0.0001s ]
NOTIC: [8] Undefined offset: 0 /var/www/html/webframework/webframe/Admin/Controller/NewsController.class.php 第 521 行.
SQL: SELECT `workflow_id` FROM `news_workflow` WHERE ( isenable=0 )  [ RunTime:0.0002s ]
SQL: SELECT `steps` FROM `workflow` WHERE ( workflow_id='4' )  [ RunTime:0.0002s ]
SQL: SELECT `step_now` FROM `workflowstep` WHERE ( workflow_id='4' and role_id='4' )  [ RunTime:0.0002s ]

[ 2016-04-08T16:47:30+08:00 ] 125.33.56.95 /webframework/webframe/index.php/Admin/News/ajaxIndex?limit=15&offset=0&sort=news.news_id&order=desc&ex_status=&news_org_id=&UserName=4
INFO: [ app_begin ] --START--
INFO: Run Behavior\ReadHtmlCacheBehavior [ RunTime:0.000427s ]
INFO: [ app_begin ] --END-- [ RunTime:0.000742s ]
SQL: SHOW COLUMNS FROM `user_account` [ RunTime:0.0008s ]
SQL: SELECT * FROM `user_account` WHERE ( user_identify='885d2a369d8fe9c7ea92c076b226554f' )  [ RunTime:0.0003s ]
SQL: SHOW COLUMNS FROM `user` [ RunTime:0.0007s ]
SQL: SELECT `org_id` FROM `user` WHERE ( user_id='7' )  [ RunTime:0.0002s ]
SQL: SHOW COLUMNS FROM `organization` [ RunTime:0.0005s ]
SQL: SELECT * FROM `organization` WHERE ( parentid='8' and ishidden=0 )  [ RunTime:0.0002s ]
SQL: SELECT * FROM `organization` WHERE ( parentid='9' and ishidden=0 )  [ RunTime:0.0002s ]
SQL: SELECT * FROM `organization` WHERE ( parentid='10' and ishidden=0 )  [ RunTime:0.0002s ]
SQL: SELECT * FROM `organization` WHERE ( parentid='11' and ishidden=0 )  [ RunTime:0.0002s ]
SQL: SELECT * FROM `organization` WHERE ( parentid='12' and ishidden=0 )  [ RunTime:0.0002s ]
SQL: SHOW COLUMNS FROM `category` [ RunTime:0.0005s ]
SQL: SELECT news.workflow_step,cate.cate_name,news.news_name,news.news_id,news.addtime,news.news_time,org.org_name,news.add_account,news.ex_status,news.re_status FROM `category` `cate`,`news` `news`,`organization` `org` WHERE ( cate.cate_id=news.news_cate_id and news.news_org_id=org.org_id and news.news_org_id in (9,10,11,12,8) ) ORDER BY news.news_id desc  [ RunTime:0.0005s ]
SQL: SHOW COLUMNS FROM `category` [ RunTime:0.0004s ]
SQL: SELECT COUNT(*) AS tp_count FROM `category` `cate`,`news` `news`,`organization` `org` WHERE ( cate.cate_id=news.news_cate_id and news.news_org_id=org.org_id and news.news_org_id in (9,10,11,12,8) ) LIMIT 1   [ RunTime:0.0003s ]
SQL: SELECT `user_id` FROM `user_account` WHERE ( user_account_id='18' )  [ RunTime:0.0002s ]
SQL: SELECT `user_name` FROM `user` WHERE ( user_id='7' )  [ RunTime:0.0002s ]
SQL: SHOW COLUMNS FROM `news_workflow` [ RunTime:0.0004s ]
SQL: SELECT `workflow_id` FROM `news_workflow` WHERE ( isenable=0 )  [ RunTime:0.0002s ]
SQL: SHOW COLUMNS FROM `workflow` [ RunTime:0.0005s ]
SQL: SELECT `steps` FROM `workflow` WHERE ( workflow_id='4' )  [ RunTime:0.0002s ]
SQL: SHOW COLUMNS FROM `workflowstep` [ RunTime:0.0005s ]
SQL: SELECT `step_now` FROM `workflowstep` WHERE ( workflow_id='4' and role_id='4' )  [ RunTime:0.0002s ]
SQL: SELECT `user_id` FROM `user_account` WHERE ( user_account_id='14' )  [ RunTime:0.0002s ]
SQL: SELECT `user_name` FROM `user` WHERE ( user_id='1' )  [ RunTime:0.0002s ]
NOTIC: [8] Undefined offset: 0 /var/www/html/webframework/webframe/Admin/Controller/NewsController.class.php 第 521 行.
SQL: SELECT `workflow_id` FROM `news_workflow` WHERE ( isenable=0 )  [ RunTime:0.0002s ]
SQL: SELECT `steps` FROM `workflow` WHERE ( workflow_id='4' )  [ RunTime:0.0002s ]
SQL: SELECT `step_now` FROM `workflowstep` WHERE ( workflow_id='4' and role_id='4' )  [ RunTime:0.0002s ]
SQL: SELECT `user_id` FROM `user_account` WHERE ( user_account_id='18' )  [ RunTime:0.0002s ]
SQL: SELECT `user_name` FROM `user` WHERE ( user_id='7' )  [ RunTime:0.0002s ]
SQL: SELECT `workflow_id` FROM `news_workflow` WHERE ( isenable=0 )  [ RunTime:0.0002s ]
SQL: SELECT `steps` FROM `workflow` WHERE ( workflow_id='4' )  [ RunTime:0.0002s ]
SQL: SELECT `step_now` FROM `workflowstep` WHERE ( workflow_id='4' and role_id='4' )  [ RunTime:0.0002s ]
SQL: SELECT `user_id` FROM `user_account` WHERE ( user_account_id='14' )  [ RunTime:0.0002s ]
SQL: SELECT `user_name` FROM `user` WHERE ( user_id='1' )  [ RunTime:0.0002s ]
NOTIC: [8] Undefined offset: 0 /var/www/html/webframework/webframe/Admin/Controller/NewsController.class.php 第 521 行.
SQL: SELECT `workflow_id` FROM `news_workflow` WHERE ( isenable=0 )  [ RunTime:0.0002s ]
SQL: SELECT `steps` FROM `workflow` WHERE ( workflow_id='4' )  [ RunTime:0.0002s ]
SQL: SELECT `step_now` FROM `workflowstep` WHERE ( workflow_id='4' and role_id='4' )  [ RunTime:0.0002s ]
SQL: SELECT `user_id` FROM `user_account` WHERE ( user_account_id='14' )  [ RunTime:0.0002s ]
SQL: SELECT `user_name` FROM `user` WHERE ( user_id='1' )  [ RunTime:0.0002s ]
NOTIC: [8] Undefined offset: 0 /var/www/html/webframework/webframe/Admin/Controller/NewsController.class.php 第 521 行.
SQL: SELECT `workflow_id` FROM `news_workflow` WHERE ( isenable=0 )  [ RunTime:0.0002s ]
SQL: SELECT `steps` FROM `workflow` WHERE ( workflow_id='4' )  [ RunTime:0.0002s ]
SQL: SELECT `step_now` FROM `workflowstep` WHERE ( workflow_id='4' and role_id='4' )  [ RunTime:0.0002s ]

[ 2016-04-08T16:47:48+08:00 ] 125.33.56.95 /webframework/webframe/index.php/Admin/News/ajaxIndex?limit=15&offset=0&sort=news.news_id&order=desc&ex_status=&news_org_id=&UserName=4
INFO: [ app_begin ] --START--
INFO: Run Behavior\ReadHtmlCacheBehavior [ RunTime:0.000421s ]
INFO: [ app_begin ] --END-- [ RunTime:0.000703s ]
SQL: SHOW COLUMNS FROM `user_account` [ RunTime:0.0008s ]
SQL: SELECT * FROM `user_account` WHERE ( user_identify='885d2a369d8fe9c7ea92c076b226554f' )  [ RunTime:0.0003s ]
SQL: SHOW COLUMNS FROM `user` [ RunTime:0.0005s ]
SQL: SELECT `org_id` FROM `user` WHERE ( user_id='7' )  [ RunTime:0.0002s ]
SQL: SHOW COLUMNS FROM `organization` [ RunTime:0.0004s ]
SQL: SELECT * FROM `organization` WHERE ( parentid='8' and ishidden=0 )  [ RunTime:0.0002s ]
SQL: SELECT * FROM `organization` WHERE ( parentid='9' and ishidden=0 )  [ RunTime:0.0002s ]
SQL: SELECT * FROM `organization` WHERE ( parentid='10' and ishidden=0 )  [ RunTime:0.0002s ]
SQL: SELECT * FROM `organization` WHERE ( parentid='11' and ishidden=0 )  [ RunTime:0.0002s ]
SQL: SELECT * FROM `organization` WHERE ( parentid='12' and ishidden=0 )  [ RunTime:0.0002s ]
SQL: SHOW COLUMNS FROM `category` [ RunTime:0.0005s ]
SQL: SELECT news.workflow_step,cate.cate_name,news.news_name,news.news_id,news.addtime,news.news_time,org.org_name,news.add_account,news.ex_status,news.re_status FROM `category` `cate`,`news` `news`,`organization` `org` WHERE ( cate.cate_id=news.news_cate_id and news.news_org_id=org.org_id and news.news_org_id in (9,10,11,12,8) ) ORDER BY news.news_id desc  [ RunTime:0.0004s ]
SQL: SHOW COLUMNS FROM `category` [ RunTime:0.0005s ]
SQL: SELECT COUNT(*) AS tp_count FROM `category` `cate`,`news` `news`,`organization` `org` WHERE ( cate.cate_id=news.news_cate_id and news.news_org_id=org.org_id and news.news_org_id in (9,10,11,12,8) ) LIMIT 1   [ RunTime:0.0002s ]
SQL: SELECT `user_id` FROM `user_account` WHERE ( user_account_id='18' )  [ RunTime:0.0002s ]
SQL: SELECT `user_name` FROM `user` WHERE ( user_id='7' )  [ RunTime:0.0002s ]
SQL: SHOW COLUMNS FROM `news_workflow` [ RunTime:0.0004s ]
SQL: SELECT `workflow_id` FROM `news_workflow` WHERE ( isenable=0 )  [ RunTime:0.0002s ]
SQL: SHOW COLUMNS FROM `workflow` [ RunTime:0.0005s ]
SQL: SELECT `steps` FROM `workflow` WHERE ( workflow_id='4' )  [ RunTime:0.0002s ]
SQL: SHOW COLUMNS FROM `workflowstep` [ RunTime:0.0005s ]
SQL: SELECT `step_now` FROM `workflowstep` WHERE ( workflow_id='4' and role_id='4' )  [ RunTime:0.0002s ]
SQL: SELECT `user_id` FROM `user_account` WHERE ( user_account_id='14' )  [ RunTime:0.0002s ]
SQL: SELECT `user_name` FROM `user` WHERE ( user_id='1' )  [ RunTime:0.0001s ]
NOTIC: [8] Undefined offset: 0 /var/www/html/webframework/webframe/Admin/Controller/NewsController.class.php 第 521 行.
SQL: SELECT `workflow_id` FROM `news_workflow` WHERE ( isenable=0 )  [ RunTime:0.0002s ]
SQL: SELECT `steps` FROM `workflow` WHERE ( workflow_id='4' )  [ RunTime:0.0002s ]
SQL: SELECT `step_now` FROM `workflowstep` WHERE ( workflow_id='4' and role_id='4' )  [ RunTime:0.0002s ]
SQL: SELECT `user_id` FROM `user_account` WHERE ( user_account_id='18' )  [ RunTime:0.0002s ]
SQL: SELECT `user_name` FROM `user` WHERE ( user_id='7' )  [ RunTime:0.0002s ]
SQL: SELECT `workflow_id` FROM `news_workflow` WHERE ( isenable=0 )  [ RunTime:0.0002s ]
SQL: SELECT `steps` FROM `workflow` WHERE ( workflow_id='4' )  [ RunTime:0.0002s ]
SQL: SELECT `step_now` FROM `workflowstep` WHERE ( workflow_id='4' and role_id='4' )  [ RunTime:0.0002s ]
SQL: SELECT `user_id` FROM `user_account` WHERE ( user_account_id='14' )  [ RunTime:0.0002s ]
SQL: SELECT `user_name` FROM `user` WHERE ( user_id='1' )  [ RunTime:0.0001s ]
NOTIC: [8] Undefined offset: 0 /var/www/html/webframework/webframe/Admin/Controller/NewsController.class.php 第 521 行.
SQL: SELECT `workflow_id` FROM `news_workflow` WHERE ( isenable=0 )  [ RunTime:0.0002s ]
SQL: SELECT `steps` FROM `workflow` WHERE ( workflow_id='4' )  [ RunTime:0.0002s ]
SQL: SELECT `step_now` FROM `workflowstep` WHERE ( workflow_id='4' and role_id='4' )  [ RunTime:0.0002s ]
SQL: SELECT `user_id` FROM `user_account` WHERE ( user_account_id='14' )  [ RunTime:0.0002s ]
SQL: SELECT `user_name` FROM `user` WHERE ( user_id='1' )  [ RunTime:0.0001s ]
NOTIC: [8] Undefined offset: 0 /var/www/html/webframework/webframe/Admin/Controller/NewsController.class.php 第 521 行.
SQL: SELECT `workflow_id` FROM `news_workflow` WHERE ( isenable=0 )  [ RunTime:0.0002s ]
SQL: SELECT `steps` FROM `workflow` WHERE ( workflow_id='4' )  [ RunTime:0.0002s ]
SQL: SELECT `step_now` FROM `workflowstep` WHERE ( workflow_id='4' and role_id='4' )  [ RunTime:0.0002s ]

[ 2016-04-08T17:05:57+08:00 ] 125.33.56.95 /webframework/webframe/index.php/Admin/Index/Login/logout
ERR: 非法操作:Login

[ 2016-04-08T17:09:21+08:00 ] 125.33.56.95 /webframework/webframe/index.php/Admin/Index/Login/logout
ERR: 非法操作:Login

[ 2016-04-08T17:10:07+08:00 ] 125.33.56.95 /webframework/webframe/index.php/Admin/Index/Login/logout
ERR: 非法操作:Login

[ 2016-04-08T17:13:37+08:00 ] 125.33.56.95 /webframework/webframe/index.php/Admin/News/ajaxIndex?limit=15&offset=0&sort=news.news_id&order=desc&ex_status=&news_org_id=&UserName=4
INFO: [ app_begin ] --START--
INFO: Run Behavior\ReadHtmlCacheBehavior [ RunTime:0.000445s ]
INFO: [ app_begin ] --END-- [ RunTime:0.000803s ]
SQL: SHOW COLUMNS FROM `user_account` [ RunTime:0.0008s ]
SQL: SELECT * FROM `user_account` WHERE ( user_identify='885d2a369d8fe9c7ea92c076b226554f' )  [ RunTime:0.0003s ]
SQL: SHOW COLUMNS FROM `user` [ RunTime:0.0005s ]
SQL: SELECT `org_id` FROM `user` WHERE ( user_id='7' )  [ RunTime:0.0002s ]
SQL: SHOW COLUMNS FROM `organization` [ RunTime:0.0005s ]
SQL: SELECT * FROM `organization` WHERE ( parentid='8' and ishidden=0 )  [ RunTime:0.0002s ]
SQL: SELECT * FROM `organization` WHERE ( parentid='9' and ishidden=0 )  [ RunTime:0.0002s ]
SQL: SELECT * FROM `organization` WHERE ( parentid='10' and ishidden=0 )  [ RunTime:0.0002s ]
SQL: SELECT * FROM `organization` WHERE ( parentid='11' and ishidden=0 )  [ RunTime:0.0002s ]
SQL: SELECT * FROM `organization` WHERE ( parentid='12' and ishidden=0 )  [ RunTime:0.0002s ]
SQL: SHOW COLUMNS FROM `category` [ RunTime:0.0005s ]
SQL: SELECT news.workflow_step,cate.cate_name,news.news_name,news.news_id,news.addtime,news.news_time,org.org_name,news.add_account,news.ex_status,news.re_status FROM `category` `cate`,`news` `news`,`organization` `org` WHERE ( cate.cate_id=news.news_cate_id and news.news_org_id=org.org_id and news.news_org_id in (9,10,11,12,8) ) ORDER BY news.news_id desc  [ RunTime:0.0004s ]
SQL: SHOW COLUMNS FROM `category` [ RunTime:0.0005s ]
SQL: SELECT COUNT(*) AS tp_count FROM `category` `cate`,`news` `news`,`organization` `org` WHERE ( cate.cate_id=news.news_cate_id and news.news_org_id=org.org_id and news.news_org_id in (9,10,11,12,8) ) LIMIT 1   [ RunTime:0.0003s ]
SQL: SELECT `user_id` FROM `user_account` WHERE ( user_account_id='18' )  [ RunTime:0.0002s ]
SQL: SELECT `user_name` FROM `user` WHERE ( user_id='7' )  [ RunTime:0.0002s ]
SQL: SHOW COLUMNS FROM `news_workflow` [ RunTime:0.0005s ]
SQL: SELECT `workflow_id` FROM `news_workflow` WHERE ( isenable=0 )  [ RunTime:0.0002s ]
SQL: SHOW COLUMNS FROM `workflow` [ RunTime:0.0005s ]
SQL: SELECT `steps` FROM `workflow` WHERE ( workflow_id='4' )  [ RunTime:0.0002s ]
SQL: SHOW COLUMNS FROM `workflowstep` [ RunTime:0.0004s ]
SQL: SELECT `step_now` FROM `workflowstep` WHERE ( workflow_id='4' and role_id='4' )  [ RunTime:0.0002s ]
SQL: SELECT `user_id` FROM `user_account` WHERE ( user_account_id='14' )  [ RunTime:0.0002s ]
SQL: SELECT `user_name` FROM `user` WHERE ( user_id='1' )  [ RunTime:0.0001s ]
NOTIC: [8] Undefined offset: 0 /var/www/html/webframework/webframe/Admin/Controller/NewsController.class.php 第 521 行.
SQL: SELECT `workflow_id` FROM `news_workflow` WHERE ( isenable=0 )  [ RunTime:0.0002s ]
SQL: SELECT `steps` FROM `workflow` WHERE ( workflow_id='4' )  [ RunTime:0.0002s ]
SQL: SELECT `step_now` FROM `workflowstep` WHERE ( workflow_id='4' and role_id='4' )  [ RunTime:0.0002s ]
SQL: SELECT `user_id` FROM `user_account` WHERE ( user_account_id='18' )  [ RunTime:0.0002s ]
SQL: SELECT `user_name` FROM `user` WHERE ( user_id='7' )  [ RunTime:0.0002s ]
SQL: SELECT `workflow_id` FROM `news_workflow` WHERE ( isenable=0 )  [ RunTime:0.0002s ]
SQL: SELECT `steps` FROM `workflow` WHERE ( workflow_id='4' )  [ RunTime:0.0002s ]
SQL: SELECT `step_now` FROM `workflowstep` WHERE ( workflow_id='4' and role_id='4' )  [ RunTime:0.0002s ]
SQL: SELECT `user_id` FROM `user_account` WHERE ( user_account_id='14' )  [ RunTime:0.0002s ]
SQL: SELECT `user_name` FROM `user` WHERE ( user_id='1' )  [ RunTime:0.0001s ]
NOTIC: [8] Undefined offset: 0 /var/www/html/webframework/webframe/Admin/Controller/NewsController.class.php 第 521 行.
SQL: SELECT `workflow_id` FROM `news_workflow` WHERE ( isenable=0 )  [ RunTime:0.0002s ]
SQL: SELECT `steps` FROM `workflow` WHERE ( workflow_id='4' )  [ RunTime:0.0002s ]
SQL: SELECT `step_now` FROM `workflowstep` WHERE ( workflow_id='4' and role_id='4' )  [ RunTime:0.0002s ]
SQL: SELECT `user_id` FROM `user_account` WHERE ( user_account_id='14' )  [ RunTime:0.0002s ]
SQL: SELECT `user_name` FROM `user` WHERE ( user_id='1' )  [ RunTime:0.0001s ]
NOTIC: [8] Undefined offset: 0 /var/www/html/webframework/webframe/Admin/Controller/NewsController.class.php 第 521 行.
SQL: SELECT `workflow_id` FROM `news_workflow` WHERE ( isenable=0 )  [ RunTime:0.0002s ]
SQL: SELECT `steps` FROM `workflow` WHERE ( workflow_id='4' )  [ RunTime:0.0002s ]
SQL: SELECT `step_now` FROM `workflowstep` WHERE ( workflow_id='4' and role_id='4' )  [ RunTime:0.0002s ]

[ 2016-04-08T17:14:50+08:00 ] 125.33.56.95 /webframework/webframe/index.php/Admin/Index/Login/logout
ERR: 非法操作:Login

[ 2016-04-08T17:15:19+08:00 ] 125.33.56.95 /webframework/webframe/index.php/Admin/Index/index.html
ERR: 模板不存在:/var/www/html/webframework/webframe/Admin/View/Index/index.html

[ 2016-04-08T17:15:47+08:00 ] 125.33.56.95 /webframework/webframe/index.php/Admin/Index/Login/logout
ERR: 非法操作:Login

[ 2016-04-08T17:15:47+08:00 ] 125.33.56.95 /webframework/webframe/index.php/Admin/Index/left
ERR: 非法操作:left

[ 2016-04-08T17:15:47+08:00 ] 125.33.56.95 /webframework/webframe/index.php/Admin/Index/right
ERR: 非法操作:right

[ 2016-04-08T17:16:17+08:00 ] 125.33.56.95 /webframework/webframe/index.php/Admin/Index/Login/logout
ERR: 非法操作:Login

[ 2016-04-08T17:16:38+08:00 ] 125.33.56.95 /webframework/webframe/index.php/Admin/Index/Login/logout
ERR: 非法操作:Login

[ 2016-04-08T17:16:39+08:00 ] 125.33.56.95 /webframework/webframe/index.php/Admin/Index/Login/logout
ERR: 非法操作:Login

[ 2016-04-08T17:16:55+08:00 ] 125.33.56.95 /webframework/webframe/index.php/Admin/Index/Login/logout
ERR: 非法操作:Login

[ 2016-04-08T17:17:14+08:00 ] 125.33.56.95 /webframework/webframe/index.php/Admin/Index/Login/logout
ERR: 非法操作:Login

[ 2016-04-08T17:17:41+08:00 ] 125.33.56.95 /webframework/webframe/index.php/Admin/Index/Login/logout
ERR: 非法操作:Login

[ 2016-04-08T17:18:21+08:00 ] 125.33.56.95 /webframework/webframe/index.php/Admin/Index/Login/logout
ERR: 非法操作:Login

[ 2016-04-08T17:19:17+08:00 ] 125.33.56.95 /webframework/webframe/index.php/Admin/Index/Login/logout
ERR: 非法操作:Login

[ 2016-04-08T17:20:45+08:00 ] 125.33.56.95 /webframework/webframe/index.php/Admin/Index/Login/logout
ERR: 非法操作:Login

[ 2016-04-08T17:20:47+08:00 ] 125.33.56.95 /webframework/webframe/index.php/Admin/Index/Login/logout
ERR: 非法操作:Login

[ 2016-04-08T17:20:49+08:00 ] 125.33.56.95 /webframework/webframe/index.php/Admin/Index/Login/logout
ERR: 非法操作:Login

[ 2016-04-08T17:21:13+08:00 ] 125.33.56.95 /webframework/webframe/index.php/Admin/Index/Login/logout
ERR: 非法操作:Login

[ 2016-04-08T17:24:22+08:00 ] 125.33.56.95 /webframework/webframe/index.php/Admin/User/ajaxIndex?limit=15&offset=0&sort=user.user_id&order=desc&isAdmin=0&UserName=4
INFO: [ app_begin ] --START--
INFO: Run Behavior\ReadHtmlCacheBehavior [ RunTime:0.000346s ]
INFO: [ app_begin ] --END-- [ RunTime:0.000620s ]
SQL: SHOW COLUMNS FROM `user` [ RunTime:0.0007s ]
SQL: SELECT user.user_id,user.user_name,user.org_id,account.user_account,account.role_id,account.isenable,account.user_account_id FROM `user` `user`,`user_account` `account` WHERE ( account.user_id=user.user_id and account.is_admin='0' ) ORDER BY user.user_id desc  [ RunTime:0.0004s ]
SQL: SHOW COLUMNS FROM `role` [ RunTime:0.0005s ]
SQL: SELECT `role_name` FROM `role` WHERE ( role_id='1' )  [ RunTime:0.0002s ]
SQL: SHOW COLUMNS FROM `organization` [ RunTime:0.0005s ]
SQL: SELECT `org_name` FROM `organization` WHERE ( org_id='8' )  [ RunTime:0.0002s ]
SQL: SELECT `role_name` FROM `role` WHERE ( role_id='4' )  [ RunTime:0.0002s ]
SQL: SELECT `org_name` FROM `organization` WHERE ( org_id='8' )  [ RunTime:0.0002s ]
SQL: SHOW COLUMNS FROM `user` [ RunTime:0.0005s ]
SQL: SELECT COUNT(*) AS tp_count FROM `user` `user`,`user_account` `account` WHERE ( account.user_id=user.user_id and account.is_admin='0' ) LIMIT 1   [ RunTime:0.0002s ]

