[ 2016-04-10T09:11:02+08:00 ] 1.202.10.246 /webframework/webframe/index.php/Admin/File/ajaxIndex?limit=15&offset=0&sort=news.news_id&order=desc&UserName=4
INFO: [ app_begin ] --START--
INFO: Run Behavior\ReadHtmlCacheBehavior [ RunTime:0.000407s ]
INFO: [ app_begin ] --END-- [ RunTime:0.000683s ]
SQL: SHOW COLUMNS FROM `behavior_log` [ RunTime:0.0010s ]
SQL: INSERT INTO `behavior_log` (`behavior_log_account`,`behavior_log_con`,`behavior_log_func`,`behavior_log_time`,`behavior_log_ip`) VALUES ('14','File','ajaxIndex','1460250662','1.202.10.246') [ RunTime:0.0055s ]
SQL: SHOW COLUMNS FROM `user_account` [ RunTime:0.0008s ]
SQL: SELECT * FROM `user_account` WHERE ( user_identify='b244536f4994b14f55f19e9c7a9ba144' )  [ RunTime:0.0003s ]
SQL: SHOW COLUMNS FROM `file` [ RunTime:0.0007s ]
SQL: SELECT * FROM `file` `file`,`user_account` `user_act` WHERE ( file.create_by=user_act.user_account_id )  [ RunTime:0.0003s ]
SQL: SHOW COLUMNS FROM `file` [ RunTime:0.0007s ]
SQL: SELECT COUNT(*) AS tp_count FROM `file` `file`,`user_account` `user_act` WHERE ( file.create_by=user_act.user_account_id ) LIMIT 1   [ RunTime:0.0002s ]

[ 2016-04-10T09:11:33+08:00 ] 1.202.10.246 /webframework/webframe/index.php/Admin/File/ajaxIndex?limit=15&offset=0&sort=news.news_id&order=desc&UserName=4
INFO: [ app_begin ] --START--
INFO: Run Behavior\ReadHtmlCacheBehavior [ RunTime:0.000422s ]
INFO: [ app_begin ] --END-- [ RunTime:0.000668s ]
SQL: SHOW COLUMNS FROM `behavior_log` [ RunTime:0.0006s ]
SQL: INSERT INTO `behavior_log` (`behavior_log_account`,`behavior_log_con`,`behavior_log_func`,`behavior_log_time`,`behavior_log_ip`) VALUES ('14','File','ajaxIndex','1460250693','1.202.10.246') [ RunTime:0.0053s ]
SQL: SHOW COLUMNS FROM `user_account` [ RunTime:0.0006s ]
SQL: SELECT * FROM `user_account` WHERE ( user_identify='b244536f4994b14f55f19e9c7a9ba144' )  [ RunTime:0.0002s ]
SQL: SHOW COLUMNS FROM `file` [ RunTime:0.0006s ]
SQL: SELECT * FROM `file` `file`,`user_account` `user_act` WHERE ( file.create_by=user_act.user_account_id )  [ RunTime:0.0003s ]
SQL: SHOW COLUMNS FROM `file` [ RunTime:0.0006s ]
SQL: SELECT COUNT(*) AS tp_count FROM `file` `file`,`user_account` `user_act` WHERE ( file.create_by=user_act.user_account_id ) LIMIT 1   [ RunTime:0.0002s ]

[ 2016-04-10T09:12:15+08:00 ] 1.202.10.246 /webframework/webframe/index.php/Admin/File/uploader
ERR: SQLSTATE[HY000]: General error: 1364 Field 'file_type' doesn't have a default value

[ 2016-04-10T09:14:23+08:00 ] 1.202.10.246 /webframework/webframe/index.php/Admin/File/ajaxIndex?limit=15&offset=0&sort=news.news_id&order=desc&UserName=4
INFO: [ app_begin ] --START--
INFO: Run Behavior\ReadHtmlCacheBehavior [ RunTime:0.000434s ]
INFO: [ app_begin ] --END-- [ RunTime:0.000712s ]
SQL: SHOW COLUMNS FROM `behavior_log` [ RunTime:0.0008s ]
SQL: INSERT INTO `behavior_log` (`behavior_log_account`,`behavior_log_con`,`behavior_log_func`,`behavior_log_time`,`behavior_log_ip`) VALUES ('14','File','ajaxIndex','1460250863','1.202.10.246') [ RunTime:0.0080s ]
SQL: SHOW COLUMNS FROM `user_account` [ RunTime:0.0006s ]
SQL: SELECT * FROM `user_account` WHERE ( user_identify='b244536f4994b14f55f19e9c7a9ba144' )  [ RunTime:0.0003s ]
SQL: SHOW COLUMNS FROM `file` [ RunTime:0.0026s ]
SQL: SELECT * FROM `file` `file`,`user_account` `user_act` WHERE ( file.create_by=user_act.user_account_id )  [ RunTime:0.0003s ]
SQL: SHOW COLUMNS FROM `file` [ RunTime:0.0008s ]
SQL: SELECT COUNT(*) AS tp_count FROM `file` `file`,`user_account` `user_act` WHERE ( file.create_by=user_act.user_account_id ) LIMIT 1   [ RunTime:0.0002s ]

[ 2016-04-10T09:14:37+08:00 ] 1.202.10.246 /webframework/webframe/index.php/Admin/File/uploader
ERR: SQLSTATE[HY000]: General error: 1364 Field 'file_type' doesn't have a default value

[ 2016-04-10T09:14:59+08:00 ] 1.202.10.246 /webframework/webframe/index.php/Admin/File/ajaxIndex?limit=15&offset=0&sort=news.news_id&order=desc&UserName=4
INFO: [ app_begin ] --START--
INFO: Run Behavior\ReadHtmlCacheBehavior [ RunTime:0.000338s ]
INFO: [ app_begin ] --END-- [ RunTime:0.000625s ]
SQL: SHOW COLUMNS FROM `behavior_log` [ RunTime:0.0006s ]
SQL: INSERT INTO `behavior_log` (`behavior_log_account`,`behavior_log_con`,`behavior_log_func`,`behavior_log_time`,`behavior_log_ip`) VALUES ('14','File','ajaxIndex','1460250899','1.202.10.246') [ RunTime:0.0061s ]
SQL: SHOW COLUMNS FROM `user_account` [ RunTime:0.0008s ]
SQL: SELECT * FROM `user_account` WHERE ( user_identify='b244536f4994b14f55f19e9c7a9ba144' )  [ RunTime:0.0003s ]
SQL: SHOW COLUMNS FROM `file` [ RunTime:0.0007s ]
SQL: SELECT * FROM `file` `file`,`user_account` `user_act` WHERE ( file.create_by=user_act.user_account_id )  [ RunTime:0.0002s ]
SQL: SHOW COLUMNS FROM `file` [ RunTime:0.0007s ]
SQL: SELECT COUNT(*) AS tp_count FROM `file` `file`,`user_account` `user_act` WHERE ( file.create_by=user_act.user_account_id ) LIMIT 1   [ RunTime:0.0004s ]

[ 2016-04-10T09:21:26+08:00 ] 1.202.10.246 /webframework/webframe/index.php/Admin/File/ajaxIndex?limit=15&offset=0&sort=news.news_id&order=desc&UserName=4
INFO: [ app_begin ] --START--
INFO: Run Behavior\ReadHtmlCacheBehavior [ RunTime:0.000525s ]
INFO: [ app_begin ] --END-- [ RunTime:0.000791s ]
SQL: SHOW COLUMNS FROM `behavior_log` [ RunTime:0.0008s ]
SQL: INSERT INTO `behavior_log` (`behavior_log_account`,`behavior_log_con`,`behavior_log_func`,`behavior_log_time`,`behavior_log_ip`) VALUES ('14','File','ajaxIndex','1460251286','1.202.10.246') [ RunTime:0.0054s ]
SQL: SHOW COLUMNS FROM `user_account` [ RunTime:0.0005s ]
SQL: SELECT * FROM `user_account` WHERE ( user_identify='b244536f4994b14f55f19e9c7a9ba144' )  [ RunTime:0.0003s ]
SQL: SHOW COLUMNS FROM `file` [ RunTime:0.0021s ]
SQL: SELECT * FROM `file` `file`,`user_account` `user_act` WHERE ( file.create_by=user_act.user_account_id )  [ RunTime:0.0003s ]
SQL: SHOW COLUMNS FROM `file` [ RunTime:0.0008s ]
SQL: SELECT COUNT(*) AS tp_count FROM `file` `file`,`user_account` `user_act` WHERE ( file.create_by=user_act.user_account_id ) LIMIT 1   [ RunTime:0.0002s ]

[ 2016-04-10T09:21:34+08:00 ] 1.202.10.246 /webframework/webframe/index.php/Admin/File/uploader
ERR: SQLSTATE[22001]: String data, right truncated: 1406 Data too long for column 'file_mime' at row 1

[ 2016-04-10T09:22:01+08:00 ] 1.202.10.246 /webframework/webframe/index.php/Admin/File/ajaxIndex?limit=15&offset=0&sort=news.news_id&order=desc&UserName=4
INFO: [ app_begin ] --START--
INFO: Run Behavior\ReadHtmlCacheBehavior [ RunTime:0.000337s ]
INFO: [ app_begin ] --END-- [ RunTime:0.000575s ]
SQL: SHOW COLUMNS FROM `behavior_log` [ RunTime:0.0006s ]
SQL: INSERT INTO `behavior_log` (`behavior_log_account`,`behavior_log_con`,`behavior_log_func`,`behavior_log_time`,`behavior_log_ip`) VALUES ('14','File','ajaxIndex','1460251321','1.202.10.246') [ RunTime:0.0055s ]
SQL: SHOW COLUMNS FROM `user_account` [ RunTime:0.0005s ]
SQL: SELECT * FROM `user_account` WHERE ( user_identify='b244536f4994b14f55f19e9c7a9ba144' )  [ RunTime:0.0002s ]
SQL: SHOW COLUMNS FROM `file` [ RunTime:0.0005s ]
SQL: SELECT * FROM `file` `file`,`user_account` `user_act` WHERE ( file.create_by=user_act.user_account_id )  [ RunTime:0.0002s ]
SQL: SHOW COLUMNS FROM `file` [ RunTime:0.0006s ]
SQL: SELECT COUNT(*) AS tp_count FROM `file` `file`,`user_account` `user_act` WHERE ( file.create_by=user_act.user_account_id ) LIMIT 1   [ RunTime:0.0002s ]

[ 2016-04-10T09:22:31+08:00 ] 1.202.10.246 /webframework/webframe/index.php/Admin/File/uploader
ERR: SQLSTATE[22001]: String data, right truncated: 1406 Data too long for column 'file_mime' at row 1

[ 2016-04-10T09:24:12+08:00 ] 1.202.10.246 /webframework/webframe/index.php/Admin/File/ajaxIndex?limit=15&offset=0&sort=news.news_id&order=desc&UserName=4
INFO: [ app_begin ] --START--
INFO: Run Behavior\ReadHtmlCacheBehavior [ RunTime:0.000423s ]
INFO: [ app_begin ] --END-- [ RunTime:0.000676s ]
SQL: SHOW COLUMNS FROM `behavior_log` [ RunTime:0.0008s ]
SQL: INSERT INTO `behavior_log` (`behavior_log_account`,`behavior_log_con`,`behavior_log_func`,`behavior_log_time`,`behavior_log_ip`) VALUES ('14','File','ajaxIndex','1460251452','1.202.10.246') [ RunTime:0.0052s ]
SQL: SHOW COLUMNS FROM `user_account` [ RunTime:0.0006s ]
SQL: SELECT * FROM `user_account` WHERE ( user_identify='b244536f4994b14f55f19e9c7a9ba144' )  [ RunTime:0.0002s ]
SQL: SHOW COLUMNS FROM `file` [ RunTime:0.0006s ]
SQL: SELECT * FROM `file` `file`,`user_account` `user_act` WHERE ( file.create_by=user_act.user_account_id )  [ RunTime:0.0003s ]
SQL: SHOW COLUMNS FROM `file` [ RunTime:0.0006s ]
SQL: SELECT COUNT(*) AS tp_count FROM `file` `file`,`user_account` `user_act` WHERE ( file.create_by=user_act.user_account_id ) LIMIT 1   [ RunTime:0.0002s ]

[ 2016-04-10T09:29:13+08:00 ] 1.202.10.246 /webframework/webframe/index.php/Admin/File/ajaxIndex?limit=15&offset=0&sort=news.news_id&order=desc&UserName=4
INFO: [ app_begin ] --START--
INFO: Run Behavior\ReadHtmlCacheBehavior [ RunTime:0.000443s ]
INFO: [ app_begin ] --END-- [ RunTime:0.000698s ]
SQL: SHOW COLUMNS FROM `behavior_log` [ RunTime:0.0008s ]
SQL: INSERT INTO `behavior_log` (`behavior_log_account`,`behavior_log_con`,`behavior_log_func`,`behavior_log_time`,`behavior_log_ip`) VALUES ('14','File','ajaxIndex','1460251753','1.202.10.246') [ RunTime:0.0055s ]
SQL: SHOW COLUMNS FROM `user_account` [ RunTime:0.0006s ]
SQL: SELECT * FROM `user_account` WHERE ( user_identify='b244536f4994b14f55f19e9c7a9ba144' )  [ RunTime:0.0002s ]
SQL: SHOW COLUMNS FROM `file` [ RunTime:0.0006s ]
SQL: SELECT * FROM `file` `file`,`user_account` `user_act` WHERE ( file.create_by=user_act.user_account_id )  [ RunTime:0.0003s ]
SQL: SHOW COLUMNS FROM `file` [ RunTime:0.0006s ]
SQL: SELECT COUNT(*) AS tp_count FROM `file` `file`,`user_account` `user_act` WHERE ( file.create_by=user_act.user_account_id ) LIMIT 1   [ RunTime:0.0002s ]

[ 2016-04-10T14:07:54+08:00 ] 125.33.56.95 /webframework/webframe/index.php/Admin/Behaviorlog/ajaxIndex?limit=15&offset=0&sort=login_log_id&order=Asc&UserName=4
INFO: [ app_begin ] --START--
INFO: Run Behavior\ReadHtmlCacheBehavior [ RunTime:0.000336s ]
INFO: [ app_begin ] --END-- [ RunTime:0.000574s ]
SQL: SHOW COLUMNS FROM `behavior_log` [ RunTime:0.0007s ]
SQL: INSERT INTO `behavior_log` (`behavior_log_account`,`behavior_log_con`,`behavior_log_func`,`behavior_log_time`,`behavior_log_ip`) VALUES ('14','Behaviorlog','ajaxIndex','1460268474','125.33.56.95') [ RunTime:0.0050s ]
SQL: SHOW COLUMNS FROM `user_account` [ RunTime:0.0008s ]
SQL: SELECT * FROM `user_account` WHERE ( user_identify='b244536f4994b14f55f19e9c7a9ba144' )  [ RunTime:0.0003s ]
SQL: SELECT * FROM `behavior_log` LIMIT 0,15   [ RunTime:0.0005s ]
SQL: SELECT `user_account` FROM `user_account` WHERE ( user_account_id='14' )  [ RunTime:0.0002s ]
SQL: SELECT `user_account` FROM `user_account` WHERE ( user_account_id='14' )  [ RunTime:0.0002s ]
SQL: SELECT `user_account` FROM `user_account` WHERE ( user_account_id='14' )  [ RunTime:0.0002s ]
SQL: SELECT `user_account` FROM `user_account` WHERE ( user_account_id='14' )  [ RunTime:0.0002s ]
SQL: SELECT `user_account` FROM `user_account` WHERE ( user_account_id='14' )  [ RunTime:0.0001s ]
SQL: SELECT `user_account` FROM `user_account` WHERE ( user_account_id='14' )  [ RunTime:0.0002s ]
SQL: SELECT `user_account` FROM `user_account` WHERE ( user_account_id='14' )  [ RunTime:0.0002s ]
SQL: SELECT `user_account` FROM `user_account` WHERE ( user_account_id='14' )  [ RunTime:0.0002s ]
SQL: SELECT `user_account` FROM `user_account` WHERE ( user_account_id='14' )  [ RunTime:0.0002s ]
SQL: SELECT `user_account` FROM `user_account` WHERE ( user_account_id='14' )  [ RunTime:0.0002s ]
SQL: SELECT `user_account` FROM `user_account` WHERE ( user_account_id='14' )  [ RunTime:0.0001s ]
SQL: SELECT `user_account` FROM `user_account` WHERE ( user_account_id='14' )  [ RunTime:0.0001s ]
SQL: SELECT `user_account` FROM `user_account` WHERE ( user_account_id='14' )  [ RunTime:0.0002s ]
SQL: SELECT `user_account` FROM `user_account` WHERE ( user_account_id='14' )  [ RunTime:0.0002s ]
SQL: SELECT `user_account` FROM `user_account` WHERE ( user_account_id='14' )  [ RunTime:0.0001s ]
SQL: SELECT COUNT(*) AS tp_count FROM `behavior_log` LIMIT 1   [ RunTime:0.0002s ]

[ 2016-04-10T14:08:01+08:00 ] 125.33.56.95 /webframework/webframe/index.php/Admin/Loginlog/ajaxIndex?limit=15&offset=0&sort=login_log_id&order=desc&UserName=4
INFO: [ app_begin ] --START--
INFO: Run Behavior\ReadHtmlCacheBehavior [ RunTime:0.000387s ]
INFO: [ app_begin ] --END-- [ RunTime:0.000708s ]
SQL: SHOW COLUMNS FROM `behavior_log` [ RunTime:0.0007s ]
SQL: INSERT INTO `behavior_log` (`behavior_log_account`,`behavior_log_con`,`behavior_log_func`,`behavior_log_time`,`behavior_log_ip`) VALUES ('14','Loginlog','ajaxIndex','1460268481','125.33.56.95') [ RunTime:0.0060s ]
SQL: SHOW COLUMNS FROM `user_account` [ RunTime:0.0006s ]
SQL: SELECT * FROM `user_account` WHERE ( user_identify='b244536f4994b14f55f19e9c7a9ba144' )  [ RunTime:0.0002s ]
SQL: SHOW COLUMNS FROM `login_log` [ RunTime:0.0005s ]
SQL: SELECT * FROM `login_log`  [ RunTime:0.0002s ]
SQL: SELECT COUNT(*) AS tp_count FROM `login_log` LIMIT 1   [ RunTime:0.0002s ]

[ 2016-04-10T14:08:25+08:00 ] 125.33.56.95 /webframework/webframe/index.php/Admin/File/ajaxIndex?limit=15&offset=0&sort=news.news_id&order=desc&UserName=4
INFO: [ app_begin ] --START--
INFO: Run Behavior\ReadHtmlCacheBehavior [ RunTime:0.000463s ]
INFO: [ app_begin ] --END-- [ RunTime:0.000939s ]
SQL: SHOW COLUMNS FROM `behavior_log` [ RunTime:0.0008s ]
SQL: INSERT INTO `behavior_log` (`behavior_log_account`,`behavior_log_con`,`behavior_log_func`,`behavior_log_time`,`behavior_log_ip`) VALUES ('14','File','ajaxIndex','1460268505','125.33.56.95') [ RunTime:0.0055s ]
SQL: SHOW COLUMNS FROM `user_account` [ RunTime:0.0006s ]
SQL: SELECT * FROM `user_account` WHERE ( user_identify='b244536f4994b14f55f19e9c7a9ba144' )  [ RunTime:0.0003s ]
SQL: SHOW COLUMNS FROM `file` [ RunTime:0.0006s ]
SQL: SELECT * FROM `file` `file`,`user_account` `user_act` WHERE ( file.create_by=user_act.user_account_id )  [ RunTime:0.0003s ]
SQL: SHOW COLUMNS FROM `file` [ RunTime:0.0006s ]
SQL: SELECT COUNT(*) AS tp_count FROM `file` `file`,`user_account` `user_act` WHERE ( file.create_by=user_act.user_account_id ) LIMIT 1   [ RunTime:0.0002s ]

[ 2016-04-10T14:10:27+08:00 ] 125.33.56.95 /webframework/webframe/index.php/Admin/File/ajaxIndex?limit=15&offset=0&sort=news.news_id&order=desc&UserName=4
INFO: [ app_begin ] --START--
INFO: Run Behavior\ReadHtmlCacheBehavior [ RunTime:0.000382s ]
INFO: [ app_begin ] --END-- [ RunTime:0.000643s ]
SQL: SHOW COLUMNS FROM `behavior_log` [ RunTime:0.0009s ]
SQL: INSERT INTO `behavior_log` (`behavior_log_account`,`behavior_log_con`,`behavior_log_func`,`behavior_log_time`,`behavior_log_ip`) VALUES ('14','File','ajaxIndex','1460268627','125.33.56.95') [ RunTime:0.0057s ]
SQL: SHOW COLUMNS FROM `user_account` [ RunTime:0.0006s ]
SQL: SELECT * FROM `user_account` WHERE ( user_identify='b244536f4994b14f55f19e9c7a9ba144' )  [ RunTime:0.0002s ]
SQL: SHOW COLUMNS FROM `file` [ RunTime:0.0005s ]
SQL: SELECT * FROM `file` `file`,`user_account` `user_act` WHERE ( file.create_by=user_act.user_account_id )  [ RunTime:0.0003s ]
SQL: SHOW COLUMNS FROM `file` [ RunTime:0.0005s ]
SQL: SELECT COUNT(*) AS tp_count FROM `file` `file`,`user_account` `user_act` WHERE ( file.create_by=user_act.user_account_id ) LIMIT 1   [ RunTime:0.0002s ]

[ 2016-04-10T14:10:57+08:00 ] 125.33.56.95 /webframework/webframe/index.php/Admin/File/dataInsert
INFO: [ app_begin ] --START--
INFO: Run Behavior\ReadHtmlCacheBehavior [ RunTime:0.000428s ]
INFO: [ app_begin ] --END-- [ RunTime:0.000691s ]
SQL: SHOW COLUMNS FROM `behavior_log` [ RunTime:0.0007s ]
SQL: INSERT INTO `behavior_log` (`behavior_log_account`,`behavior_log_con`,`behavior_log_func`,`behavior_log_time`,`behavior_log_ip`) VALUES ('14','File','dataInsert','1460268657','125.33.56.95') [ RunTime:0.0070s ]
SQL: SHOW COLUMNS FROM `user_account` [ RunTime:0.0007s ]
SQL: SELECT * FROM `user_account` WHERE ( user_identify='b244536f4994b14f55f19e9c7a9ba144' )  [ RunTime:0.0003s ]
SQL: SHOW COLUMNS FROM `file` [ RunTime:0.0016s ]
NOTIC: [8] Undefined index: file_name /var/www/html/webframework/webframe/Admin/Controller/FileController.class.php 第 203 行.
NOTIC: [8] Array to string conversion /var/www/html/webframework/webframe/Admin/Model/FileModel.class.php 第 52 行.
SQL: SHOW COLUMNS FROM `file` [ RunTime:0.0008s ]
ERR: 非法数据对象！

[ 2016-04-10T14:12:10+08:00 ] 125.33.56.95 /webframework/webframe/index.php/Admin/File/dataInsert
INFO: [ app_begin ] --START--
INFO: Run Behavior\ReadHtmlCacheBehavior [ RunTime:0.000408s ]
INFO: [ app_begin ] --END-- [ RunTime:0.000661s ]
SQL: SHOW COLUMNS FROM `behavior_log` [ RunTime:0.0007s ]
SQL: INSERT INTO `behavior_log` (`behavior_log_account`,`behavior_log_con`,`behavior_log_func`,`behavior_log_time`,`behavior_log_ip`) VALUES ('14','File','dataInsert','1460268730','125.33.56.95') [ RunTime:0.0065s ]
SQL: SHOW COLUMNS FROM `user_account` [ RunTime:0.0005s ]
SQL: SELECT * FROM `user_account` WHERE ( user_identify='b244536f4994b14f55f19e9c7a9ba144' )  [ RunTime:0.0002s ]
SQL: SHOW COLUMNS FROM `file` [ RunTime:0.0005s ]
NOTIC: [8] Undefined index: file_name /var/www/html/webframework/webframe/Admin/Controller/FileController.class.php 第 203 行.
NOTIC: [8] Array to string conversion /var/www/html/webframework/webframe/Admin/Model/FileModel.class.php 第 51 行.
SQL: SHOW COLUMNS FROM `file` [ RunTime:0.0005s ]
ERR: 非法数据对象！

[ 2016-04-10T14:13:30+08:00 ] 125.33.56.95 /webframework/webframe/index.php/Admin/File/dataInsert
INFO: [ app_begin ] --START--
INFO: Run Behavior\ReadHtmlCacheBehavior [ RunTime:0.000404s ]
INFO: [ app_begin ] --END-- [ RunTime:0.000701s ]
SQL: SHOW COLUMNS FROM `behavior_log` [ RunTime:0.0008s ]
SQL: INSERT INTO `behavior_log` (`behavior_log_account`,`behavior_log_con`,`behavior_log_func`,`behavior_log_time`,`behavior_log_ip`) VALUES ('14','File','dataInsert','1460268810','125.33.56.95') [ RunTime:0.0085s ]
SQL: SHOW COLUMNS FROM `user_account` [ RunTime:0.0006s ]
SQL: SELECT * FROM `user_account` WHERE ( user_identify='b244536f4994b14f55f19e9c7a9ba144' )  [ RunTime:0.0002s ]
SQL: SHOW COLUMNS FROM `file` [ RunTime:0.0006s ]

[ 2016-04-10T14:33:42+08:00 ] 125.33.56.95 /webframework/webframe/index.php/Admin/File/dataInsert
INFO: [ app_begin ] --START--
INFO: Run Behavior\ReadHtmlCacheBehavior [ RunTime:0.000389s ]
INFO: [ app_begin ] --END-- [ RunTime:0.000680s ]
SQL: SHOW COLUMNS FROM `behavior_log` [ RunTime:0.0009s ]
SQL: INSERT INTO `behavior_log` (`behavior_log_account`,`behavior_log_con`,`behavior_log_func`,`behavior_log_time`,`behavior_log_ip`) VALUES ('14','File','dataInsert','1460270022','125.33.56.95') [ RunTime:0.0308s ]
SQL: SHOW COLUMNS FROM `user_account` [ RunTime:0.0008s ]
SQL: SELECT * FROM `user_account` WHERE ( user_identify='b244536f4994b14f55f19e9c7a9ba144' )  [ RunTime:0.0002s ]
SQL: SHOW COLUMNS FROM `file` [ RunTime:0.0006s ]

[ 2016-04-10T14:34:52+08:00 ] 125.33.56.95 /webframework/webframe/index.php/Admin/File/dataInsert
INFO: [ app_begin ] --START--
INFO: Run Behavior\ReadHtmlCacheBehavior [ RunTime:0.000407s ]
INFO: [ app_begin ] --END-- [ RunTime:0.000665s ]
SQL: SHOW COLUMNS FROM `behavior_log` [ RunTime:0.0008s ]
SQL: INSERT INTO `behavior_log` (`behavior_log_account`,`behavior_log_con`,`behavior_log_func`,`behavior_log_time`,`behavior_log_ip`) VALUES ('14','File','dataInsert','1460270092','125.33.56.95') [ RunTime:0.0065s ]
SQL: SHOW COLUMNS FROM `user_account` [ RunTime:0.0006s ]
SQL: SELECT * FROM `user_account` WHERE ( user_identify='b244536f4994b14f55f19e9c7a9ba144' )  [ RunTime:0.0002s ]
SQL: SHOW COLUMNS FROM `file` [ RunTime:0.0005s ]
NOTIC: [8] Undefined index: file_name /var/www/html/webframework/webframe/Admin/Controller/FileController.class.php 第 203 行.

[ 2016-04-10T14:35:14+08:00 ] 125.33.56.95 /webframework/webframe/index.php/Admin/File/dataInsert
INFO: [ app_begin ] --START--
INFO: Run Behavior\ReadHtmlCacheBehavior [ RunTime:0.000424s ]
INFO: [ app_begin ] --END-- [ RunTime:0.000782s ]
SQL: SHOW COLUMNS FROM `behavior_log` [ RunTime:0.0009s ]
SQL: INSERT INTO `behavior_log` (`behavior_log_account`,`behavior_log_con`,`behavior_log_func`,`behavior_log_time`,`behavior_log_ip`) VALUES ('14','File','dataInsert','1460270114','125.33.56.95') [ RunTime:0.0072s ]
SQL: SHOW COLUMNS FROM `user_account` [ RunTime:0.0011s ]
SQL: SELECT * FROM `user_account` WHERE ( user_identify='b244536f4994b14f55f19e9c7a9ba144' )  [ RunTime:0.0003s ]
SQL: SHOW COLUMNS FROM `file` [ RunTime:0.0006s ]

[ 2016-04-10T14:36:59+08:00 ] 125.33.56.95 /webframework/webframe/index.php/Admin/File/dataInsert
INFO: [ app_begin ] --START--
INFO: Run Behavior\ReadHtmlCacheBehavior [ RunTime:0.000496s ]
INFO: [ app_begin ] --END-- [ RunTime:0.000822s ]
SQL: SHOW COLUMNS FROM `behavior_log` [ RunTime:0.0008s ]
SQL: INSERT INTO `behavior_log` (`behavior_log_account`,`behavior_log_con`,`behavior_log_func`,`behavior_log_time`,`behavior_log_ip`) VALUES ('14','File','dataInsert','1460270219','125.33.56.95') [ RunTime:0.0053s ]
SQL: SHOW COLUMNS FROM `user_account` [ RunTime:0.0005s ]
SQL: SELECT * FROM `user_account` WHERE ( user_identify='b244536f4994b14f55f19e9c7a9ba144' )  [ RunTime:0.0003s ]
SQL: SHOW COLUMNS FROM `file` [ RunTime:0.0006s ]
NOTIC: [8] Undefined index: ile_upload_name /var/www/html/webframework/webframe/Admin/Controller/FileController.class.php 第 204 行.
NOTIC: [8] Array to string conversion /var/www/html/webframework/webframe/Admin/Model/FileModel.class.php 第 51 行.
SQL: SHOW COLUMNS FROM `file` [ RunTime:0.0006s ]
ERR: 非法数据对象！

[ 2016-04-10T14:38:55+08:00 ] 125.33.56.95 /webframework/webframe/index.php/Admin/File/dataInsert
INFO: [ app_begin ] --START--
INFO: Run Behavior\ReadHtmlCacheBehavior [ RunTime:0.000460s ]
INFO: [ app_begin ] --END-- [ RunTime:0.000740s ]
SQL: SHOW COLUMNS FROM `behavior_log` [ RunTime:0.0008s ]
SQL: INSERT INTO `behavior_log` (`behavior_log_account`,`behavior_log_con`,`behavior_log_func`,`behavior_log_time`,`behavior_log_ip`) VALUES ('14','File','dataInsert','1460270335','125.33.56.95') [ RunTime:0.0070s ]
SQL: SHOW COLUMNS FROM `user_account` [ RunTime:0.0005s ]
SQL: SELECT * FROM `user_account` WHERE ( user_identify='b244536f4994b14f55f19e9c7a9ba144' )  [ RunTime:0.0003s ]
SQL: SHOW COLUMNS FROM `file` [ RunTime:0.0006s ]
SQL: SHOW COLUMNS FROM `file` [ RunTime:0.0005s ]
ERR: 非法数据对象！

[ 2016-04-10T14:42:33+08:00 ] 125.33.56.95 /webframework/webframe/index.php/Admin/File/dataInsert
INFO: [ app_begin ] --START--
INFO: Run Behavior\ReadHtmlCacheBehavior [ RunTime:0.000418s ]
INFO: [ app_begin ] --END-- [ RunTime:0.000670s ]
SQL: SHOW COLUMNS FROM `behavior_log` [ RunTime:0.0008s ]
SQL: INSERT INTO `behavior_log` (`behavior_log_account`,`behavior_log_con`,`behavior_log_func`,`behavior_log_time`,`behavior_log_ip`) VALUES ('14','File','dataInsert','1460270553','125.33.56.95') [ RunTime:0.0080s ]
SQL: SHOW COLUMNS FROM `user_account` [ RunTime:0.0006s ]
SQL: SELECT * FROM `user_account` WHERE ( user_identify='b244536f4994b14f55f19e9c7a9ba144' )  [ RunTime:0.0003s ]
SQL: SHOW COLUMNS FROM `file` [ RunTime:0.0006s ]

[ 2016-04-10T14:43:09+08:00 ] 125.33.56.95 /webframework/webframe/index.php/Admin/File/dataInsert
INFO: [ app_begin ] --START--
INFO: Run Behavior\ReadHtmlCacheBehavior [ RunTime:0.000368s ]
INFO: [ app_begin ] --END-- [ RunTime:0.000615s ]
SQL: SHOW COLUMNS FROM `behavior_log` [ RunTime:0.0007s ]
SQL: INSERT INTO `behavior_log` (`behavior_log_account`,`behavior_log_con`,`behavior_log_func`,`behavior_log_time`,`behavior_log_ip`) VALUES ('14','File','dataInsert','1460270589','125.33.56.95') [ RunTime:0.0076s ]
SQL: SHOW COLUMNS FROM `user_account` [ RunTime:0.0006s ]
SQL: SELECT * FROM `user_account` WHERE ( user_identify='b244536f4994b14f55f19e9c7a9ba144' )  [ RunTime:0.0002s ]
SQL: SHOW COLUMNS FROM `file` [ RunTime:0.0006s ]

[ 2016-04-10T14:43:28+08:00 ] 125.33.56.95 /webframework/webframe/index.php/Admin/File/dataInsert
INFO: [ app_begin ] --START--
INFO: Run Behavior\ReadHtmlCacheBehavior [ RunTime:0.000662s ]
INFO: [ app_begin ] --END-- [ RunTime:0.001059s ]
SQL: SHOW COLUMNS FROM `behavior_log` [ RunTime:0.0008s ]
SQL: INSERT INTO `behavior_log` (`behavior_log_account`,`behavior_log_con`,`behavior_log_func`,`behavior_log_time`,`behavior_log_ip`) VALUES ('14','File','dataInsert','1460270608','125.33.56.95') [ RunTime:0.0079s ]
SQL: SHOW COLUMNS FROM `user_account` [ RunTime:0.0006s ]
SQL: SELECT * FROM `user_account` WHERE ( user_identify='b244536f4994b14f55f19e9c7a9ba144' )  [ RunTime:0.0002s ]
SQL: SHOW COLUMNS FROM `file` [ RunTime:0.0005s ]
SQL: SHOW COLUMNS FROM `file` [ RunTime:0.0007s ]
SQL: UPDATE `file` SET `file_type`='0',`file_title`='图片测试1',`file_param_height`='0',`file_param_width`='0',`is_effective`='0' WHERE ( file_name='56d0f8c1c75822a89cf735f92d440849.png' ) [ RunTime:0.0050s ]

[ 2016-04-10T14:44:08+08:00 ] 125.33.56.95 /webframework/webframe/index.php/Admin/File/dataInsert
INFO: [ app_begin ] --START--
INFO: Run Behavior\ReadHtmlCacheBehavior [ RunTime:0.000620s ]
INFO: [ app_begin ] --END-- [ RunTime:0.000905s ]
SQL: SHOW COLUMNS FROM `behavior_log` [ RunTime:0.0008s ]
SQL: INSERT INTO `behavior_log` (`behavior_log_account`,`behavior_log_con`,`behavior_log_func`,`behavior_log_time`,`behavior_log_ip`) VALUES ('14','File','dataInsert','1460270648','125.33.56.95') [ RunTime:0.0081s ]
SQL: SHOW COLUMNS FROM `user_account` [ RunTime:0.0006s ]
SQL: SELECT * FROM `user_account` WHERE ( user_identify='b244536f4994b14f55f19e9c7a9ba144' )  [ RunTime:0.0003s ]
SQL: SHOW COLUMNS FROM `file` [ RunTime:0.0009s ]
SQL: SHOW COLUMNS FROM `file` [ RunTime:0.0006s ]
SQL: UPDATE `file` SET `file_type`='0',`file_title`='图片测试2',`file_param_height`='0',`file_param_width`='0',`is_effective`='0' WHERE ( file_name='c2ab11614866b8100c8221f972ba5703.jpg' ) [ RunTime:0.0047s ]

[ 2016-04-10T14:44:08+08:00 ] 125.33.56.95 /webframework/webframe/index.php/Admin/File/ajaxIndex?limit=15&offset=0&sort=news.news_id&order=desc&UserName=4
INFO: [ app_begin ] --START--
INFO: Run Behavior\ReadHtmlCacheBehavior [ RunTime:0.000416s ]
INFO: [ app_begin ] --END-- [ RunTime:0.000669s ]
SQL: SHOW COLUMNS FROM `behavior_log` [ RunTime:0.0008s ]
SQL: INSERT INTO `behavior_log` (`behavior_log_account`,`behavior_log_con`,`behavior_log_func`,`behavior_log_time`,`behavior_log_ip`) VALUES ('14','File','ajaxIndex','1460270648','125.33.56.95') [ RunTime:0.0053s ]
SQL: SHOW COLUMNS FROM `user_account` [ RunTime:0.0007s ]
SQL: SELECT * FROM `user_account` WHERE ( user_identify='b244536f4994b14f55f19e9c7a9ba144' )  [ RunTime:0.0003s ]
SQL: SHOW COLUMNS FROM `file` [ RunTime:0.0005s ]
SQL: SELECT * FROM `file` `file`,`user_account` `user_act` WHERE ( file.create_by=user_act.user_account_id )  [ RunTime:0.0003s ]
SQL: SHOW COLUMNS FROM `file` [ RunTime:0.0006s ]
SQL: SELECT COUNT(*) AS tp_count FROM `file` `file`,`user_account` `user_act` WHERE ( file.create_by=user_act.user_account_id ) LIMIT 1   [ RunTime:0.0002s ]

[ 2016-04-10T14:48:31+08:00 ] 125.33.56.95 /webframework/webframe/index.php/Admin/Behaviorlog/ajaxIndex?limit=15&offset=0&sort=login_log_id&order=Asc&UserName=4
INFO: [ app_begin ] --START--
INFO: Run Behavior\ReadHtmlCacheBehavior [ RunTime:0.000690s ]
INFO: [ app_begin ] --END-- [ RunTime:0.001096s ]
SQL: SHOW COLUMNS FROM `behavior_log` [ RunTime:0.0008s ]
SQL: INSERT INTO `behavior_log` (`behavior_log_account`,`behavior_log_con`,`behavior_log_func`,`behavior_log_time`,`behavior_log_ip`) VALUES ('14','Behaviorlog','ajaxIndex','1460270911','125.33.56.95') [ RunTime:0.0057s ]
SQL: SHOW COLUMNS FROM `user_account` [ RunTime:0.0007s ]
SQL: SELECT * FROM `user_account` WHERE ( user_identify='b244536f4994b14f55f19e9c7a9ba144' )  [ RunTime:0.0003s ]
SQL: SELECT * FROM `behavior_log` LIMIT 0,15   [ RunTime:0.0003s ]
SQL: SELECT `user_account` FROM `user_account` WHERE ( user_account_id='14' )  [ RunTime:0.0002s ]
SQL: SELECT `user_account` FROM `user_account` WHERE ( user_account_id='14' )  [ RunTime:0.0002s ]
SQL: SELECT `user_account` FROM `user_account` WHERE ( user_account_id='14' )  [ RunTime:0.0002s ]
SQL: SELECT `user_account` FROM `user_account` WHERE ( user_account_id='14' )  [ RunTime:0.0002s ]
SQL: SELECT `user_account` FROM `user_account` WHERE ( user_account_id='14' )  [ RunTime:0.0002s ]
SQL: SELECT `user_account` FROM `user_account` WHERE ( user_account_id='14' )  [ RunTime:0.0002s ]
SQL: SELECT `user_account` FROM `user_account` WHERE ( user_account_id='14' )  [ RunTime:0.0002s ]
SQL: SELECT `user_account` FROM `user_account` WHERE ( user_account_id='14' )  [ RunTime:0.0002s ]
SQL: SELECT `user_account` FROM `user_account` WHERE ( user_account_id='14' )  [ RunTime:0.0002s ]
SQL: SELECT `user_account` FROM `user_account` WHERE ( user_account_id='14' )  [ RunTime:0.0002s ]
SQL: SELECT `user_account` FROM `user_account` WHERE ( user_account_id='14' )  [ RunTime:0.0002s ]
SQL: SELECT `user_account` FROM `user_account` WHERE ( user_account_id='14' )  [ RunTime:0.0002s ]
SQL: SELECT `user_account` FROM `user_account` WHERE ( user_account_id='14' )  [ RunTime:0.0002s ]
SQL: SELECT `user_account` FROM `user_account` WHERE ( user_account_id='14' )  [ RunTime:0.0002s ]
SQL: SELECT `user_account` FROM `user_account` WHERE ( user_account_id='14' )  [ RunTime:0.0002s ]
SQL: SELECT COUNT(*) AS tp_count FROM `behavior_log` LIMIT 1   [ RunTime:0.0003s ]

[ 2016-04-10T14:48:33+08:00 ] 125.33.56.95 /webframework/webframe/index.php/Admin/Loginlog/ajaxIndex?limit=15&offset=0&sort=login_log_id&order=desc&UserName=4
INFO: [ app_begin ] --START--
INFO: Run Behavior\ReadHtmlCacheBehavior [ RunTime:0.000400s ]
INFO: [ app_begin ] --END-- [ RunTime:0.000708s ]
SQL: SHOW COLUMNS FROM `behavior_log` [ RunTime:0.0008s ]
SQL: INSERT INTO `behavior_log` (`behavior_log_account`,`behavior_log_con`,`behavior_log_func`,`behavior_log_time`,`behavior_log_ip`) VALUES ('14','Loginlog','ajaxIndex','1460270913','125.33.56.95') [ RunTime:0.0055s ]
SQL: SHOW COLUMNS FROM `user_account` [ RunTime:0.0006s ]
SQL: SELECT * FROM `user_account` WHERE ( user_identify='b244536f4994b14f55f19e9c7a9ba144' )  [ RunTime:0.0002s ]
SQL: SHOW COLUMNS FROM `login_log` [ RunTime:0.0005s ]
SQL: SELECT * FROM `login_log`  [ RunTime:0.0002s ]
SQL: SELECT COUNT(*) AS tp_count FROM `login_log` LIMIT 1   [ RunTime:0.0002s ]

[ 2016-04-10T14:50:01+08:00 ] 125.33.56.95 /webframework/webframe/index.php/Admin/File/ajaxIndex?limit=15&offset=0&sort=news.news_id&order=desc&UserName=4
INFO: [ app_begin ] --START--
INFO: Run Behavior\ReadHtmlCacheBehavior [ RunTime:0.000388s ]
INFO: [ app_begin ] --END-- [ RunTime:0.000711s ]
SQL: SHOW COLUMNS FROM `behavior_log` [ RunTime:0.0008s ]
SQL: INSERT INTO `behavior_log` (`behavior_log_account`,`behavior_log_con`,`behavior_log_func`,`behavior_log_time`,`behavior_log_ip`) VALUES ('14','File','ajaxIndex','1460271001','125.33.56.95') [ RunTime:0.0056s ]
SQL: SHOW COLUMNS FROM `user_account` [ RunTime:0.0008s ]
SQL: SELECT * FROM `user_account` WHERE ( user_identify='b244536f4994b14f55f19e9c7a9ba144' )  [ RunTime:0.0003s ]
SQL: SHOW COLUMNS FROM `file` [ RunTime:0.0006s ]
SQL: SELECT * FROM `file` `file`,`user_account` `user_act` WHERE ( file.create_by=user_act.user_account_id )  [ RunTime:0.0003s ]
SQL: SHOW COLUMNS FROM `file` [ RunTime:0.0006s ]
SQL: SELECT COUNT(*) AS tp_count FROM `file` `file`,`user_account` `user_act` WHERE ( file.create_by=user_act.user_account_id ) LIMIT 1   [ RunTime:0.0003s ]
SQL: SHOW COLUMNS FROM `user` [ RunTime:0.0005s ]
ERR: SQLSTATE[42S22]: Column not found: 1054 Unknown column 'user_account' in 'field list'

[ 2016-04-10T14:50:09+08:00 ] 125.33.56.95 /webframework/webframe/index.php/Admin/File/ajaxIndex?limit=15&offset=0&sort=news.news_id&order=desc&UserName=4
INFO: [ app_begin ] --START--
INFO: Run Behavior\ReadHtmlCacheBehavior [ RunTime:0.000689s ]
INFO: [ app_begin ] --END-- [ RunTime:0.000951s ]
SQL: SHOW COLUMNS FROM `behavior_log` [ RunTime:0.0007s ]
SQL: INSERT INTO `behavior_log` (`behavior_log_account`,`behavior_log_con`,`behavior_log_func`,`behavior_log_time`,`behavior_log_ip`) VALUES ('14','File','ajaxIndex','1460271009','125.33.56.95') [ RunTime:0.0053s ]
SQL: SHOW COLUMNS FROM `user_account` [ RunTime:0.0005s ]
SQL: SELECT * FROM `user_account` WHERE ( user_identify='b244536f4994b14f55f19e9c7a9ba144' )  [ RunTime:0.0002s ]
SQL: SHOW COLUMNS FROM `file` [ RunTime:0.0005s ]
SQL: SELECT * FROM `file` `file`,`user_account` `user_act` WHERE ( file.create_by=user_act.user_account_id )  [ RunTime:0.0003s ]
SQL: SHOW COLUMNS FROM `file` [ RunTime:0.0006s ]
SQL: SELECT COUNT(*) AS tp_count FROM `file` `file`,`user_account` `user_act` WHERE ( file.create_by=user_act.user_account_id ) LIMIT 1   [ RunTime:0.0002s ]
SQL: SHOW COLUMNS FROM `user` [ RunTime:0.0009s ]
ERR: SQLSTATE[42S22]: Column not found: 1054 Unknown column 'user_account' in 'field list'

[ 2016-04-10T14:50:35+08:00 ] 125.33.56.95 /webframework/webframe/index.php/Admin/File/ajaxIndex?limit=15&offset=0&sort=news.news_id&order=desc&UserName=4
INFO: [ app_begin ] --START--
INFO: Run Behavior\ReadHtmlCacheBehavior [ RunTime:0.000430s ]
INFO: [ app_begin ] --END-- [ RunTime:0.000724s ]
SQL: SHOW COLUMNS FROM `behavior_log` [ RunTime:0.0006s ]
SQL: INSERT INTO `behavior_log` (`behavior_log_account`,`behavior_log_con`,`behavior_log_func`,`behavior_log_time`,`behavior_log_ip`) VALUES ('14','File','ajaxIndex','1460271035','125.33.56.95') [ RunTime:0.0053s ]
SQL: SHOW COLUMNS FROM `user_account` [ RunTime:0.0006s ]
SQL: SELECT * FROM `user_account` WHERE ( user_identify='b244536f4994b14f55f19e9c7a9ba144' )  [ RunTime:0.0002s ]
SQL: SHOW COLUMNS FROM `file` [ RunTime:0.0006s ]
SQL: SELECT * FROM `file` `file`,`user_account` `user_act` WHERE ( file.create_by=user_act.user_account_id )  [ RunTime:0.0003s ]
SQL: SHOW COLUMNS FROM `file` [ RunTime:0.0005s ]
SQL: SELECT COUNT(*) AS tp_count FROM `file` `file`,`user_account` `user_act` WHERE ( file.create_by=user_act.user_account_id ) LIMIT 1   [ RunTime:0.0002s ]
SQL: SELECT `user_account` FROM `user_account` WHERE ( user_account_id='14' )  [ RunTime:0.0002s ]
SQL: SELECT `user_account` FROM `user_account` WHERE ( user_account_id='14' )  [ RunTime:0.0002s ]
SQL: SELECT `user_account` FROM `user_account` WHERE ( user_account_id='14' )  [ RunTime:0.0002s ]
SQL: SELECT `user_account` FROM `user_account` WHERE ( user_account_id='14' )  [ RunTime:0.0002s ]

[ 2016-04-10T14:50:44+08:00 ] 125.33.56.95 /webframework/webframe/index.php/Admin/File/ajaxIndex?limit=15&offset=0&sort=news.news_id&order=desc&UserName=4
INFO: [ app_begin ] --START--
INFO: Run Behavior\ReadHtmlCacheBehavior [ RunTime:0.000423s ]
INFO: [ app_begin ] --END-- [ RunTime:0.000749s ]
SQL: SHOW COLUMNS FROM `behavior_log` [ RunTime:0.0008s ]
SQL: INSERT INTO `behavior_log` (`behavior_log_account`,`behavior_log_con`,`behavior_log_func`,`behavior_log_time`,`behavior_log_ip`) VALUES ('14','File','ajaxIndex','1460271044','125.33.56.95') [ RunTime:0.0055s ]
SQL: SHOW COLUMNS FROM `user_account` [ RunTime:0.0006s ]
SQL: SELECT * FROM `user_account` WHERE ( user_identify='b244536f4994b14f55f19e9c7a9ba144' )  [ RunTime:0.0002s ]
SQL: SHOW COLUMNS FROM `file` [ RunTime:0.0005s ]
SQL: SELECT * FROM `file` `file`,`user_account` `user_act` WHERE ( file.create_by=user_act.user_account_id )  [ RunTime:0.0004s ]
SQL: SHOW COLUMNS FROM `file` [ RunTime:0.0006s ]
SQL: SELECT COUNT(*) AS tp_count FROM `file` `file`,`user_account` `user_act` WHERE ( file.create_by=user_act.user_account_id ) LIMIT 1   [ RunTime:0.0002s ]
SQL: SELECT `user_account` FROM `user_account` WHERE ( user_account_id='14' )  [ RunTime:0.0002s ]
SQL: SELECT `user_account` FROM `user_account` WHERE ( user_account_id='14' )  [ RunTime:0.0002s ]
SQL: SELECT `user_account` FROM `user_account` WHERE ( user_account_id='14' )  [ RunTime:0.0002s ]
SQL: SELECT `user_account` FROM `user_account` WHERE ( user_account_id='14' )  [ RunTime:0.0002s ]

[ 2016-04-10T14:51:25+08:00 ] 125.33.56.95 /webframework/webframe/index.php/Admin/File/ajaxIndex?limit=15&offset=0&sort=news.news_id&order=desc&UserName=4
INFO: [ app_begin ] --START--
INFO: Run Behavior\ReadHtmlCacheBehavior [ RunTime:0.000444s ]
INFO: [ app_begin ] --END-- [ RunTime:0.000801s ]
SQL: SHOW COLUMNS FROM `behavior_log` [ RunTime:0.0008s ]
SQL: INSERT INTO `behavior_log` (`behavior_log_account`,`behavior_log_con`,`behavior_log_func`,`behavior_log_time`,`behavior_log_ip`) VALUES ('14','File','ajaxIndex','1460271085','125.33.56.95') [ RunTime:0.0063s ]
SQL: SHOW COLUMNS FROM `user_account` [ RunTime:0.0006s ]
SQL: SELECT * FROM `user_account` WHERE ( user_identify='b244536f4994b14f55f19e9c7a9ba144' )  [ RunTime:0.0002s ]
SQL: SHOW COLUMNS FROM `file` [ RunTime:0.0006s ]
SQL: SELECT * FROM `file` `file`,`user_account` `user_act` WHERE ( file.create_by=user_act.user_account_id )  [ RunTime:0.0003s ]
SQL: SHOW COLUMNS FROM `file` [ RunTime:0.0006s ]
SQL: SELECT COUNT(*) AS tp_count FROM `file` `file`,`user_account` `user_act` WHERE ( file.create_by=user_act.user_account_id ) LIMIT 1   [ RunTime:0.0002s ]
SQL: SELECT `user_account` FROM `user_account` WHERE ( user_account_id='14' )  [ RunTime:0.0002s ]
SQL: SELECT `user_account` FROM `user_account` WHERE ( user_account_id='14' )  [ RunTime:0.0002s ]
SQL: SELECT `user_account` FROM `user_account` WHERE ( user_account_id='14' )  [ RunTime:0.0002s ]
SQL: SELECT `user_account` FROM `user_account` WHERE ( user_account_id='14' )  [ RunTime:0.0002s ]

[ 2016-04-10T15:05:59+08:00 ] 125.33.56.95 /webframework/webframe/index.php/Admin/File/ajaxIndex?limit=15&offset=0&sort=file_id&order=Asc&file_type=0&UserName=4
INFO: [ app_begin ] --START--
INFO: Run Behavior\ReadHtmlCacheBehavior [ RunTime:0.000575s ]
INFO: [ app_begin ] --END-- [ RunTime:0.001074s ]
SQL: SHOW COLUMNS FROM `behavior_log` [ RunTime:0.0008s ]
SQL: INSERT INTO `behavior_log` (`behavior_log_account`,`behavior_log_con`,`behavior_log_func`,`behavior_log_time`,`behavior_log_ip`) VALUES ('14','File','ajaxIndex','1460271959','125.33.56.95') [ RunTime:0.0055s ]
SQL: SHOW COLUMNS FROM `user_account` [ RunTime:0.0005s ]
SQL: SELECT * FROM `user_account` WHERE ( user_identify='b244536f4994b14f55f19e9c7a9ba144' )  [ RunTime:0.0002s ]
SQL: SHOW COLUMNS FROM `file` [ RunTime:0.0006s ]
SQL: SELECT * FROM `file` `file`,`user_account` `user_act` WHERE ( file.create_by=user_act.user_account_id ) ORDER BY file_id Asc  [ RunTime:0.0004s ]
SQL: SHOW COLUMNS FROM `file` [ RunTime:0.0006s ]
SQL: SELECT COUNT(*) AS tp_count FROM `file` `file`,`user_account` `user_act` WHERE ( file.create_by=user_act.user_account_id ) LIMIT 1   [ RunTime:0.0002s ]
SQL: SELECT `user_account` FROM `user_account` WHERE ( user_account_id='14' )  [ RunTime:0.0002s ]
SQL: SELECT `user_account` FROM `user_account` WHERE ( user_account_id='14' )  [ RunTime:0.0002s ]
SQL: SELECT `user_account` FROM `user_account` WHERE ( user_account_id='14' )  [ RunTime:0.0002s ]
SQL: SELECT `user_account` FROM `user_account` WHERE ( user_account_id='14' )  [ RunTime:0.0002s ]

[ 2016-04-10T15:06:08+08:00 ] 125.33.56.95 /webframework/webframe/index.php/Admin/File/ajaxIndex?limit=15&offset=0&sort=file_id&order=Asc&file_type=1&UserName=4
INFO: [ app_begin ] --START--
INFO: Run Behavior\ReadHtmlCacheBehavior [ RunTime:0.000402s ]
INFO: [ app_begin ] --END-- [ RunTime:0.000648s ]
SQL: SHOW COLUMNS FROM `behavior_log` [ RunTime:0.0008s ]
SQL: INSERT INTO `behavior_log` (`behavior_log_account`,`behavior_log_con`,`behavior_log_func`,`behavior_log_time`,`behavior_log_ip`) VALUES ('14','File','ajaxIndex','1460271968','125.33.56.95') [ RunTime:0.0067s ]
SQL: SHOW COLUMNS FROM `user_account` [ RunTime:0.0005s ]
SQL: SELECT * FROM `user_account` WHERE ( user_identify='b244536f4994b14f55f19e9c7a9ba144' )  [ RunTime:0.0003s ]
SQL: SHOW COLUMNS FROM `file` [ RunTime:0.0005s ]
SQL: SELECT * FROM `file` `file`,`user_account` `user_act` WHERE ( file.create_by=user_act.user_account_id and file_type='1' ) ORDER BY file_id Asc  [ RunTime:0.0004s ]
SQL: SHOW COLUMNS FROM `file` [ RunTime:0.0006s ]
SQL: SELECT COUNT(*) AS tp_count FROM `file` `file`,`user_account` `user_act` WHERE ( file.create_by=user_act.user_account_id ) LIMIT 1   [ RunTime:0.0002s ]

[ 2016-04-10T15:06:09+08:00 ] 125.33.56.95 /webframework/webframe/index.php/Admin/File/ajaxIndex?limit=15&offset=0&sort=file_id&order=Asc&file_type=2&UserName=4
INFO: [ app_begin ] --START--
INFO: Run Behavior\ReadHtmlCacheBehavior [ RunTime:0.000340s ]
INFO: [ app_begin ] --END-- [ RunTime:0.000642s ]
SQL: SHOW COLUMNS FROM `behavior_log` [ RunTime:0.0007s ]
SQL: INSERT INTO `behavior_log` (`behavior_log_account`,`behavior_log_con`,`behavior_log_func`,`behavior_log_time`,`behavior_log_ip`) VALUES ('14','File','ajaxIndex','1460271969','125.33.56.95') [ RunTime:0.0052s ]
SQL: SHOW COLUMNS FROM `user_account` [ RunTime:0.0006s ]
SQL: SELECT * FROM `user_account` WHERE ( user_identify='b244536f4994b14f55f19e9c7a9ba144' )  [ RunTime:0.0002s ]
SQL: SHOW COLUMNS FROM `file` [ RunTime:0.0006s ]
SQL: SELECT * FROM `file` `file`,`user_account` `user_act` WHERE ( file.create_by=user_act.user_account_id and file_type='2' ) ORDER BY file_id Asc  [ RunTime:0.0004s ]
SQL: SHOW COLUMNS FROM `file` [ RunTime:0.0005s ]
SQL: SELECT COUNT(*) AS tp_count FROM `file` `file`,`user_account` `user_act` WHERE ( file.create_by=user_act.user_account_id ) LIMIT 1   [ RunTime:0.0002s ]

[ 2016-04-10T15:06:11+08:00 ] 125.33.56.95 /webframework/webframe/index.php/Admin/File/ajaxIndex?limit=15&offset=0&sort=file_id&order=Asc&file_type=0&UserName=4
INFO: [ app_begin ] --START--
INFO: Run Behavior\ReadHtmlCacheBehavior [ RunTime:0.000367s ]
INFO: [ app_begin ] --END-- [ RunTime:0.000674s ]
SQL: SHOW COLUMNS FROM `behavior_log` [ RunTime:0.0007s ]
SQL: INSERT INTO `behavior_log` (`behavior_log_account`,`behavior_log_con`,`behavior_log_func`,`behavior_log_time`,`behavior_log_ip`) VALUES ('14','File','ajaxIndex','1460271971','125.33.56.95') [ RunTime:0.0048s ]
SQL: SHOW COLUMNS FROM `user_account` [ RunTime:0.0007s ]
SQL: SELECT * FROM `user_account` WHERE ( user_identify='b244536f4994b14f55f19e9c7a9ba144' )  [ RunTime:0.0002s ]
SQL: SHOW COLUMNS FROM `file` [ RunTime:0.0006s ]
SQL: SELECT * FROM `file` `file`,`user_account` `user_act` WHERE ( file.create_by=user_act.user_account_id ) ORDER BY file_id Asc  [ RunTime:0.0005s ]
SQL: SHOW COLUMNS FROM `file` [ RunTime:0.0006s ]
SQL: SELECT COUNT(*) AS tp_count FROM `file` `file`,`user_account` `user_act` WHERE ( file.create_by=user_act.user_account_id ) LIMIT 1   [ RunTime:0.0002s ]
SQL: SELECT `user_account` FROM `user_account` WHERE ( user_account_id='14' )  [ RunTime:0.0002s ]
SQL: SELECT `user_account` FROM `user_account` WHERE ( user_account_id='14' )  [ RunTime:0.0002s ]
SQL: SELECT `user_account` FROM `user_account` WHERE ( user_account_id='14' )  [ RunTime:0.0002s ]
SQL: SELECT `user_account` FROM `user_account` WHERE ( user_account_id='14' )  [ RunTime:0.0002s ]

[ 2016-04-10T15:08:48+08:00 ] 125.33.56.95 /webframework/webframe/index.php/Admin/Behaviorlog/ajaxIndex?limit=15&offset=0&sort=login_log_id&order=Asc&UserName=4
INFO: [ app_begin ] --START--
INFO: Run Behavior\ReadHtmlCacheBehavior [ RunTime:0.000532s ]
INFO: [ app_begin ] --END-- [ RunTime:0.000869s ]
SQL: SHOW COLUMNS FROM `behavior_log` [ RunTime:0.0008s ]
SQL: INSERT INTO `behavior_log` (`behavior_log_account`,`behavior_log_con`,`behavior_log_func`,`behavior_log_time`,`behavior_log_ip`) VALUES ('14','Behaviorlog','ajaxIndex','1460272128','125.33.56.95') [ RunTime:0.0053s ]
SQL: SHOW COLUMNS FROM `user_account` [ RunTime:0.0007s ]
SQL: SELECT * FROM `user_account` WHERE ( user_identify='b244536f4994b14f55f19e9c7a9ba144' )  [ RunTime:0.0003s ]
SQL: SELECT * FROM `behavior_log` LIMIT 0,15   [ RunTime:0.0002s ]
SQL: SELECT `user_account` FROM `user_account` WHERE ( user_account_id='14' )  [ RunTime:0.0002s ]
SQL: SELECT `user_account` FROM `user_account` WHERE ( user_account_id='14' )  [ RunTime:0.0002s ]
SQL: SELECT `user_account` FROM `user_account` WHERE ( user_account_id='14' )  [ RunTime:0.0002s ]
SQL: SELECT `user_account` FROM `user_account` WHERE ( user_account_id='14' )  [ RunTime:0.0002s ]
SQL: SELECT `user_account` FROM `user_account` WHERE ( user_account_id='14' )  [ RunTime:0.0002s ]
SQL: SELECT `user_account` FROM `user_account` WHERE ( user_account_id='14' )  [ RunTime:0.0002s ]
SQL: SELECT `user_account` FROM `user_account` WHERE ( user_account_id='14' )  [ RunTime:0.0002s ]
SQL: SELECT `user_account` FROM `user_account` WHERE ( user_account_id='14' )  [ RunTime:0.0002s ]
SQL: SELECT `user_account` FROM `user_account` WHERE ( user_account_id='14' )  [ RunTime:0.0002s ]
SQL: SELECT `user_account` FROM `user_account` WHERE ( user_account_id='14' )  [ RunTime:0.0002s ]
SQL: SELECT `user_account` FROM `user_account` WHERE ( user_account_id='14' )  [ RunTime:0.0002s ]
SQL: SELECT `user_account` FROM `user_account` WHERE ( user_account_id='14' )  [ RunTime:0.0002s ]
SQL: SELECT `user_account` FROM `user_account` WHERE ( user_account_id='14' )  [ RunTime:0.0002s ]
SQL: SELECT `user_account` FROM `user_account` WHERE ( user_account_id='14' )  [ RunTime:0.0002s ]
SQL: SELECT `user_account` FROM `user_account` WHERE ( user_account_id='14' )  [ RunTime:0.0002s ]
SQL: SELECT COUNT(*) AS tp_count FROM `behavior_log` LIMIT 1   [ RunTime:0.0002s ]

[ 2016-04-10T15:09:01+08:00 ] 125.33.56.95 /webframework/webframe/index.php/Admin/Behaviorlog/ajaxIndex?limit=15&offset=0&sort=login_log_id&order=Asc&UserName=4
INFO: [ app_begin ] --START--
INFO: Run Behavior\ReadHtmlCacheBehavior [ RunTime:0.000414s ]
INFO: [ app_begin ] --END-- [ RunTime:0.000717s ]
SQL: SHOW COLUMNS FROM `behavior_log` [ RunTime:0.0007s ]
SQL: INSERT INTO `behavior_log` (`behavior_log_account`,`behavior_log_con`,`behavior_log_func`,`behavior_log_time`,`behavior_log_ip`) VALUES ('14','Behaviorlog','ajaxIndex','1460272141','125.33.56.95') [ RunTime:0.0052s ]
SQL: SHOW COLUMNS FROM `user_account` [ RunTime:0.0005s ]
SQL: SELECT * FROM `user_account` WHERE ( user_identify='b244536f4994b14f55f19e9c7a9ba144' )  [ RunTime:0.0002s ]
SQL: SELECT * FROM `behavior_log` LIMIT 0,15   [ RunTime:0.0002s ]
SQL: SELECT `user_account` FROM `user_account` WHERE ( user_account_id='14' )  [ RunTime:0.0002s ]
SQL: SELECT `user_account` FROM `user_account` WHERE ( user_account_id='14' )  [ RunTime:0.0002s ]
SQL: SELECT `user_account` FROM `user_account` WHERE ( user_account_id='14' )  [ RunTime:0.0002s ]
SQL: SELECT `user_account` FROM `user_account` WHERE ( user_account_id='14' )  [ RunTime:0.0001s ]
SQL: SELECT `user_account` FROM `user_account` WHERE ( user_account_id='14' )  [ RunTime:0.0002s ]
SQL: SELECT `user_account` FROM `user_account` WHERE ( user_account_id='14' )  [ RunTime:0.0001s ]
SQL: SELECT `user_account` FROM `user_account` WHERE ( user_account_id='14' )  [ RunTime:0.0001s ]
SQL: SELECT `user_account` FROM `user_account` WHERE ( user_account_id='14' )  [ RunTime:0.0001s ]
SQL: SELECT `user_account` FROM `user_account` WHERE ( user_account_id='14' )  [ RunTime:0.0001s ]
SQL: SELECT `user_account` FROM `user_account` WHERE ( user_account_id='14' )  [ RunTime:0.0001s ]
SQL: SELECT `user_account` FROM `user_account` WHERE ( user_account_id='14' )  [ RunTime:0.0001s ]
SQL: SELECT `user_account` FROM `user_account` WHERE ( user_account_id='14' )  [ RunTime:0.0002s ]
SQL: SELECT `user_account` FROM `user_account` WHERE ( user_account_id='14' )  [ RunTime:0.0001s ]
SQL: SELECT `user_account` FROM `user_account` WHERE ( user_account_id='14' )  [ RunTime:0.0001s ]
SQL: SELECT `user_account` FROM `user_account` WHERE ( user_account_id='14' )  [ RunTime:0.0001s ]
SQL: SELECT COUNT(*) AS tp_count FROM `behavior_log` LIMIT 1   [ RunTime:0.0002s ]

[ 2016-04-10T15:09:44+08:00 ] 125.33.56.95 /webframework/webframe/index.php/Admin/Behaviorlog/ajaxIndex?limit=15&offset=0&sort=login_log_id&order=desc&UserName=4
INFO: [ app_begin ] --START--
INFO: Run Behavior\ReadHtmlCacheBehavior [ RunTime:0.000339s ]
INFO: [ app_begin ] --END-- [ RunTime:0.000639s ]
SQL: SHOW COLUMNS FROM `behavior_log` [ RunTime:0.0008s ]
SQL: INSERT INTO `behavior_log` (`behavior_log_account`,`behavior_log_con`,`behavior_log_func`,`behavior_log_time`,`behavior_log_ip`) VALUES ('14','Behaviorlog','ajaxIndex','1460272184','125.33.56.95') [ RunTime:0.0058s ]
SQL: SHOW COLUMNS FROM `user_account` [ RunTime:0.0005s ]
SQL: SELECT * FROM `user_account` WHERE ( user_identify='b244536f4994b14f55f19e9c7a9ba144' )  [ RunTime:0.0002s ]
SQL: SELECT * FROM `behavior_log` LIMIT 0,15   [ RunTime:0.0002s ]
SQL: SELECT `user_account` FROM `user_account` WHERE ( user_account_id='14' )  [ RunTime:0.0002s ]
SQL: SELECT `user_account` FROM `user_account` WHERE ( user_account_id='14' )  [ RunTime:0.0002s ]
SQL: SELECT `user_account` FROM `user_account` WHERE ( user_account_id='14' )  [ RunTime:0.0002s ]
SQL: SELECT `user_account` FROM `user_account` WHERE ( user_account_id='14' )  [ RunTime:0.0002s ]
SQL: SELECT `user_account` FROM `user_account` WHERE ( user_account_id='14' )  [ RunTime:0.0001s ]
SQL: SELECT `user_account` FROM `user_account` WHERE ( user_account_id='14' )  [ RunTime:0.0002s ]
SQL: SELECT `user_account` FROM `user_account` WHERE ( user_account_id='14' )  [ RunTime:0.0001s ]
SQL: SELECT `user_account` FROM `user_account` WHERE ( user_account_id='14' )  [ RunTime:0.0001s ]
SQL: SELECT `user_account` FROM `user_account` WHERE ( user_account_id='14' )  [ RunTime:0.0001s ]
SQL: SELECT `user_account` FROM `user_account` WHERE ( user_account_id='14' )  [ RunTime:0.0002s ]
SQL: SELECT `user_account` FROM `user_account` WHERE ( user_account_id='14' )  [ RunTime:0.0002s ]
SQL: SELECT `user_account` FROM `user_account` WHERE ( user_account_id='14' )  [ RunTime:0.0001s ]
SQL: SELECT `user_account` FROM `user_account` WHERE ( user_account_id='14' )  [ RunTime:0.0002s ]
SQL: SELECT `user_account` FROM `user_account` WHERE ( user_account_id='14' )  [ RunTime:0.0002s ]
SQL: SELECT `user_account` FROM `user_account` WHERE ( user_account_id='14' )  [ RunTime:0.0001s ]
SQL: SELECT COUNT(*) AS tp_count FROM `behavior_log` LIMIT 1   [ RunTime:0.0002s ]

[ 2016-04-10T15:09:52+08:00 ] 125.33.56.95 /webframework/webframe/index.php/Admin/Behaviorlog/ajaxIndex?limit=15&offset=60&sort=login_log_id&order=desc&UserName=4
INFO: [ app_begin ] --START--
INFO: Run Behavior\ReadHtmlCacheBehavior [ RunTime:0.000394s ]
INFO: [ app_begin ] --END-- [ RunTime:0.000678s ]
SQL: SHOW COLUMNS FROM `behavior_log` [ RunTime:0.0007s ]
SQL: INSERT INTO `behavior_log` (`behavior_log_account`,`behavior_log_con`,`behavior_log_func`,`behavior_log_time`,`behavior_log_ip`) VALUES ('14','Behaviorlog','ajaxIndex','1460272192','125.33.56.95') [ RunTime:0.0066s ]
SQL: SHOW COLUMNS FROM `user_account` [ RunTime:0.0006s ]
SQL: SELECT * FROM `user_account` WHERE ( user_identify='b244536f4994b14f55f19e9c7a9ba144' )  [ RunTime:0.0003s ]
SQL: SELECT * FROM `behavior_log` LIMIT 60,15   [ RunTime:0.0002s ]
SQL: SELECT `user_account` FROM `user_account` WHERE ( user_account_id='14' )  [ RunTime:0.0004s ]
SQL: SELECT `user_account` FROM `user_account` WHERE ( user_account_id='14' )  [ RunTime:0.0002s ]
SQL: SELECT `user_account` FROM `user_account` WHERE ( user_account_id='14' )  [ RunTime:0.0002s ]
SQL: SELECT `user_account` FROM `user_account` WHERE ( user_account_id='14' )  [ RunTime:0.0002s ]
SQL: SELECT `user_account` FROM `user_account` WHERE ( user_account_id='14' )  [ RunTime:0.0002s ]
SQL: SELECT `user_account` FROM `user_account` WHERE ( user_account_id='14' )  [ RunTime:0.0002s ]
SQL: SELECT `user_account` FROM `user_account` WHERE ( user_account_id='14' )  [ RunTime:0.0002s ]
SQL: SELECT `user_account` FROM `user_account` WHERE ( user_account_id='14' )  [ RunTime:0.0002s ]
SQL: SELECT `user_account` FROM `user_account` WHERE ( user_account_id='14' )  [ RunTime:0.0002s ]
SQL: SELECT `user_account` FROM `user_account` WHERE ( user_account_id='14' )  [ RunTime:0.0002s ]
SQL: SELECT `user_account` FROM `user_account` WHERE ( user_account_id='14' )  [ RunTime:0.0002s ]
SQL: SELECT `user_account` FROM `user_account` WHERE ( user_account_id='14' )  [ RunTime:0.0002s ]
SQL: SELECT `user_account` FROM `user_account` WHERE ( user_account_id='14' )  [ RunTime:0.0002s ]
SQL: SELECT `user_account` FROM `user_account` WHERE ( user_account_id='14' )  [ RunTime:0.0002s ]
SQL: SELECT `user_account` FROM `user_account` WHERE ( user_account_id='14' )  [ RunTime:0.0002s ]
SQL: SELECT COUNT(*) AS tp_count FROM `behavior_log` LIMIT 1   [ RunTime:0.0002s ]

[ 2016-04-10T15:09:56+08:00 ] 125.33.56.95 /webframework/webframe/index.php/Admin/Behaviorlog/ajaxIndex?limit=15&offset=90&sort=login_log_id&order=desc&UserName=4
INFO: [ app_begin ] --START--
INFO: Run Behavior\ReadHtmlCacheBehavior [ RunTime:0.000356s ]
INFO: [ app_begin ] --END-- [ RunTime:0.000626s ]
SQL: SHOW COLUMNS FROM `behavior_log` [ RunTime:0.0008s ]
SQL: INSERT INTO `behavior_log` (`behavior_log_account`,`behavior_log_con`,`behavior_log_func`,`behavior_log_time`,`behavior_log_ip`) VALUES ('14','Behaviorlog','ajaxIndex','1460272196','125.33.56.95') [ RunTime:0.0054s ]
SQL: SHOW COLUMNS FROM `user_account` [ RunTime:0.0006s ]
SQL: SELECT * FROM `user_account` WHERE ( user_identify='b244536f4994b14f55f19e9c7a9ba144' )  [ RunTime:0.0002s ]
SQL: SELECT * FROM `behavior_log` LIMIT 90,15   [ RunTime:0.0003s ]
SQL: SELECT `user_account` FROM `user_account` WHERE ( user_account_id='14' )  [ RunTime:0.0002s ]
SQL: SELECT `user_account` FROM `user_account` WHERE ( user_account_id='14' )  [ RunTime:0.0002s ]
SQL: SELECT `user_account` FROM `user_account` WHERE ( user_account_id='14' )  [ RunTime:0.0002s ]
SQL: SELECT `user_account` FROM `user_account` WHERE ( user_account_id='14' )  [ RunTime:0.0002s ]
SQL: SELECT `user_account` FROM `user_account` WHERE ( user_account_id='14' )  [ RunTime:0.0002s ]
SQL: SELECT `user_account` FROM `user_account` WHERE ( user_account_id='14' )  [ RunTime:0.0002s ]
SQL: SELECT `user_account` FROM `user_account` WHERE ( user_account_id='14' )  [ RunTime:0.0002s ]
SQL: SELECT `user_account` FROM `user_account` WHERE ( user_account_id='14' )  [ RunTime:0.0002s ]
SQL: SELECT `user_account` FROM `user_account` WHERE ( user_account_id='14' )  [ RunTime:0.0002s ]
SQL: SELECT `user_account` FROM `user_account` WHERE ( user_account_id='14' )  [ RunTime:0.0002s ]
SQL: SELECT `user_account` FROM `user_account` WHERE ( user_account_id='14' )  [ RunTime:0.0002s ]
SQL: SELECT `user_account` FROM `user_account` WHERE ( user_account_id='14' )  [ RunTime:0.0002s ]
SQL: SELECT `user_account` FROM `user_account` WHERE ( user_account_id='14' )  [ RunTime:0.0002s ]
SQL: SELECT `user_account` FROM `user_account` WHERE ( user_account_id='14' )  [ RunTime:0.0002s ]
SQL: SELECT `user_account` FROM `user_account` WHERE ( user_account_id='14' )  [ RunTime:0.0002s ]
SQL: SELECT COUNT(*) AS tp_count FROM `behavior_log` LIMIT 1   [ RunTime:0.0002s ]

[ 2016-04-10T15:09:57+08:00 ] 125.33.56.95 /webframework/webframe/index.php/Admin/Behaviorlog/ajaxIndex?limit=15&offset=120&sort=login_log_id&order=desc&UserName=4
INFO: [ app_begin ] --START--
INFO: Run Behavior\ReadHtmlCacheBehavior [ RunTime:0.000449s ]
INFO: [ app_begin ] --END-- [ RunTime:0.000822s ]
SQL: SHOW COLUMNS FROM `behavior_log` [ RunTime:0.0008s ]
SQL: INSERT INTO `behavior_log` (`behavior_log_account`,`behavior_log_con`,`behavior_log_func`,`behavior_log_time`,`behavior_log_ip`) VALUES ('14','Behaviorlog','ajaxIndex','1460272197','125.33.56.95') [ RunTime:0.0051s ]
SQL: SHOW COLUMNS FROM `user_account` [ RunTime:0.0007s ]
SQL: SELECT * FROM `user_account` WHERE ( user_identify='b244536f4994b14f55f19e9c7a9ba144' )  [ RunTime:0.0003s ]
SQL: SELECT * FROM `behavior_log` LIMIT 120,15   [ RunTime:0.0003s ]
SQL: SELECT `user_account` FROM `user_account` WHERE ( user_account_id='14' )  [ RunTime:0.0002s ]
SQL: SELECT `user_account` FROM `user_account` WHERE ( user_account_id='14' )  [ RunTime:0.0002s ]
SQL: SELECT `user_account` FROM `user_account` WHERE ( user_account_id='14' )  [ RunTime:0.0004s ]
SQL: SELECT `user_account` FROM `user_account` WHERE ( user_account_id='14' )  [ RunTime:0.0002s ]
SQL: SELECT `user_account` FROM `user_account` WHERE ( user_account_id='14' )  [ RunTime:0.0001s ]
SQL: SELECT `user_account` FROM `user_account` WHERE ( user_account_id='14' )  [ RunTime:0.0002s ]
SQL: SELECT `user_account` FROM `user_account` WHERE ( user_account_id='14' )  [ RunTime:0.0001s ]
SQL: SELECT `user_account` FROM `user_account` WHERE ( user_account_id='14' )  [ RunTime:0.0001s ]
SQL: SELECT `user_account` FROM `user_account` WHERE ( user_account_id='14' )  [ RunTime:0.0002s ]
SQL: SELECT `user_account` FROM `user_account` WHERE ( user_account_id='14' )  [ RunTime:0.0002s ]
SQL: SELECT `user_account` FROM `user_account` WHERE ( user_account_id='14' )  [ RunTime:0.0002s ]
SQL: SELECT `user_account` FROM `user_account` WHERE ( user_account_id='14' )  [ RunTime:0.0002s ]
SQL: SELECT `user_account` FROM `user_account` WHERE ( user_account_id='14' )  [ RunTime:0.0002s ]
SQL: SELECT `user_account` FROM `user_account` WHERE ( user_account_id='14' )  [ RunTime:0.0002s ]
SQL: SELECT `user_account` FROM `user_account` WHERE ( user_account_id='14' )  [ RunTime:0.0002s ]
SQL: SELECT COUNT(*) AS tp_count FROM `behavior_log` LIMIT 1   [ RunTime:0.0002s ]

[ 2016-04-10T15:09:58+08:00 ] 125.33.56.95 /webframework/webframe/index.php/Admin/Behaviorlog/ajaxIndex?limit=15&offset=150&sort=login_log_id&order=desc&UserName=4
INFO: [ app_begin ] --START--
INFO: Run Behavior\ReadHtmlCacheBehavior [ RunTime:0.000362s ]
INFO: [ app_begin ] --END-- [ RunTime:0.000648s ]
SQL: SHOW COLUMNS FROM `behavior_log` [ RunTime:0.0008s ]
SQL: INSERT INTO `behavior_log` (`behavior_log_account`,`behavior_log_con`,`behavior_log_func`,`behavior_log_time`,`behavior_log_ip`) VALUES ('14','Behaviorlog','ajaxIndex','1460272198','125.33.56.95') [ RunTime:0.0054s ]
SQL: SHOW COLUMNS FROM `user_account` [ RunTime:0.0008s ]
SQL: SELECT * FROM `user_account` WHERE ( user_identify='b244536f4994b14f55f19e9c7a9ba144' )  [ RunTime:0.0003s ]
SQL: SELECT * FROM `behavior_log` LIMIT 150,15   [ RunTime:0.0004s ]
SQL: SELECT `user_account` FROM `user_account` WHERE ( user_account_id='14' )  [ RunTime:0.0002s ]
SQL: SELECT `user_account` FROM `user_account` WHERE ( user_account_id='14' )  [ RunTime:0.0002s ]
SQL: SELECT `user_account` FROM `user_account` WHERE ( user_account_id='14' )  [ RunTime:0.0001s ]
SQL: SELECT `user_account` FROM `user_account` WHERE ( user_account_id='14' )  [ RunTime:0.0002s ]
SQL: SELECT `user_account` FROM `user_account` WHERE ( user_account_id='14' )  [ RunTime:0.0002s ]
SQL: SELECT `user_account` FROM `user_account` WHERE ( user_account_id='14' )  [ RunTime:0.0001s ]
SQL: SELECT `user_account` FROM `user_account` WHERE ( user_account_id='14' )  [ RunTime:0.0002s ]
SQL: SELECT `user_account` FROM `user_account` WHERE ( user_account_id='14' )  [ RunTime:0.0002s ]
SQL: SELECT `user_account` FROM `user_account` WHERE ( user_account_id='14' )  [ RunTime:0.0001s ]
SQL: SELECT `user_account` FROM `user_account` WHERE ( user_account_id='14' )  [ RunTime:0.0002s ]
SQL: SELECT `user_account` FROM `user_account` WHERE ( user_account_id='14' )  [ RunTime:0.0002s ]
SQL: SELECT `user_account` FROM `user_account` WHERE ( user_account_id='14' )  [ RunTime:0.0002s ]
SQL: SELECT `user_account` FROM `user_account` WHERE ( user_account_id='14' )  [ RunTime:0.0002s ]
SQL: SELECT `user_account` FROM `user_account` WHERE ( user_account_id='14' )  [ RunTime:0.0002s ]
SQL: SELECT COUNT(*) AS tp_count FROM `behavior_log` LIMIT 1   [ RunTime:0.0002s ]

